Running 30s test @ http://127.0.0.1:8082
  120 threads and 120 connections
  Thread calibration: mean lat.: 3385.306ms, rate sampling interval: 14516ms
  Thread calibration: mean lat.: 3246.549ms, rate sampling interval: 14344ms
  Thread calibration: mean lat.: 3333.759ms, rate sampling interval: 14163ms
  Thread calibration: mean lat.: 3310.317ms, rate sampling interval: 14180ms
  Thread calibration: mean lat.: 3372.929ms, rate sampling interval: 14524ms
  Thread calibration: mean lat.: 3456.672ms, rate sampling interval: 14696ms
  Thread calibration: mean lat.: 3442.022ms, rate sampling interval: 14540ms
  Thread calibration: mean lat.: 3359.944ms, rate sampling interval: 14508ms
  Thread calibration: mean lat.: 3366.468ms, rate sampling interval: 14426ms
  Thread calibration: mean lat.: 3441.936ms, rate sampling interval: 14721ms
  Thread calibration: mean lat.: 3372.285ms, rate sampling interval: 14303ms
  Thread calibration: mean lat.: 3459.095ms, rate sampling interval: 14630ms
  Thread calibration: mean lat.: 3496.974ms, rate sampling interval: 14704ms
  Thread calibration: mean lat.: 3468.758ms, rate sampling interval: 14589ms
  Thread calibration: mean lat.: 3492.597ms, rate sampling interval: 14606ms
  Thread calibration: mean lat.: 3439.984ms, rate sampling interval: 14434ms
  Thread calibration: mean lat.: 3697.658ms, rate sampling interval: 14532ms
  Thread calibration: mean lat.: 3520.129ms, rate sampling interval: 14516ms
  Thread calibration: mean lat.: 3677.237ms, rate sampling interval: 14852ms
  Thread calibration: mean lat.: 3642.752ms, rate sampling interval: 14778ms
  Thread calibration: mean lat.: 3677.290ms, rate sampling interval: 14581ms
  Thread calibration: mean lat.: 3779.573ms, rate sampling interval: 14966ms
  Thread calibration: mean lat.: 3517.815ms, rate sampling interval: 14245ms
  Thread calibration: mean lat.: 3858.677ms, rate sampling interval: 14925ms
  Thread calibration: mean lat.: 3841.665ms, rate sampling interval: 14958ms
  Thread calibration: mean lat.: 3678.369ms, rate sampling interval: 14704ms
  Thread calibration: mean lat.: 3878.233ms, rate sampling interval: 15147ms
  Thread calibration: mean lat.: 3815.589ms, rate sampling interval: 15130ms
  Thread calibration: mean lat.: 3681.692ms, rate sampling interval: 14516ms
  Thread calibration: mean lat.: 3826.581ms, rate sampling interval: 14802ms
  Thread calibration: mean lat.: 3878.653ms, rate sampling interval: 14671ms
  Thread calibration: mean lat.: 3959.705ms, rate sampling interval: 14819ms
  Thread calibration: mean lat.: 3748.769ms, rate sampling interval: 15007ms
  Thread calibration: mean lat.: 3889.284ms, rate sampling interval: 14581ms
  Thread calibration: mean lat.: 3901.798ms, rate sampling interval: 14958ms
  Thread calibration: mean lat.: 3910.801ms, rate sampling interval: 15163ms
  Thread calibration: mean lat.: 3875.976ms, rate sampling interval: 14934ms
  Thread calibration: mean lat.: 3851.405ms, rate sampling interval: 14598ms
  Thread calibration: mean lat.: 3889.288ms, rate sampling interval: 14868ms
  Thread calibration: mean lat.: 4103.545ms, rate sampling interval: 15056ms
  Thread calibration: mean lat.: 4052.066ms, rate sampling interval: 15015ms
  Thread calibration: mean lat.: 3829.192ms, rate sampling interval: 14811ms
  Thread calibration: mean lat.: 3931.660ms, rate sampling interval: 14950ms
  Thread calibration: mean lat.: 3894.106ms, rate sampling interval: 15056ms
  Thread calibration: mean lat.: 4059.895ms, rate sampling interval: 15237ms
  Thread calibration: mean lat.: 4027.719ms, rate sampling interval: 14802ms
  Thread calibration: mean lat.: 3908.834ms, rate sampling interval: 14983ms
  Thread calibration: mean lat.: 4148.276ms, rate sampling interval: 14999ms
  Thread calibration: mean lat.: 4021.984ms, rate sampling interval: 14950ms
  Thread calibration: mean lat.: 4114.764ms, rate sampling interval: 15261ms
  Thread calibration: mean lat.: 4035.649ms, rate sampling interval: 15097ms
  Thread calibration: mean lat.: 4035.331ms, rate sampling interval: 15171ms
  Thread calibration: mean lat.: 4122.538ms, rate sampling interval: 15196ms
  Thread calibration: mean lat.: 3941.520ms, rate sampling interval: 14786ms
  Thread calibration: mean lat.: 4027.162ms, rate sampling interval: 15056ms
  Thread calibration: mean lat.: 4126.411ms, rate sampling interval: 15138ms
  Thread calibration: mean lat.: 4123.331ms, rate sampling interval: 15187ms
  Thread calibration: mean lat.: 3976.602ms, rate sampling interval: 15179ms
  Thread calibration: mean lat.: 4081.203ms, rate sampling interval: 15269ms
  Thread calibration: mean lat.: 4081.907ms, rate sampling interval: 15294ms
  Thread calibration: mean lat.: 4041.573ms, rate sampling interval: 15155ms
  Thread calibration: mean lat.: 4056.580ms, rate sampling interval: 15392ms
  Thread calibration: mean lat.: 4120.874ms, rate sampling interval: 14655ms
  Thread calibration: mean lat.: 4086.043ms, rate sampling interval: 15024ms
  Thread calibration: mean lat.: 4098.382ms, rate sampling interval: 15163ms
  Thread calibration: mean lat.: 4124.304ms, rate sampling interval: 15106ms
  Thread calibration: mean lat.: 4329.578ms, rate sampling interval: 15237ms
  Thread calibration: mean lat.: 4104.091ms, rate sampling interval: 15261ms
  Thread calibration: mean lat.: 4276.578ms, rate sampling interval: 15450ms
  Thread calibration: mean lat.: 4139.683ms, rate sampling interval: 15040ms
  Thread calibration: mean lat.: 4114.010ms, rate sampling interval: 15024ms
  Thread calibration: mean lat.: 4065.263ms, rate sampling interval: 14942ms
  Thread calibration: mean lat.: 4006.591ms, rate sampling interval: 14950ms
  Thread calibration: mean lat.: 4190.839ms, rate sampling interval: 15237ms
  Thread calibration: mean lat.: 4235.173ms, rate sampling interval: 15335ms
  Thread calibration: mean lat.: 4086.338ms, rate sampling interval: 14958ms
  Thread calibration: mean lat.: 4119.425ms, rate sampling interval: 14884ms
  Thread calibration: mean lat.: 4236.487ms, rate sampling interval: 15253ms
  Thread calibration: mean lat.: 4049.748ms, rate sampling interval: 15024ms
  Thread calibration: mean lat.: 4203.396ms, rate sampling interval: 15237ms
  Thread calibration: mean lat.: 4118.252ms, rate sampling interval: 15302ms
  Thread calibration: mean lat.: 4226.877ms, rate sampling interval: 15302ms
  Thread calibration: mean lat.: 4085.607ms, rate sampling interval: 15073ms
  Thread calibration: mean lat.: 4231.105ms, rate sampling interval: 15237ms
  Thread calibration: mean lat.: 4089.713ms, rate sampling interval: 14966ms
  Thread calibration: mean lat.: 3859.429ms, rate sampling interval: 13885ms
  Thread calibration: mean lat.: 4249.561ms, rate sampling interval: 15392ms
  Thread calibration: mean lat.: 4173.597ms, rate sampling interval: 15040ms
  Thread calibration: mean lat.: 4201.463ms, rate sampling interval: 14991ms
  Thread calibration: mean lat.: 4253.252ms, rate sampling interval: 15482ms
  Thread calibration: mean lat.: 4174.822ms, rate sampling interval: 14884ms
  Thread calibration: mean lat.: 4118.604ms, rate sampling interval: 14950ms
  Thread calibration: mean lat.: 4253.947ms, rate sampling interval: 15130ms
  Thread calibration: mean lat.: 4319.344ms, rate sampling interval: 15286ms
  Thread calibration: mean lat.: 4208.977ms, rate sampling interval: 15269ms
  Thread calibration: mean lat.: 4171.564ms, rate sampling interval: 15024ms
  Thread calibration: mean lat.: 4146.323ms, rate sampling interval: 15237ms
  Thread calibration: mean lat.: 4024.942ms, rate sampling interval: 14934ms
  Thread calibration: mean lat.: 4205.786ms, rate sampling interval: 15368ms
  Thread calibration: mean lat.: 4216.835ms, rate sampling interval: 15269ms
  Thread calibration: mean lat.: 4255.084ms, rate sampling interval: 15441ms
  Thread calibration: mean lat.: 4139.168ms, rate sampling interval: 15204ms
  Thread calibration: mean lat.: 4424.897ms, rate sampling interval: 15441ms
  Thread calibration: mean lat.: 4182.783ms, rate sampling interval: 15261ms
  Thread calibration: mean lat.: 4329.649ms, rate sampling interval: 15548ms
  Thread calibration: mean lat.: 4284.408ms, rate sampling interval: 15204ms
  Thread calibration: mean lat.: 4242.389ms, rate sampling interval: 15474ms
  Thread calibration: mean lat.: 4260.742ms, rate sampling interval: 15097ms
  Thread calibration: mean lat.: 4272.807ms, rate sampling interval: 15540ms
  Thread calibration: mean lat.: 4265.109ms, rate sampling interval: 15073ms
  Thread calibration: mean lat.: 4306.757ms, rate sampling interval: 15220ms
  Thread calibration: mean lat.: 4243.628ms, rate sampling interval: 15212ms
  Thread calibration: mean lat.: 4242.401ms, rate sampling interval: 15327ms
  Thread calibration: mean lat.: 4111.746ms, rate sampling interval: 14917ms
  Thread calibration: mean lat.: 4303.431ms, rate sampling interval: 15392ms
  Thread calibration: mean lat.: 4208.371ms, rate sampling interval: 15106ms
  Thread calibration: mean lat.: 4251.700ms, rate sampling interval: 15351ms
  Thread calibration: mean lat.: 4301.730ms, rate sampling interval: 15368ms
  Thread calibration: mean lat.: 4281.688ms, rate sampling interval: 15319ms
  Thread calibration: mean lat.: 4116.222ms, rate sampling interval: 15040ms
  Thread Stats   Avg      Stdev     Max   +/- Stdev
    Latency    16.67s     4.80s   25.28s    57.76%
    Req/Sec    61.76      1.26    65.00     95.83%
  Latency Distribution (HdrHistogram - Recorded Latency)
 50.000%   16.66s 
 75.000%   20.82s 
 90.000%   23.33s 
 99.000%   24.87s 
 99.900%   25.15s 
 99.990%   25.25s 
 99.999%   25.28s 
100.000%   25.30s 

  Detailed Percentile spectrum:
       Value   Percentile   TotalCount 1/(1-Percentile)

    7712.767     0.000000            1         1.00
   10035.199     0.100000        14603         1.11
   11681.791     0.200000        29174         1.25
   13311.999     0.300000        43717         1.43
   14983.167     0.400000        58297         1.67
   16662.527     0.500000        72803         2.00
   17498.111     0.550000        80081         2.22
   18350.079     0.600000        87458         2.50
   19169.279     0.650000        94669         2.86
   20004.863     0.700000       102042         3.33
   20824.063     0.750000       109216         4.00
   21250.047     0.775000       112975         4.44
   21659.647     0.800000       116568         5.00
   22069.247     0.825000       120163         5.71
   22495.231     0.850000       123802         6.67
   22921.215     0.875000       127527         8.00
   23134.207     0.887500       129312         8.89
   23330.815     0.900000       131085        10.00
   23543.807     0.912500       132975        11.43
   23756.799     0.925000       134798        13.33
   23953.407     0.937500       136510        16.00
   24068.095     0.943750       137461        17.78
   24166.399     0.950000       138325        20.00
   24281.087     0.956250       139332        22.86
   24379.391     0.962500       140194        26.67
   24494.079     0.968750       141165        32.00
   24543.231     0.971875       141624        35.56
   24592.383     0.975000       142064        40.00
   24641.535     0.978125       142487        45.71
   24690.687     0.981250       142923        53.33
   24756.223     0.984375       143435        64.00
   24772.607     0.985938       143558        71.11
   24805.375     0.987500       143800        80.00
   24838.143     0.989062       144020        91.43
   24887.295     0.990625       144313       106.67
   24920.063     0.992188       144507       128.00
   24936.447     0.992969       144591       142.22
   24969.215     0.993750       144767       160.00
   24985.599     0.994531       144856       182.86
   25001.983     0.995313       144933       213.33
   25034.751     0.996094       145079       256.00
   25051.135     0.996484       145144       284.44
   25067.519     0.996875       145204       320.00
   25067.519     0.997266       145204       365.71
   25083.903     0.997656       145271       426.67
   25100.287     0.998047       145331       512.00
   25116.671     0.998242       145385       568.89
   25116.671     0.998437       145385       640.00
   25133.055     0.998633       145430       731.43
   25149.439     0.998828       145474       853.33
   25149.439     0.999023       145474      1024.00
   25149.439     0.999121       145474      1137.78
   25165.823     0.999219       145503      1280.00
   25165.823     0.999316       145503      1462.86
   25182.207     0.999414       145528      1706.67
   25198.591     0.999512       145552      2048.00
   25198.591     0.999561       145552      2275.56
   25198.591     0.999609       145552      2560.00
   25198.591     0.999658       145552      2925.71
   25214.975     0.999707       145567      3413.33
   25214.975     0.999756       145567      4096.00
   25231.359     0.999780       145583      4551.11
   25231.359     0.999805       145583      5120.00
   25231.359     0.999829       145583      5851.43
   25231.359     0.999854       145583      6826.67
   25247.743     0.999878       145594      8192.00
   25247.743     0.999890       145594      9102.22
   25247.743     0.999902       145594     10240.00
   25247.743     0.999915       145594     11702.86
   25247.743     0.999927       145594     13653.33
   25247.743     0.999939       145594     16384.00
   25247.743     0.999945       145594     18204.44
   25247.743     0.999951       145594     20480.00
   25264.127     0.999957       145598     23405.71
   25264.127     0.999963       145598     27306.67
   25264.127     0.999969       145598     32768.00
   25264.127     0.999973       145598     36408.89
   25264.127     0.999976       145598     40960.00
   25264.127     0.999979       145598     46811.43
   25280.511     0.999982       145600     54613.33
   25280.511     0.999985       145600     65536.00
   25280.511     0.999986       145600     72817.78
   25280.511     0.999988       145600     81920.00
   25280.511     0.999989       145600     93622.86
   25280.511     0.999991       145600    109226.67
   25280.511     0.999992       145600    131072.00
   25296.895     0.999993       145601    145635.56
   25296.895     1.000000       145601          inf
#[Mean    =    16666.548, StdDeviation   =     4802.870]
#[Max     =    25280.512, Total count    =       145601]
#[Buckets =           27, SubBuckets     =         2048]
----------------------------------------------------------
  225507 requests in 29.05s, 24.73MB read
  Non-2xx or 3xx responses: 225507
Requests/sec:   7763.16
Transfer/sec:      0.85MB
