Running 2m test @ http://127.0.0.1:8082
  120 threads and 120 connections
  Thread calibration: mean lat.: 0.618ms, rate sampling interval: 10ms
  Thread calibration: mean lat.: 0.613ms, rate sampling interval: 10ms
  Thread calibration: mean lat.: 0.621ms, rate sampling interval: 10ms
  Thread calibration: mean lat.: 0.617ms, rate sampling interval: 10ms
  Thread calibration: mean lat.: 0.617ms, rate sampling interval: 10ms
  Thread calibration: mean lat.: 0.616ms, rate sampling interval: 10ms
  Thread calibration: mean lat.: 0.619ms, rate sampling interval: 10ms
  Thread calibration: mean lat.: 0.620ms, rate sampling interval: 10ms
  Thread calibration: mean lat.: 0.619ms, rate sampling interval: 10ms
  Thread calibration: mean lat.: 0.619ms, rate sampling interval: 10ms
  Thread calibration: mean lat.: 0.621ms, rate sampling interval: 10ms
  Thread calibration: mean lat.: 0.616ms, rate sampling interval: 10ms
  Thread calibration: mean lat.: 0.620ms, rate sampling interval: 10ms
  Thread calibration: mean lat.: 0.616ms, rate sampling interval: 10ms
  Thread calibration: mean lat.: 0.616ms, rate sampling interval: 10ms
  Thread calibration: mean lat.: 0.617ms, rate sampling interval: 10ms
  Thread calibration: mean lat.: 0.618ms, rate sampling interval: 10ms
  Thread calibration: mean lat.: 0.614ms, rate sampling interval: 10ms
  Thread calibration: mean lat.: 0.618ms, rate sampling interval: 10ms
  Thread calibration: mean lat.: 0.618ms, rate sampling interval: 10ms
  Thread calibration: mean lat.: 0.617ms, rate sampling interval: 10ms
  Thread calibration: mean lat.: 0.618ms, rate sampling interval: 10ms
  Thread calibration: mean lat.: 0.622ms, rate sampling interval: 10ms
  Thread calibration: mean lat.: 0.617ms, rate sampling interval: 10ms
  Thread calibration: mean lat.: 0.618ms, rate sampling interval: 10ms
  Thread calibration: mean lat.: 0.619ms, rate sampling interval: 10ms
  Thread calibration: mean lat.: 0.618ms, rate sampling interval: 10ms
  Thread calibration: mean lat.: 0.618ms, rate sampling interval: 10ms
  Thread calibration: mean lat.: 0.614ms, rate sampling interval: 10ms
  Thread calibration: mean lat.: 0.615ms, rate sampling interval: 10ms
  Thread calibration: mean lat.: 0.620ms, rate sampling interval: 10ms
  Thread calibration: mean lat.: 0.618ms, rate sampling interval: 10ms
  Thread calibration: mean lat.: 0.617ms, rate sampling interval: 10ms
  Thread calibration: mean lat.: 0.618ms, rate sampling interval: 10ms
  Thread calibration: mean lat.: 0.617ms, rate sampling interval: 10ms
  Thread calibration: mean lat.: 0.614ms, rate sampling interval: 10ms
  Thread calibration: mean lat.: 0.620ms, rate sampling interval: 10ms
  Thread calibration: mean lat.: 0.619ms, rate sampling interval: 10ms
  Thread calibration: mean lat.: 0.623ms, rate sampling interval: 10ms
  Thread calibration: mean lat.: 0.615ms, rate sampling interval: 10ms
  Thread calibration: mean lat.: 0.615ms, rate sampling interval: 10ms
  Thread calibration: mean lat.: 0.611ms, rate sampling interval: 10ms
  Thread calibration: mean lat.: 0.621ms, rate sampling interval: 10ms
  Thread calibration: mean lat.: 0.621ms, rate sampling interval: 10ms
  Thread calibration: mean lat.: 0.616ms, rate sampling interval: 10ms
  Thread calibration: mean lat.: 0.617ms, rate sampling interval: 10ms
  Thread calibration: mean lat.: 0.611ms, rate sampling interval: 10ms
  Thread calibration: mean lat.: 0.619ms, rate sampling interval: 10ms
  Thread calibration: mean lat.: 0.619ms, rate sampling interval: 10ms
  Thread calibration: mean lat.: 0.617ms, rate sampling interval: 10ms
  Thread calibration: mean lat.: 0.617ms, rate sampling interval: 10ms
  Thread calibration: mean lat.: 0.609ms, rate sampling interval: 10ms
  Thread calibration: mean lat.: 0.619ms, rate sampling interval: 10ms
  Thread calibration: mean lat.: 0.616ms, rate sampling interval: 10ms
  Thread calibration: mean lat.: 0.607ms, rate sampling interval: 10ms
  Thread calibration: mean lat.: 0.616ms, rate sampling interval: 10ms
  Thread calibration: mean lat.: 0.615ms, rate sampling interval: 10ms
  Thread calibration: mean lat.: 0.612ms, rate sampling interval: 10ms
  Thread calibration: mean lat.: 0.620ms, rate sampling interval: 10ms
  Thread calibration: mean lat.: 0.619ms, rate sampling interval: 10ms
  Thread calibration: mean lat.: 0.616ms, rate sampling interval: 10ms
  Thread calibration: mean lat.: 0.619ms, rate sampling interval: 10ms
  Thread calibration: mean lat.: 0.619ms, rate sampling interval: 10ms
  Thread calibration: mean lat.: 0.621ms, rate sampling interval: 10ms
  Thread calibration: mean lat.: 0.622ms, rate sampling interval: 10ms
  Thread calibration: mean lat.: 0.617ms, rate sampling interval: 10ms
  Thread calibration: mean lat.: 0.617ms, rate sampling interval: 10ms
  Thread calibration: mean lat.: 0.613ms, rate sampling interval: 10ms
  Thread calibration: mean lat.: 0.615ms, rate sampling interval: 10ms
  Thread calibration: mean lat.: 0.618ms, rate sampling interval: 10ms
  Thread calibration: mean lat.: 0.615ms, rate sampling interval: 10ms
  Thread calibration: mean lat.: 0.618ms, rate sampling interval: 10ms
  Thread calibration: mean lat.: 0.617ms, rate sampling interval: 10ms
  Thread calibration: mean lat.: 0.610ms, rate sampling interval: 10ms
  Thread calibration: mean lat.: 0.614ms, rate sampling interval: 10ms
  Thread calibration: mean lat.: 0.620ms, rate sampling interval: 10ms
  Thread calibration: mean lat.: 0.617ms, rate sampling interval: 10ms
  Thread calibration: mean lat.: 0.616ms, rate sampling interval: 10ms
  Thread calibration: mean lat.: 0.618ms, rate sampling interval: 10ms
  Thread calibration: mean lat.: 0.619ms, rate sampling interval: 10ms
  Thread calibration: mean lat.: 0.619ms, rate sampling interval: 10ms
  Thread calibration: mean lat.: 0.620ms, rate sampling interval: 10ms
  Thread calibration: mean lat.: 0.617ms, rate sampling interval: 10ms
  Thread calibration: mean lat.: 0.616ms, rate sampling interval: 10ms
  Thread calibration: mean lat.: 0.616ms, rate sampling interval: 10ms
  Thread calibration: mean lat.: 0.622ms, rate sampling interval: 10ms
  Thread calibration: mean lat.: 0.620ms, rate sampling interval: 10ms
  Thread calibration: mean lat.: 0.617ms, rate sampling interval: 10ms
  Thread calibration: mean lat.: 0.623ms, rate sampling interval: 10ms
  Thread calibration: mean lat.: 0.618ms, rate sampling interval: 10ms
  Thread calibration: mean lat.: 0.617ms, rate sampling interval: 10ms
  Thread calibration: mean lat.: 0.620ms, rate sampling interval: 10ms
  Thread calibration: mean lat.: 0.615ms, rate sampling interval: 10ms
  Thread calibration: mean lat.: 0.620ms, rate sampling interval: 10ms
  Thread calibration: mean lat.: 0.617ms, rate sampling interval: 10ms
  Thread calibration: mean lat.: 0.618ms, rate sampling interval: 10ms
  Thread calibration: mean lat.: 0.617ms, rate sampling interval: 10ms
  Thread calibration: mean lat.: 0.619ms, rate sampling interval: 10ms
  Thread calibration: mean lat.: 0.620ms, rate sampling interval: 10ms
  Thread calibration: mean lat.: 0.611ms, rate sampling interval: 10ms
  Thread calibration: mean lat.: 0.613ms, rate sampling interval: 10ms
  Thread calibration: mean lat.: 0.624ms, rate sampling interval: 10ms
  Thread calibration: mean lat.: 0.619ms, rate sampling interval: 10ms
  Thread calibration: mean lat.: 0.618ms, rate sampling interval: 10ms
  Thread calibration: mean lat.: 0.616ms, rate sampling interval: 10ms
  Thread calibration: mean lat.: 0.611ms, rate sampling interval: 10ms
  Thread calibration: mean lat.: 0.619ms, rate sampling interval: 10ms
  Thread calibration: mean lat.: 0.612ms, rate sampling interval: 10ms
  Thread calibration: mean lat.: 0.615ms, rate sampling interval: 10ms
  Thread calibration: mean lat.: 0.621ms, rate sampling interval: 10ms
  Thread calibration: mean lat.: 0.612ms, rate sampling interval: 10ms
  Thread calibration: mean lat.: 0.616ms, rate sampling interval: 10ms
  Thread calibration: mean lat.: 0.617ms, rate sampling interval: 10ms
  Thread calibration: mean lat.: 0.620ms, rate sampling interval: 10ms
  Thread calibration: mean lat.: 0.619ms, rate sampling interval: 10ms
  Thread calibration: mean lat.: 0.617ms, rate sampling interval: 10ms
  Thread calibration: mean lat.: 0.616ms, rate sampling interval: 10ms
  Thread calibration: mean lat.: 0.619ms, rate sampling interval: 10ms
  Thread calibration: mean lat.: 0.617ms, rate sampling interval: 10ms
  Thread calibration: mean lat.: 0.621ms, rate sampling interval: 10ms
  Thread Stats   Avg      Stdev     Max   +/- Stdev
    Latency   625.36us  291.29us   2.08ms   58.01%
    Req/Sec   439.95     39.57   555.00     78.29%
  Latency Distribution (HdrHistogram - Recorded Latency)
 50.000%  625.00us
 75.000%    0.88ms
 90.000%    1.03ms
 99.000%    1.13ms
 99.900%    1.17ms
 99.990%    1.20ms
 99.999%    1.40ms
100.000%    2.09ms

  Detailed Percentile spectrum:
       Value   Percentile   TotalCount 1/(1-Percentile)

       0.044     0.000000            2         1.00
       0.223     0.100000       401825         1.11
       0.324     0.200000       802048         1.25
       0.425     0.300000      1201783         1.43
       0.525     0.400000      1599267         1.67
       0.625     0.500000      1999338         2.00
       0.675     0.550000      2201564         2.22
       0.724     0.600000      2399000         2.50
       0.775     0.650000      2600991         2.86
       0.825     0.700000      2797617         3.33
       0.877     0.750000      2999413         4.00
       0.903     0.775000      3100650         4.44
       0.928     0.800000      3199664         5.00
       0.953     0.825000      3299374         5.71
       0.978     0.850000      3400083         6.67
       1.003     0.875000      3499681         8.00
       1.015     0.887500      3546772         8.89
       1.028     0.900000      3598144        10.00
       1.041     0.912500      3648848        11.43
       1.054     0.925000      3700224        13.33
       1.066     0.937500      3748226        16.00
       1.072     0.943750      3772146        17.78
       1.078     0.950000      3796503        20.00
       1.085     0.956250      3824689        22.86
       1.091     0.962500      3848967        26.67
       1.097     0.968750      3872860        32.00
       1.100     0.971875      3884619        35.56
       1.104     0.975000      3900017        40.00
       1.107     0.978125      3910882        45.71
       1.111     0.981250      3923984        53.33
       1.115     0.984375      3934667        64.00
       1.118     0.985938      3941207        71.11
       1.121     0.987500      3947091        80.00
       1.125     0.989062      3953986        91.43
       1.129     0.990625      3959582       106.67
       1.134     0.992188      3965215       128.00
       1.137     0.992969      3968242       142.22
       1.141     0.993750      3971834       160.00
       1.145     0.994531      3975026       182.86
       1.149     0.995313      3977949       213.33
       1.153     0.996094      3980902       256.00
       1.155     0.996484      3982305       284.44
       1.158     0.996875      3984366       320.00
       1.160     0.997266      3985627       365.71
       1.162     0.997656      3986868       426.67
       1.165     0.998047      3988606       512.00
       1.167     0.998242      3989631       568.89
       1.168     0.998437      3990133       640.00
       1.170     0.998633      3991047       731.43
       1.172     0.998828      3991821       853.33
       1.174     0.999023      3992531      1024.00
       1.175     0.999121      3992801      1137.78
       1.176     0.999219      3993092      1280.00
       1.178     0.999316      3993581      1462.86
       1.180     0.999414      3994003      1706.67
       1.182     0.999512      3994383      2048.00
       1.183     0.999561      3994573      2275.56
       1.184     0.999609      3994728      2560.00
       1.185     0.999658      3994869      2925.71
       1.187     0.999707      3995123      3413.33
       1.188     0.999756      3995230      4096.00
       1.189     0.999780      3995330      4551.11
       1.190     0.999805      3995427      5120.00
       1.192     0.999829      3995584      5851.43
       1.193     0.999854      3995662      6826.67
       1.194     0.999878      3995721      8192.00
       1.195     0.999890      3995767      9102.22
       1.197     0.999902      3995854     10240.00
       1.198     0.999915      3995877     11702.86
       1.200     0.999927      3995933     13653.33
       1.202     0.999939      3995975     16384.00
       1.203     0.999945      3995990     18204.44
       1.204     0.999951      3996023     20480.00
       1.205     0.999957      3996035     23405.71
       1.207     0.999963      3996059     27306.67
       1.210     0.999969      3996086     32768.00
       1.212     0.999973      3996101     36408.89
       1.214     0.999976      3996108     40960.00
       1.220     0.999979      3996121     46811.43
       1.238     0.999982      3996132     54613.33
       1.300     0.999985      3996145     65536.00
       1.316     0.999986      3996151     72817.78
       1.359     0.999988      3996157     81920.00
       1.390     0.999989      3996163     93622.86
       1.413     0.999991      3996170    109226.67
       1.428     0.999992      3996175    131072.00
       1.443     0.999993      3996178    145635.56
       1.453     0.999994      3996181    163840.00
       1.478     0.999995      3996184    187245.71
       1.486     0.999995      3996187    218453.33
       1.540     0.999996      3996190    262144.00
       1.595     0.999997      3996192    291271.11
       1.601     0.999997      3996193    327680.00
       1.632     0.999997      3996195    374491.43
       1.638     0.999998      3996196    436906.67
       1.678     0.999998      3996198    524288.00
       1.680     0.999998      3996199    582542.22
       1.680     0.999998      3996199    655360.00
       1.728     0.999999      3996200    748982.86
       1.741     0.999999      3996201    873813.33
       1.747     0.999999      3996202   1048576.00
       1.747     0.999999      3996202   1165084.44
       1.747     0.999999      3996202   1310720.00
       1.756     0.999999      3996203   1497965.71
       1.756     0.999999      3996203   1747626.67
       1.909     1.000000      3996204   2097152.00
       1.909     1.000000      3996204   2330168.89
       1.909     1.000000      3996204   2621440.00
       1.909     1.000000      3996204   2995931.43
       1.909     1.000000      3996204   3495253.33
       2.085     1.000000      3996205   4194304.00
       2.085     1.000000      3996205          inf
#[Mean    =        0.625, StdDeviation   =        0.291]
#[Max     =        2.084, Total count    =      3996205]
#[Buckets =           27, SubBuckets     =         2048]
----------------------------------------------------------
  4496603 requests in 1.50m, 351.64MB read
  Non-2xx or 3xx responses: 4496603
Requests/sec:  50036.07
Transfer/sec:      3.91MB
