Running 30s test @ http://127.0.0.1:8082
  120 threads and 120 connections
  Thread calibration: mean lat.: 0.621ms, rate sampling interval: 10ms
  Thread calibration: mean lat.: 0.621ms, rate sampling interval: 10ms
  Thread calibration: mean lat.: 0.620ms, rate sampling interval: 10ms
  Thread calibration: mean lat.: 0.622ms, rate sampling interval: 10ms
  Thread calibration: mean lat.: 0.621ms, rate sampling interval: 10ms
  Thread calibration: mean lat.: 0.618ms, rate sampling interval: 10ms
  Thread calibration: mean lat.: 0.616ms, rate sampling interval: 10ms
  Thread calibration: mean lat.: 0.615ms, rate sampling interval: 10ms
  Thread calibration: mean lat.: 0.619ms, rate sampling interval: 10ms
  Thread calibration: mean lat.: 0.618ms, rate sampling interval: 10ms
  Thread calibration: mean lat.: 0.621ms, rate sampling interval: 10ms
  Thread calibration: mean lat.: 0.622ms, rate sampling interval: 10ms
  Thread calibration: mean lat.: 0.615ms, rate sampling interval: 10ms
  Thread calibration: mean lat.: 0.619ms, rate sampling interval: 10ms
  Thread calibration: mean lat.: 0.618ms, rate sampling interval: 10ms
  Thread calibration: mean lat.: 0.621ms, rate sampling interval: 10ms
  Thread calibration: mean lat.: 0.619ms, rate sampling interval: 10ms
  Thread calibration: mean lat.: 0.620ms, rate sampling interval: 10ms
  Thread calibration: mean lat.: 0.616ms, rate sampling interval: 10ms
  Thread calibration: mean lat.: 0.617ms, rate sampling interval: 10ms
  Thread calibration: mean lat.: 0.618ms, rate sampling interval: 10ms
  Thread calibration: mean lat.: 0.619ms, rate sampling interval: 10ms
  Thread calibration: mean lat.: 0.613ms, rate sampling interval: 10ms
  Thread calibration: mean lat.: 0.618ms, rate sampling interval: 10ms
  Thread calibration: mean lat.: 0.617ms, rate sampling interval: 10ms
  Thread calibration: mean lat.: 0.619ms, rate sampling interval: 10ms
  Thread calibration: mean lat.: 0.621ms, rate sampling interval: 10ms
  Thread calibration: mean lat.: 0.611ms, rate sampling interval: 10ms
  Thread calibration: mean lat.: 0.618ms, rate sampling interval: 10ms
  Thread calibration: mean lat.: 0.632ms, rate sampling interval: 10ms
  Thread calibration: mean lat.: 0.619ms, rate sampling interval: 10ms
  Thread calibration: mean lat.: 0.620ms, rate sampling interval: 10ms
  Thread calibration: mean lat.: 0.619ms, rate sampling interval: 10ms
  Thread calibration: mean lat.: 0.617ms, rate sampling interval: 10ms
  Thread calibration: mean lat.: 0.621ms, rate sampling interval: 10ms
  Thread calibration: mean lat.: 0.620ms, rate sampling interval: 10ms
  Thread calibration: mean lat.: 0.618ms, rate sampling interval: 10ms
  Thread calibration: mean lat.: 0.617ms, rate sampling interval: 10ms
  Thread calibration: mean lat.: 0.617ms, rate sampling interval: 10ms
  Thread calibration: mean lat.: 0.621ms, rate sampling interval: 10ms
  Thread calibration: mean lat.: 0.618ms, rate sampling interval: 10ms
  Thread calibration: mean lat.: 0.618ms, rate sampling interval: 10ms
  Thread calibration: mean lat.: 0.616ms, rate sampling interval: 10ms
  Thread calibration: mean lat.: 0.622ms, rate sampling interval: 10ms
  Thread calibration: mean lat.: 0.621ms, rate sampling interval: 10ms
  Thread calibration: mean lat.: 0.617ms, rate sampling interval: 10ms
  Thread calibration: mean lat.: 0.620ms, rate sampling interval: 10ms
  Thread calibration: mean lat.: 0.621ms, rate sampling interval: 10ms
  Thread calibration: mean lat.: 0.617ms, rate sampling interval: 10ms
  Thread calibration: mean lat.: 0.616ms, rate sampling interval: 10ms
  Thread calibration: mean lat.: 0.620ms, rate sampling interval: 10ms
  Thread calibration: mean lat.: 0.619ms, rate sampling interval: 10ms
  Thread calibration: mean lat.: 0.611ms, rate sampling interval: 10ms
  Thread calibration: mean lat.: 0.618ms, rate sampling interval: 10ms
  Thread calibration: mean lat.: 0.619ms, rate sampling interval: 10ms
  Thread calibration: mean lat.: 0.619ms, rate sampling interval: 10ms
  Thread calibration: mean lat.: 0.616ms, rate sampling interval: 10ms
  Thread calibration: mean lat.: 0.619ms, rate sampling interval: 10ms
  Thread calibration: mean lat.: 0.616ms, rate sampling interval: 10ms
  Thread calibration: mean lat.: 0.621ms, rate sampling interval: 10ms
  Thread calibration: mean lat.: 0.620ms, rate sampling interval: 10ms
  Thread calibration: mean lat.: 0.615ms, rate sampling interval: 10ms
  Thread calibration: mean lat.: 0.620ms, rate sampling interval: 10ms
  Thread calibration: mean lat.: 0.620ms, rate sampling interval: 10ms
  Thread calibration: mean lat.: 0.618ms, rate sampling interval: 10ms
  Thread calibration: mean lat.: 0.623ms, rate sampling interval: 10ms
  Thread calibration: mean lat.: 0.620ms, rate sampling interval: 10ms
  Thread calibration: mean lat.: 0.616ms, rate sampling interval: 10ms
  Thread calibration: mean lat.: 0.619ms, rate sampling interval: 10ms
  Thread calibration: mean lat.: 0.616ms, rate sampling interval: 10ms
  Thread calibration: mean lat.: 0.618ms, rate sampling interval: 10ms
  Thread calibration: mean lat.: 0.611ms, rate sampling interval: 10ms
  Thread calibration: mean lat.: 0.621ms, rate sampling interval: 10ms
  Thread calibration: mean lat.: 0.611ms, rate sampling interval: 10ms
  Thread calibration: mean lat.: 0.614ms, rate sampling interval: 10ms
  Thread calibration: mean lat.: 0.616ms, rate sampling interval: 10ms
  Thread calibration: mean lat.: 0.616ms, rate sampling interval: 10ms
  Thread calibration: mean lat.: 0.616ms, rate sampling interval: 10ms
  Thread calibration: mean lat.: 0.620ms, rate sampling interval: 10ms
  Thread calibration: mean lat.: 0.612ms, rate sampling interval: 10ms
  Thread calibration: mean lat.: 0.617ms, rate sampling interval: 10ms
  Thread calibration: mean lat.: 0.619ms, rate sampling interval: 10ms
  Thread calibration: mean lat.: 0.618ms, rate sampling interval: 10ms
  Thread calibration: mean lat.: 0.616ms, rate sampling interval: 10ms
  Thread calibration: mean lat.: 0.616ms, rate sampling interval: 10ms
  Thread calibration: mean lat.: 0.618ms, rate sampling interval: 10ms
  Thread calibration: mean lat.: 0.621ms, rate sampling interval: 10ms
  Thread calibration: mean lat.: 0.617ms, rate sampling interval: 10ms
  Thread calibration: mean lat.: 0.611ms, rate sampling interval: 10ms
  Thread calibration: mean lat.: 0.618ms, rate sampling interval: 10ms
  Thread calibration: mean lat.: 0.618ms, rate sampling interval: 10ms
  Thread calibration: mean lat.: 0.618ms, rate sampling interval: 10ms
  Thread calibration: mean lat.: 0.618ms, rate sampling interval: 10ms
  Thread calibration: mean lat.: 0.617ms, rate sampling interval: 10ms
  Thread calibration: mean lat.: 0.619ms, rate sampling interval: 10ms
  Thread calibration: mean lat.: 0.619ms, rate sampling interval: 10ms
  Thread calibration: mean lat.: 0.618ms, rate sampling interval: 10ms
  Thread calibration: mean lat.: 0.616ms, rate sampling interval: 10ms
  Thread calibration: mean lat.: 0.618ms, rate sampling interval: 10ms
  Thread calibration: mean lat.: 0.615ms, rate sampling interval: 10ms
  Thread calibration: mean lat.: 0.619ms, rate sampling interval: 10ms
  Thread calibration: mean lat.: 0.611ms, rate sampling interval: 10ms
  Thread calibration: mean lat.: 0.615ms, rate sampling interval: 10ms
  Thread calibration: mean lat.: 0.616ms, rate sampling interval: 10ms
  Thread calibration: mean lat.: 0.618ms, rate sampling interval: 10ms
  Thread calibration: mean lat.: 0.622ms, rate sampling interval: 10ms
  Thread calibration: mean lat.: 0.618ms, rate sampling interval: 10ms
  Thread calibration: mean lat.: 0.622ms, rate sampling interval: 10ms
  Thread calibration: mean lat.: 0.616ms, rate sampling interval: 10ms
  Thread calibration: mean lat.: 0.618ms, rate sampling interval: 10ms
  Thread calibration: mean lat.: 0.617ms, rate sampling interval: 10ms
  Thread calibration: mean lat.: 0.619ms, rate sampling interval: 10ms
  Thread calibration: mean lat.: 0.617ms, rate sampling interval: 10ms
  Thread calibration: mean lat.: 0.615ms, rate sampling interval: 10ms
  Thread calibration: mean lat.: 0.620ms, rate sampling interval: 10ms
  Thread calibration: mean lat.: 0.618ms, rate sampling interval: 10ms
  Thread calibration: mean lat.: 0.621ms, rate sampling interval: 10ms
  Thread calibration: mean lat.: 0.618ms, rate sampling interval: 10ms
  Thread calibration: mean lat.: 0.620ms, rate sampling interval: 10ms
  Thread calibration: mean lat.: 0.615ms, rate sampling interval: 10ms
  Thread Stats   Avg      Stdev     Max   +/- Stdev
    Latency   626.24us  291.31us   2.03ms   58.10%
    Req/Sec   440.03     39.65   555.00     78.13%
  Latency Distribution (HdrHistogram - Recorded Latency)
 50.000%  626.00us
 75.000%    0.88ms
 90.000%    1.03ms
 99.000%    1.13ms
 99.900%    1.17ms
 99.990%    1.20ms
 99.999%    1.50ms
100.000%    2.03ms

  Detailed Percentile spectrum:
       Value   Percentile   TotalCount 1/(1-Percentile)

       0.045     0.000000            1         1.00
       0.224     0.100000        98273         1.11
       0.325     0.200000       196067         1.25
       0.425     0.300000       293126         1.43
       0.526     0.400000       390857         1.67
       0.626     0.500000       488368         2.00
       0.676     0.550000       537917         2.22
       0.725     0.600000       586104         2.50
       0.776     0.650000       635685         2.86
       0.826     0.700000       684066         3.33
       0.878     0.750000       732952         4.00
       0.904     0.775000       757528         4.44
       0.929     0.800000       781981         5.00
       0.954     0.825000       806413         5.71
       0.978     0.850000       830144         6.67
       1.004     0.875000       855296         8.00
       1.016     0.887500       866747         8.89
       1.029     0.900000       879349        10.00
       1.042     0.912500       891743        11.43
       1.054     0.925000       903454        13.33
       1.067     0.937500       916081        16.00
       1.073     0.943750       921969        17.78
       1.079     0.950000       927856        20.00
       1.085     0.956250       933894        22.86
       1.092     0.962500       940832        26.67
       1.098     0.968750       946623        32.00
       1.101     0.971875       949556        35.56
       1.104     0.975000       952475        40.00
       1.107     0.978125       955230        45.71
       1.111     0.981250       958523        53.33
       1.116     0.984375       961827        64.00
       1.118     0.985938       962923        71.11
       1.121     0.987500       964399        80.00
       1.125     0.989062       966067        91.43
       1.129     0.990625       967493       106.67
       1.134     0.992188       968910       128.00
       1.138     0.992969       969866       142.22
       1.141     0.993750       970562       160.00
       1.144     0.994531       971198       182.86
       1.149     0.995313       972089       213.33
       1.153     0.996094       972775       256.00
       1.155     0.996484       973108       284.44
       1.158     0.996875       973600       320.00
       1.160     0.997266       973909       365.71
       1.163     0.997656       974387       426.67
       1.165     0.998047       974631       512.00
       1.167     0.998242       974902       568.89
       1.168     0.998437       975036       640.00
       1.170     0.998633       975255       731.43
       1.172     0.998828       975448       853.33
       1.174     0.999023       975629      1024.00
       1.175     0.999121       975709      1137.78
       1.176     0.999219       975778      1280.00
       1.178     0.999316       975883      1462.86
       1.180     0.999414       976000      1706.67
       1.182     0.999512       976077      2048.00
       1.183     0.999561       976115      2275.56
       1.184     0.999609       976154      2560.00
       1.186     0.999658       976218      2925.71
       1.188     0.999707       976268      3413.33
       1.189     0.999756       976296      4096.00
       1.191     0.999780       976335      4551.11
       1.192     0.999805       976357      5120.00
       1.193     0.999829       976372      5851.43
       1.194     0.999854       976391      6826.67
       1.197     0.999878       976425      8192.00
       1.198     0.999890       976434      9102.22
       1.199     0.999902       976442     10240.00
       1.201     0.999915       976452     11702.86
       1.203     0.999927       976464     13653.33
       1.212     0.999939       976477     16384.00
       1.217     0.999945       976481     18204.44
       1.224     0.999951       976487     20480.00
       1.236     0.999957       976493     23405.71
       1.263     0.999963       976499     27306.67
       1.304     0.999969       976506     32768.00
       1.310     0.999973       976508     36408.89
       1.345     0.999976       976511     40960.00
       1.372     0.999979       976514     46811.43
       1.391     0.999982       976517     54613.33
       1.409     0.999985       976520     65536.00
       1.456     0.999986       976521     72817.78
       1.488     0.999988       976523     81920.00
       1.497     0.999989       976524     93622.86
       1.521     0.999991       976526    109226.67
       1.541     0.999992       976527    131072.00
       1.582     0.999993       976528    145635.56
       1.654     0.999994       976529    163840.00
       1.654     0.999995       976529    187245.71
       1.715     0.999995       976530    218453.33
       1.790     0.999996       976531    262144.00
       1.790     0.999997       976531    291271.11
       1.901     0.999997       976532    327680.00
       1.901     0.999997       976532    374491.43
       1.901     0.999998       976532    436906.67
       1.968     0.999998       976533    524288.00
       1.968     0.999998       976533    582542.22
       1.968     0.999998       976533    655360.00
       1.968     0.999999       976533    748982.86
       1.968     0.999999       976533    873813.33
       2.029     0.999999       976534   1048576.00
       2.029     1.000000       976534          inf
#[Mean    =        0.626, StdDeviation   =        0.291]
#[Max     =        2.029, Total count    =       976534]
#[Buckets =           27, SubBuckets     =         2048]
----------------------------------------------------------
  1476929 requests in 29.08s, 115.50MB read
  Non-2xx or 3xx responses: 1476929
Requests/sec:  50788.66
Transfer/sec:      3.97MB
