Running 2m test @ http://127.0.0.1:8082
  120 threads and 120 connections
  Thread calibration: mean lat.: 0.699ms, rate sampling interval: 10ms
  Thread calibration: mean lat.: 0.642ms, rate sampling interval: 10ms
  Thread calibration: mean lat.: 0.651ms, rate sampling interval: 10ms
  Thread calibration: mean lat.: 0.643ms, rate sampling interval: 10ms
  Thread calibration: mean lat.: 0.657ms, rate sampling interval: 10ms
  Thread calibration: mean lat.: 0.632ms, rate sampling interval: 10ms
  Thread calibration: mean lat.: 0.608ms, rate sampling interval: 10ms
  Thread calibration: mean lat.: 0.612ms, rate sampling interval: 10ms
  Thread calibration: mean lat.: 0.620ms, rate sampling interval: 10ms
  Thread calibration: mean lat.: 0.634ms, rate sampling interval: 10ms
  Thread calibration: mean lat.: 0.623ms, rate sampling interval: 10ms
  Thread calibration: mean lat.: 0.625ms, rate sampling interval: 10ms
  Thread calibration: mean lat.: 0.634ms, rate sampling interval: 10ms
  Thread calibration: mean lat.: 0.624ms, rate sampling interval: 10ms
  Thread calibration: mean lat.: 0.618ms, rate sampling interval: 10ms
  Thread calibration: mean lat.: 0.613ms, rate sampling interval: 10ms
  Thread calibration: mean lat.: 0.616ms, rate sampling interval: 10ms
  Thread calibration: mean lat.: 0.616ms, rate sampling interval: 10ms
  Thread calibration: mean lat.: 0.647ms, rate sampling interval: 10ms
  Thread calibration: mean lat.: 0.628ms, rate sampling interval: 10ms
  Thread calibration: mean lat.: 0.625ms, rate sampling interval: 10ms
  Thread calibration: mean lat.: 0.629ms, rate sampling interval: 10ms
  Thread calibration: mean lat.: 0.622ms, rate sampling interval: 10ms
  Thread calibration: mean lat.: 0.631ms, rate sampling interval: 10ms
  Thread calibration: mean lat.: 0.626ms, rate sampling interval: 10ms
  Thread calibration: mean lat.: 0.637ms, rate sampling interval: 10ms
  Thread calibration: mean lat.: 0.618ms, rate sampling interval: 10ms
  Thread calibration: mean lat.: 0.615ms, rate sampling interval: 10ms
  Thread calibration: mean lat.: 0.629ms, rate sampling interval: 10ms
  Thread calibration: mean lat.: 0.751ms, rate sampling interval: 10ms
  Thread calibration: mean lat.: 0.740ms, rate sampling interval: 10ms
  Thread calibration: mean lat.: 0.717ms, rate sampling interval: 10ms
  Thread calibration: mean lat.: 0.709ms, rate sampling interval: 10ms
  Thread calibration: mean lat.: 0.701ms, rate sampling interval: 10ms
  Thread calibration: mean lat.: 0.735ms, rate sampling interval: 10ms
  Thread calibration: mean lat.: 0.703ms, rate sampling interval: 10ms
  Thread calibration: mean lat.: 0.690ms, rate sampling interval: 10ms
  Thread calibration: mean lat.: 0.674ms, rate sampling interval: 10ms
  Thread calibration: mean lat.: 0.689ms, rate sampling interval: 10ms
  Thread calibration: mean lat.: 0.671ms, rate sampling interval: 10ms
  Thread calibration: mean lat.: 0.680ms, rate sampling interval: 10ms
  Thread calibration: mean lat.: 0.677ms, rate sampling interval: 10ms
  Thread calibration: mean lat.: 0.643ms, rate sampling interval: 10ms
  Thread calibration: mean lat.: 0.645ms, rate sampling interval: 10ms
  Thread calibration: mean lat.: 0.650ms, rate sampling interval: 10ms
  Thread calibration: mean lat.: 0.636ms, rate sampling interval: 10ms
  Thread calibration: mean lat.: 0.649ms, rate sampling interval: 10ms
  Thread calibration: mean lat.: 0.620ms, rate sampling interval: 10ms
  Thread calibration: mean lat.: 0.626ms, rate sampling interval: 10ms
  Thread calibration: mean lat.: 0.623ms, rate sampling interval: 10ms
  Thread calibration: mean lat.: 0.625ms, rate sampling interval: 10ms
  Thread calibration: mean lat.: 0.611ms, rate sampling interval: 10ms
  Thread calibration: mean lat.: 0.620ms, rate sampling interval: 10ms
  Thread calibration: mean lat.: 0.623ms, rate sampling interval: 10ms
  Thread calibration: mean lat.: 0.670ms, rate sampling interval: 10ms
  Thread calibration: mean lat.: 0.620ms, rate sampling interval: 10ms
  Thread calibration: mean lat.: 0.632ms, rate sampling interval: 10ms
  Thread calibration: mean lat.: 0.625ms, rate sampling interval: 10ms
  Thread calibration: mean lat.: 0.619ms, rate sampling interval: 10ms
  Thread calibration: mean lat.: 0.626ms, rate sampling interval: 10ms
  Thread calibration: mean lat.: 0.597ms, rate sampling interval: 10ms
  Thread calibration: mean lat.: 0.729ms, rate sampling interval: 10ms
  Thread calibration: mean lat.: 0.739ms, rate sampling interval: 10ms
  Thread calibration: mean lat.: 0.645ms, rate sampling interval: 10ms
  Thread calibration: mean lat.: 0.628ms, rate sampling interval: 10ms
  Thread calibration: mean lat.: 0.787ms, rate sampling interval: 10ms
  Thread calibration: mean lat.: 0.756ms, rate sampling interval: 10ms
  Thread calibration: mean lat.: 0.747ms, rate sampling interval: 10ms
  Thread calibration: mean lat.: 0.751ms, rate sampling interval: 10ms
  Thread calibration: mean lat.: 0.757ms, rate sampling interval: 10ms
  Thread calibration: mean lat.: 0.754ms, rate sampling interval: 10ms
  Thread calibration: mean lat.: 0.728ms, rate sampling interval: 10ms
  Thread calibration: mean lat.: 0.749ms, rate sampling interval: 10ms
  Thread calibration: mean lat.: 0.716ms, rate sampling interval: 10ms
  Thread calibration: mean lat.: 0.728ms, rate sampling interval: 10ms
  Thread calibration: mean lat.: 0.714ms, rate sampling interval: 10ms
  Thread calibration: mean lat.: 0.707ms, rate sampling interval: 10ms
  Thread calibration: mean lat.: 0.747ms, rate sampling interval: 10ms
  Thread calibration: mean lat.: 0.695ms, rate sampling interval: 10ms
  Thread calibration: mean lat.: 0.678ms, rate sampling interval: 10ms
  Thread calibration: mean lat.: 0.690ms, rate sampling interval: 10ms
  Thread calibration: mean lat.: 0.662ms, rate sampling interval: 10ms
  Thread calibration: mean lat.: 0.697ms, rate sampling interval: 10ms
  Thread calibration: mean lat.: 0.671ms, rate sampling interval: 10ms
  Thread calibration: mean lat.: 0.661ms, rate sampling interval: 10ms
  Thread calibration: mean lat.: 0.657ms, rate sampling interval: 10ms
  Thread calibration: mean lat.: 0.645ms, rate sampling interval: 10ms
  Thread calibration: mean lat.: 0.649ms, rate sampling interval: 10ms
  Thread calibration: mean lat.: 0.639ms, rate sampling interval: 10ms
  Thread calibration: mean lat.: 0.633ms, rate sampling interval: 10ms
  Thread calibration: mean lat.: 0.624ms, rate sampling interval: 10ms
  Thread calibration: mean lat.: 0.632ms, rate sampling interval: 10ms
  Thread calibration: mean lat.: 0.613ms, rate sampling interval: 10ms
  Thread calibration: mean lat.: 0.620ms, rate sampling interval: 10ms
  Thread calibration: mean lat.: 0.626ms, rate sampling interval: 10ms
  Thread calibration: mean lat.: 0.632ms, rate sampling interval: 10ms
  Thread calibration: mean lat.: 0.617ms, rate sampling interval: 10ms
  Thread calibration: mean lat.: 0.621ms, rate sampling interval: 10ms
  Thread calibration: mean lat.: 0.625ms, rate sampling interval: 10ms
  Thread calibration: mean lat.: 0.630ms, rate sampling interval: 10ms
  Thread calibration: mean lat.: 0.622ms, rate sampling interval: 10ms
  Thread calibration: mean lat.: 0.626ms, rate sampling interval: 10ms
  Thread calibration: mean lat.: 0.632ms, rate sampling interval: 10ms
  Thread calibration: mean lat.: 0.636ms, rate sampling interval: 10ms
  Thread calibration: mean lat.: 0.634ms, rate sampling interval: 10ms
  Thread calibration: mean lat.: 0.628ms, rate sampling interval: 10ms
  Thread calibration: mean lat.: 0.623ms, rate sampling interval: 10ms
  Thread calibration: mean lat.: 0.625ms, rate sampling interval: 10ms
  Thread calibration: mean lat.: 0.627ms, rate sampling interval: 10ms
  Thread calibration: mean lat.: 0.624ms, rate sampling interval: 10ms
  Thread calibration: mean lat.: 0.627ms, rate sampling interval: 10ms
  Thread calibration: mean lat.: 0.631ms, rate sampling interval: 10ms
  Thread calibration: mean lat.: 0.615ms, rate sampling interval: 10ms
  Thread calibration: mean lat.: 0.619ms, rate sampling interval: 10ms
  Thread calibration: mean lat.: 0.616ms, rate sampling interval: 10ms
  Thread calibration: mean lat.: 0.619ms, rate sampling interval: 10ms
  Thread calibration: mean lat.: 0.618ms, rate sampling interval: 10ms
  Thread calibration: mean lat.: 0.631ms, rate sampling interval: 10ms
  Thread calibration: mean lat.: 0.630ms, rate sampling interval: 10ms
  Thread calibration: mean lat.: 0.642ms, rate sampling interval: 10ms
  Thread Stats   Avg      Stdev     Max   +/- Stdev
    Latency   778.89us  337.91us   2.06ms   68.11%
    Req/Sec    16.92     37.72   111.00     83.23%
  Latency Distribution (HdrHistogram - Recorded Latency)
 50.000%  762.00us
 75.000%    1.06ms
 90.000%    1.22ms
 99.000%    1.45ms
 99.900%    1.49ms
 99.990%    1.55ms
 99.999%    1.60ms
100.000%    2.07ms

  Detailed Percentile spectrum:
       Value   Percentile   TotalCount 1/(1-Percentile)

       0.043     0.000000            2         1.00
       0.302     0.100000        15991         1.11
       0.512     0.200000        32076         1.25
       0.580     0.300000        48181         1.43
       0.659     0.400000        63965         1.67
       0.762     0.500000        79937         2.00
       0.821     0.550000        87914         2.22
       0.888     0.600000        95969         2.50
       0.957     0.650000       103986         2.86
       1.016     0.700000       112011         3.33
       1.057     0.750000       119942         4.00
       1.075     0.775000       123944         4.44
       1.092     0.800000       127930         5.00
       1.109     0.825000       131882         5.71
       1.134     0.850000       135919         6.67
       1.173     0.875000       139931         8.00
       1.193     0.887500       141891         8.89
       1.216     0.900000       143933        10.00
       1.239     0.912500       145900        11.43
       1.266     0.925000       147901        13.33
       1.298     0.937500       149853        16.00
       1.314     0.943750       150917        17.78
       1.329     0.950000       151861        20.00
       1.345     0.956250       152855        22.86
       1.362     0.962500       153860        26.67
       1.381     0.968750       154884        32.00
       1.390     0.971875       155346        35.56
       1.400     0.975000       155864        40.00
       1.409     0.978125       156356        45.71
       1.418     0.981250       156871        53.33
       1.428     0.984375       157364        64.00
       1.433     0.985938       157628        71.11
       1.438     0.987500       157862        80.00
       1.443     0.989062       158119        91.43
       1.448     0.990625       158361       106.67
       1.453     0.992188       158619       128.00
       1.455     0.992969       158745       142.22
       1.458     0.993750       158895       160.00
       1.460     0.994531       159002       182.86
       1.462     0.995313       159097       213.33
       1.465     0.996094       159235       256.00
       1.466     0.996484       159279       284.44
       1.468     0.996875       159342       320.00
       1.471     0.997266       159427       365.71
       1.473     0.997656       159479       426.67
       1.476     0.998047       159539       512.00
       1.478     0.998242       159568       568.89
       1.481     0.998437       159591       640.00
       1.485     0.998633       159625       731.43
       1.489     0.998828       159656       853.33
       1.492     0.999023       159685      1024.00
       1.494     0.999121       159702      1137.78
       1.496     0.999219       159721      1280.00
       1.499     0.999316       159738      1462.86
       1.502     0.999414       159749      1706.67
       1.505     0.999512       159765      2048.00
       1.506     0.999561       159770      2275.56
       1.510     0.999609       159780      2560.00
       1.513     0.999658       159789      2925.71
       1.516     0.999707       159795      3413.33
       1.520     0.999756       159801      4096.00
       1.525     0.999780       159805      4551.11
       1.529     0.999805       159809      5120.00
       1.533     0.999829       159814      5851.43
       1.539     0.999854       159817      6826.67
       1.541     0.999878       159821      8192.00
       1.543     0.999890       159823      9102.22
       1.548     0.999902       159825     10240.00
       1.555     0.999915       159827     11702.86
       1.558     0.999927       159829     13653.33
       1.567     0.999939       159831     16384.00
       1.571     0.999945       159832     18204.44
       1.574     0.999951       159833     20480.00
       1.575     0.999957       159835     23405.71
       1.575     0.999963       159835     27306.67
       1.577     0.999969       159836     32768.00
       1.577     0.999973       159836     36408.89
       1.579     0.999976       159837     40960.00
       1.579     0.999979       159837     46811.43
       1.598     0.999982       159838     54613.33
       1.598     0.999985       159838     65536.00
       1.598     0.999986       159838     72817.78
       1.714     0.999988       159839     81920.00
       1.714     0.999989       159839     93622.86
       1.714     0.999991       159839    109226.67
       1.714     0.999992       159839    131072.00
       1.714     0.999993       159839    145635.56
       2.065     0.999994       159840    163840.00
       2.065     1.000000       159840          inf
#[Mean    =        0.779, StdDeviation   =        0.338]
#[Max     =        2.064, Total count    =       159840]
#[Buckets =           27, SubBuckets     =         2048]
----------------------------------------------------------
  180000 requests in 1.50m, 14.08MB read
  Non-2xx or 3xx responses: 180000
Requests/sec:   2002.10
Transfer/sec:    160.32KB
