Running 30s test @ http://127.0.0.1:8082
  120 threads and 120 connections
  Thread calibration: mean lat.: 0.621ms, rate sampling interval: 10ms
  Thread calibration: mean lat.: 0.620ms, rate sampling interval: 10ms
  Thread calibration: mean lat.: 0.623ms, rate sampling interval: 10ms
  Thread calibration: mean lat.: 0.619ms, rate sampling interval: 10ms
  Thread calibration: mean lat.: 0.624ms, rate sampling interval: 10ms
  Thread calibration: mean lat.: 0.624ms, rate sampling interval: 10ms
  Thread calibration: mean lat.: 0.623ms, rate sampling interval: 10ms
  Thread calibration: mean lat.: 0.623ms, rate sampling interval: 10ms
  Thread calibration: mean lat.: 0.620ms, rate sampling interval: 10ms
  Thread calibration: mean lat.: 0.618ms, rate sampling interval: 10ms
  Thread calibration: mean lat.: 0.621ms, rate sampling interval: 10ms
  Thread calibration: mean lat.: 0.617ms, rate sampling interval: 10ms
  Thread calibration: mean lat.: 0.619ms, rate sampling interval: 10ms
  Thread calibration: mean lat.: 0.620ms, rate sampling interval: 10ms
  Thread calibration: mean lat.: 0.625ms, rate sampling interval: 10ms
  Thread calibration: mean lat.: 0.619ms, rate sampling interval: 10ms
  Thread calibration: mean lat.: 0.618ms, rate sampling interval: 10ms
  Thread calibration: mean lat.: 0.619ms, rate sampling interval: 10ms
  Thread calibration: mean lat.: 0.623ms, rate sampling interval: 10ms
  Thread calibration: mean lat.: 0.622ms, rate sampling interval: 10ms
  Thread calibration: mean lat.: 0.621ms, rate sampling interval: 10ms
  Thread calibration: mean lat.: 0.622ms, rate sampling interval: 10ms
  Thread calibration: mean lat.: 0.622ms, rate sampling interval: 10ms
  Thread calibration: mean lat.: 0.619ms, rate sampling interval: 10ms
  Thread calibration: mean lat.: 0.625ms, rate sampling interval: 10ms
  Thread calibration: mean lat.: 0.621ms, rate sampling interval: 10ms
  Thread calibration: mean lat.: 0.622ms, rate sampling interval: 10ms
  Thread calibration: mean lat.: 0.622ms, rate sampling interval: 10ms
  Thread calibration: mean lat.: 0.619ms, rate sampling interval: 10ms
  Thread calibration: mean lat.: 0.621ms, rate sampling interval: 10ms
  Thread calibration: mean lat.: 0.618ms, rate sampling interval: 10ms
  Thread calibration: mean lat.: 0.624ms, rate sampling interval: 10ms
  Thread calibration: mean lat.: 0.621ms, rate sampling interval: 10ms
  Thread calibration: mean lat.: 0.624ms, rate sampling interval: 10ms
  Thread calibration: mean lat.: 0.621ms, rate sampling interval: 10ms
  Thread calibration: mean lat.: 0.622ms, rate sampling interval: 10ms
  Thread calibration: mean lat.: 0.619ms, rate sampling interval: 10ms
  Thread calibration: mean lat.: 0.622ms, rate sampling interval: 10ms
  Thread calibration: mean lat.: 0.619ms, rate sampling interval: 10ms
  Thread calibration: mean lat.: 0.622ms, rate sampling interval: 10ms
  Thread calibration: mean lat.: 0.625ms, rate sampling interval: 10ms
  Thread calibration: mean lat.: 0.620ms, rate sampling interval: 10ms
  Thread calibration: mean lat.: 0.622ms, rate sampling interval: 10ms
  Thread calibration: mean lat.: 0.616ms, rate sampling interval: 10ms
  Thread calibration: mean lat.: 0.623ms, rate sampling interval: 10ms
  Thread calibration: mean lat.: 0.625ms, rate sampling interval: 10ms
  Thread calibration: mean lat.: 0.620ms, rate sampling interval: 10ms
  Thread calibration: mean lat.: 0.620ms, rate sampling interval: 10ms
  Thread calibration: mean lat.: 0.618ms, rate sampling interval: 10ms
  Thread calibration: mean lat.: 0.617ms, rate sampling interval: 10ms
  Thread calibration: mean lat.: 0.621ms, rate sampling interval: 10ms
  Thread calibration: mean lat.: 0.620ms, rate sampling interval: 10ms
  Thread calibration: mean lat.: 0.619ms, rate sampling interval: 10ms
  Thread calibration: mean lat.: 0.621ms, rate sampling interval: 10ms
  Thread calibration: mean lat.: 0.619ms, rate sampling interval: 10ms
  Thread calibration: mean lat.: 0.620ms, rate sampling interval: 10ms
  Thread calibration: mean lat.: 0.622ms, rate sampling interval: 10ms
  Thread calibration: mean lat.: 0.622ms, rate sampling interval: 10ms
  Thread calibration: mean lat.: 0.622ms, rate sampling interval: 10ms
  Thread calibration: mean lat.: 0.624ms, rate sampling interval: 10ms
  Thread calibration: mean lat.: 0.616ms, rate sampling interval: 10ms
  Thread calibration: mean lat.: 0.687ms, rate sampling interval: 10ms
  Thread calibration: mean lat.: 0.682ms, rate sampling interval: 10ms
  Thread calibration: mean lat.: 0.621ms, rate sampling interval: 10ms
  Thread calibration: mean lat.: 0.619ms, rate sampling interval: 10ms
  Thread calibration: mean lat.: 0.619ms, rate sampling interval: 10ms
  Thread calibration: mean lat.: 0.621ms, rate sampling interval: 10ms
  Thread calibration: mean lat.: 0.622ms, rate sampling interval: 10ms
  Thread calibration: mean lat.: 0.620ms, rate sampling interval: 10ms
  Thread calibration: mean lat.: 0.621ms, rate sampling interval: 10ms
  Thread calibration: mean lat.: 0.622ms, rate sampling interval: 10ms
  Thread calibration: mean lat.: 0.624ms, rate sampling interval: 10ms
  Thread calibration: mean lat.: 0.621ms, rate sampling interval: 10ms
  Thread calibration: mean lat.: 0.619ms, rate sampling interval: 10ms
  Thread calibration: mean lat.: 0.619ms, rate sampling interval: 10ms
  Thread calibration: mean lat.: 0.622ms, rate sampling interval: 10ms
  Thread calibration: mean lat.: 0.622ms, rate sampling interval: 10ms
  Thread calibration: mean lat.: 0.624ms, rate sampling interval: 10ms
  Thread calibration: mean lat.: 0.618ms, rate sampling interval: 10ms
  Thread calibration: mean lat.: 0.619ms, rate sampling interval: 10ms
  Thread calibration: mean lat.: 0.620ms, rate sampling interval: 10ms
  Thread calibration: mean lat.: 0.619ms, rate sampling interval: 10ms
  Thread calibration: mean lat.: 0.619ms, rate sampling interval: 10ms
  Thread calibration: mean lat.: 0.620ms, rate sampling interval: 10ms
  Thread calibration: mean lat.: 0.623ms, rate sampling interval: 10ms
  Thread calibration: mean lat.: 0.619ms, rate sampling interval: 10ms
  Thread calibration: mean lat.: 0.623ms, rate sampling interval: 10ms
  Thread calibration: mean lat.: 0.620ms, rate sampling interval: 10ms
  Thread calibration: mean lat.: 0.621ms, rate sampling interval: 10ms
  Thread calibration: mean lat.: 0.617ms, rate sampling interval: 10ms
  Thread calibration: mean lat.: 0.620ms, rate sampling interval: 10ms
  Thread calibration: mean lat.: 0.622ms, rate sampling interval: 10ms
  Thread calibration: mean lat.: 0.621ms, rate sampling interval: 10ms
  Thread calibration: mean lat.: 0.620ms, rate sampling interval: 10ms
  Thread calibration: mean lat.: 0.617ms, rate sampling interval: 10ms
  Thread calibration: mean lat.: 0.617ms, rate sampling interval: 10ms
  Thread calibration: mean lat.: 0.622ms, rate sampling interval: 10ms
  Thread calibration: mean lat.: 0.617ms, rate sampling interval: 10ms
  Thread calibration: mean lat.: 0.618ms, rate sampling interval: 10ms
  Thread calibration: mean lat.: 0.621ms, rate sampling interval: 10ms
  Thread calibration: mean lat.: 0.622ms, rate sampling interval: 10ms
  Thread calibration: mean lat.: 0.621ms, rate sampling interval: 10ms
  Thread calibration: mean lat.: 0.624ms, rate sampling interval: 10ms
  Thread calibration: mean lat.: 0.621ms, rate sampling interval: 10ms
  Thread calibration: mean lat.: 0.624ms, rate sampling interval: 10ms
  Thread calibration: mean lat.: 0.617ms, rate sampling interval: 10ms
  Thread calibration: mean lat.: 0.619ms, rate sampling interval: 10ms
  Thread calibration: mean lat.: 0.619ms, rate sampling interval: 10ms
  Thread calibration: mean lat.: 0.620ms, rate sampling interval: 10ms
  Thread calibration: mean lat.: 0.621ms, rate sampling interval: 10ms
  Thread calibration: mean lat.: 0.622ms, rate sampling interval: 10ms
  Thread calibration: mean lat.: 0.622ms, rate sampling interval: 10ms
  Thread calibration: mean lat.: 0.621ms, rate sampling interval: 10ms
  Thread calibration: mean lat.: 0.620ms, rate sampling interval: 10ms
  Thread calibration: mean lat.: 0.622ms, rate sampling interval: 10ms
  Thread calibration: mean lat.: 0.617ms, rate sampling interval: 10ms
  Thread calibration: mean lat.: 0.620ms, rate sampling interval: 10ms
  Thread calibration: mean lat.: 0.621ms, rate sampling interval: 10ms
  Thread calibration: mean lat.: 0.618ms, rate sampling interval: 10ms
  Thread calibration: mean lat.: 0.621ms, rate sampling interval: 10ms
  Thread Stats   Avg      Stdev     Max   +/- Stdev
    Latency   627.19us  291.44us   1.52ms   58.10%
    Req/Sec   440.26     39.67   555.00     78.23%
  Latency Distribution (HdrHistogram - Recorded Latency)
 50.000%  628.00us
 75.000%    0.88ms
 90.000%    1.03ms
 99.000%    1.13ms
 99.900%    1.17ms
 99.990%    1.20ms
 99.999%    1.22ms
100.000%    1.52ms

  Detailed Percentile spectrum:
       Value   Percentile   TotalCount 1/(1-Percentile)

       0.047     0.000000            1         1.00
       0.224     0.100000        99635         1.11
       0.326     0.200000       199942         1.25
       0.426     0.300000       298930         1.43
       0.527     0.400000       398472         1.67
       0.628     0.500000       498689         2.00
       0.677     0.550000       548032         2.22
       0.726     0.600000       597463         2.50
       0.776     0.650000       647015         2.86
       0.827     0.700000       697376         3.33
       0.879     0.750000       747400         4.00
       0.905     0.775000       772301         4.44
       0.930     0.800000       796866         5.00
       0.955     0.825000       821679         5.71
       0.980     0.850000       846629         6.67
       1.005     0.875000       871632         8.00
       1.017     0.887500       883502         8.89
       1.030     0.900000       896134        10.00
       1.043     0.912500       908724        11.43
       1.056     0.925000       921503        13.33
       1.068     0.937500       933629        16.00
       1.074     0.943750       939818        17.78
       1.080     0.950000       946019        20.00
       1.086     0.956250       951987        22.86
       1.092     0.962500       958139        26.67
       1.099     0.968750       965148        32.00
       1.102     0.971875       968092        35.56
       1.105     0.975000       970979        40.00
       1.108     0.978125       973701        45.71
       1.112     0.981250       976997        53.33
       1.117     0.984375       980196        64.00
       1.120     0.985938       981797        71.11
       1.123     0.987500       983244        80.00
       1.127     0.989062       984916        91.43
       1.131     0.990625       986303       106.67
       1.136     0.992188       987827       128.00
       1.139     0.992969       988576       142.22
       1.142     0.993750       989241       160.00
       1.146     0.994531       990047       182.86
       1.150     0.995313       990805       213.33
       1.154     0.996094       991544       256.00
       1.157     0.996484       992044       284.44
       1.159     0.996875       992378       320.00
       1.161     0.997266       992725       365.71
       1.164     0.997656       993192       426.67
       1.166     0.998047       993473       512.00
       1.168     0.998242       993758       568.89
       1.169     0.998437       993875       640.00
       1.171     0.998633       994092       731.43
       1.173     0.998828       994260       853.33
       1.176     0.999023       994498      1024.00
       1.177     0.999121       994570      1137.78
       1.178     0.999219       994634      1280.00
       1.180     0.999316       994745      1462.86
       1.182     0.999414       994850      1706.67
       1.184     0.999512       994957      2048.00
       1.185     0.999561       994992      2275.56
       1.186     0.999609       995020      2560.00
       1.187     0.999658       995059      2925.71
       1.189     0.999707       995115      3413.33
       1.191     0.999756       995167      4096.00
       1.192     0.999780       995190      4551.11
       1.193     0.999805       995212      5120.00
       1.195     0.999829       995249      5851.43
       1.196     0.999854       995268      6826.67
       1.197     0.999878       995290      8192.00
       1.197     0.999890       995290      9102.22
       1.198     0.999902       995303     10240.00
       1.199     0.999915       995317     11702.86
       1.201     0.999927       995326     13653.33
       1.203     0.999939       995338     16384.00
       1.204     0.999945       995350     18204.44
       1.204     0.999951       995350     20480.00
       1.206     0.999957       995356     23405.71
       1.208     0.999963       995363     27306.67
       1.210     0.999969       995373     32768.00
       1.210     0.999973       995373     36408.89
       1.212     0.999976       995375     40960.00
       1.213     0.999979       995377     46811.43
       1.215     0.999982       995381     54613.33
       1.216     0.999985       995383     65536.00
       1.218     0.999986       995385     72817.78
       1.219     0.999988       995386     81920.00
       1.221     0.999989       995388     93622.86
       1.226     0.999991       995389    109226.67
       1.238     0.999992       995391    131072.00
       1.239     0.999993       995392    145635.56
       1.239     0.999994       995392    163840.00
       1.259     0.999995       995393    187245.71
       1.264     0.999995       995394    218453.33
       1.278     0.999996       995395    262144.00
       1.278     0.999997       995395    291271.11
       1.278     0.999997       995395    327680.00
       1.347     0.999997       995396    374491.43
       1.347     0.999998       995396    436906.67
       1.381     0.999998       995397    524288.00
       1.381     0.999998       995397    582542.22
       1.381     0.999998       995397    655360.00
       1.381     0.999999       995397    748982.86
       1.381     0.999999       995397    873813.33
       1.518     0.999999       995398   1048576.00
       1.518     1.000000       995398          inf
#[Mean    =        0.627, StdDeviation   =        0.291]
#[Max     =        1.518, Total count    =       995398]
#[Buckets =           27, SubBuckets     =         2048]
----------------------------------------------------------
  1495789 requests in 29.84s, 116.97MB read
  Non-2xx or 3xx responses: 1495789
Requests/sec:  50124.53
Transfer/sec:      3.92MB
