Running 2m test @ http://127.0.0.1:8082
  120 threads and 120 connections
  Thread calibration: mean lat.: 0.616ms, rate sampling interval: 10ms
  Thread calibration: mean lat.: 0.618ms, rate sampling interval: 10ms
  Thread calibration: mean lat.: 0.620ms, rate sampling interval: 10ms
  Thread calibration: mean lat.: 0.619ms, rate sampling interval: 10ms
  Thread calibration: mean lat.: 0.617ms, rate sampling interval: 10ms
  Thread calibration: mean lat.: 0.617ms, rate sampling interval: 10ms
  Thread calibration: mean lat.: 0.617ms, rate sampling interval: 10ms
  Thread calibration: mean lat.: 0.617ms, rate sampling interval: 10ms
  Thread calibration: mean lat.: 0.619ms, rate sampling interval: 10ms
  Thread calibration: mean lat.: 0.621ms, rate sampling interval: 10ms
  Thread calibration: mean lat.: 0.618ms, rate sampling interval: 10ms
  Thread calibration: mean lat.: 0.621ms, rate sampling interval: 10ms
  Thread calibration: mean lat.: 0.616ms, rate sampling interval: 10ms
  Thread calibration: mean lat.: 0.622ms, rate sampling interval: 10ms
  Thread calibration: mean lat.: 0.617ms, rate sampling interval: 10ms
  Thread calibration: mean lat.: 0.620ms, rate sampling interval: 10ms
  Thread calibration: mean lat.: 0.620ms, rate sampling interval: 10ms
  Thread calibration: mean lat.: 0.616ms, rate sampling interval: 10ms
  Thread calibration: mean lat.: 0.617ms, rate sampling interval: 10ms
  Thread calibration: mean lat.: 0.622ms, rate sampling interval: 10ms
  Thread calibration: mean lat.: 0.618ms, rate sampling interval: 10ms
  Thread calibration: mean lat.: 0.617ms, rate sampling interval: 10ms
  Thread calibration: mean lat.: 0.622ms, rate sampling interval: 10ms
  Thread calibration: mean lat.: 0.618ms, rate sampling interval: 10ms
  Thread calibration: mean lat.: 0.620ms, rate sampling interval: 10ms
  Thread calibration: mean lat.: 0.620ms, rate sampling interval: 10ms
  Thread calibration: mean lat.: 0.618ms, rate sampling interval: 10ms
  Thread calibration: mean lat.: 0.617ms, rate sampling interval: 10ms
  Thread calibration: mean lat.: 0.614ms, rate sampling interval: 10ms
  Thread calibration: mean lat.: 0.617ms, rate sampling interval: 10ms
  Thread calibration: mean lat.: 0.618ms, rate sampling interval: 10ms
  Thread calibration: mean lat.: 0.619ms, rate sampling interval: 10ms
  Thread calibration: mean lat.: 0.620ms, rate sampling interval: 10ms
  Thread calibration: mean lat.: 0.616ms, rate sampling interval: 10ms
  Thread calibration: mean lat.: 0.613ms, rate sampling interval: 10ms
  Thread calibration: mean lat.: 0.623ms, rate sampling interval: 10ms
  Thread calibration: mean lat.: 0.617ms, rate sampling interval: 10ms
  Thread calibration: mean lat.: 0.615ms, rate sampling interval: 10ms
  Thread calibration: mean lat.: 0.620ms, rate sampling interval: 10ms
  Thread calibration: mean lat.: 0.618ms, rate sampling interval: 10ms
  Thread calibration: mean lat.: 0.618ms, rate sampling interval: 10ms
  Thread calibration: mean lat.: 0.619ms, rate sampling interval: 10ms
  Thread calibration: mean lat.: 0.621ms, rate sampling interval: 10ms
  Thread calibration: mean lat.: 0.611ms, rate sampling interval: 10ms
  Thread calibration: mean lat.: 0.619ms, rate sampling interval: 10ms
  Thread calibration: mean lat.: 0.617ms, rate sampling interval: 10ms
  Thread calibration: mean lat.: 0.613ms, rate sampling interval: 10ms
  Thread calibration: mean lat.: 0.618ms, rate sampling interval: 10ms
  Thread calibration: mean lat.: 0.619ms, rate sampling interval: 10ms
  Thread calibration: mean lat.: 0.621ms, rate sampling interval: 10ms
  Thread calibration: mean lat.: 0.615ms, rate sampling interval: 10ms
  Thread calibration: mean lat.: 0.645ms, rate sampling interval: 10ms
  Thread calibration: mean lat.: 0.648ms, rate sampling interval: 10ms
  Thread calibration: mean lat.: 0.641ms, rate sampling interval: 10ms
  Thread calibration: mean lat.: 0.639ms, rate sampling interval: 10ms
  Thread calibration: mean lat.: 0.643ms, rate sampling interval: 10ms
  Thread calibration: mean lat.: 0.638ms, rate sampling interval: 10ms
  Thread calibration: mean lat.: 0.641ms, rate sampling interval: 10ms
  Thread calibration: mean lat.: 0.640ms, rate sampling interval: 10ms
  Thread calibration: mean lat.: 0.636ms, rate sampling interval: 10ms
  Thread calibration: mean lat.: 0.638ms, rate sampling interval: 10ms
  Thread calibration: mean lat.: 0.638ms, rate sampling interval: 10ms
  Thread calibration: mean lat.: 0.617ms, rate sampling interval: 10ms
  Thread calibration: mean lat.: 0.620ms, rate sampling interval: 10ms
  Thread calibration: mean lat.: 0.618ms, rate sampling interval: 10ms
  Thread calibration: mean lat.: 0.616ms, rate sampling interval: 10ms
  Thread calibration: mean lat.: 0.621ms, rate sampling interval: 10ms
  Thread calibration: mean lat.: 0.618ms, rate sampling interval: 10ms
  Thread calibration: mean lat.: 0.618ms, rate sampling interval: 10ms
  Thread calibration: mean lat.: 0.620ms, rate sampling interval: 10ms
  Thread calibration: mean lat.: 0.617ms, rate sampling interval: 10ms
  Thread calibration: mean lat.: 0.617ms, rate sampling interval: 10ms
  Thread calibration: mean lat.: 0.617ms, rate sampling interval: 10ms
  Thread calibration: mean lat.: 0.617ms, rate sampling interval: 10ms
  Thread calibration: mean lat.: 0.616ms, rate sampling interval: 10ms
  Thread calibration: mean lat.: 0.617ms, rate sampling interval: 10ms
  Thread calibration: mean lat.: 0.616ms, rate sampling interval: 10ms
  Thread calibration: mean lat.: 0.615ms, rate sampling interval: 10ms
  Thread calibration: mean lat.: 0.618ms, rate sampling interval: 10ms
  Thread calibration: mean lat.: 0.618ms, rate sampling interval: 10ms
  Thread calibration: mean lat.: 0.618ms, rate sampling interval: 10ms
  Thread calibration: mean lat.: 0.621ms, rate sampling interval: 10ms
  Thread calibration: mean lat.: 0.617ms, rate sampling interval: 10ms
  Thread calibration: mean lat.: 0.619ms, rate sampling interval: 10ms
  Thread calibration: mean lat.: 0.618ms, rate sampling interval: 10ms
  Thread calibration: mean lat.: 0.624ms, rate sampling interval: 10ms
  Thread calibration: mean lat.: 0.617ms, rate sampling interval: 10ms
  Thread calibration: mean lat.: 0.618ms, rate sampling interval: 10ms
  Thread calibration: mean lat.: 0.622ms, rate sampling interval: 10ms
  Thread calibration: mean lat.: 0.617ms, rate sampling interval: 10ms
  Thread calibration: mean lat.: 0.618ms, rate sampling interval: 10ms
  Thread calibration: mean lat.: 0.616ms, rate sampling interval: 10ms
  Thread calibration: mean lat.: 0.617ms, rate sampling interval: 10ms
  Thread calibration: mean lat.: 0.621ms, rate sampling interval: 10ms
  Thread calibration: mean lat.: 0.618ms, rate sampling interval: 10ms
  Thread calibration: mean lat.: 0.619ms, rate sampling interval: 10ms
  Thread calibration: mean lat.: 0.617ms, rate sampling interval: 10ms
  Thread calibration: mean lat.: 0.614ms, rate sampling interval: 10ms
  Thread calibration: mean lat.: 0.614ms, rate sampling interval: 10ms
  Thread calibration: mean lat.: 0.620ms, rate sampling interval: 10ms
  Thread calibration: mean lat.: 0.620ms, rate sampling interval: 10ms
  Thread calibration: mean lat.: 0.616ms, rate sampling interval: 10ms
  Thread calibration: mean lat.: 0.614ms, rate sampling interval: 10ms
  Thread calibration: mean lat.: 0.614ms, rate sampling interval: 10ms
  Thread calibration: mean lat.: 0.619ms, rate sampling interval: 10ms
  Thread calibration: mean lat.: 0.620ms, rate sampling interval: 10ms
  Thread calibration: mean lat.: 0.617ms, rate sampling interval: 10ms
  Thread calibration: mean lat.: 0.617ms, rate sampling interval: 10ms
  Thread calibration: mean lat.: 0.617ms, rate sampling interval: 10ms
  Thread calibration: mean lat.: 0.617ms, rate sampling interval: 10ms
  Thread calibration: mean lat.: 0.619ms, rate sampling interval: 10ms
  Thread calibration: mean lat.: 0.624ms, rate sampling interval: 10ms
  Thread calibration: mean lat.: 0.618ms, rate sampling interval: 10ms
  Thread calibration: mean lat.: 0.623ms, rate sampling interval: 10ms
  Thread calibration: mean lat.: 0.619ms, rate sampling interval: 10ms
  Thread calibration: mean lat.: 0.632ms, rate sampling interval: 10ms
  Thread calibration: mean lat.: 0.628ms, rate sampling interval: 10ms
  Thread calibration: mean lat.: 0.630ms, rate sampling interval: 10ms
  Thread calibration: mean lat.: 0.625ms, rate sampling interval: 10ms
  Thread calibration: mean lat.: 0.628ms, rate sampling interval: 10ms
  Thread Stats   Avg      Stdev     Max   +/- Stdev
    Latency   627.03us  291.59us   2.97ms   58.08%
    Req/Sec   440.18     39.58   555.00     78.26%
  Latency Distribution (HdrHistogram - Recorded Latency)
 50.000%  627.00us
 75.000%    0.88ms
 90.000%    1.03ms
 99.000%    1.13ms
 99.900%    1.18ms
 99.990%    1.20ms
 99.999%    1.35ms
100.000%    2.97ms

  Detailed Percentile spectrum:
       Value   Percentile   TotalCount 1/(1-Percentile)

       0.043     0.000000            1         1.00
       0.224     0.100000       401269         1.11
       0.325     0.200000       800150         1.25
       0.426     0.300000      1200903         1.43
       0.527     0.400000      1601039         1.67
       0.627     0.500000      1999503         2.00
       0.677     0.550000      2202391         2.22
       0.726     0.600000      2399331         2.50
       0.776     0.650000      2598471         2.86
       0.827     0.700000      2800199         3.33
       0.879     0.750000      3000758         4.00
       0.905     0.775000      3101521         4.44
       0.930     0.800000      3200608         5.00
       0.955     0.825000      3300163         5.71
       0.980     0.850000      3400753         6.67
       1.005     0.875000      3499713         8.00
       1.017     0.887500      3547595         8.89
       1.030     0.900000      3598920        10.00
       1.043     0.912500      3649952        11.43
       1.055     0.925000      3697715        13.33
       1.068     0.937500      3749765        16.00
       1.074     0.943750      3774051        17.78
       1.080     0.950000      3798177        20.00
       1.087     0.956250      3826231        22.86
       1.093     0.962500      3850578        26.67
       1.099     0.968750      3874704        32.00
       1.102     0.971875      3886555        35.56
       1.105     0.975000      3897950        40.00
       1.109     0.978125      3912073        45.71
       1.113     0.981250      3924425        53.33
       1.118     0.984375      3936906        64.00
       1.120     0.985938      3941080        71.11
       1.124     0.987500      3948600        80.00
       1.127     0.989062      3953593        91.43
       1.132     0.990625      3960646       106.67
       1.137     0.992188      3966668       128.00
       1.140     0.992969      3969773       142.22
       1.143     0.993750      3972522       160.00
       1.147     0.994531      3975986       182.86
       1.151     0.995313      3979103       213.33
       1.155     0.996094      3981936       256.00
       1.157     0.996484      3983296       284.44
       1.160     0.996875      3985244       320.00
       1.162     0.997266      3986523       365.71
       1.165     0.997656      3988340       426.67
       1.168     0.998047      3989839       512.00
       1.169     0.998242      3990343       568.89
       1.171     0.998437      3991174       640.00
       1.173     0.998633      3991987       731.43
       1.175     0.998828      3992673       853.33
       1.177     0.999023      3993270      1024.00
       1.179     0.999121      3993842      1137.78
       1.180     0.999219      3994102      1280.00
       1.182     0.999316      3994545      1462.86
       1.184     0.999414      3994990      1706.67
       1.186     0.999512      3995350      2048.00
       1.187     0.999561      3995517      2275.56
       1.188     0.999609      3995647      2560.00
       1.190     0.999658      3995915      2925.71
       1.191     0.999707      3996012      3413.33
       1.193     0.999756      3996210      4096.00
       1.194     0.999780      3996306      4551.11
       1.195     0.999805      3996392      5120.00
       1.197     0.999829      3996525      5851.43
       1.198     0.999854      3996582      6826.67
       1.200     0.999878      3996705      8192.00
       1.201     0.999890      3996742      9102.22
       1.202     0.999902      3996774     10240.00
       1.204     0.999915      3996827     11702.86
       1.207     0.999927      3996884     13653.33
       1.209     0.999939      3996918     16384.00
       1.212     0.999945      3996951     18204.44
       1.214     0.999951      3996975     20480.00
       1.216     0.999957      3996999     23405.71
       1.219     0.999963      3997019     27306.67
       1.224     0.999969      3997045     32768.00
       1.226     0.999973      3997052     36408.89
       1.231     0.999976      3997064     40960.00
       1.241     0.999979      3997077     46811.43
       1.259     0.999982      3997088     54613.33
       1.287     0.999985      3997101     65536.00
       1.304     0.999986      3997107     72817.78
       1.331     0.999988      3997113     81920.00
       1.351     0.999989      3997119     93622.86
       1.369     0.999991      3997125    109226.67
       1.388     0.999992      3997131    131072.00
       1.411     0.999993      3997134    145635.56
       1.429     0.999994      3997137    163840.00
       1.453     0.999995      3997140    187245.71
       1.480     0.999995      3997143    218453.33
       1.484     0.999996      3997146    262144.00
       1.521     0.999997      3997148    291271.11
       1.526     0.999997      3997149    327680.00
       1.607     0.999997      3997151    374491.43
       1.719     0.999998      3997152    436906.67
       1.823     0.999998      3997154    524288.00
       2.011     0.999998      3997155    582542.22
       2.011     0.999998      3997155    655360.00
       2.018     0.999999      3997156    748982.86
       2.215     0.999999      3997157    873813.33
       2.541     0.999999      3997158   1048576.00
       2.541     0.999999      3997158   1165084.44
       2.541     0.999999      3997158   1310720.00
       2.707     0.999999      3997159   1497965.71
       2.707     0.999999      3997159   1747626.67
       2.805     1.000000      3997160   2097152.00
       2.805     1.000000      3997160   2330168.89
       2.805     1.000000      3997160   2621440.00
       2.805     1.000000      3997160   2995931.43
       2.805     1.000000      3997160   3495253.33
       2.973     1.000000      3997161   4194304.00
       2.973     1.000000      3997161          inf
#[Mean    =        0.627, StdDeviation   =        0.292]
#[Max     =        2.972, Total count    =      3997161]
#[Buckets =           27, SubBuckets     =         2048]
----------------------------------------------------------
  4497555 requests in 1.50m, 351.71MB read
  Non-2xx or 3xx responses: 4497555
Requests/sec:  50022.69
Transfer/sec:      3.91MB
