Running 30s test @ http://127.0.0.1:8082
  120 threads and 120 connections
  Thread calibration: mean lat.: 0.615ms, rate sampling interval: 10ms
  Thread calibration: mean lat.: 0.617ms, rate sampling interval: 10ms
  Thread calibration: mean lat.: 0.613ms, rate sampling interval: 10ms
  Thread calibration: mean lat.: 0.614ms, rate sampling interval: 10ms
  Thread calibration: mean lat.: 0.615ms, rate sampling interval: 10ms
  Thread calibration: mean lat.: 0.616ms, rate sampling interval: 10ms
  Thread calibration: mean lat.: 0.613ms, rate sampling interval: 10ms
  Thread calibration: mean lat.: 0.615ms, rate sampling interval: 10ms
  Thread calibration: mean lat.: 0.615ms, rate sampling interval: 10ms
  Thread calibration: mean lat.: 0.615ms, rate sampling interval: 10ms
  Thread calibration: mean lat.: 0.615ms, rate sampling interval: 10ms
  Thread calibration: mean lat.: 0.616ms, rate sampling interval: 10ms
  Thread calibration: mean lat.: 0.613ms, rate sampling interval: 10ms
  Thread calibration: mean lat.: 0.618ms, rate sampling interval: 10ms
  Thread calibration: mean lat.: 0.614ms, rate sampling interval: 10ms
  Thread calibration: mean lat.: 0.612ms, rate sampling interval: 10ms
  Thread calibration: mean lat.: 0.615ms, rate sampling interval: 10ms
  Thread calibration: mean lat.: 0.616ms, rate sampling interval: 10ms
  Thread calibration: mean lat.: 0.616ms, rate sampling interval: 10ms
  Thread calibration: mean lat.: 0.620ms, rate sampling interval: 10ms
  Thread calibration: mean lat.: 0.616ms, rate sampling interval: 10ms
  Thread calibration: mean lat.: 0.620ms, rate sampling interval: 10ms
  Thread calibration: mean lat.: 0.614ms, rate sampling interval: 10ms
  Thread calibration: mean lat.: 0.614ms, rate sampling interval: 10ms
  Thread calibration: mean lat.: 0.614ms, rate sampling interval: 10ms
  Thread calibration: mean lat.: 0.613ms, rate sampling interval: 10ms
  Thread calibration: mean lat.: 0.617ms, rate sampling interval: 10ms
  Thread calibration: mean lat.: 0.617ms, rate sampling interval: 10ms
  Thread calibration: mean lat.: 0.617ms, rate sampling interval: 10ms
  Thread calibration: mean lat.: 0.616ms, rate sampling interval: 10ms
  Thread calibration: mean lat.: 0.615ms, rate sampling interval: 10ms
  Thread calibration: mean lat.: 0.615ms, rate sampling interval: 10ms
  Thread calibration: mean lat.: 0.614ms, rate sampling interval: 10ms
  Thread calibration: mean lat.: 0.616ms, rate sampling interval: 10ms
  Thread calibration: mean lat.: 0.618ms, rate sampling interval: 10ms
  Thread calibration: mean lat.: 0.616ms, rate sampling interval: 10ms
  Thread calibration: mean lat.: 0.614ms, rate sampling interval: 10ms
  Thread calibration: mean lat.: 0.613ms, rate sampling interval: 10ms
  Thread calibration: mean lat.: 0.618ms, rate sampling interval: 10ms
  Thread calibration: mean lat.: 0.616ms, rate sampling interval: 10ms
  Thread calibration: mean lat.: 0.616ms, rate sampling interval: 10ms
  Thread calibration: mean lat.: 0.618ms, rate sampling interval: 10ms
  Thread calibration: mean lat.: 0.614ms, rate sampling interval: 10ms
  Thread calibration: mean lat.: 0.613ms, rate sampling interval: 10ms
  Thread calibration: mean lat.: 0.615ms, rate sampling interval: 10ms
  Thread calibration: mean lat.: 0.618ms, rate sampling interval: 10ms
  Thread calibration: mean lat.: 0.616ms, rate sampling interval: 10ms
  Thread calibration: mean lat.: 0.614ms, rate sampling interval: 10ms
  Thread calibration: mean lat.: 0.612ms, rate sampling interval: 10ms
  Thread calibration: mean lat.: 0.619ms, rate sampling interval: 10ms
  Thread calibration: mean lat.: 0.616ms, rate sampling interval: 10ms
  Thread calibration: mean lat.: 0.613ms, rate sampling interval: 10ms
  Thread calibration: mean lat.: 0.613ms, rate sampling interval: 10ms
  Thread calibration: mean lat.: 0.618ms, rate sampling interval: 10ms
  Thread calibration: mean lat.: 0.617ms, rate sampling interval: 10ms
  Thread calibration: mean lat.: 0.616ms, rate sampling interval: 10ms
  Thread calibration: mean lat.: 0.619ms, rate sampling interval: 10ms
  Thread calibration: mean lat.: 0.615ms, rate sampling interval: 10ms
  Thread calibration: mean lat.: 0.615ms, rate sampling interval: 10ms
  Thread calibration: mean lat.: 0.616ms, rate sampling interval: 10ms
  Thread calibration: mean lat.: 0.616ms, rate sampling interval: 10ms
  Thread calibration: mean lat.: 0.654ms, rate sampling interval: 10ms
  Thread calibration: mean lat.: 0.647ms, rate sampling interval: 10ms
  Thread calibration: mean lat.: 0.613ms, rate sampling interval: 10ms
  Thread calibration: mean lat.: 0.617ms, rate sampling interval: 10ms
  Thread calibration: mean lat.: 0.625ms, rate sampling interval: 10ms
  Thread calibration: mean lat.: 0.617ms, rate sampling interval: 10ms
  Thread calibration: mean lat.: 0.615ms, rate sampling interval: 10ms
  Thread calibration: mean lat.: 0.617ms, rate sampling interval: 10ms
  Thread calibration: mean lat.: 0.618ms, rate sampling interval: 10ms
  Thread calibration: mean lat.: 0.616ms, rate sampling interval: 10ms
  Thread calibration: mean lat.: 0.614ms, rate sampling interval: 10ms
  Thread calibration: mean lat.: 0.614ms, rate sampling interval: 10ms
  Thread calibration: mean lat.: 0.618ms, rate sampling interval: 10ms
  Thread calibration: mean lat.: 0.621ms, rate sampling interval: 10ms
  Thread calibration: mean lat.: 0.613ms, rate sampling interval: 10ms
  Thread calibration: mean lat.: 0.613ms, rate sampling interval: 10ms
  Thread calibration: mean lat.: 0.613ms, rate sampling interval: 10ms
  Thread calibration: mean lat.: 0.617ms, rate sampling interval: 10ms
  Thread calibration: mean lat.: 0.622ms, rate sampling interval: 10ms
  Thread calibration: mean lat.: 0.617ms, rate sampling interval: 10ms
  Thread calibration: mean lat.: 0.617ms, rate sampling interval: 10ms
  Thread calibration: mean lat.: 0.617ms, rate sampling interval: 10ms
  Thread calibration: mean lat.: 0.619ms, rate sampling interval: 10ms
  Thread calibration: mean lat.: 0.615ms, rate sampling interval: 10ms
  Thread calibration: mean lat.: 0.617ms, rate sampling interval: 10ms
  Thread calibration: mean lat.: 0.615ms, rate sampling interval: 10ms
  Thread calibration: mean lat.: 0.616ms, rate sampling interval: 10ms
  Thread calibration: mean lat.: 0.615ms, rate sampling interval: 10ms
  Thread calibration: mean lat.: 0.618ms, rate sampling interval: 10ms
  Thread calibration: mean lat.: 0.614ms, rate sampling interval: 10ms
  Thread calibration: mean lat.: 0.613ms, rate sampling interval: 10ms
  Thread calibration: mean lat.: 0.614ms, rate sampling interval: 10ms
  Thread calibration: mean lat.: 0.615ms, rate sampling interval: 10ms
  Thread calibration: mean lat.: 0.615ms, rate sampling interval: 10ms
  Thread calibration: mean lat.: 0.620ms, rate sampling interval: 10ms
  Thread calibration: mean lat.: 0.611ms, rate sampling interval: 10ms
  Thread calibration: mean lat.: 0.616ms, rate sampling interval: 10ms
  Thread calibration: mean lat.: 0.618ms, rate sampling interval: 10ms
  Thread calibration: mean lat.: 0.614ms, rate sampling interval: 10ms
  Thread calibration: mean lat.: 0.618ms, rate sampling interval: 10ms
  Thread calibration: mean lat.: 0.614ms, rate sampling interval: 10ms
  Thread calibration: mean lat.: 0.620ms, rate sampling interval: 10ms
  Thread calibration: mean lat.: 0.617ms, rate sampling interval: 10ms
  Thread calibration: mean lat.: 0.614ms, rate sampling interval: 10ms
  Thread calibration: mean lat.: 0.617ms, rate sampling interval: 10ms
  Thread calibration: mean lat.: 0.620ms, rate sampling interval: 10ms
  Thread calibration: mean lat.: 0.619ms, rate sampling interval: 10ms
  Thread calibration: mean lat.: 0.621ms, rate sampling interval: 10ms
  Thread calibration: mean lat.: 0.617ms, rate sampling interval: 10ms
  Thread calibration: mean lat.: 0.614ms, rate sampling interval: 10ms
  Thread calibration: mean lat.: 0.619ms, rate sampling interval: 10ms
  Thread calibration: mean lat.: 0.615ms, rate sampling interval: 10ms
  Thread calibration: mean lat.: 0.619ms, rate sampling interval: 10ms
  Thread calibration: mean lat.: 0.619ms, rate sampling interval: 10ms
  Thread calibration: mean lat.: 0.616ms, rate sampling interval: 10ms
  Thread calibration: mean lat.: 0.622ms, rate sampling interval: 10ms
  Thread calibration: mean lat.: 0.620ms, rate sampling interval: 10ms
  Thread calibration: mean lat.: 0.622ms, rate sampling interval: 10ms
  Thread calibration: mean lat.: 0.618ms, rate sampling interval: 10ms
  Thread Stats   Avg      Stdev     Max   +/- Stdev
    Latency   622.87us  291.34us   1.80ms   58.17%
    Req/Sec   439.47     39.24   555.00     78.54%
  Latency Distribution (HdrHistogram - Recorded Latency)
 50.000%  622.00us
 75.000%    0.87ms
 90.000%    1.03ms
 99.000%    1.13ms
 99.900%    1.17ms
 99.990%    1.20ms
 99.999%    1.41ms
100.000%    1.80ms

  Detailed Percentile spectrum:
       Value   Percentile   TotalCount 1/(1-Percentile)

       0.045     0.000000            1         1.00
       0.220     0.100000        99583         1.11
       0.321     0.200000       199329         1.25
       0.423     0.300000       299642         1.43
       0.523     0.400000       398947         1.67
       0.622     0.500000       498628         2.00
       0.671     0.550000       547726         2.22
       0.722     0.600000       598286         2.50
       0.772     0.650000       647407         2.86
       0.824     0.700000       697803         3.33
       0.874     0.750000       746726         4.00
       0.900     0.775000       772486         4.44
       0.925     0.800000       797396         5.00
       0.950     0.825000       822023         5.71
       0.975     0.850000       846774         6.67
       1.000     0.875000       871199         8.00
       1.013     0.887500       883954         8.89
       1.026     0.900000       896658        10.00
       1.039     0.912500       909331        11.43
       1.051     0.925000       921398        13.33
       1.064     0.937500       934255        16.00
       1.070     0.943750       940181        17.78
       1.076     0.950000       946087        20.00
       1.083     0.956250       952904        22.86
       1.089     0.962500       958745        26.67
       1.095     0.968750       964542        32.00
       1.099     0.971875       968446        35.56
       1.102     0.975000       971188        40.00
       1.106     0.978125       974608        45.71
       1.110     0.981250       977557        53.33
       1.115     0.984375       980502        64.00
       1.118     0.985938       982012        71.11
       1.121     0.987500       983379        80.00
       1.125     0.989062       984959        91.43
       1.129     0.990625       986303       106.67
       1.135     0.992188       988046       128.00
       1.138     0.992969       988775       142.22
       1.141     0.993750       989456       160.00
       1.145     0.994531       990284       182.86
       1.149     0.995313       991102       213.33
       1.153     0.996094       991851       256.00
       1.155     0.996484       992228       284.44
       1.157     0.996875       992610       320.00
       1.159     0.997266       992957       365.71
       1.161     0.997656       993263       426.67
       1.164     0.998047       993701       512.00
       1.166     0.998242       993952       568.89
       1.167     0.998437       994081       640.00
       1.169     0.998633       994279       731.43
       1.171     0.998828       994457       853.33
       1.173     0.999023       994632      1024.00
       1.174     0.999121       994703      1137.78
       1.176     0.999219       994837      1280.00
       1.178     0.999316       994952      1462.86
       1.179     0.999414       994996      1706.67
       1.182     0.999512       995114      2048.00
       1.183     0.999561       995156      2275.56
       1.184     0.999609       995190      2560.00
       1.186     0.999658       995258      2925.71
       1.187     0.999707       995290      3413.33
       1.189     0.999756       995335      4096.00
       1.190     0.999780       995361      4551.11
       1.191     0.999805       995385      5120.00
       1.192     0.999829       995407      5851.43
       1.194     0.999854       995444      6826.67
       1.195     0.999878       995455      8192.00
       1.197     0.999890       995475      9102.22
       1.198     0.999902       995482     10240.00
       1.200     0.999915       995493     11702.86
       1.203     0.999927       995505     13653.33
       1.205     0.999939       995515     16384.00
       1.208     0.999945       995521     18204.44
       1.210     0.999951       995527     20480.00
       1.218     0.999957       995533     23405.71
       1.235     0.999963       995539     27306.67
       1.257     0.999969       995545     32768.00
       1.264     0.999973       995548     36408.89
       1.269     0.999976       995551     40960.00
       1.325     0.999979       995554     46811.43
       1.358     0.999982       995557     54613.33
       1.373     0.999985       995560     65536.00
       1.392     0.999986       995562     72817.78
       1.404     0.999988       995563     81920.00
       1.408     0.999989       995565     93622.86
       1.457     0.999991       995566    109226.67
       1.497     0.999992       995568    131072.00
       1.498     0.999993       995569    145635.56
       1.498     0.999994       995569    163840.00
       1.599     0.999995       995570    187245.71
       1.604     0.999995       995571    218453.33
       1.645     0.999996       995572    262144.00
       1.645     0.999997       995572    291271.11
       1.645     0.999997       995572    327680.00
       1.649     0.999997       995573    374491.43
       1.649     0.999998       995573    436906.67
       1.702     0.999998       995574    524288.00
       1.702     0.999998       995574    582542.22
       1.702     0.999998       995574    655360.00
       1.702     0.999999       995574    748982.86
       1.702     0.999999       995574    873813.33
       1.799     0.999999       995575   1048576.00
       1.799     1.000000       995575          inf
#[Mean    =        0.623, StdDeviation   =        0.291]
#[Max     =        1.799, Total count    =       995575]
#[Buckets =           27, SubBuckets     =         2048]
----------------------------------------------------------
  1495965 requests in 29.85s, 116.99MB read
  Non-2xx or 3xx responses: 1495965
Requests/sec:  50117.90
Transfer/sec:      3.92MB
