Running 2m test @ http://127.0.0.1:8082
  120 threads and 120 connections
  Thread calibration: mean lat.: 0.638ms, rate sampling interval: 10ms
  Thread calibration: mean lat.: 0.640ms, rate sampling interval: 10ms
  Thread calibration: mean lat.: 0.646ms, rate sampling interval: 10ms
  Thread calibration: mean lat.: 0.647ms, rate sampling interval: 10ms
  Thread calibration: mean lat.: 0.638ms, rate sampling interval: 10ms
  Thread calibration: mean lat.: 0.644ms, rate sampling interval: 10ms
  Thread calibration: mean lat.: 0.638ms, rate sampling interval: 10ms
  Thread calibration: mean lat.: 0.637ms, rate sampling interval: 10ms
  Thread calibration: mean lat.: 0.641ms, rate sampling interval: 10ms
  Thread calibration: mean lat.: 0.644ms, rate sampling interval: 10ms
  Thread calibration: mean lat.: 0.639ms, rate sampling interval: 10ms
  Thread calibration: mean lat.: 0.636ms, rate sampling interval: 10ms
  Thread calibration: mean lat.: 0.636ms, rate sampling interval: 10ms
  Thread calibration: mean lat.: 0.642ms, rate sampling interval: 10ms
  Thread calibration: mean lat.: 0.637ms, rate sampling interval: 10ms
  Thread calibration: mean lat.: 0.642ms, rate sampling interval: 10ms
  Thread calibration: mean lat.: 0.645ms, rate sampling interval: 10ms
  Thread calibration: mean lat.: 0.644ms, rate sampling interval: 10ms
  Thread calibration: mean lat.: 0.640ms, rate sampling interval: 10ms
  Thread calibration: mean lat.: 0.643ms, rate sampling interval: 10ms
  Thread calibration: mean lat.: 0.642ms, rate sampling interval: 10ms
  Thread calibration: mean lat.: 0.638ms, rate sampling interval: 10ms
  Thread calibration: mean lat.: 0.646ms, rate sampling interval: 10ms
  Thread calibration: mean lat.: 0.637ms, rate sampling interval: 10ms
  Thread calibration: mean lat.: 0.640ms, rate sampling interval: 10ms
  Thread calibration: mean lat.: 0.640ms, rate sampling interval: 10ms
  Thread calibration: mean lat.: 0.644ms, rate sampling interval: 10ms
  Thread calibration: mean lat.: 0.641ms, rate sampling interval: 10ms
  Thread calibration: mean lat.: 0.641ms, rate sampling interval: 10ms
  Thread calibration: mean lat.: 0.639ms, rate sampling interval: 10ms
  Thread calibration: mean lat.: 0.646ms, rate sampling interval: 10ms
  Thread calibration: mean lat.: 0.641ms, rate sampling interval: 10ms
  Thread calibration: mean lat.: 0.644ms, rate sampling interval: 10ms
  Thread calibration: mean lat.: 0.637ms, rate sampling interval: 10ms
  Thread calibration: mean lat.: 0.643ms, rate sampling interval: 10ms
  Thread calibration: mean lat.: 0.635ms, rate sampling interval: 10ms
  Thread calibration: mean lat.: 0.646ms, rate sampling interval: 10ms
  Thread calibration: mean lat.: 0.636ms, rate sampling interval: 10ms
  Thread calibration: mean lat.: 0.643ms, rate sampling interval: 10ms
  Thread calibration: mean lat.: 0.638ms, rate sampling interval: 10ms
  Thread calibration: mean lat.: 0.641ms, rate sampling interval: 10ms
  Thread calibration: mean lat.: 0.643ms, rate sampling interval: 10ms
  Thread calibration: mean lat.: 0.638ms, rate sampling interval: 10ms
  Thread calibration: mean lat.: 0.644ms, rate sampling interval: 10ms
  Thread calibration: mean lat.: 0.640ms, rate sampling interval: 10ms
  Thread calibration: mean lat.: 0.638ms, rate sampling interval: 10ms
  Thread calibration: mean lat.: 0.646ms, rate sampling interval: 10ms
  Thread calibration: mean lat.: 0.638ms, rate sampling interval: 10ms
  Thread calibration: mean lat.: 0.648ms, rate sampling interval: 10ms
  Thread calibration: mean lat.: 0.638ms, rate sampling interval: 10ms
  Thread calibration: mean lat.: 0.640ms, rate sampling interval: 10ms
  Thread calibration: mean lat.: 0.638ms, rate sampling interval: 10ms
  Thread calibration: mean lat.: 0.644ms, rate sampling interval: 10ms
  Thread calibration: mean lat.: 0.641ms, rate sampling interval: 10ms
  Thread calibration: mean lat.: 0.636ms, rate sampling interval: 10ms
  Thread calibration: mean lat.: 0.638ms, rate sampling interval: 10ms
  Thread calibration: mean lat.: 0.631ms, rate sampling interval: 10ms
  Thread calibration: mean lat.: 0.628ms, rate sampling interval: 10ms
  Thread calibration: mean lat.: 0.627ms, rate sampling interval: 10ms
  Thread calibration: mean lat.: 0.628ms, rate sampling interval: 10ms
  Thread calibration: mean lat.: 0.624ms, rate sampling interval: 10ms
  Thread calibration: mean lat.: 0.622ms, rate sampling interval: 10ms
  Thread calibration: mean lat.: 0.619ms, rate sampling interval: 10ms
  Thread calibration: mean lat.: 0.616ms, rate sampling interval: 10ms
  Thread calibration: mean lat.: 0.620ms, rate sampling interval: 10ms
  Thread calibration: mean lat.: 0.621ms, rate sampling interval: 10ms
  Thread calibration: mean lat.: 0.616ms, rate sampling interval: 10ms
  Thread calibration: mean lat.: 0.613ms, rate sampling interval: 10ms
  Thread calibration: mean lat.: 0.615ms, rate sampling interval: 10ms
  Thread calibration: mean lat.: 0.612ms, rate sampling interval: 10ms
  Thread calibration: mean lat.: 0.614ms, rate sampling interval: 10ms
  Thread calibration: mean lat.: 0.619ms, rate sampling interval: 10ms
  Thread calibration: mean lat.: 0.611ms, rate sampling interval: 10ms
  Thread calibration: mean lat.: 0.621ms, rate sampling interval: 10ms
  Thread calibration: mean lat.: 0.616ms, rate sampling interval: 10ms
  Thread calibration: mean lat.: 0.619ms, rate sampling interval: 10ms
  Thread calibration: mean lat.: 0.613ms, rate sampling interval: 10ms
  Thread calibration: mean lat.: 0.613ms, rate sampling interval: 10ms
  Thread calibration: mean lat.: 0.614ms, rate sampling interval: 10ms
  Thread calibration: mean lat.: 0.617ms, rate sampling interval: 10ms
  Thread calibration: mean lat.: 0.618ms, rate sampling interval: 10ms
  Thread calibration: mean lat.: 0.618ms, rate sampling interval: 10ms
  Thread calibration: mean lat.: 0.611ms, rate sampling interval: 10ms
  Thread calibration: mean lat.: 0.618ms, rate sampling interval: 10ms
  Thread calibration: mean lat.: 0.613ms, rate sampling interval: 10ms
  Thread calibration: mean lat.: 0.613ms, rate sampling interval: 10ms
  Thread calibration: mean lat.: 0.619ms, rate sampling interval: 10ms
  Thread calibration: mean lat.: 0.613ms, rate sampling interval: 10ms
  Thread calibration: mean lat.: 0.619ms, rate sampling interval: 10ms
  Thread calibration: mean lat.: 0.614ms, rate sampling interval: 10ms
  Thread calibration: mean lat.: 0.615ms, rate sampling interval: 10ms
  Thread calibration: mean lat.: 0.620ms, rate sampling interval: 10ms
  Thread calibration: mean lat.: 0.618ms, rate sampling interval: 10ms
  Thread calibration: mean lat.: 0.613ms, rate sampling interval: 10ms
  Thread calibration: mean lat.: 0.620ms, rate sampling interval: 10ms
  Thread calibration: mean lat.: 0.616ms, rate sampling interval: 10ms
  Thread calibration: mean lat.: 0.614ms, rate sampling interval: 10ms
  Thread calibration: mean lat.: 0.615ms, rate sampling interval: 10ms
  Thread calibration: mean lat.: 0.616ms, rate sampling interval: 10ms
  Thread calibration: mean lat.: 0.612ms, rate sampling interval: 10ms
  Thread calibration: mean lat.: 0.613ms, rate sampling interval: 10ms
  Thread calibration: mean lat.: 0.619ms, rate sampling interval: 10ms
  Thread calibration: mean lat.: 0.615ms, rate sampling interval: 10ms
  Thread calibration: mean lat.: 0.621ms, rate sampling interval: 10ms
  Thread calibration: mean lat.: 0.624ms, rate sampling interval: 10ms
  Thread calibration: mean lat.: 0.612ms, rate sampling interval: 10ms
  Thread calibration: mean lat.: 0.616ms, rate sampling interval: 10ms
  Thread calibration: mean lat.: 0.615ms, rate sampling interval: 10ms
  Thread calibration: mean lat.: 0.612ms, rate sampling interval: 10ms
  Thread calibration: mean lat.: 0.616ms, rate sampling interval: 10ms
  Thread calibration: mean lat.: 0.614ms, rate sampling interval: 10ms
  Thread calibration: mean lat.: 0.614ms, rate sampling interval: 10ms
  Thread calibration: mean lat.: 0.614ms, rate sampling interval: 10ms
  Thread calibration: mean lat.: 0.618ms, rate sampling interval: 10ms
  Thread calibration: mean lat.: 0.620ms, rate sampling interval: 10ms
  Thread calibration: mean lat.: 0.636ms, rate sampling interval: 10ms
  Thread calibration: mean lat.: 0.632ms, rate sampling interval: 10ms
  Thread calibration: mean lat.: 0.636ms, rate sampling interval: 10ms
  Thread calibration: mean lat.: 0.629ms, rate sampling interval: 10ms
  Thread calibration: mean lat.: 0.633ms, rate sampling interval: 10ms
  Thread Stats   Avg      Stdev     Max   +/- Stdev
    Latency   624.55us  291.39us   2.12ms   58.02%
    Req/Sec   439.75     39.51   555.00     78.29%
  Latency Distribution (HdrHistogram - Recorded Latency)
 50.000%  624.00us
 75.000%    0.88ms
 90.000%    1.03ms
 99.000%    1.13ms
 99.900%    1.17ms
 99.990%    1.20ms
 99.999%    1.23ms
100.000%    2.12ms

  Detailed Percentile spectrum:
       Value   Percentile   TotalCount 1/(1-Percentile)

       0.041     0.000000            2         1.00
       0.222     0.100000       401435         1.11
       0.323     0.200000       801432         1.25
       0.424     0.300000      1201167         1.43
       0.525     0.400000      1602131         1.67
       0.624     0.500000      1999033         2.00
       0.674     0.550000      2201416         2.22
       0.723     0.600000      2397740         2.50
       0.774     0.650000      2599041         2.86
       0.825     0.700000      2799797         3.33
       0.876     0.750000      2998333         4.00
       0.902     0.775000      3099688         4.44
       0.927     0.800000      3199003         5.00
       0.952     0.825000      3299372         5.71
       0.977     0.850000      3398984         6.67
       1.002     0.875000      3497666         8.00
       1.015     0.887500      3549093         8.89
       1.028     0.900000      3599943        10.00
       1.040     0.912500      3646937        11.43
       1.053     0.925000      3698418        13.33
       1.065     0.937500      3746386        16.00
       1.072     0.943750      3774209        17.78
       1.078     0.950000      3798005        20.00
       1.084     0.956250      3822096        22.86
       1.090     0.962500      3846146        26.67
       1.097     0.968750      3873737        32.00
       1.100     0.971875      3885444        35.56
       1.103     0.975000      3896489        40.00
       1.107     0.978125      3910460        45.71
       1.111     0.981250      3922734        53.33
       1.116     0.984375      3935199        64.00
       1.118     0.985938      3939550        71.11
       1.122     0.987500      3947111        80.00
       1.125     0.989062      3952006        91.43
       1.130     0.990625      3959050       106.67
       1.135     0.992188      3964929       128.00
       1.138     0.992969      3968006       142.22
       1.141     0.993750      3970671       160.00
       1.145     0.994531      3974005       182.86
       1.149     0.995313      3977127       213.33
       1.153     0.996094      3980202       256.00
       1.155     0.996484      3981656       284.44
       1.157     0.996875      3983091       320.00
       1.160     0.997266      3985041       365.71
       1.162     0.997656      3986334       426.67
       1.165     0.998047      3988060       512.00
       1.166     0.998242      3988551       568.89
       1.168     0.998437      3989471       640.00
       1.170     0.998633      3990259       731.43
       1.172     0.998828      3990999       853.33
       1.175     0.999023      3991965      1024.00
       1.176     0.999121      3992257      1137.78
       1.177     0.999219      3992545      1280.00
       1.179     0.999316      3993015      1462.86
       1.180     0.999414      3993237      1706.67
       1.182     0.999512      3993669      2048.00
       1.183     0.999561      3993849      2275.56
       1.185     0.999609      3994171      2560.00
       1.186     0.999658      3994288      2925.71
       1.187     0.999707      3994423      3413.33
       1.189     0.999756      3994613      4096.00
       1.190     0.999780      3994726      4551.11
       1.191     0.999805      3994806      5120.00
       1.193     0.999829      3994953      5851.43
       1.194     0.999854      3995018      6826.67
       1.196     0.999878      3995145      8192.00
       1.196     0.999890      3995145      9102.22
       1.197     0.999902      3995192     10240.00
       1.198     0.999915      3995236     11702.86
       1.200     0.999927      3995307     13653.33
       1.202     0.999939      3995361     16384.00
       1.202     0.999945      3995361     18204.44
       1.204     0.999951      3995399     20480.00
       1.205     0.999957      3995412     23405.71
       1.206     0.999963      3995427     27306.67
       1.208     0.999969      3995460     32768.00
       1.209     0.999973      3995470     36408.89
       1.211     0.999976      3995482     40960.00
       1.212     0.999979      3995492     46811.43
       1.214     0.999982      3995504     54613.33
       1.219     0.999985      3995515     65536.00
       1.221     0.999986      3995520     72817.78
       1.223     0.999988      3995525     81920.00
       1.226     0.999989      3995531     93622.86
       1.232     0.999991      3995537    109226.67
       1.239     0.999992      3995543    131072.00
       1.244     0.999993      3995546    145635.56
       1.254     0.999994      3995549    163840.00
       1.261     0.999995      3995553    187245.71
       1.277     0.999995      3995556    218453.33
       1.286     0.999996      3995558    262144.00
       1.308     0.999997      3995560    291271.11
       1.334     0.999997      3995561    327680.00
       1.385     0.999997      3995563    374491.43
       1.390     0.999998      3995564    436906.67
       1.462     0.999998      3995566    524288.00
       1.482     0.999998      3995567    582542.22
       1.482     0.999998      3995567    655360.00
       1.499     0.999999      3995568    748982.86
       1.519     0.999999      3995569    873813.33
       1.589     0.999999      3995570   1048576.00
       1.589     0.999999      3995570   1165084.44
       1.589     0.999999      3995570   1310720.00
       1.651     0.999999      3995571   1497965.71
       1.651     0.999999      3995571   1747626.67
       1.959     1.000000      3995572   2097152.00
       1.959     1.000000      3995572   2330168.89
       1.959     1.000000      3995572   2621440.00
       1.959     1.000000      3995572   2995931.43
       1.959     1.000000      3995572   3495253.33
       2.119     1.000000      3995573   4194304.00
       2.119     1.000000      3995573          inf
#[Mean    =        0.625, StdDeviation   =        0.291]
#[Max     =        2.118, Total count    =      3995573]
#[Buckets =           27, SubBuckets     =         2048]
----------------------------------------------------------
  4495969 requests in 1.50m, 351.59MB read
  Non-2xx or 3xx responses: 4495969
Requests/sec:  50039.44
Transfer/sec:      3.91MB
