Running 30s test @ http://127.0.0.1:8082
  120 threads and 120 connections
  Thread calibration: mean lat.: 3086.389ms, rate sampling interval: 15458ms
  Thread calibration: mean lat.: 3052.298ms, rate sampling interval: 15695ms
  Thread calibration: mean lat.: 2993.093ms, rate sampling interval: 15278ms
  Thread calibration: mean lat.: 3187.902ms, rate sampling interval: 15540ms
  Thread calibration: mean lat.: 3066.890ms, rate sampling interval: 15425ms
  Thread calibration: mean lat.: 3102.017ms, rate sampling interval: 15630ms
  Thread calibration: mean lat.: 3186.849ms, rate sampling interval: 15368ms
  Thread calibration: mean lat.: 2996.245ms, rate sampling interval: 15187ms
  Thread calibration: mean lat.: 3297.939ms, rate sampling interval: 15654ms
  Thread calibration: mean lat.: 3238.802ms, rate sampling interval: 15433ms
  Thread calibration: mean lat.: 3372.645ms, rate sampling interval: 15769ms
  Thread calibration: mean lat.: 3386.714ms, rate sampling interval: 15785ms
  Thread calibration: mean lat.: 3474.100ms, rate sampling interval: 15867ms
  Thread calibration: mean lat.: 3480.300ms, rate sampling interval: 15835ms
  Thread calibration: mean lat.: 3555.887ms, rate sampling interval: 15802ms
  Thread calibration: mean lat.: 3476.609ms, rate sampling interval: 16097ms
  Thread calibration: mean lat.: 3623.778ms, rate sampling interval: 16015ms
  Thread calibration: mean lat.: 3694.540ms, rate sampling interval: 16154ms
  Thread calibration: mean lat.: 3693.059ms, rate sampling interval: 15867ms
  Thread calibration: mean lat.: 3675.178ms, rate sampling interval: 15835ms
  Thread calibration: mean lat.: 3734.763ms, rate sampling interval: 16130ms
  Thread calibration: mean lat.: 3730.983ms, rate sampling interval: 16318ms
  Thread calibration: mean lat.: 3567.369ms, rate sampling interval: 16072ms
  Thread calibration: mean lat.: 3675.765ms, rate sampling interval: 15982ms
  Thread calibration: mean lat.: 3769.174ms, rate sampling interval: 15933ms
  Thread calibration: mean lat.: 3867.260ms, rate sampling interval: 16277ms
  Thread calibration: mean lat.: 3885.214ms, rate sampling interval: 16236ms
  Thread calibration: mean lat.: 4006.168ms, rate sampling interval: 16146ms
  Thread calibration: mean lat.: 3849.662ms, rate sampling interval: 16162ms
  Thread calibration: mean lat.: 4056.039ms, rate sampling interval: 16302ms
  Thread calibration: mean lat.: 3900.590ms, rate sampling interval: 16277ms
  Thread calibration: mean lat.: 3945.747ms, rate sampling interval: 16179ms
  Thread calibration: mean lat.: 4027.126ms, rate sampling interval: 16531ms
  Thread calibration: mean lat.: 4033.579ms, rate sampling interval: 16326ms
  Thread calibration: mean lat.: 4077.326ms, rate sampling interval: 16211ms
  Thread calibration: mean lat.: 4101.710ms, rate sampling interval: 16539ms
  Thread calibration: mean lat.: 4036.895ms, rate sampling interval: 16498ms
  Thread calibration: mean lat.: 3985.623ms, rate sampling interval: 16236ms
  Thread calibration: mean lat.: 4054.289ms, rate sampling interval: 16572ms
  Thread calibration: mean lat.: 4116.706ms, rate sampling interval: 16171ms
  Thread calibration: mean lat.: 4276.275ms, rate sampling interval: 16637ms
  Thread calibration: mean lat.: 4232.841ms, rate sampling interval: 16531ms
  Thread calibration: mean lat.: 4188.219ms, rate sampling interval: 16383ms
  Thread calibration: mean lat.: 4194.139ms, rate sampling interval: 16547ms
  Thread calibration: mean lat.: 4221.758ms, rate sampling interval: 16465ms
  Thread calibration: mean lat.: 4108.164ms, rate sampling interval: 16277ms
  Thread calibration: mean lat.: 4265.351ms, rate sampling interval: 16629ms
  Thread calibration: mean lat.: 4248.448ms, rate sampling interval: 16744ms
  Thread calibration: mean lat.: 4244.716ms, rate sampling interval: 15056ms
  Thread calibration: mean lat.: 4222.942ms, rate sampling interval: 16580ms
  Thread calibration: mean lat.: 4333.462ms, rate sampling interval: 16433ms
  Thread calibration: mean lat.: 4330.870ms, rate sampling interval: 16695ms
  Thread calibration: mean lat.: 4241.660ms, rate sampling interval: 16343ms
  Thread calibration: mean lat.: 4284.837ms, rate sampling interval: 16523ms
  Thread calibration: mean lat.: 4242.265ms, rate sampling interval: 16334ms
  Thread calibration: mean lat.: 4271.374ms, rate sampling interval: 16596ms
  Thread calibration: mean lat.: 4378.928ms, rate sampling interval: 16588ms
  Thread calibration: mean lat.: 4420.939ms, rate sampling interval: 16572ms
  Thread calibration: mean lat.: 4450.872ms, rate sampling interval: 16719ms
  Thread calibration: mean lat.: 4464.431ms, rate sampling interval: 16703ms
  Thread calibration: mean lat.: 4232.303ms, rate sampling interval: 16424ms
  Thread calibration: mean lat.: 4427.859ms, rate sampling interval: 16646ms
  Thread calibration: mean lat.: 4431.805ms, rate sampling interval: 16572ms
  Thread calibration: mean lat.: 4317.725ms, rate sampling interval: 16523ms
  Thread calibration: mean lat.: 4393.349ms, rate sampling interval: 16588ms
  Thread calibration: mean lat.: 4450.108ms, rate sampling interval: 16424ms
  Thread calibration: mean lat.: 4386.763ms, rate sampling interval: 16547ms
  Thread calibration: mean lat.: 4473.625ms, rate sampling interval: 16596ms
  Thread calibration: mean lat.: 4360.535ms, rate sampling interval: 16416ms
  Thread calibration: mean lat.: 4498.963ms, rate sampling interval: 16990ms
  Thread calibration: mean lat.: 4517.399ms, rate sampling interval: 16654ms
  Thread calibration: mean lat.: 4492.611ms, rate sampling interval: 16744ms
  Thread calibration: mean lat.: 4458.324ms, rate sampling interval: 16547ms
  Thread calibration: mean lat.: 4491.811ms, rate sampling interval: 16793ms
  Thread calibration: mean lat.: 4478.758ms, rate sampling interval: 16760ms
  Thread calibration: mean lat.: 4497.064ms, rate sampling interval: 16613ms
  Thread calibration: mean lat.: 4432.753ms, rate sampling interval: 16703ms
  Thread calibration: mean lat.: 4535.975ms, rate sampling interval: 16842ms
  Thread calibration: mean lat.: 4594.862ms, rate sampling interval: 16875ms
  Thread calibration: mean lat.: 4485.489ms, rate sampling interval: 16564ms
  Thread calibration: mean lat.: 4428.304ms, rate sampling interval: 16687ms
  Thread calibration: mean lat.: 4605.262ms, rate sampling interval: 16760ms
  Thread calibration: mean lat.: 4497.446ms, rate sampling interval: 16613ms
  Thread calibration: mean lat.: 4380.607ms, rate sampling interval: 16588ms
  Thread calibration: mean lat.: 4560.182ms, rate sampling interval: 16809ms
  Thread calibration: mean lat.: 4454.069ms, rate sampling interval: 16719ms
  Thread calibration: mean lat.: 4542.693ms, rate sampling interval: 16711ms
  Thread calibration: mean lat.: 4672.878ms, rate sampling interval: 16891ms
  Thread calibration: mean lat.: 4546.489ms, rate sampling interval: 16711ms
  Thread calibration: mean lat.: 4560.665ms, rate sampling interval: 16637ms
  Thread calibration: mean lat.: 4606.836ms, rate sampling interval: 16711ms
  Thread calibration: mean lat.: 4518.603ms, rate sampling interval: 16662ms
  Thread calibration: mean lat.: 4629.078ms, rate sampling interval: 16891ms
  Thread calibration: mean lat.: 4614.373ms, rate sampling interval: 16809ms
  Thread calibration: mean lat.: 4664.501ms, rate sampling interval: 16941ms
  Thread calibration: mean lat.: 4674.753ms, rate sampling interval: 16826ms
  Thread calibration: mean lat.: 4540.888ms, rate sampling interval: 16719ms
  Thread calibration: mean lat.: 4607.317ms, rate sampling interval: 16842ms
  Thread calibration: mean lat.: 4693.349ms, rate sampling interval: 16859ms
  Thread calibration: mean lat.: 4659.524ms, rate sampling interval: 16891ms
  Thread calibration: mean lat.: 4664.866ms, rate sampling interval: 16908ms
  Thread calibration: mean lat.: 4517.601ms, rate sampling interval: 16621ms
  Thread calibration: mean lat.: 4539.451ms, rate sampling interval: 16613ms
  Thread calibration: mean lat.: 4620.537ms, rate sampling interval: 16752ms
  Thread calibration: mean lat.: 4711.202ms, rate sampling interval: 16891ms
  Thread calibration: mean lat.: 4599.577ms, rate sampling interval: 16842ms
  Thread calibration: mean lat.: 4560.532ms, rate sampling interval: 16736ms
  Thread calibration: mean lat.: 4656.924ms, rate sampling interval: 16842ms
  Thread calibration: mean lat.: 4574.094ms, rate sampling interval: 16826ms
  Thread calibration: mean lat.: 4551.344ms, rate sampling interval: 16842ms
  Thread calibration: mean lat.: 4670.920ms, rate sampling interval: 16711ms
  Thread calibration: mean lat.: 4651.131ms, rate sampling interval: 16793ms
  Thread calibration: mean lat.: 4651.394ms, rate sampling interval: 16744ms
  Thread calibration: mean lat.: 4716.897ms, rate sampling interval: 16941ms
  Thread calibration: mean lat.: 4700.624ms, rate sampling interval: 16924ms
  Thread calibration: mean lat.: 4729.107ms, rate sampling interval: 16826ms
  Thread calibration: mean lat.: 4579.810ms, rate sampling interval: 16678ms
  Thread calibration: mean lat.: 4725.367ms, rate sampling interval: 16891ms
  Thread calibration: mean lat.: 4641.759ms, rate sampling interval: 16646ms
  Thread calibration: mean lat.: 4643.472ms, rate sampling interval: 16875ms
  Thread Stats   Avg      Stdev     Max   +/- Stdev
    Latency    18.37s     5.25s   27.72s    57.72%
    Req/Sec    27.11      0.54    28.00    100.00%
  Latency Distribution (HdrHistogram - Recorded Latency)
 50.000%   18.40s 
 75.000%   22.94s 
 90.000%   25.64s 
 99.000%   27.33s 
 99.900%   27.64s 
 99.990%   27.72s 
 99.999%   27.74s 
100.000%   27.74s 

  Detailed Percentile spectrum:
       Value   Percentile   TotalCount 1/(1-Percentile)

    8437.759     0.000000            1         1.00
   11091.967     0.100000         6476         1.11
   12910.591     0.200000        12912         1.25
   14729.215     0.300000        19356         1.43
   16556.031     0.400000        25799         1.67
   18399.231     0.500000        32292         2.00
   19300.351     0.550000        35517         2.22
   20201.471     0.600000        38699         2.50
   21118.975     0.650000        41936         2.86
   22020.095     0.700000        45159         3.33
   22937.599     0.750000        48387         4.00
   23396.351     0.775000        50025         4.44
   23838.719     0.800000        51641         5.00
   24281.087     0.825000        53233         5.71
   24739.839     0.850000        54872         6.67
   25182.207     0.875000        56439         8.00
   25411.583     0.887500        57264         8.89
   25640.959     0.900000        58077        10.00
   25870.335     0.912500        58871        11.43
   26099.711     0.925000        59700        13.33
   26312.703     0.937500        60466        16.00
   26427.391     0.943750        60867        17.78
   26542.079     0.950000        61272        20.00
   26656.767     0.956250        61680        22.86
   26771.455     0.962500        62086        26.67
   26886.143     0.968750        62476        32.00
   26951.679     0.971875        62698        35.56
   27017.215     0.975000        62924        40.00
   27066.367     0.978125        63096        45.71
   27131.903     0.981250        63315        53.33
   27197.439     0.984375        63528        64.00
   27230.207     0.985938        63622        71.11
   27262.975     0.987500        63708        80.00
   27295.743     0.989062        63805        91.43
   27344.895     0.990625        63919       106.67
   27377.663     0.992188        63994       128.00
   27410.431     0.992969        64069       142.22
   27426.815     0.993750        64103       160.00
   27443.199     0.994531        64140       182.86
   27475.967     0.995313        64199       213.33
   27508.735     0.996094        64257       256.00
   27525.119     0.996484        64284       284.44
   27541.503     0.996875        64313       320.00
   27557.887     0.997266        64333       365.71
   27574.271     0.997656        64353       426.67
   27590.655     0.998047        64378       512.00
   27590.655     0.998242        64378       568.89
   27607.039     0.998437        64400       640.00
   27623.423     0.998633        64421       731.43
   27623.423     0.998828        64421       853.33
   27639.807     0.999023        64434      1024.00
   27656.191     0.999121        64452      1137.78
   27656.191     0.999219        64452      1280.00
   27656.191     0.999316        64452      1462.86
   27672.575     0.999414        64463      1706.67
   27672.575     0.999512        64463      2048.00
   27672.575     0.999561        64463      2275.56
   27688.959     0.999609        64478      2560.00
   27688.959     0.999658        64478      2925.71
   27688.959     0.999707        64478      3413.33
   27688.959     0.999756        64478      4096.00
   27688.959     0.999780        64478      4551.11
   27705.343     0.999805        64483      5120.00
   27705.343     0.999829        64483      5851.43
   27705.343     0.999854        64483      6826.67
   27721.727     0.999878        64489      8192.00
   27721.727     0.999890        64489      9102.22
   27721.727     0.999902        64489     10240.00
   27721.727     0.999915        64489     11702.86
   27721.727     0.999927        64489     13653.33
   27721.727     0.999939        64489     16384.00
   27721.727     0.999945        64489     18204.44
   27721.727     0.999951        64489     20480.00
   27721.727     0.999957        64489     23405.71
   27721.727     0.999963        64489     27306.67
   27738.111     0.999969        64491     32768.00
   27738.111     1.000000        64491          inf
#[Mean    =    18370.782, StdDeviation   =     5254.606]
#[Max     =    27721.728, Total count    =        64491]
#[Buckets =           27, SubBuckets     =         2048]
----------------------------------------------------------
  101300 requests in 29.01s, 11.11MB read
  Non-2xx or 3xx responses: 101300
Requests/sec:   3492.22
Transfer/sec:    392.19KB
