Running 30s test @ http://127.0.0.1:8082
  120 threads and 120 connections
  Thread calibration: mean lat.: 0.667ms, rate sampling interval: 10ms
  Thread calibration: mean lat.: 0.670ms, rate sampling interval: 10ms
  Thread calibration: mean lat.: 0.664ms, rate sampling interval: 10ms
  Thread calibration: mean lat.: 0.660ms, rate sampling interval: 10ms
  Thread calibration: mean lat.: 0.662ms, rate sampling interval: 10ms
  Thread calibration: mean lat.: 0.666ms, rate sampling interval: 10ms
  Thread calibration: mean lat.: 0.665ms, rate sampling interval: 10ms
  Thread calibration: mean lat.: 0.663ms, rate sampling interval: 10ms
  Thread calibration: mean lat.: 0.662ms, rate sampling interval: 10ms
  Thread calibration: mean lat.: 0.657ms, rate sampling interval: 10ms
  Thread calibration: mean lat.: 0.661ms, rate sampling interval: 10ms
  Thread calibration: mean lat.: 0.664ms, rate sampling interval: 10ms
  Thread calibration: mean lat.: 0.665ms, rate sampling interval: 10ms
  Thread calibration: mean lat.: 0.659ms, rate sampling interval: 10ms
  Thread calibration: mean lat.: 0.662ms, rate sampling interval: 10ms
  Thread calibration: mean lat.: 0.664ms, rate sampling interval: 10ms
  Thread calibration: mean lat.: 0.665ms, rate sampling interval: 10ms
  Thread calibration: mean lat.: 0.666ms, rate sampling interval: 10ms
  Thread calibration: mean lat.: 0.663ms, rate sampling interval: 10ms
  Thread calibration: mean lat.: 0.665ms, rate sampling interval: 10ms
  Thread calibration: mean lat.: 0.662ms, rate sampling interval: 10ms
  Thread calibration: mean lat.: 0.670ms, rate sampling interval: 10ms
  Thread calibration: mean lat.: 0.656ms, rate sampling interval: 10ms
  Thread calibration: mean lat.: 0.660ms, rate sampling interval: 10ms
  Thread calibration: mean lat.: 0.663ms, rate sampling interval: 10ms
  Thread calibration: mean lat.: 0.660ms, rate sampling interval: 10ms
  Thread calibration: mean lat.: 0.664ms, rate sampling interval: 10ms
  Thread calibration: mean lat.: 0.661ms, rate sampling interval: 10ms
  Thread calibration: mean lat.: 0.663ms, rate sampling interval: 10ms
  Thread calibration: mean lat.: 0.676ms, rate sampling interval: 10ms
  Thread calibration: mean lat.: 0.667ms, rate sampling interval: 10ms
  Thread calibration: mean lat.: 0.660ms, rate sampling interval: 10ms
  Thread calibration: mean lat.: 0.661ms, rate sampling interval: 10ms
  Thread calibration: mean lat.: 0.664ms, rate sampling interval: 10ms
  Thread calibration: mean lat.: 0.665ms, rate sampling interval: 10ms
  Thread calibration: mean lat.: 0.667ms, rate sampling interval: 10ms
  Thread calibration: mean lat.: 0.664ms, rate sampling interval: 10ms
  Thread calibration: mean lat.: 0.662ms, rate sampling interval: 10ms
  Thread calibration: mean lat.: 0.661ms, rate sampling interval: 10ms
  Thread calibration: mean lat.: 0.661ms, rate sampling interval: 10ms
  Thread calibration: mean lat.: 0.666ms, rate sampling interval: 10ms
  Thread calibration: mean lat.: 0.666ms, rate sampling interval: 10ms
  Thread calibration: mean lat.: 0.666ms, rate sampling interval: 10ms
  Thread calibration: mean lat.: 0.669ms, rate sampling interval: 10ms
  Thread calibration: mean lat.: 0.662ms, rate sampling interval: 10ms
  Thread calibration: mean lat.: 0.662ms, rate sampling interval: 10ms
  Thread calibration: mean lat.: 0.667ms, rate sampling interval: 10ms
  Thread calibration: mean lat.: 0.663ms, rate sampling interval: 10ms
  Thread calibration: mean lat.: 0.662ms, rate sampling interval: 10ms
  Thread calibration: mean lat.: 0.667ms, rate sampling interval: 10ms
  Thread calibration: mean lat.: 0.662ms, rate sampling interval: 10ms
  Thread calibration: mean lat.: 0.665ms, rate sampling interval: 10ms
  Thread calibration: mean lat.: 0.664ms, rate sampling interval: 10ms
  Thread calibration: mean lat.: 0.664ms, rate sampling interval: 10ms
  Thread calibration: mean lat.: 0.659ms, rate sampling interval: 10ms
  Thread calibration: mean lat.: 0.664ms, rate sampling interval: 10ms
  Thread calibration: mean lat.: 0.666ms, rate sampling interval: 10ms
  Thread calibration: mean lat.: 0.661ms, rate sampling interval: 10ms
  Thread calibration: mean lat.: 0.665ms, rate sampling interval: 10ms
  Thread calibration: mean lat.: 0.665ms, rate sampling interval: 10ms
  Thread calibration: mean lat.: 0.665ms, rate sampling interval: 10ms
  Thread calibration: mean lat.: 0.679ms, rate sampling interval: 10ms
  Thread calibration: mean lat.: 0.669ms, rate sampling interval: 10ms
  Thread calibration: mean lat.: 0.665ms, rate sampling interval: 10ms
  Thread calibration: mean lat.: 0.662ms, rate sampling interval: 10ms
  Thread calibration: mean lat.: 0.665ms, rate sampling interval: 10ms
  Thread calibration: mean lat.: 0.667ms, rate sampling interval: 10ms
  Thread calibration: mean lat.: 0.663ms, rate sampling interval: 10ms
  Thread calibration: mean lat.: 0.662ms, rate sampling interval: 10ms
  Thread calibration: mean lat.: 0.664ms, rate sampling interval: 10ms
  Thread calibration: mean lat.: 0.666ms, rate sampling interval: 10ms
  Thread calibration: mean lat.: 0.670ms, rate sampling interval: 10ms
  Thread calibration: mean lat.: 0.668ms, rate sampling interval: 10ms
  Thread calibration: mean lat.: 0.669ms, rate sampling interval: 10ms
  Thread calibration: mean lat.: 0.661ms, rate sampling interval: 10ms
  Thread calibration: mean lat.: 0.666ms, rate sampling interval: 10ms
  Thread calibration: mean lat.: 0.664ms, rate sampling interval: 10ms
  Thread calibration: mean lat.: 0.662ms, rate sampling interval: 10ms
  Thread calibration: mean lat.: 0.662ms, rate sampling interval: 10ms
  Thread calibration: mean lat.: 0.664ms, rate sampling interval: 10ms
  Thread calibration: mean lat.: 0.664ms, rate sampling interval: 10ms
  Thread calibration: mean lat.: 0.667ms, rate sampling interval: 10ms
  Thread calibration: mean lat.: 0.659ms, rate sampling interval: 10ms
  Thread calibration: mean lat.: 0.664ms, rate sampling interval: 10ms
  Thread calibration: mean lat.: 0.665ms, rate sampling interval: 10ms
  Thread calibration: mean lat.: 0.673ms, rate sampling interval: 10ms
  Thread calibration: mean lat.: 0.663ms, rate sampling interval: 10ms
  Thread calibration: mean lat.: 0.667ms, rate sampling interval: 10ms
  Thread calibration: mean lat.: 0.665ms, rate sampling interval: 10ms
  Thread calibration: mean lat.: 0.669ms, rate sampling interval: 10ms
  Thread calibration: mean lat.: 0.664ms, rate sampling interval: 10ms
  Thread calibration: mean lat.: 0.668ms, rate sampling interval: 10ms
  Thread calibration: mean lat.: 0.667ms, rate sampling interval: 10ms
  Thread calibration: mean lat.: 0.665ms, rate sampling interval: 10ms
  Thread calibration: mean lat.: 0.662ms, rate sampling interval: 10ms
  Thread calibration: mean lat.: 0.669ms, rate sampling interval: 10ms
  Thread calibration: mean lat.: 0.666ms, rate sampling interval: 10ms
  Thread calibration: mean lat.: 0.671ms, rate sampling interval: 10ms
  Thread calibration: mean lat.: 0.665ms, rate sampling interval: 10ms
  Thread calibration: mean lat.: 0.666ms, rate sampling interval: 10ms
  Thread calibration: mean lat.: 0.668ms, rate sampling interval: 10ms
  Thread calibration: mean lat.: 0.663ms, rate sampling interval: 10ms
  Thread calibration: mean lat.: 0.668ms, rate sampling interval: 10ms
  Thread calibration: mean lat.: 0.663ms, rate sampling interval: 10ms
  Thread calibration: mean lat.: 0.664ms, rate sampling interval: 10ms
  Thread calibration: mean lat.: 0.672ms, rate sampling interval: 10ms
  Thread calibration: mean lat.: 0.664ms, rate sampling interval: 10ms
  Thread calibration: mean lat.: 0.671ms, rate sampling interval: 10ms
  Thread calibration: mean lat.: 0.672ms, rate sampling interval: 10ms
  Thread calibration: mean lat.: 0.667ms, rate sampling interval: 10ms
  Thread calibration: mean lat.: 0.668ms, rate sampling interval: 10ms
  Thread calibration: mean lat.: 0.666ms, rate sampling interval: 10ms
  Thread calibration: mean lat.: 0.669ms, rate sampling interval: 10ms
  Thread calibration: mean lat.: 0.667ms, rate sampling interval: 10ms
  Thread calibration: mean lat.: 0.665ms, rate sampling interval: 10ms
  Thread calibration: mean lat.: 0.666ms, rate sampling interval: 10ms
  Thread calibration: mean lat.: 0.672ms, rate sampling interval: 10ms
  Thread calibration: mean lat.: 0.665ms, rate sampling interval: 10ms
  Thread calibration: mean lat.: 0.672ms, rate sampling interval: 10ms
  Thread calibration: mean lat.: 0.668ms, rate sampling interval: 10ms
  Thread Stats   Avg      Stdev     Max   +/- Stdev
    Latency   679.15us  292.99us   2.49ms   58.52%
    Req/Sec   449.99     38.52   555.00     62.92%
  Latency Distribution (HdrHistogram - Recorded Latency)
 50.000%  680.00us
 75.000%    0.93ms
 90.000%    1.08ms
 99.000%    1.20ms
 99.900%    1.27ms
 99.990%    1.35ms
 99.999%    1.89ms
100.000%    2.49ms

  Detailed Percentile spectrum:
       Value   Percentile   TotalCount 1/(1-Percentile)

       0.045     0.000000            1         1.00
       0.276     0.100000        97669         1.11
       0.378     0.200000       195898         1.25
       0.479     0.300000       293528         1.43
       0.579     0.400000       391089         1.67
       0.680     0.500000       489064         2.00
       0.730     0.550000       537836         2.22
       0.780     0.600000       586551         2.50
       0.830     0.650000       635567         2.86
       0.880     0.700000       684156         3.33
       0.930     0.750000       732663         4.00
       0.956     0.775000       757615         4.44
       0.981     0.800000       782016         5.00
       1.006     0.825000       806434         5.71
       1.030     0.850000       829930         6.67
       1.055     0.875000       854506         8.00
       1.068     0.887500       867145         8.89
       1.080     0.900000       878741        10.00
       1.093     0.912500       891322        11.43
       1.106     0.925000       903719        13.33
       1.119     0.937500       916079        16.00
       1.125     0.943750       921629        17.78
       1.132     0.950000       928215        20.00
       1.139     0.956250       934315        22.86
       1.146     0.962500       939926        26.67
       1.155     0.968750       946480        32.00
       1.159     0.971875       949041        35.56
       1.164     0.975000       952061        40.00
       1.170     0.978125       955250        45.71
       1.176     0.981250       958172        53.33
       1.183     0.984375       961183        64.00
       1.187     0.985938       962743        71.11
       1.191     0.987500       964178        80.00
       1.196     0.989062       965817        91.43
       1.201     0.990625       967312       106.67
       1.208     0.992188       968944       128.00
       1.211     0.992969       969558       142.22
       1.215     0.993750       970368       160.00
       1.219     0.994531       971096       182.86
       1.224     0.995313       971932       213.33
       1.229     0.996094       972601       256.00
       1.232     0.996484       972960       284.44
       1.236     0.996875       973382       320.00
       1.240     0.997266       973769       365.71
       1.244     0.997656       974103       426.67
       1.250     0.998047       974522       512.00
       1.253     0.998242       974703       568.89
       1.256     0.998437       974866       640.00
       1.260     0.998633       975078       731.43
       1.264     0.998828       975258       853.33
       1.269     0.999023       975452      1024.00
       1.272     0.999121       975544      1137.78
       1.275     0.999219       975626      1280.00
       1.279     0.999316       975712      1462.86
       1.283     0.999414       975804      1706.67
       1.289     0.999512       975905      2048.00
       1.292     0.999561       975956      2275.56
       1.296     0.999609       975995      2560.00
       1.301     0.999658       976046      2925.71
       1.306     0.999707       976091      3413.33
       1.313     0.999756       976139      4096.00
       1.317     0.999780       976162      4551.11
       1.321     0.999805       976186      5120.00
       1.326     0.999829       976210      5851.43
       1.331     0.999854       976233      6826.67
       1.339     0.999878       976258      8192.00
       1.344     0.999890       976269      9102.22
       1.351     0.999902       976281     10240.00
       1.357     0.999915       976293     11702.86
       1.364     0.999927       976305     13653.33
       1.378     0.999939       976317     16384.00
       1.384     0.999945       976323     18204.44
       1.399     0.999951       976329     20480.00
       1.411     0.999957       976335     23405.71
       1.429     0.999963       976342     27306.67
       1.484     0.999969       976347     32768.00
       1.494     0.999973       976350     36408.89
       1.589     0.999976       976353     40960.00
       1.764     0.999979       976356     46811.43
       1.800     0.999982       976359     54613.33
       1.873     0.999985       976362     65536.00
       1.884     0.999986       976363     72817.78
       1.887     0.999988       976365     81920.00
       1.893     0.999989       976366     93622.86
       1.935     0.999991       976368    109226.67
       1.936     0.999992       976369    131072.00
       1.944     0.999993       976370    145635.56
       1.967     0.999994       976371    163840.00
       1.967     0.999995       976371    187245.71
       1.987     0.999995       976372    218453.33
       2.145     0.999996       976373    262144.00
       2.145     0.999997       976373    291271.11
       2.189     0.999997       976374    327680.00
       2.189     0.999997       976374    374491.43
       2.189     0.999998       976374    436906.67
       2.385     0.999998       976375    524288.00
       2.385     0.999998       976375    582542.22
       2.385     0.999998       976375    655360.00
       2.385     0.999999       976375    748982.86
       2.385     0.999999       976375    873813.33
       2.487     0.999999       976376   1048576.00
       2.487     1.000000       976376          inf
#[Mean    =        0.679, StdDeviation   =        0.293]
#[Max     =        2.486, Total count    =       976376]
#[Buckets =           27, SubBuckets     =         2048]
----------------------------------------------------------
  1476771 requests in 29.07s, 115.49MB read
  Non-2xx or 3xx responses: 1476771
Requests/sec:  50805.25
Transfer/sec:      3.97MB
