Running 30s test @ http://127.0.0.1:8082
  120 threads and 120 connections
  Thread calibration: mean lat.: 0.609ms, rate sampling interval: 10ms
  Thread calibration: mean lat.: 0.610ms, rate sampling interval: 10ms
  Thread calibration: mean lat.: 0.613ms, rate sampling interval: 10ms
  Thread calibration: mean lat.: 0.616ms, rate sampling interval: 10ms
  Thread calibration: mean lat.: 0.612ms, rate sampling interval: 10ms
  Thread calibration: mean lat.: 0.612ms, rate sampling interval: 10ms
  Thread calibration: mean lat.: 0.611ms, rate sampling interval: 10ms
  Thread calibration: mean lat.: 0.613ms, rate sampling interval: 10ms
  Thread calibration: mean lat.: 0.609ms, rate sampling interval: 10ms
  Thread calibration: mean lat.: 0.612ms, rate sampling interval: 10ms
  Thread calibration: mean lat.: 0.610ms, rate sampling interval: 10ms
  Thread calibration: mean lat.: 0.608ms, rate sampling interval: 10ms
  Thread calibration: mean lat.: 0.606ms, rate sampling interval: 10ms
  Thread calibration: mean lat.: 0.612ms, rate sampling interval: 10ms
  Thread calibration: mean lat.: 0.611ms, rate sampling interval: 10ms
  Thread calibration: mean lat.: 0.615ms, rate sampling interval: 10ms
  Thread calibration: mean lat.: 0.612ms, rate sampling interval: 10ms
  Thread calibration: mean lat.: 0.612ms, rate sampling interval: 10ms
  Thread calibration: mean lat.: 0.609ms, rate sampling interval: 10ms
  Thread calibration: mean lat.: 0.612ms, rate sampling interval: 10ms
  Thread calibration: mean lat.: 0.612ms, rate sampling interval: 10ms
  Thread calibration: mean lat.: 0.614ms, rate sampling interval: 10ms
  Thread calibration: mean lat.: 0.613ms, rate sampling interval: 10ms
  Thread calibration: mean lat.: 0.612ms, rate sampling interval: 10ms
  Thread calibration: mean lat.: 0.611ms, rate sampling interval: 10ms
  Thread calibration: mean lat.: 0.609ms, rate sampling interval: 10ms
  Thread calibration: mean lat.: 0.610ms, rate sampling interval: 10ms
  Thread calibration: mean lat.: 0.613ms, rate sampling interval: 10ms
  Thread calibration: mean lat.: 0.613ms, rate sampling interval: 10ms
  Thread calibration: mean lat.: 0.607ms, rate sampling interval: 10ms
  Thread calibration: mean lat.: 0.609ms, rate sampling interval: 10ms
  Thread calibration: mean lat.: 0.615ms, rate sampling interval: 10ms
  Thread calibration: mean lat.: 0.612ms, rate sampling interval: 10ms
  Thread calibration: mean lat.: 0.613ms, rate sampling interval: 10ms
  Thread calibration: mean lat.: 0.610ms, rate sampling interval: 10ms
  Thread calibration: mean lat.: 0.608ms, rate sampling interval: 10ms
  Thread calibration: mean lat.: 0.615ms, rate sampling interval: 10ms
  Thread calibration: mean lat.: 0.609ms, rate sampling interval: 10ms
  Thread calibration: mean lat.: 0.614ms, rate sampling interval: 10ms
  Thread calibration: mean lat.: 0.609ms, rate sampling interval: 10ms
  Thread calibration: mean lat.: 0.618ms, rate sampling interval: 10ms
  Thread calibration: mean lat.: 0.619ms, rate sampling interval: 10ms
  Thread calibration: mean lat.: 0.618ms, rate sampling interval: 10ms
  Thread calibration: mean lat.: 0.618ms, rate sampling interval: 10ms
  Thread calibration: mean lat.: 0.616ms, rate sampling interval: 10ms
  Thread calibration: mean lat.: 0.612ms, rate sampling interval: 10ms
  Thread calibration: mean lat.: 0.612ms, rate sampling interval: 10ms
  Thread calibration: mean lat.: 0.611ms, rate sampling interval: 10ms
  Thread calibration: mean lat.: 0.615ms, rate sampling interval: 10ms
  Thread calibration: mean lat.: 0.613ms, rate sampling interval: 10ms
  Thread calibration: mean lat.: 0.615ms, rate sampling interval: 10ms
  Thread calibration: mean lat.: 0.613ms, rate sampling interval: 10ms
  Thread calibration: mean lat.: 0.615ms, rate sampling interval: 10ms
  Thread calibration: mean lat.: 0.610ms, rate sampling interval: 10ms
  Thread calibration: mean lat.: 0.613ms, rate sampling interval: 10ms
  Thread calibration: mean lat.: 0.619ms, rate sampling interval: 10ms
  Thread calibration: mean lat.: 0.611ms, rate sampling interval: 10ms
  Thread calibration: mean lat.: 0.615ms, rate sampling interval: 10ms
  Thread calibration: mean lat.: 0.615ms, rate sampling interval: 10ms
  Thread calibration: mean lat.: 0.620ms, rate sampling interval: 10ms
  Thread calibration: mean lat.: 0.616ms, rate sampling interval: 10ms
  Thread calibration: mean lat.: 0.636ms, rate sampling interval: 10ms
  Thread calibration: mean lat.: 0.629ms, rate sampling interval: 10ms
  Thread calibration: mean lat.: 0.615ms, rate sampling interval: 10ms
  Thread calibration: mean lat.: 0.615ms, rate sampling interval: 10ms
  Thread calibration: mean lat.: 0.614ms, rate sampling interval: 10ms
  Thread calibration: mean lat.: 0.615ms, rate sampling interval: 10ms
  Thread calibration: mean lat.: 0.609ms, rate sampling interval: 10ms
  Thread calibration: mean lat.: 0.614ms, rate sampling interval: 10ms
  Thread calibration: mean lat.: 0.609ms, rate sampling interval: 10ms
  Thread calibration: mean lat.: 0.620ms, rate sampling interval: 10ms
  Thread calibration: mean lat.: 0.614ms, rate sampling interval: 10ms
  Thread calibration: mean lat.: 0.616ms, rate sampling interval: 10ms
  Thread calibration: mean lat.: 0.617ms, rate sampling interval: 10ms
  Thread calibration: mean lat.: 0.610ms, rate sampling interval: 10ms
  Thread calibration: mean lat.: 0.612ms, rate sampling interval: 10ms
  Thread calibration: mean lat.: 0.620ms, rate sampling interval: 10ms
  Thread calibration: mean lat.: 0.620ms, rate sampling interval: 10ms
  Thread calibration: mean lat.: 0.611ms, rate sampling interval: 10ms
  Thread calibration: mean lat.: 0.611ms, rate sampling interval: 10ms
  Thread calibration: mean lat.: 0.613ms, rate sampling interval: 10ms
  Thread calibration: mean lat.: 0.612ms, rate sampling interval: 10ms
  Thread calibration: mean lat.: 0.616ms, rate sampling interval: 10ms
  Thread calibration: mean lat.: 0.615ms, rate sampling interval: 10ms
  Thread calibration: mean lat.: 0.616ms, rate sampling interval: 10ms
  Thread calibration: mean lat.: 0.613ms, rate sampling interval: 10ms
  Thread calibration: mean lat.: 0.622ms, rate sampling interval: 10ms
  Thread calibration: mean lat.: 0.610ms, rate sampling interval: 10ms
  Thread calibration: mean lat.: 0.611ms, rate sampling interval: 10ms
  Thread calibration: mean lat.: 0.610ms, rate sampling interval: 10ms
  Thread calibration: mean lat.: 0.620ms, rate sampling interval: 10ms
  Thread calibration: mean lat.: 0.612ms, rate sampling interval: 10ms
  Thread calibration: mean lat.: 0.612ms, rate sampling interval: 10ms
  Thread calibration: mean lat.: 0.619ms, rate sampling interval: 10ms
  Thread calibration: mean lat.: 0.618ms, rate sampling interval: 10ms
  Thread calibration: mean lat.: 0.613ms, rate sampling interval: 10ms
  Thread calibration: mean lat.: 0.609ms, rate sampling interval: 10ms
  Thread calibration: mean lat.: 0.613ms, rate sampling interval: 10ms
  Thread calibration: mean lat.: 0.617ms, rate sampling interval: 10ms
  Thread calibration: mean lat.: 0.621ms, rate sampling interval: 10ms
  Thread calibration: mean lat.: 0.618ms, rate sampling interval: 10ms
  Thread calibration: mean lat.: 0.612ms, rate sampling interval: 10ms
  Thread calibration: mean lat.: 0.610ms, rate sampling interval: 10ms
  Thread calibration: mean lat.: 0.608ms, rate sampling interval: 10ms
  Thread calibration: mean lat.: 0.608ms, rate sampling interval: 10ms
  Thread calibration: mean lat.: 0.617ms, rate sampling interval: 10ms
  Thread calibration: mean lat.: 0.611ms, rate sampling interval: 10ms
  Thread calibration: mean lat.: 0.622ms, rate sampling interval: 10ms
  Thread calibration: mean lat.: 0.619ms, rate sampling interval: 10ms
  Thread calibration: mean lat.: 0.610ms, rate sampling interval: 10ms
  Thread calibration: mean lat.: 0.614ms, rate sampling interval: 10ms
  Thread calibration: mean lat.: 0.615ms, rate sampling interval: 10ms
  Thread calibration: mean lat.: 0.616ms, rate sampling interval: 10ms
  Thread calibration: mean lat.: 0.615ms, rate sampling interval: 10ms
  Thread calibration: mean lat.: 0.611ms, rate sampling interval: 10ms
  Thread calibration: mean lat.: 0.618ms, rate sampling interval: 10ms
  Thread calibration: mean lat.: 0.623ms, rate sampling interval: 10ms
  Thread calibration: mean lat.: 0.613ms, rate sampling interval: 10ms
  Thread calibration: mean lat.: 0.613ms, rate sampling interval: 10ms
  Thread calibration: mean lat.: 0.618ms, rate sampling interval: 10ms
  Thread Stats   Avg      Stdev     Max   +/- Stdev
    Latency   621.02us  291.74us   1.40ms   58.15%
    Req/Sec   439.04     38.77   555.00     79.37%
  Latency Distribution (HdrHistogram - Recorded Latency)
 50.000%  618.00us
 75.000%    0.87ms
 90.000%    1.03ms
 99.000%    1.13ms
 99.900%    1.17ms
 99.990%    1.19ms
 99.999%    1.22ms
100.000%    1.40ms

  Detailed Percentile spectrum:
       Value   Percentile   TotalCount 1/(1-Percentile)

       0.042     0.000000            1         1.00
       0.220     0.100000       100459         1.11
       0.319     0.200000       199549         1.25
       0.420     0.300000       299238         1.43
       0.520     0.400000       398925         1.67
       0.618     0.500000       497816         2.00
       0.669     0.550000       547378         2.22
       0.720     0.600000       597129         2.50
       0.772     0.650000       647795         2.86
       0.822     0.700000       696870         3.33
       0.872     0.750000       747305         4.00
       0.897     0.775000       771605         4.44
       0.923     0.800000       796678         5.00
       0.949     0.825000       821847         5.71
       0.974     0.850000       846131         6.67
       1.000     0.875000       871316         8.00
       1.013     0.887500       883853         8.89
       1.026     0.900000       896599        10.00
       1.038     0.912500       908428        11.43
       1.051     0.925000       921185        13.33
       1.063     0.937500       933140        16.00
       1.069     0.943750       939248        17.78
       1.076     0.950000       946022        20.00
       1.082     0.956250       951930        22.86
       1.088     0.962500       957870        26.67
       1.095     0.968750       964836        32.00
       1.098     0.971875       967695        35.56
       1.101     0.975000       970435        40.00
       1.105     0.978125       973739        45.71
       1.109     0.981250       976535        53.33
       1.115     0.984375       980080        64.00
       1.118     0.985938       981571        71.11
       1.121     0.987500       982924        80.00
       1.125     0.989062       984437        91.43
       1.130     0.990625       986009       106.67
       1.136     0.992188       987645       128.00
       1.139     0.992969       988371       142.22
       1.142     0.993750       989102       160.00
       1.145     0.994531       989781       182.86
       1.149     0.995313       990675       213.33
       1.152     0.996094       991345       256.00
       1.154     0.996484       991789       284.44
       1.156     0.996875       992190       320.00
       1.158     0.997266       992585       365.71
       1.160     0.997656       992923       426.67
       1.162     0.998047       993247       512.00
       1.164     0.998242       993524       568.89
       1.165     0.998437       993644       640.00
       1.167     0.998633       993856       731.43
       1.169     0.998828       994056       853.33
       1.171     0.999023       994236      1024.00
       1.172     0.999121       994319      1137.78
       1.174     0.999219       994432      1280.00
       1.175     0.999316       994497      1462.86
       1.177     0.999414       994624      1706.67
       1.178     0.999512       994682      2048.00
       1.179     0.999561       994737      2275.56
       1.181     0.999609       994812      2560.00
       1.182     0.999658       994856      2925.71
       1.183     0.999707       994888      3413.33
       1.185     0.999756       994937      4096.00
       1.186     0.999780       994963      4551.11
       1.187     0.999805       994986      5120.00
       1.188     0.999829       995003      5851.43
       1.190     0.999854       995025      6826.67
       1.192     0.999878       995055      8192.00
       1.193     0.999890       995067      9102.22
       1.194     0.999902       995082     10240.00
       1.194     0.999915       995082     11702.86
       1.196     0.999927       995100     13653.33
       1.198     0.999939       995110     16384.00
       1.199     0.999945       995114     18204.44
       1.200     0.999951       995122     20480.00
       1.201     0.999957       995127     23405.71
       1.203     0.999963       995134     27306.67
       1.204     0.999969       995138     32768.00
       1.205     0.999973       995142     36408.89
       1.206     0.999976       995143     40960.00
       1.209     0.999979       995147     46811.43
       1.210     0.999982       995150     54613.33
       1.212     0.999985       995152     65536.00
       1.215     0.999986       995154     72817.78
       1.217     0.999988       995155     81920.00
       1.223     0.999989       995157     93622.86
       1.224     0.999991       995158    109226.67
       1.233     0.999992       995160    131072.00
       1.244     0.999993       995161    145635.56
       1.244     0.999994       995161    163840.00
       1.246     0.999995       995162    187245.71
       1.284     0.999995       995163    218453.33
       1.297     0.999996       995164    262144.00
       1.297     0.999997       995164    291271.11
       1.297     0.999997       995164    327680.00
       1.348     0.999997       995165    374491.43
       1.348     0.999998       995165    436906.67
       1.396     0.999998       995166    524288.00
       1.396     0.999998       995166    582542.22
       1.396     0.999998       995166    655360.00
       1.396     0.999999       995166    748982.86
       1.396     0.999999       995166    873813.33
       1.403     0.999999       995167   1048576.00
       1.403     1.000000       995167          inf
#[Mean    =        0.621, StdDeviation   =        0.292]
#[Max     =        1.403, Total count    =       995167]
#[Buckets =           27, SubBuckets     =         2048]
----------------------------------------------------------
  1495565 requests in 29.83s, 116.96MB read
  Non-2xx or 3xx responses: 1495565
Requests/sec:  50132.95
Transfer/sec:      3.92MB
