Running 30s test @ http://127.0.0.1:8082
  120 threads and 120 connections
  Thread calibration: mean lat.: 0.613ms, rate sampling interval: 10ms
  Thread calibration: mean lat.: 0.614ms, rate sampling interval: 10ms
  Thread calibration: mean lat.: 0.618ms, rate sampling interval: 10ms
  Thread calibration: mean lat.: 0.615ms, rate sampling interval: 10ms
  Thread calibration: mean lat.: 0.614ms, rate sampling interval: 10ms
  Thread calibration: mean lat.: 0.614ms, rate sampling interval: 10ms
  Thread calibration: mean lat.: 0.618ms, rate sampling interval: 10ms
  Thread calibration: mean lat.: 0.615ms, rate sampling interval: 10ms
  Thread calibration: mean lat.: 0.614ms, rate sampling interval: 10ms
  Thread calibration: mean lat.: 0.614ms, rate sampling interval: 10ms
  Thread calibration: mean lat.: 0.612ms, rate sampling interval: 10ms
  Thread calibration: mean lat.: 0.613ms, rate sampling interval: 10ms
  Thread calibration: mean lat.: 0.614ms, rate sampling interval: 10ms
  Thread calibration: mean lat.: 0.615ms, rate sampling interval: 10ms
  Thread calibration: mean lat.: 0.613ms, rate sampling interval: 10ms
  Thread calibration: mean lat.: 0.617ms, rate sampling interval: 10ms
  Thread calibration: mean lat.: 0.617ms, rate sampling interval: 10ms
  Thread calibration: mean lat.: 0.619ms, rate sampling interval: 10ms
  Thread calibration: mean lat.: 0.612ms, rate sampling interval: 10ms
  Thread calibration: mean lat.: 0.619ms, rate sampling interval: 10ms
  Thread calibration: mean lat.: 0.612ms, rate sampling interval: 10ms
  Thread calibration: mean lat.: 0.619ms, rate sampling interval: 10ms
  Thread calibration: mean lat.: 0.619ms, rate sampling interval: 10ms
  Thread calibration: mean lat.: 0.616ms, rate sampling interval: 10ms
  Thread calibration: mean lat.: 0.613ms, rate sampling interval: 10ms
  Thread calibration: mean lat.: 0.614ms, rate sampling interval: 10ms
  Thread calibration: mean lat.: 0.621ms, rate sampling interval: 10ms
  Thread calibration: mean lat.: 0.619ms, rate sampling interval: 10ms
  Thread calibration: mean lat.: 0.620ms, rate sampling interval: 10ms
  Thread calibration: mean lat.: 0.618ms, rate sampling interval: 10ms
  Thread calibration: mean lat.: 0.619ms, rate sampling interval: 10ms
  Thread calibration: mean lat.: 0.611ms, rate sampling interval: 10ms
  Thread calibration: mean lat.: 0.613ms, rate sampling interval: 10ms
  Thread calibration: mean lat.: 0.618ms, rate sampling interval: 10ms
  Thread calibration: mean lat.: 0.621ms, rate sampling interval: 10ms
  Thread calibration: mean lat.: 0.617ms, rate sampling interval: 10ms
  Thread calibration: mean lat.: 0.616ms, rate sampling interval: 10ms
  Thread calibration: mean lat.: 0.613ms, rate sampling interval: 10ms
  Thread calibration: mean lat.: 0.616ms, rate sampling interval: 10ms
  Thread calibration: mean lat.: 0.614ms, rate sampling interval: 10ms
  Thread calibration: mean lat.: 0.616ms, rate sampling interval: 10ms
  Thread calibration: mean lat.: 0.618ms, rate sampling interval: 10ms
  Thread calibration: mean lat.: 0.610ms, rate sampling interval: 10ms
  Thread calibration: mean lat.: 0.615ms, rate sampling interval: 10ms
  Thread calibration: mean lat.: 0.615ms, rate sampling interval: 10ms
  Thread calibration: mean lat.: 0.615ms, rate sampling interval: 10ms
  Thread calibration: mean lat.: 0.615ms, rate sampling interval: 10ms
  Thread calibration: mean lat.: 0.612ms, rate sampling interval: 10ms
  Thread calibration: mean lat.: 0.615ms, rate sampling interval: 10ms
  Thread calibration: mean lat.: 0.615ms, rate sampling interval: 10ms
  Thread calibration: mean lat.: 0.614ms, rate sampling interval: 10ms
  Thread calibration: mean lat.: 0.615ms, rate sampling interval: 10ms
  Thread calibration: mean lat.: 0.615ms, rate sampling interval: 10ms
  Thread calibration: mean lat.: 0.616ms, rate sampling interval: 10ms
  Thread calibration: mean lat.: 0.618ms, rate sampling interval: 10ms
  Thread calibration: mean lat.: 0.611ms, rate sampling interval: 10ms
  Thread calibration: mean lat.: 0.619ms, rate sampling interval: 10ms
  Thread calibration: mean lat.: 0.614ms, rate sampling interval: 10ms
  Thread calibration: mean lat.: 0.614ms, rate sampling interval: 10ms
  Thread calibration: mean lat.: 0.618ms, rate sampling interval: 10ms
  Thread calibration: mean lat.: 0.617ms, rate sampling interval: 10ms
  Thread calibration: mean lat.: 0.616ms, rate sampling interval: 10ms
  Thread calibration: mean lat.: 0.614ms, rate sampling interval: 10ms
  Thread calibration: mean lat.: 0.614ms, rate sampling interval: 10ms
  Thread calibration: mean lat.: 0.615ms, rate sampling interval: 10ms
  Thread calibration: mean lat.: 0.617ms, rate sampling interval: 10ms
  Thread calibration: mean lat.: 0.620ms, rate sampling interval: 10ms
  Thread calibration: mean lat.: 0.618ms, rate sampling interval: 10ms
  Thread calibration: mean lat.: 0.613ms, rate sampling interval: 10ms
  Thread calibration: mean lat.: 0.619ms, rate sampling interval: 10ms
  Thread calibration: mean lat.: 0.616ms, rate sampling interval: 10ms
  Thread calibration: mean lat.: 0.619ms, rate sampling interval: 10ms
  Thread calibration: mean lat.: 0.614ms, rate sampling interval: 10ms
  Thread calibration: mean lat.: 0.621ms, rate sampling interval: 10ms
  Thread calibration: mean lat.: 0.619ms, rate sampling interval: 10ms
  Thread calibration: mean lat.: 0.622ms, rate sampling interval: 10ms
  Thread calibration: mean lat.: 0.619ms, rate sampling interval: 10ms
  Thread calibration: mean lat.: 0.623ms, rate sampling interval: 10ms
  Thread calibration: mean lat.: 0.619ms, rate sampling interval: 10ms
  Thread calibration: mean lat.: 0.618ms, rate sampling interval: 10ms
  Thread calibration: mean lat.: 0.619ms, rate sampling interval: 10ms
  Thread calibration: mean lat.: 0.616ms, rate sampling interval: 10ms
  Thread calibration: mean lat.: 0.616ms, rate sampling interval: 10ms
  Thread calibration: mean lat.: 0.621ms, rate sampling interval: 10ms
  Thread calibration: mean lat.: 0.618ms, rate sampling interval: 10ms
  Thread calibration: mean lat.: 0.619ms, rate sampling interval: 10ms
  Thread calibration: mean lat.: 0.614ms, rate sampling interval: 10ms
  Thread calibration: mean lat.: 0.617ms, rate sampling interval: 10ms
  Thread calibration: mean lat.: 0.615ms, rate sampling interval: 10ms
  Thread calibration: mean lat.: 0.616ms, rate sampling interval: 10ms
  Thread calibration: mean lat.: 0.615ms, rate sampling interval: 10ms
  Thread calibration: mean lat.: 0.613ms, rate sampling interval: 10ms
  Thread calibration: mean lat.: 0.615ms, rate sampling interval: 10ms
  Thread calibration: mean lat.: 0.615ms, rate sampling interval: 10ms
  Thread calibration: mean lat.: 0.621ms, rate sampling interval: 10ms
  Thread calibration: mean lat.: 0.617ms, rate sampling interval: 10ms
  Thread calibration: mean lat.: 0.623ms, rate sampling interval: 10ms
  Thread calibration: mean lat.: 0.612ms, rate sampling interval: 10ms
  Thread calibration: mean lat.: 0.616ms, rate sampling interval: 10ms
  Thread calibration: mean lat.: 0.617ms, rate sampling interval: 10ms
  Thread calibration: mean lat.: 0.615ms, rate sampling interval: 10ms
  Thread calibration: mean lat.: 0.619ms, rate sampling interval: 10ms
  Thread calibration: mean lat.: 0.619ms, rate sampling interval: 10ms
  Thread calibration: mean lat.: 0.619ms, rate sampling interval: 10ms
  Thread calibration: mean lat.: 0.621ms, rate sampling interval: 10ms
  Thread calibration: mean lat.: 0.614ms, rate sampling interval: 10ms
  Thread calibration: mean lat.: 0.622ms, rate sampling interval: 10ms
  Thread calibration: mean lat.: 0.616ms, rate sampling interval: 10ms
  Thread calibration: mean lat.: 0.619ms, rate sampling interval: 10ms
  Thread calibration: mean lat.: 0.621ms, rate sampling interval: 10ms
  Thread calibration: mean lat.: 0.620ms, rate sampling interval: 10ms
  Thread calibration: mean lat.: 0.612ms, rate sampling interval: 10ms
  Thread calibration: mean lat.: 0.615ms, rate sampling interval: 10ms
  Thread calibration: mean lat.: 0.617ms, rate sampling interval: 10ms
  Thread calibration: mean lat.: 0.616ms, rate sampling interval: 10ms
  Thread calibration: mean lat.: 0.615ms, rate sampling interval: 10ms
  Thread calibration: mean lat.: 0.620ms, rate sampling interval: 10ms
  Thread calibration: mean lat.: 0.624ms, rate sampling interval: 10ms
  Thread calibration: mean lat.: 0.612ms, rate sampling interval: 10ms
  Thread calibration: mean lat.: 0.620ms, rate sampling interval: 10ms
  Thread Stats   Avg      Stdev     Max   +/- Stdev
    Latency   624.87us  291.40us   1.34ms   58.15%
    Req/Sec   439.82     39.41   555.00     78.52%
  Latency Distribution (HdrHistogram - Recorded Latency)
 50.000%  624.00us
 75.000%    0.88ms
 90.000%    1.03ms
 99.000%    1.13ms
 99.900%    1.17ms
 99.990%    1.20ms
 99.999%    1.22ms
100.000%    1.34ms

  Detailed Percentile spectrum:
       Value   Percentile   TotalCount 1/(1-Percentile)

       0.042     0.000000            1         1.00
       0.223     0.100000       100490         1.11
       0.323     0.200000       199276         1.25
       0.424     0.300000       298802         1.43
       0.525     0.400000       398771         1.67
       0.624     0.500000       497701         2.00
       0.674     0.550000       547611         2.22
       0.724     0.600000       597332         2.50
       0.775     0.650000       647675         2.86
       0.825     0.700000       696878         3.33
       0.876     0.750000       746547         4.00
       0.902     0.775000       771832         4.44
       0.927     0.800000       796359         5.00
       0.952     0.825000       821103         5.71
       0.978     0.850000       846652         6.67
       1.003     0.875000       871411         8.00
       1.015     0.887500       883132         8.89
       1.028     0.900000       895845        10.00
       1.041     0.912500       908609        11.43
       1.053     0.925000       920467        13.33
       1.066     0.937500       933372        16.00
       1.072     0.943750       939388        17.78
       1.078     0.950000       945486        20.00
       1.084     0.956250       951614        22.86
       1.091     0.962500       958567        26.67
       1.097     0.968750       964521        32.00
       1.100     0.971875       967513        35.56
       1.103     0.975000       970259        40.00
       1.107     0.978125       973742        45.71
       1.111     0.981250       976735        53.33
       1.116     0.984375       979912        64.00
       1.118     0.985938       980962        71.11
       1.122     0.987500       982759        80.00
       1.126     0.989062       984368        91.43
       1.130     0.990625       985701       106.67
       1.136     0.992188       987404       128.00
       1.139     0.992969       988164       142.22
       1.142     0.993750       988858       160.00
       1.145     0.994531       989521       182.86
       1.149     0.995313       990346       213.33
       1.154     0.996094       991220       256.00
       1.156     0.996484       991551       284.44
       1.158     0.996875       991906       320.00
       1.160     0.997266       992239       365.71
       1.163     0.997656       992702       426.67
       1.165     0.998047       992997       512.00
       1.167     0.998242       993249       568.89
       1.169     0.998437       993480       640.00
       1.170     0.998633       993589       731.43
       1.172     0.998828       993774       853.33
       1.174     0.999023       993972      1024.00
       1.176     0.999121       994111      1137.78
       1.177     0.999219       994178      1280.00
       1.179     0.999316       994302      1462.86
       1.181     0.999414       994392      1706.67
       1.183     0.999512       994483      2048.00
       1.184     0.999561       994531      2275.56
       1.185     0.999609       994564      2560.00
       1.186     0.999658       994604      2925.71
       1.188     0.999707       994665      3413.33
       1.189     0.999756       994694      4096.00
       1.190     0.999780       994718      4551.11
       1.191     0.999805       994742      5120.00
       1.193     0.999829       994776      5851.43
       1.195     0.999854       994802      6826.67
       1.197     0.999878       994828      8192.00
       1.197     0.999890       994828      9102.22
       1.199     0.999902       994854     10240.00
       1.199     0.999915       994854     11702.86
       1.201     0.999927       994868     13653.33
       1.202     0.999939       994881     16384.00
       1.202     0.999945       994881     18204.44
       1.203     0.999951       994887     20480.00
       1.204     0.999957       994893     23405.71
       1.206     0.999963       994901     27306.67
       1.208     0.999969       994905     32768.00
       1.210     0.999973       994909     36408.89
       1.213     0.999976       994913     40960.00
       1.214     0.999979       994918     46811.43
       1.214     0.999982       994918     54613.33
       1.215     0.999985       994920     65536.00
       1.216     0.999986       994922     72817.78
       1.220     0.999988       994925     81920.00
       1.220     0.999989       994925     93622.86
       1.221     0.999991       994927    109226.67
       1.223     0.999992       994928    131072.00
       1.224     0.999993       994929    145635.56
       1.224     0.999994       994929    163840.00
       1.225     0.999995       994930    187245.71
       1.226     0.999995       994931    218453.33
       1.242     0.999996       994932    262144.00
       1.242     0.999997       994932    291271.11
       1.242     0.999997       994932    327680.00
       1.258     0.999997       994933    374491.43
       1.258     0.999998       994933    436906.67
       1.272     0.999998       994934    524288.00
       1.272     0.999998       994934    582542.22
       1.272     0.999998       994934    655360.00
       1.272     0.999999       994934    748982.86
       1.272     0.999999       994934    873813.33
       1.339     0.999999       994935   1048576.00
       1.339     1.000000       994935          inf
#[Mean    =        0.625, StdDeviation   =        0.291]
#[Max     =        1.339, Total count    =       994935]
#[Buckets =           27, SubBuckets     =         2048]
----------------------------------------------------------
  1495331 requests in 29.82s, 116.94MB read
  Non-2xx or 3xx responses: 1495331
Requests/sec:  50139.25
Transfer/sec:      3.92MB
