Running 2m test @ http://127.0.0.1:8082
  120 threads and 120 connections
  Thread calibration: mean lat.: 3116.166ms, rate sampling interval: 13172ms
  Thread calibration: mean lat.: 3083.182ms, rate sampling interval: 13172ms
  Thread calibration: mean lat.: 3112.521ms, rate sampling interval: 13041ms
  Thread calibration: mean lat.: 3095.440ms, rate sampling interval: 13197ms
  Thread calibration: mean lat.: 3140.074ms, rate sampling interval: 13443ms
  Thread calibration: mean lat.: 3186.456ms, rate sampling interval: 13426ms
  Thread calibration: mean lat.: 3095.918ms, rate sampling interval: 13164ms
  Thread calibration: mean lat.: 3214.678ms, rate sampling interval: 13336ms
  Thread calibration: mean lat.: 3298.985ms, rate sampling interval: 13647ms
  Thread calibration: mean lat.: 3307.982ms, rate sampling interval: 13508ms
  Thread calibration: mean lat.: 3260.740ms, rate sampling interval: 13336ms
  Thread calibration: mean lat.: 3292.500ms, rate sampling interval: 13475ms
  Thread calibration: mean lat.: 3367.031ms, rate sampling interval: 13688ms
  Thread calibration: mean lat.: 3313.505ms, rate sampling interval: 13631ms
  Thread calibration: mean lat.: 3313.173ms, rate sampling interval: 13443ms
  Thread calibration: mean lat.: 3273.130ms, rate sampling interval: 13393ms
  Thread calibration: mean lat.: 3290.670ms, rate sampling interval: 13656ms
  Thread calibration: mean lat.: 3366.860ms, rate sampling interval: 13565ms
  Thread calibration: mean lat.: 3352.450ms, rate sampling interval: 13557ms
  Thread calibration: mean lat.: 3533.084ms, rate sampling interval: 13860ms
  Thread calibration: mean lat.: 3409.994ms, rate sampling interval: 13606ms
  Thread calibration: mean lat.: 3485.476ms, rate sampling interval: 13639ms
  Thread calibration: mean lat.: 3483.223ms, rate sampling interval: 13803ms
  Thread calibration: mean lat.: 3538.692ms, rate sampling interval: 13762ms
  Thread calibration: mean lat.: 3552.892ms, rate sampling interval: 13688ms
  Thread calibration: mean lat.: 3589.976ms, rate sampling interval: 13836ms
  Thread calibration: mean lat.: 3539.128ms, rate sampling interval: 13729ms
  Thread calibration: mean lat.: 3671.140ms, rate sampling interval: 13819ms
  Thread calibration: mean lat.: 3588.733ms, rate sampling interval: 13754ms
  Thread calibration: mean lat.: 3665.938ms, rate sampling interval: 13852ms
  Thread calibration: mean lat.: 3573.808ms, rate sampling interval: 13754ms
  Thread calibration: mean lat.: 3639.575ms, rate sampling interval: 13942ms
  Thread calibration: mean lat.: 3692.423ms, rate sampling interval: 13860ms
  Thread calibration: mean lat.: 3661.338ms, rate sampling interval: 13959ms
  Thread calibration: mean lat.: 3763.708ms, rate sampling interval: 13959ms
  Thread calibration: mean lat.: 3673.960ms, rate sampling interval: 13746ms
  Thread calibration: mean lat.: 3739.045ms, rate sampling interval: 13983ms
  Thread calibration: mean lat.: 3704.596ms, rate sampling interval: 13647ms
  Thread calibration: mean lat.: 3690.974ms, rate sampling interval: 13754ms
  Thread calibration: mean lat.: 3654.561ms, rate sampling interval: 14041ms
  Thread calibration: mean lat.: 3767.789ms, rate sampling interval: 13967ms
  Thread calibration: mean lat.: 3790.877ms, rate sampling interval: 14000ms
  Thread calibration: mean lat.: 3761.919ms, rate sampling interval: 13942ms
  Thread calibration: mean lat.: 3809.247ms, rate sampling interval: 14139ms
  Thread calibration: mean lat.: 3732.484ms, rate sampling interval: 13983ms
  Thread calibration: mean lat.: 3809.365ms, rate sampling interval: 13983ms
  Thread calibration: mean lat.: 3840.689ms, rate sampling interval: 14270ms
  Thread calibration: mean lat.: 3816.285ms, rate sampling interval: 13959ms
  Thread calibration: mean lat.: 3787.621ms, rate sampling interval: 14172ms
  Thread calibration: mean lat.: 3860.608ms, rate sampling interval: 14172ms
  Thread calibration: mean lat.: 3766.229ms, rate sampling interval: 13950ms
  Thread calibration: mean lat.: 3839.345ms, rate sampling interval: 14131ms
  Thread calibration: mean lat.: 3831.216ms, rate sampling interval: 14147ms
  Thread calibration: mean lat.: 3774.133ms, rate sampling interval: 14049ms
  Thread calibration: mean lat.: 3793.053ms, rate sampling interval: 13983ms
  Thread calibration: mean lat.: 3832.681ms, rate sampling interval: 13950ms
  Thread calibration: mean lat.: 3890.506ms, rate sampling interval: 14041ms
  Thread calibration: mean lat.: 3827.785ms, rate sampling interval: 14155ms
  Thread calibration: mean lat.: 3882.196ms, rate sampling interval: 14065ms
  Thread calibration: mean lat.: 3786.693ms, rate sampling interval: 13885ms
  Thread calibration: mean lat.: 3847.681ms, rate sampling interval: 14131ms
  Thread calibration: mean lat.: 3875.416ms, rate sampling interval: 13934ms
  Thread calibration: mean lat.: 3915.746ms, rate sampling interval: 14147ms
  Thread calibration: mean lat.: 3891.743ms, rate sampling interval: 14229ms
  Thread calibration: mean lat.: 3946.136ms, rate sampling interval: 14278ms
  Thread calibration: mean lat.: 3889.490ms, rate sampling interval: 14082ms
  Thread calibration: mean lat.: 3849.402ms, rate sampling interval: 14163ms
  Thread calibration: mean lat.: 3828.061ms, rate sampling interval: 14057ms
  Thread calibration: mean lat.: 3965.084ms, rate sampling interval: 14139ms
  Thread calibration: mean lat.: 3957.663ms, rate sampling interval: 14024ms
  Thread calibration: mean lat.: 3926.992ms, rate sampling interval: 14131ms
  Thread calibration: mean lat.: 3805.979ms, rate sampling interval: 13967ms
  Thread calibration: mean lat.: 3965.701ms, rate sampling interval: 14172ms
  Thread calibration: mean lat.: 3933.857ms, rate sampling interval: 14114ms
  Thread calibration: mean lat.: 3861.643ms, rate sampling interval: 14155ms
  Thread calibration: mean lat.: 3914.017ms, rate sampling interval: 13983ms
  Thread calibration: mean lat.: 3997.316ms, rate sampling interval: 14335ms
  Thread calibration: mean lat.: 4007.590ms, rate sampling interval: 14401ms
  Thread calibration: mean lat.: 3944.605ms, rate sampling interval: 14131ms
  Thread calibration: mean lat.: 3990.689ms, rate sampling interval: 14270ms
  Thread calibration: mean lat.: 3893.418ms, rate sampling interval: 14082ms
  Thread calibration: mean lat.: 3887.527ms, rate sampling interval: 14131ms
  Thread calibration: mean lat.: 3913.178ms, rate sampling interval: 14123ms
  Thread calibration: mean lat.: 4059.467ms, rate sampling interval: 14213ms
  Thread calibration: mean lat.: 3930.612ms, rate sampling interval: 14106ms
  Thread calibration: mean lat.: 3945.695ms, rate sampling interval: 14204ms
  Thread calibration: mean lat.: 3923.243ms, rate sampling interval: 14098ms
  Thread calibration: mean lat.: 3849.526ms, rate sampling interval: 14065ms
  Thread calibration: mean lat.: 4038.489ms, rate sampling interval: 14319ms
  Thread calibration: mean lat.: 4012.814ms, rate sampling interval: 14352ms
  Thread calibration: mean lat.: 3949.169ms, rate sampling interval: 14057ms
  Thread calibration: mean lat.: 3937.100ms, rate sampling interval: 14262ms
  Thread calibration: mean lat.: 3899.389ms, rate sampling interval: 14180ms
  Thread calibration: mean lat.: 3913.322ms, rate sampling interval: 14229ms
  Thread calibration: mean lat.: 3844.972ms, rate sampling interval: 13991ms
  Thread calibration: mean lat.: 3895.670ms, rate sampling interval: 14262ms
  Thread calibration: mean lat.: 3972.839ms, rate sampling interval: 14188ms
  Thread calibration: mean lat.: 3936.116ms, rate sampling interval: 14123ms
  Thread calibration: mean lat.: 4055.674ms, rate sampling interval: 14188ms
  Thread calibration: mean lat.: 3986.230ms, rate sampling interval: 14221ms
  Thread calibration: mean lat.: 3891.948ms, rate sampling interval: 14114ms
  Thread calibration: mean lat.: 3969.664ms, rate sampling interval: 14131ms
  Thread calibration: mean lat.: 3987.027ms, rate sampling interval: 14016ms
  Thread calibration: mean lat.: 3919.784ms, rate sampling interval: 14114ms
  Thread calibration: mean lat.: 4008.316ms, rate sampling interval: 14123ms
  Thread calibration: mean lat.: 4060.628ms, rate sampling interval: 14278ms
  Thread calibration: mean lat.: 3970.188ms, rate sampling interval: 14131ms
  Thread calibration: mean lat.: 4054.294ms, rate sampling interval: 14286ms
  Thread calibration: mean lat.: 3973.695ms, rate sampling interval: 14262ms
  Thread calibration: mean lat.: 3915.876ms, rate sampling interval: 14139ms
  Thread calibration: mean lat.: 3996.477ms, rate sampling interval: 14303ms
  Thread calibration: mean lat.: 3985.081ms, rate sampling interval: 14213ms
  Thread calibration: mean lat.: 4016.490ms, rate sampling interval: 14114ms
  Thread calibration: mean lat.: 4006.435ms, rate sampling interval: 14417ms
  Thread calibration: mean lat.: 3869.729ms, rate sampling interval: 14065ms
  Thread calibration: mean lat.: 3981.898ms, rate sampling interval: 14065ms
  Thread calibration: mean lat.: 3965.102ms, rate sampling interval: 14114ms
  Thread calibration: mean lat.: 4051.644ms, rate sampling interval: 14385ms
  Thread calibration: mean lat.: 3964.678ms, rate sampling interval: 14147ms
  Thread calibration: mean lat.: 3988.387ms, rate sampling interval: 14295ms
  Thread Stats   Avg      Stdev     Max   +/- Stdev
    Latency    39.24s    18.33s    1.19m    57.43%
    Req/Sec    84.82      1.67    90.00     86.61%
  Latency Distribution (HdrHistogram - Recorded Latency)
 50.000%   39.19s 
 75.000%    0.92m 
 90.000%    1.08m 
 99.000%    1.17m 
 99.900%    1.18m 
 99.990%    1.19m 
 99.999%    1.19m 
100.000%    1.19m 

  Detailed Percentile spectrum:
       Value   Percentile   TotalCount 1/(1-Percentile)

    7467.007     0.000000            1         1.00
   13934.591     0.100000        81516         1.11
   20152.319     0.200000       163064         1.25
   26411.007     0.300000       244702         1.43
   32718.847     0.400000       326183         1.67
   39190.527     0.500000       407900         2.00
   42369.023     0.550000       448448         2.22
   45547.519     0.600000       489105         2.50
   48758.783     0.650000       529838         2.86
   52002.815     0.700000       570763         3.33
   55214.079     0.750000       611427         4.00
   56819.711     0.775000       631777         4.44
   58458.111     0.800000       652422         5.00
   60063.743     0.825000       672618         5.71
   61669.375     0.850000       692962         6.67
   63275.007     0.875000       713456         8.00
   64061.439     0.887500       723480         8.89
   64815.103     0.900000       733848        10.00
   65535.999     0.912500       744109        11.43
   66256.895     0.925000       754209        13.33
   66977.791     0.937500       764341        16.00
   67371.007     0.943750       769929        17.78
   67698.687     0.950000       774542        20.00
   68091.903     0.956250       780013        22.86
   68419.583     0.962500       784617        26.67
   68812.799     0.968750       790213        32.00
   69009.407     0.971875       792952        35.56
   69140.479     0.975000       794812        40.00
   69337.087     0.978125       797598        45.71
   69533.695     0.981250       800384        53.33
   69730.303     0.984375       802919        64.00
   69795.839     0.985938       803708        71.11
   69926.911     0.987500       805162        80.00
   70057.983     0.989062       806586        91.43
   70189.055     0.990625       808020       106.67
   70320.127     0.992188       809237       128.00
   70385.663     0.992969       809762       142.22
   70451.199     0.993750       810291       160.00
   70516.735     0.994531       810824       182.86
   70582.271     0.995313       811418       213.33
   70647.807     0.996094       812007       256.00
   70713.343     0.996484       812602       284.44
   70713.343     0.996875       812602       320.00
   70778.879     0.997266       813146       365.71
   70844.415     0.997656       813663       426.67
   70844.415     0.998047       813663       512.00
   70844.415     0.998242       813663       568.89
   70909.951     0.998437       814132       640.00
   70909.951     0.998633       814132       731.43
   70909.951     0.998828       814132       853.33
   70975.487     0.999023       814520      1024.00
   70975.487     0.999121       814520      1137.78
   70975.487     0.999219       814520      1280.00
   70975.487     0.999316       814520      1462.86
   71041.023     0.999414       814788      1706.67
   71041.023     0.999512       814788      2048.00
   71041.023     0.999561       814788      2275.56
   71041.023     0.999609       814788      2560.00
   71106.559     0.999658       814933      2925.71
   71106.559     0.999707       814933      3413.33
   71106.559     0.999756       814933      4096.00
   71106.559     0.999780       814933      4551.11
   71106.559     0.999805       814933      5120.00
   71106.559     0.999829       814933      5851.43
   71172.095     0.999854       815005      6826.67
   71172.095     0.999878       815005      8192.00
   71172.095     0.999890       815005      9102.22
   71172.095     0.999902       815005     10240.00
   71172.095     0.999915       815005     11702.86
   71237.631     0.999927       815044     13653.33
   71237.631     0.999939       815044     16384.00
   71237.631     0.999945       815044     18204.44
   71237.631     0.999951       815044     20480.00
   71237.631     0.999957       815044     23405.71
   71237.631     0.999963       815044     27306.67
   71303.167     0.999969       815062     32768.00
   71303.167     0.999973       815062     36408.89
   71303.167     0.999976       815062     40960.00
   71303.167     0.999979       815062     46811.43
   71303.167     0.999982       815062     54613.33
   71303.167     0.999985       815062     65536.00
   71303.167     0.999986       815062     72817.78
   71368.703     0.999988       815069     81920.00
   71368.703     0.999989       815069     93622.86
   71368.703     0.999991       815069    109226.67
   71368.703     0.999992       815069    131072.00
   71368.703     0.999993       815069    145635.56
   71368.703     0.999994       815069    163840.00
   71368.703     0.999995       815069    187245.71
   71368.703     0.999995       815069    218453.33
   71368.703     0.999996       815069    262144.00
   71434.239     0.999997       815072    291271.11
   71434.239     1.000000       815072          inf
#[Mean    =    39235.762, StdDeviation   =    18327.489]
#[Max     =    71368.704, Total count    =       815072]
#[Buckets =           27, SubBuckets     =         2048]
----------------------------------------------------------
  924955 requests in 1.48m, 186.12MB read
Requests/sec:  10434.86
Transfer/sec:      2.10MB
