Running 30s test @ http://127.0.0.1:8082
  120 threads and 120 connections
  Thread calibration: mean lat.: 0.684ms, rate sampling interval: 10ms
  Thread calibration: mean lat.: 0.675ms, rate sampling interval: 10ms
  Thread calibration: mean lat.: 0.677ms, rate sampling interval: 10ms
  Thread calibration: mean lat.: 0.679ms, rate sampling interval: 10ms
  Thread calibration: mean lat.: 0.673ms, rate sampling interval: 10ms
  Thread calibration: mean lat.: 0.680ms, rate sampling interval: 10ms
  Thread calibration: mean lat.: 0.681ms, rate sampling interval: 10ms
  Thread calibration: mean lat.: 0.680ms, rate sampling interval: 10ms
  Thread calibration: mean lat.: 0.680ms, rate sampling interval: 10ms
  Thread calibration: mean lat.: 0.681ms, rate sampling interval: 10ms
  Thread calibration: mean lat.: 0.679ms, rate sampling interval: 10ms
  Thread calibration: mean lat.: 0.682ms, rate sampling interval: 10ms
  Thread calibration: mean lat.: 0.678ms, rate sampling interval: 10ms
  Thread calibration: mean lat.: 0.682ms, rate sampling interval: 10ms
  Thread calibration: mean lat.: 0.683ms, rate sampling interval: 10ms
  Thread calibration: mean lat.: 0.682ms, rate sampling interval: 10ms
  Thread calibration: mean lat.: 0.679ms, rate sampling interval: 10ms
  Thread calibration: mean lat.: 0.678ms, rate sampling interval: 10ms
  Thread calibration: mean lat.: 0.678ms, rate sampling interval: 10ms
  Thread calibration: mean lat.: 0.674ms, rate sampling interval: 10ms
  Thread calibration: mean lat.: 0.679ms, rate sampling interval: 10ms
  Thread calibration: mean lat.: 0.680ms, rate sampling interval: 10ms
  Thread calibration: mean lat.: 0.677ms, rate sampling interval: 10ms
  Thread calibration: mean lat.: 0.680ms, rate sampling interval: 10ms
  Thread calibration: mean lat.: 0.679ms, rate sampling interval: 10ms
  Thread calibration: mean lat.: 0.678ms, rate sampling interval: 10ms
  Thread calibration: mean lat.: 0.680ms, rate sampling interval: 10ms
  Thread calibration: mean lat.: 0.679ms, rate sampling interval: 10ms
  Thread calibration: mean lat.: 0.673ms, rate sampling interval: 10ms
  Thread calibration: mean lat.: 0.688ms, rate sampling interval: 10ms
  Thread calibration: mean lat.: 0.687ms, rate sampling interval: 10ms
  Thread calibration: mean lat.: 0.680ms, rate sampling interval: 10ms
  Thread calibration: mean lat.: 0.681ms, rate sampling interval: 10ms
  Thread calibration: mean lat.: 0.679ms, rate sampling interval: 10ms
  Thread calibration: mean lat.: 0.670ms, rate sampling interval: 10ms
  Thread calibration: mean lat.: 0.680ms, rate sampling interval: 10ms
  Thread calibration: mean lat.: 0.684ms, rate sampling interval: 10ms
  Thread calibration: mean lat.: 0.676ms, rate sampling interval: 10ms
  Thread calibration: mean lat.: 0.679ms, rate sampling interval: 10ms
  Thread calibration: mean lat.: 0.680ms, rate sampling interval: 10ms
  Thread calibration: mean lat.: 0.676ms, rate sampling interval: 10ms
  Thread calibration: mean lat.: 0.683ms, rate sampling interval: 10ms
  Thread calibration: mean lat.: 0.676ms, rate sampling interval: 10ms
  Thread calibration: mean lat.: 0.684ms, rate sampling interval: 10ms
  Thread calibration: mean lat.: 0.681ms, rate sampling interval: 10ms
  Thread calibration: mean lat.: 0.677ms, rate sampling interval: 10ms
  Thread calibration: mean lat.: 0.677ms, rate sampling interval: 10ms
  Thread calibration: mean lat.: 0.680ms, rate sampling interval: 10ms
  Thread calibration: mean lat.: 0.681ms, rate sampling interval: 10ms
  Thread calibration: mean lat.: 0.673ms, rate sampling interval: 10ms
  Thread calibration: mean lat.: 0.685ms, rate sampling interval: 10ms
  Thread calibration: mean lat.: 0.678ms, rate sampling interval: 10ms
  Thread calibration: mean lat.: 0.679ms, rate sampling interval: 10ms
  Thread calibration: mean lat.: 0.681ms, rate sampling interval: 10ms
  Thread calibration: mean lat.: 0.676ms, rate sampling interval: 10ms
  Thread calibration: mean lat.: 0.683ms, rate sampling interval: 10ms
  Thread calibration: mean lat.: 0.677ms, rate sampling interval: 10ms
  Thread calibration: mean lat.: 0.676ms, rate sampling interval: 10ms
  Thread calibration: mean lat.: 0.673ms, rate sampling interval: 10ms
  Thread calibration: mean lat.: 0.676ms, rate sampling interval: 10ms
  Thread calibration: mean lat.: 0.684ms, rate sampling interval: 10ms
  Thread calibration: mean lat.: 0.682ms, rate sampling interval: 10ms
  Thread calibration: mean lat.: 0.682ms, rate sampling interval: 10ms
  Thread calibration: mean lat.: 0.676ms, rate sampling interval: 10ms
  Thread calibration: mean lat.: 0.682ms, rate sampling interval: 10ms
  Thread calibration: mean lat.: 0.676ms, rate sampling interval: 10ms
  Thread calibration: mean lat.: 0.681ms, rate sampling interval: 10ms
  Thread calibration: mean lat.: 0.678ms, rate sampling interval: 10ms
  Thread calibration: mean lat.: 0.680ms, rate sampling interval: 10ms
  Thread calibration: mean lat.: 0.682ms, rate sampling interval: 10ms
  Thread calibration: mean lat.: 0.682ms, rate sampling interval: 10ms
  Thread calibration: mean lat.: 0.681ms, rate sampling interval: 10ms
  Thread calibration: mean lat.: 0.683ms, rate sampling interval: 10ms
  Thread calibration: mean lat.: 0.684ms, rate sampling interval: 10ms
  Thread calibration: mean lat.: 0.673ms, rate sampling interval: 10ms
  Thread calibration: mean lat.: 0.679ms, rate sampling interval: 10ms
  Thread calibration: mean lat.: 0.677ms, rate sampling interval: 10ms
  Thread calibration: mean lat.: 0.679ms, rate sampling interval: 10ms
  Thread calibration: mean lat.: 0.678ms, rate sampling interval: 10ms
  Thread calibration: mean lat.: 0.678ms, rate sampling interval: 10ms
  Thread calibration: mean lat.: 0.679ms, rate sampling interval: 10ms
  Thread calibration: mean lat.: 0.672ms, rate sampling interval: 10ms
  Thread calibration: mean lat.: 0.677ms, rate sampling interval: 10ms
  Thread calibration: mean lat.: 0.680ms, rate sampling interval: 10ms
  Thread calibration: mean lat.: 0.677ms, rate sampling interval: 10ms
  Thread calibration: mean lat.: 0.681ms, rate sampling interval: 10ms
  Thread calibration: mean lat.: 0.680ms, rate sampling interval: 10ms
  Thread calibration: mean lat.: 0.681ms, rate sampling interval: 10ms
  Thread calibration: mean lat.: 0.679ms, rate sampling interval: 10ms
  Thread calibration: mean lat.: 0.678ms, rate sampling interval: 10ms
  Thread calibration: mean lat.: 0.681ms, rate sampling interval: 10ms
  Thread calibration: mean lat.: 0.680ms, rate sampling interval: 10ms
  Thread calibration: mean lat.: 0.678ms, rate sampling interval: 10ms
  Thread calibration: mean lat.: 0.680ms, rate sampling interval: 10ms
  Thread calibration: mean lat.: 0.677ms, rate sampling interval: 10ms
  Thread calibration: mean lat.: 0.679ms, rate sampling interval: 10ms
  Thread calibration: mean lat.: 0.681ms, rate sampling interval: 10ms
  Thread calibration: mean lat.: 0.680ms, rate sampling interval: 10ms
  Thread calibration: mean lat.: 0.677ms, rate sampling interval: 10ms
  Thread calibration: mean lat.: 0.678ms, rate sampling interval: 10ms
  Thread calibration: mean lat.: 0.678ms, rate sampling interval: 10ms
  Thread calibration: mean lat.: 0.680ms, rate sampling interval: 10ms
  Thread calibration: mean lat.: 0.680ms, rate sampling interval: 10ms
  Thread calibration: mean lat.: 0.678ms, rate sampling interval: 10ms
  Thread calibration: mean lat.: 0.676ms, rate sampling interval: 10ms
  Thread calibration: mean lat.: 0.679ms, rate sampling interval: 10ms
  Thread calibration: mean lat.: 0.682ms, rate sampling interval: 10ms
  Thread calibration: mean lat.: 0.671ms, rate sampling interval: 10ms
  Thread calibration: mean lat.: 0.677ms, rate sampling interval: 10ms
  Thread calibration: mean lat.: 0.686ms, rate sampling interval: 10ms
  Thread calibration: mean lat.: 0.675ms, rate sampling interval: 10ms
  Thread calibration: mean lat.: 0.673ms, rate sampling interval: 10ms
  Thread calibration: mean lat.: 0.682ms, rate sampling interval: 10ms
  Thread calibration: mean lat.: 0.675ms, rate sampling interval: 10ms
  Thread calibration: mean lat.: 0.675ms, rate sampling interval: 10ms
  Thread calibration: mean lat.: 0.679ms, rate sampling interval: 10ms
  Thread calibration: mean lat.: 0.678ms, rate sampling interval: 10ms
  Thread calibration: mean lat.: 0.676ms, rate sampling interval: 10ms
  Thread calibration: mean lat.: 0.676ms, rate sampling interval: 10ms
  Thread calibration: mean lat.: 0.674ms, rate sampling interval: 10ms
  Thread Stats   Avg      Stdev     Max   +/- Stdev
    Latency   682.61us  294.84us   1.87ms   58.98%
    Req/Sec   449.58     38.67   555.00     61.50%
  Latency Distribution (HdrHistogram - Recorded Latency)
 50.000%  683.00us
 75.000%    0.93ms
 90.000%    1.08ms
 99.000%    1.22ms
 99.900%    1.32ms
 99.990%    1.45ms
 99.999%    1.58ms
100.000%    1.87ms

  Detailed Percentile spectrum:
       Value   Percentile   TotalCount 1/(1-Percentile)

       0.027     0.000000            1         1.00
       0.279     0.100000       100286         1.11
       0.381     0.200000       199610         1.25
       0.482     0.300000       299298         1.43
       0.582     0.400000       399040         1.67
       0.683     0.500000       498850         2.00
       0.733     0.550000       548749         2.22
       0.783     0.600000       599070         2.50
       0.832     0.650000       648244         2.86
       0.883     0.700000       698745         3.33
       0.933     0.750000       748138         4.00
       0.959     0.775000       773674         4.44
       0.984     0.800000       798543         5.00
       1.008     0.825000       822674         5.71
       1.033     0.850000       847598         6.67
       1.059     0.875000       873263         8.00
       1.071     0.887500       885177         8.89
       1.084     0.900000       897901        10.00
       1.097     0.912500       910587        11.43
       1.110     0.925000       923199        13.33
       1.123     0.937500       935019        16.00
       1.130     0.943750       941181        17.78
       1.138     0.950000       947779        20.00
       1.146     0.956250       953859        22.86
       1.155     0.962500       960001        26.67
       1.165     0.968750       966159        32.00
       1.171     0.971875       969459        35.56
       1.177     0.975000       972609        40.00
       1.183     0.978125       975305        45.71
       1.191     0.981250       978606        53.33
       1.200     0.984375       981792        64.00
       1.204     0.985938       983081        71.11
       1.210     0.987500       984805        80.00
       1.216     0.989062       986352        91.43
       1.223     0.990625       987910       106.67
       1.230     0.992188       989266       128.00
       1.235     0.992969       990079       142.22
       1.241     0.993750       990962       160.00
       1.246     0.994531       991627       182.86
       1.253     0.995313       992460       213.33
       1.260     0.996094       993158       256.00
       1.265     0.996484       993577       284.44
       1.270     0.996875       993954       320.00
       1.277     0.997266       994362       365.71
       1.284     0.997656       994734       426.67
       1.293     0.998047       995129       512.00
       1.297     0.998242       995300       568.89
       1.303     0.998437       995492       640.00
       1.309     0.998633       995693       731.43
       1.316     0.998828       995882       853.33
       1.325     0.999023       996080      1024.00
       1.330     0.999121       996177      1137.78
       1.336     0.999219       996265      1280.00
       1.343     0.999316       996369      1462.86
       1.351     0.999414       996468      1706.67
       1.361     0.999512       996557      2048.00
       1.366     0.999561       996609      2275.56
       1.372     0.999609       996659      2560.00
       1.380     0.999658       996706      2925.71
       1.392     0.999707       996751      3413.33
       1.402     0.999756       996802      4096.00
       1.408     0.999780       996828      4551.11
       1.415     0.999805       996848      5120.00
       1.422     0.999829       996871      5851.43
       1.431     0.999854       996895      6826.67
       1.447     0.999878       996921      8192.00
       1.451     0.999890       996932      9102.22
       1.458     0.999902       996944     10240.00
       1.467     0.999915       996957     11702.86
       1.475     0.999927       996968     13653.33
       1.492     0.999939       996981     16384.00
       1.504     0.999945       996987     18204.44
       1.509     0.999951       996993     20480.00
       1.515     0.999957       997000     23405.71
       1.527     0.999963       997005     27306.67
       1.534     0.999969       997011     32768.00
       1.538     0.999973       997014     36408.89
       1.543     0.999976       997017     40960.00
       1.550     0.999979       997020     46811.43
       1.554     0.999982       997023     54613.33
       1.566     0.999985       997026     65536.00
       1.576     0.999986       997028     72817.78
       1.578     0.999988       997029     81920.00
       1.582     0.999989       997031     93622.86
       1.598     0.999991       997032    109226.67
       1.613     0.999992       997034    131072.00
       1.616     0.999993       997035    145635.56
       1.616     0.999994       997035    163840.00
       1.644     0.999995       997036    187245.71
       1.648     0.999995       997037    218453.33
       1.654     0.999996       997038    262144.00
       1.654     0.999997       997038    291271.11
       1.654     0.999997       997038    327680.00
       1.675     0.999997       997039    374491.43
       1.675     0.999998       997039    436906.67
       1.702     0.999998       997040    524288.00
       1.702     0.999998       997040    582542.22
       1.702     0.999998       997040    655360.00
       1.702     0.999999       997040    748982.86
       1.702     0.999999       997040    873813.33
       1.874     0.999999       997041   1048576.00
       1.874     1.000000       997041          inf
#[Mean    =        0.683, StdDeviation   =        0.295]
#[Max     =        1.874, Total count    =       997041]
#[Buckets =           27, SubBuckets     =         2048]
----------------------------------------------------------
  1497438 requests in 29.90s, 117.10MB read
  Non-2xx or 3xx responses: 1497438
Requests/sec:  50081.49
Transfer/sec:      3.92MB
