Running 2m test @ http://127.0.0.1:8082
  120 threads and 120 connections
  Thread calibration: mean lat.: 0.690ms, rate sampling interval: 10ms
  Thread calibration: mean lat.: 0.690ms, rate sampling interval: 10ms
  Thread calibration: mean lat.: 0.690ms, rate sampling interval: 10ms
  Thread calibration: mean lat.: 0.687ms, rate sampling interval: 10ms
  Thread calibration: mean lat.: 0.691ms, rate sampling interval: 10ms
  Thread calibration: mean lat.: 0.690ms, rate sampling interval: 10ms
  Thread calibration: mean lat.: 0.691ms, rate sampling interval: 10ms
  Thread calibration: mean lat.: 0.688ms, rate sampling interval: 10ms
  Thread calibration: mean lat.: 0.694ms, rate sampling interval: 10ms
  Thread calibration: mean lat.: 0.687ms, rate sampling interval: 10ms
  Thread calibration: mean lat.: 0.687ms, rate sampling interval: 10ms
  Thread calibration: mean lat.: 0.692ms, rate sampling interval: 10ms
  Thread calibration: mean lat.: 0.692ms, rate sampling interval: 10ms
  Thread calibration: mean lat.: 0.685ms, rate sampling interval: 10ms
  Thread calibration: mean lat.: 0.689ms, rate sampling interval: 10ms
  Thread calibration: mean lat.: 0.694ms, rate sampling interval: 10ms
  Thread calibration: mean lat.: 0.691ms, rate sampling interval: 10ms
  Thread calibration: mean lat.: 0.680ms, rate sampling interval: 10ms
  Thread calibration: mean lat.: 0.690ms, rate sampling interval: 10ms
  Thread calibration: mean lat.: 0.684ms, rate sampling interval: 10ms
  Thread calibration: mean lat.: 0.681ms, rate sampling interval: 10ms
  Thread calibration: mean lat.: 0.691ms, rate sampling interval: 10ms
  Thread calibration: mean lat.: 0.689ms, rate sampling interval: 10ms
  Thread calibration: mean lat.: 0.687ms, rate sampling interval: 10ms
  Thread calibration: mean lat.: 0.690ms, rate sampling interval: 10ms
  Thread calibration: mean lat.: 0.685ms, rate sampling interval: 10ms
  Thread calibration: mean lat.: 0.690ms, rate sampling interval: 10ms
  Thread calibration: mean lat.: 0.690ms, rate sampling interval: 10ms
  Thread calibration: mean lat.: 0.691ms, rate sampling interval: 10ms
  Thread calibration: mean lat.: 0.700ms, rate sampling interval: 10ms
  Thread calibration: mean lat.: 0.698ms, rate sampling interval: 10ms
  Thread calibration: mean lat.: 0.690ms, rate sampling interval: 10ms
  Thread calibration: mean lat.: 0.690ms, rate sampling interval: 10ms
  Thread calibration: mean lat.: 0.684ms, rate sampling interval: 10ms
  Thread calibration: mean lat.: 0.692ms, rate sampling interval: 10ms
  Thread calibration: mean lat.: 0.689ms, rate sampling interval: 10ms
  Thread calibration: mean lat.: 0.688ms, rate sampling interval: 10ms
  Thread calibration: mean lat.: 0.689ms, rate sampling interval: 10ms
  Thread calibration: mean lat.: 0.691ms, rate sampling interval: 10ms
  Thread calibration: mean lat.: 0.687ms, rate sampling interval: 10ms
  Thread calibration: mean lat.: 0.688ms, rate sampling interval: 10ms
  Thread calibration: mean lat.: 0.692ms, rate sampling interval: 10ms
  Thread calibration: mean lat.: 0.689ms, rate sampling interval: 10ms
  Thread calibration: mean lat.: 0.690ms, rate sampling interval: 10ms
  Thread calibration: mean lat.: 0.691ms, rate sampling interval: 10ms
  Thread calibration: mean lat.: 0.686ms, rate sampling interval: 10ms
  Thread calibration: mean lat.: 0.688ms, rate sampling interval: 10ms
  Thread calibration: mean lat.: 0.687ms, rate sampling interval: 10ms
  Thread calibration: mean lat.: 0.690ms, rate sampling interval: 10ms
  Thread calibration: mean lat.: 0.690ms, rate sampling interval: 10ms
  Thread calibration: mean lat.: 0.689ms, rate sampling interval: 10ms
  Thread calibration: mean lat.: 0.692ms, rate sampling interval: 10ms
  Thread calibration: mean lat.: 0.692ms, rate sampling interval: 10ms
  Thread calibration: mean lat.: 0.684ms, rate sampling interval: 10ms
  Thread calibration: mean lat.: 0.679ms, rate sampling interval: 10ms
  Thread calibration: mean lat.: 0.681ms, rate sampling interval: 10ms
  Thread calibration: mean lat.: 0.686ms, rate sampling interval: 10ms
  Thread calibration: mean lat.: 0.682ms, rate sampling interval: 10ms
  Thread calibration: mean lat.: 0.684ms, rate sampling interval: 10ms
  Thread calibration: mean lat.: 0.680ms, rate sampling interval: 10ms
  Thread calibration: mean lat.: 0.678ms, rate sampling interval: 10ms
  Thread calibration: mean lat.: 0.692ms, rate sampling interval: 10ms
  Thread calibration: mean lat.: 0.692ms, rate sampling interval: 10ms
  Thread calibration: mean lat.: 0.677ms, rate sampling interval: 10ms
  Thread calibration: mean lat.: 0.676ms, rate sampling interval: 10ms
  Thread calibration: mean lat.: 0.675ms, rate sampling interval: 10ms
  Thread calibration: mean lat.: 0.674ms, rate sampling interval: 10ms
  Thread calibration: mean lat.: 0.677ms, rate sampling interval: 10ms
  Thread calibration: mean lat.: 0.676ms, rate sampling interval: 10ms
  Thread calibration: mean lat.: 0.680ms, rate sampling interval: 10ms
  Thread calibration: mean lat.: 0.676ms, rate sampling interval: 10ms
  Thread calibration: mean lat.: 0.679ms, rate sampling interval: 10ms
  Thread calibration: mean lat.: 0.677ms, rate sampling interval: 10ms
  Thread calibration: mean lat.: 0.675ms, rate sampling interval: 10ms
  Thread calibration: mean lat.: 0.676ms, rate sampling interval: 10ms
  Thread calibration: mean lat.: 0.679ms, rate sampling interval: 10ms
  Thread calibration: mean lat.: 0.679ms, rate sampling interval: 10ms
  Thread calibration: mean lat.: 0.678ms, rate sampling interval: 10ms
  Thread calibration: mean lat.: 0.676ms, rate sampling interval: 10ms
  Thread calibration: mean lat.: 0.683ms, rate sampling interval: 10ms
  Thread calibration: mean lat.: 0.676ms, rate sampling interval: 10ms
  Thread calibration: mean lat.: 0.677ms, rate sampling interval: 10ms
  Thread calibration: mean lat.: 0.682ms, rate sampling interval: 10ms
  Thread calibration: mean lat.: 0.674ms, rate sampling interval: 10ms
  Thread calibration: mean lat.: 0.680ms, rate sampling interval: 10ms
  Thread calibration: mean lat.: 0.682ms, rate sampling interval: 10ms
  Thread calibration: mean lat.: 0.680ms, rate sampling interval: 10ms
  Thread calibration: mean lat.: 0.680ms, rate sampling interval: 10ms
  Thread calibration: mean lat.: 0.678ms, rate sampling interval: 10ms
  Thread calibration: mean lat.: 0.679ms, rate sampling interval: 10ms
  Thread calibration: mean lat.: 0.675ms, rate sampling interval: 10ms
  Thread calibration: mean lat.: 0.680ms, rate sampling interval: 10ms
  Thread calibration: mean lat.: 0.672ms, rate sampling interval: 10ms
  Thread calibration: mean lat.: 0.674ms, rate sampling interval: 10ms
  Thread calibration: mean lat.: 0.673ms, rate sampling interval: 10ms
  Thread calibration: mean lat.: 0.677ms, rate sampling interval: 10ms
  Thread calibration: mean lat.: 0.675ms, rate sampling interval: 10ms
  Thread calibration: mean lat.: 0.674ms, rate sampling interval: 10ms
  Thread calibration: mean lat.: 0.679ms, rate sampling interval: 10ms
  Thread calibration: mean lat.: 0.679ms, rate sampling interval: 10ms
  Thread calibration: mean lat.: 0.675ms, rate sampling interval: 10ms
  Thread calibration: mean lat.: 0.677ms, rate sampling interval: 10ms
  Thread calibration: mean lat.: 0.682ms, rate sampling interval: 10ms
  Thread calibration: mean lat.: 0.682ms, rate sampling interval: 10ms
  Thread calibration: mean lat.: 0.680ms, rate sampling interval: 10ms
  Thread calibration: mean lat.: 0.681ms, rate sampling interval: 10ms
  Thread calibration: mean lat.: 0.679ms, rate sampling interval: 10ms
  Thread calibration: mean lat.: 0.678ms, rate sampling interval: 10ms
  Thread calibration: mean lat.: 0.680ms, rate sampling interval: 10ms
  Thread calibration: mean lat.: 0.675ms, rate sampling interval: 10ms
  Thread calibration: mean lat.: 0.679ms, rate sampling interval: 10ms
  Thread calibration: mean lat.: 0.675ms, rate sampling interval: 10ms
  Thread calibration: mean lat.: 0.676ms, rate sampling interval: 10ms
  Thread calibration: mean lat.: 0.684ms, rate sampling interval: 10ms
  Thread calibration: mean lat.: 0.678ms, rate sampling interval: 10ms
  Thread calibration: mean lat.: 0.681ms, rate sampling interval: 10ms
  Thread calibration: mean lat.: 0.677ms, rate sampling interval: 10ms
  Thread calibration: mean lat.: 0.682ms, rate sampling interval: 10ms
  Thread calibration: mean lat.: 0.689ms, rate sampling interval: 10ms
  Thread calibration: mean lat.: 0.679ms, rate sampling interval: 10ms
  Thread Stats   Avg      Stdev     Max   +/- Stdev
    Latency   690.27us  441.71us  30.96ms   87.35%
    Req/Sec   449.51     40.41     1.60k    61.30%
  Latency Distribution (HdrHistogram - Recorded Latency)
 50.000%  684.00us
 75.000%    0.94ms
 90.000%    1.09ms
 99.000%    1.23ms
 99.900%    1.39ms
 99.990%   20.72ms
 99.999%   29.18ms
100.000%   30.98ms

  Detailed Percentile spectrum:
       Value   Percentile   TotalCount 1/(1-Percentile)

       0.027     0.000000            1         1.00
       0.280     0.100000       402857         1.11
       0.382     0.200000       799508         1.25
       0.483     0.300000      1199249         1.43
       0.584     0.400000      1600119         1.67
       0.684     0.500000      1999074         2.00
       0.735     0.550000      2202308         2.22
       0.785     0.600000      2401254         2.50
       0.835     0.650000      2601873         2.86
       0.885     0.700000      2801651         3.33
       0.935     0.750000      3000115         4.00
       0.960     0.775000      3099614         4.44
       0.985     0.800000      3198495         5.00
       1.010     0.825000      3297875         5.71
       1.036     0.850000      3401294         6.67
       1.061     0.875000      3500307         8.00
       1.073     0.887500      3547821         8.89
       1.086     0.900000      3599083        10.00
       1.099     0.912500      3650340        11.43
       1.112     0.925000      3700648        13.33
       1.125     0.937500      3748933        16.00
       1.132     0.943750      3772939        17.78
       1.140     0.950000      3798668        20.00
       1.148     0.956250      3822546        22.86
       1.158     0.962500      3849146        26.67
       1.168     0.968750      3873139        32.00
       1.174     0.971875      3885955        35.56
       1.180     0.975000      3898074        40.00
       1.187     0.978125      3910391        45.71
       1.195     0.981250      3922998        53.33
       1.204     0.984375      3935331        64.00
       1.209     0.985938      3941335        71.11
       1.215     0.987500      3947702        80.00
       1.221     0.989062      3953534        91.43
       1.228     0.990625      3959450       106.67
       1.237     0.992188      3965734       128.00
       1.243     0.992969      3969208       142.22
       1.249     0.993750      3972301       160.00
       1.255     0.994531      3975058       182.86
       1.263     0.995313      3978167       213.33
       1.273     0.996094      3981360       256.00
       1.279     0.996484      3982999       284.44
       1.286     0.996875      3984563       320.00
       1.294     0.997266      3986030       365.71
       1.304     0.997656      3987544       426.67
       1.317     0.998047      3989108       512.00
       1.326     0.998242      3989902       568.89
       1.337     0.998437      3990681       640.00
       1.351     0.998633      3991454       731.43
       1.369     0.998828      3992208       853.33
       1.397     0.999023      3992985      1024.00
       1.419     0.999121      3993368      1137.78
       1.451     0.999219      3993753      1280.00
       1.500     0.999316      3994143      1462.86
       1.608     0.999414      3994533      1706.67
       2.259     0.999512      3994923      2048.00
       3.469     0.999561      3995118      2275.56
       5.367     0.999609      3995314      2560.00
       7.959     0.999658      3995508      2925.71
      10.599     0.999707      3995704      3413.33
      13.207     0.999756      3995899      4096.00
      14.415     0.999780      3995996      4551.11
      15.807     0.999805      3996095      5120.00
      17.103     0.999829      3996193      5851.43
      18.287     0.999854      3996289      6826.67
      19.631     0.999878      3996387      8192.00
      20.239     0.999890      3996438      9102.22
      20.847     0.999902      3996484     10240.00
      21.503     0.999915      3996533     11702.86
      22.063     0.999927      3996582     13653.33
      22.607     0.999939      3996632     16384.00
      23.039     0.999945      3996655     18204.44
      23.407     0.999951      3996680     20480.00
      23.759     0.999957      3996704     23405.71
      24.271     0.999963      3996728     27306.67
      25.391     0.999969      3996753     32768.00
      25.919     0.999973      3996765     36408.89
      26.575     0.999976      3996777     40960.00
      27.039     0.999979      3996789     46811.43
      27.583     0.999982      3996801     54613.33
      28.111     0.999985      3996814     65536.00
      28.399     0.999986      3996820     72817.78
      28.831     0.999988      3996826     81920.00
      29.087     0.999989      3996832     93622.86
      29.263     0.999991      3996838    109226.67
      29.343     0.999992      3996844    131072.00
      29.407     0.999993      3996847    145635.56
      29.519     0.999994      3996850    163840.00
      29.551     0.999995      3996853    187245.71
      29.647     0.999995      3996856    218453.33
      29.839     0.999996      3996859    262144.00
      29.871     0.999997      3996861    291271.11
      30.015     0.999997      3996862    327680.00
      30.095     0.999997      3996864    374491.43
      30.191     0.999998      3996865    436906.67
      30.335     0.999998      3996867    524288.00
      30.495     0.999998      3996868    582542.22
      30.495     0.999998      3996868    655360.00
      30.511     0.999999      3996869    748982.86
      30.543     0.999999      3996870    873813.33
      30.655     0.999999      3996871   1048576.00
      30.655     0.999999      3996871   1165084.44
      30.655     0.999999      3996871   1310720.00
      30.767     0.999999      3996872   1497965.71
      30.767     0.999999      3996872   1747626.67
      30.943     1.000000      3996873   2097152.00
      30.943     1.000000      3996873   2330168.89
      30.943     1.000000      3996873   2621440.00
      30.943     1.000000      3996873   2995931.43
      30.943     1.000000      3996873   3495253.33
      30.975     1.000000      3996874   4194304.00
      30.975     1.000000      3996874          inf
#[Mean    =        0.690, StdDeviation   =        0.442]
#[Max     =       30.960, Total count    =      3996874]
#[Buckets =           27, SubBuckets     =         2048]
----------------------------------------------------------
  4497270 requests in 1.50m, 351.69MB read
  Non-2xx or 3xx responses: 4497270
Requests/sec:  50028.43
Transfer/sec:      3.91MB
