Running 30s test @ http://127.0.0.1:8082
  120 threads and 120 connections
  Thread calibration: mean lat.: 0.679ms, rate sampling interval: 10ms
  Thread calibration: mean lat.: 0.678ms, rate sampling interval: 10ms
  Thread calibration: mean lat.: 0.676ms, rate sampling interval: 10ms
  Thread calibration: mean lat.: 0.676ms, rate sampling interval: 10ms
  Thread calibration: mean lat.: 0.677ms, rate sampling interval: 10ms
  Thread calibration: mean lat.: 0.677ms, rate sampling interval: 10ms
  Thread calibration: mean lat.: 0.676ms, rate sampling interval: 10ms
  Thread calibration: mean lat.: 0.679ms, rate sampling interval: 10ms
  Thread calibration: mean lat.: 0.678ms, rate sampling interval: 10ms
  Thread calibration: mean lat.: 0.680ms, rate sampling interval: 10ms
  Thread calibration: mean lat.: 0.675ms, rate sampling interval: 10ms
  Thread calibration: mean lat.: 0.677ms, rate sampling interval: 10ms
  Thread calibration: mean lat.: 0.676ms, rate sampling interval: 10ms
  Thread calibration: mean lat.: 0.674ms, rate sampling interval: 10ms
  Thread calibration: mean lat.: 0.679ms, rate sampling interval: 10ms
  Thread calibration: mean lat.: 0.678ms, rate sampling interval: 10ms
  Thread calibration: mean lat.: 0.679ms, rate sampling interval: 10ms
  Thread calibration: mean lat.: 0.679ms, rate sampling interval: 10ms
  Thread calibration: mean lat.: 0.677ms, rate sampling interval: 10ms
  Thread calibration: mean lat.: 0.680ms, rate sampling interval: 10ms
  Thread calibration: mean lat.: 0.681ms, rate sampling interval: 10ms
  Thread calibration: mean lat.: 0.678ms, rate sampling interval: 10ms
  Thread calibration: mean lat.: 0.680ms, rate sampling interval: 10ms
  Thread calibration: mean lat.: 0.673ms, rate sampling interval: 10ms
  Thread calibration: mean lat.: 0.674ms, rate sampling interval: 10ms
  Thread calibration: mean lat.: 0.672ms, rate sampling interval: 10ms
  Thread calibration: mean lat.: 0.674ms, rate sampling interval: 10ms
  Thread calibration: mean lat.: 0.679ms, rate sampling interval: 10ms
  Thread calibration: mean lat.: 0.673ms, rate sampling interval: 10ms
  Thread calibration: mean lat.: 0.682ms, rate sampling interval: 10ms
  Thread calibration: mean lat.: 0.679ms, rate sampling interval: 10ms
  Thread calibration: mean lat.: 0.674ms, rate sampling interval: 10ms
  Thread calibration: mean lat.: 0.675ms, rate sampling interval: 10ms
  Thread calibration: mean lat.: 0.679ms, rate sampling interval: 10ms
  Thread calibration: mean lat.: 0.680ms, rate sampling interval: 10ms
  Thread calibration: mean lat.: 0.680ms, rate sampling interval: 10ms
  Thread calibration: mean lat.: 0.679ms, rate sampling interval: 10ms
  Thread calibration: mean lat.: 0.679ms, rate sampling interval: 10ms
  Thread calibration: mean lat.: 0.678ms, rate sampling interval: 10ms
  Thread calibration: mean lat.: 0.678ms, rate sampling interval: 10ms
  Thread calibration: mean lat.: 0.678ms, rate sampling interval: 10ms
  Thread calibration: mean lat.: 0.681ms, rate sampling interval: 10ms
  Thread calibration: mean lat.: 0.673ms, rate sampling interval: 10ms
  Thread calibration: mean lat.: 0.675ms, rate sampling interval: 10ms
  Thread calibration: mean lat.: 0.678ms, rate sampling interval: 10ms
  Thread calibration: mean lat.: 0.674ms, rate sampling interval: 10ms
  Thread calibration: mean lat.: 0.678ms, rate sampling interval: 10ms
  Thread calibration: mean lat.: 0.677ms, rate sampling interval: 10ms
  Thread calibration: mean lat.: 0.678ms, rate sampling interval: 10ms
  Thread calibration: mean lat.: 0.680ms, rate sampling interval: 10ms
  Thread calibration: mean lat.: 0.673ms, rate sampling interval: 10ms
  Thread calibration: mean lat.: 0.680ms, rate sampling interval: 10ms
  Thread calibration: mean lat.: 0.677ms, rate sampling interval: 10ms
  Thread calibration: mean lat.: 0.676ms, rate sampling interval: 10ms
  Thread calibration: mean lat.: 0.682ms, rate sampling interval: 10ms
  Thread calibration: mean lat.: 0.681ms, rate sampling interval: 10ms
  Thread calibration: mean lat.: 0.681ms, rate sampling interval: 10ms
  Thread calibration: mean lat.: 0.678ms, rate sampling interval: 10ms
  Thread calibration: mean lat.: 0.679ms, rate sampling interval: 10ms
  Thread calibration: mean lat.: 0.677ms, rate sampling interval: 10ms
  Thread calibration: mean lat.: 0.678ms, rate sampling interval: 10ms
  Thread calibration: mean lat.: 0.690ms, rate sampling interval: 10ms
  Thread calibration: mean lat.: 0.690ms, rate sampling interval: 10ms
  Thread calibration: mean lat.: 0.676ms, rate sampling interval: 10ms
  Thread calibration: mean lat.: 0.680ms, rate sampling interval: 10ms
  Thread calibration: mean lat.: 0.678ms, rate sampling interval: 10ms
  Thread calibration: mean lat.: 0.682ms, rate sampling interval: 10ms
  Thread calibration: mean lat.: 0.682ms, rate sampling interval: 10ms
  Thread calibration: mean lat.: 0.674ms, rate sampling interval: 10ms
  Thread calibration: mean lat.: 0.681ms, rate sampling interval: 10ms
  Thread calibration: mean lat.: 0.679ms, rate sampling interval: 10ms
  Thread calibration: mean lat.: 0.679ms, rate sampling interval: 10ms
  Thread calibration: mean lat.: 0.680ms, rate sampling interval: 10ms
  Thread calibration: mean lat.: 0.678ms, rate sampling interval: 10ms
  Thread calibration: mean lat.: 0.678ms, rate sampling interval: 10ms
  Thread calibration: mean lat.: 0.673ms, rate sampling interval: 10ms
  Thread calibration: mean lat.: 0.676ms, rate sampling interval: 10ms
  Thread calibration: mean lat.: 0.681ms, rate sampling interval: 10ms
  Thread calibration: mean lat.: 0.678ms, rate sampling interval: 10ms
  Thread calibration: mean lat.: 0.675ms, rate sampling interval: 10ms
  Thread calibration: mean lat.: 0.679ms, rate sampling interval: 10ms
  Thread calibration: mean lat.: 0.682ms, rate sampling interval: 10ms
  Thread calibration: mean lat.: 0.677ms, rate sampling interval: 10ms
  Thread calibration: mean lat.: 0.675ms, rate sampling interval: 10ms
  Thread calibration: mean lat.: 0.684ms, rate sampling interval: 10ms
  Thread calibration: mean lat.: 0.671ms, rate sampling interval: 10ms
  Thread calibration: mean lat.: 0.674ms, rate sampling interval: 10ms
  Thread calibration: mean lat.: 0.682ms, rate sampling interval: 10ms
  Thread calibration: mean lat.: 0.678ms, rate sampling interval: 10ms
  Thread calibration: mean lat.: 0.676ms, rate sampling interval: 10ms
  Thread calibration: mean lat.: 0.679ms, rate sampling interval: 10ms
  Thread calibration: mean lat.: 0.678ms, rate sampling interval: 10ms
  Thread calibration: mean lat.: 0.678ms, rate sampling interval: 10ms
  Thread calibration: mean lat.: 0.675ms, rate sampling interval: 10ms
  Thread calibration: mean lat.: 0.678ms, rate sampling interval: 10ms
  Thread calibration: mean lat.: 0.676ms, rate sampling interval: 10ms
  Thread calibration: mean lat.: 0.675ms, rate sampling interval: 10ms
  Thread calibration: mean lat.: 0.676ms, rate sampling interval: 10ms
  Thread calibration: mean lat.: 0.676ms, rate sampling interval: 10ms
  Thread calibration: mean lat.: 0.677ms, rate sampling interval: 10ms
  Thread calibration: mean lat.: 0.682ms, rate sampling interval: 10ms
  Thread calibration: mean lat.: 0.674ms, rate sampling interval: 10ms
  Thread calibration: mean lat.: 0.681ms, rate sampling interval: 10ms
  Thread calibration: mean lat.: 0.676ms, rate sampling interval: 10ms
  Thread calibration: mean lat.: 0.678ms, rate sampling interval: 10ms
  Thread calibration: mean lat.: 0.676ms, rate sampling interval: 10ms
  Thread calibration: mean lat.: 0.674ms, rate sampling interval: 10ms
  Thread calibration: mean lat.: 0.680ms, rate sampling interval: 10ms
  Thread calibration: mean lat.: 0.678ms, rate sampling interval: 10ms
  Thread calibration: mean lat.: 0.679ms, rate sampling interval: 10ms
  Thread calibration: mean lat.: 0.677ms, rate sampling interval: 10ms
  Thread calibration: mean lat.: 0.675ms, rate sampling interval: 10ms
  Thread calibration: mean lat.: 0.674ms, rate sampling interval: 10ms
  Thread calibration: mean lat.: 0.678ms, rate sampling interval: 10ms
  Thread calibration: mean lat.: 0.679ms, rate sampling interval: 10ms
  Thread calibration: mean lat.: 0.678ms, rate sampling interval: 10ms
  Thread calibration: mean lat.: 0.680ms, rate sampling interval: 10ms
  Thread calibration: mean lat.: 0.680ms, rate sampling interval: 10ms
  Thread calibration: mean lat.: 0.680ms, rate sampling interval: 10ms
  Thread calibration: mean lat.: 0.678ms, rate sampling interval: 10ms
  Thread Stats   Avg      Stdev     Max   +/- Stdev
    Latency   690.21us  463.99us  29.44ms   90.97%
    Req/Sec   449.52     39.45     1.67k    61.21%
  Latency Distribution (HdrHistogram - Recorded Latency)
 50.000%  684.00us
 75.000%    0.94ms
 90.000%    1.09ms
 99.000%    1.22ms
 99.900%    1.37ms
 99.990%   23.44ms
 99.999%   28.82ms
100.000%   29.45ms

  Detailed Percentile spectrum:
       Value   Percentile   TotalCount 1/(1-Percentile)

       0.025     0.000000            1         1.00
       0.280     0.100000       100451         1.11
       0.382     0.200000       199893         1.25
       0.483     0.300000       299251         1.43
       0.584     0.400000       399815         1.67
       0.684     0.500000       498947         2.00
       0.734     0.550000       548663         2.22
       0.784     0.600000       598573         2.50
       0.834     0.650000       648408         2.86
       0.884     0.700000       697962         3.33
       0.935     0.750000       748606         4.00
       0.960     0.775000       773607         4.44
       0.985     0.800000       798535         5.00
       1.010     0.825000       823427         5.71
       1.035     0.850000       848057         6.67
       1.060     0.875000       872795         8.00
       1.073     0.887500       885495         8.89
       1.086     0.900000       898222        10.00
       1.098     0.912500       909916        11.43
       1.111     0.925000       922617        13.33
       1.125     0.937500       935576        16.00
       1.132     0.943750       941651        17.78
       1.139     0.950000       947368        20.00
       1.148     0.956250       954151        22.86
       1.157     0.962500       960209        26.67
       1.167     0.968750       966222        32.00
       1.173     0.971875       969440        35.56
       1.179     0.975000       972478        40.00
       1.186     0.978125       975582        45.71
       1.193     0.981250       978416        53.33
       1.203     0.984375       981733        64.00
       1.208     0.985938       983265        71.11
       1.213     0.987500       984666        80.00
       1.220     0.989062       986392        91.43
       1.227     0.990625       987831       106.67
       1.236     0.992188       989426       128.00
       1.240     0.992969       990078       142.22
       1.246     0.993750       990903       160.00
       1.252     0.994531       991618       182.86
       1.260     0.995313       992456       213.33
       1.269     0.996094       993234       256.00
       1.274     0.996484       993570       284.44
       1.280     0.996875       993955       320.00
       1.288     0.997266       994342       365.71
       1.298     0.997656       994750       426.67
       1.310     0.998047       995141       512.00
       1.318     0.998242       995324       568.89
       1.327     0.998437       995511       640.00
       1.339     0.998633       995709       731.43
       1.353     0.998828       995899       853.33
       1.374     0.999023       996096      1024.00
       1.389     0.999121       996190      1137.78
       1.407     0.999219       996285      1280.00
       1.435     0.999316       996382      1462.86
       1.480     0.999414       996478      1706.67
       1.649     0.999512       996575      2048.00
       2.619     0.999561       996623      2275.56
       4.655     0.999609       996672      2560.00
       7.611     0.999658       996721      2925.71
      10.903     0.999707       996769      3413.33
      14.295     0.999756       996818      4096.00
      15.775     0.999780       996843      4551.11
      17.231     0.999805       996867      5120.00
      18.799     0.999829       996891      5851.43
      20.511     0.999854       996916      6826.67
      22.031     0.999878       996940      8192.00
      22.927     0.999890       996953      9102.22
      23.631     0.999902       996964     10240.00
      24.399     0.999915       996976     11702.86
      25.391     0.999927       996988     13653.33
      25.807     0.999939       997001     16384.00
      26.399     0.999945       997007     18204.44
      26.735     0.999951       997013     20480.00
      27.071     0.999957       997019     23405.71
      27.503     0.999963       997025     27306.67
      27.887     0.999969       997032     32768.00
      27.967     0.999973       997034     36408.89
      28.063     0.999976       997037     40960.00
      28.159     0.999979       997041     46811.43
      28.239     0.999982       997043     54613.33
      28.383     0.999985       997046     65536.00
      28.495     0.999986       997048     72817.78
      28.511     0.999988       997049     81920.00
      28.815     0.999989       997051     93622.86
      29.023     0.999991       997053    109226.67
      29.151     0.999992       997054    131072.00
      29.215     0.999993       997055    145635.56
      29.215     0.999994       997055    163840.00
      29.231     0.999995       997056    187245.71
      29.295     0.999995       997057    218453.33
      29.407     0.999996       997058    262144.00
      29.407     0.999997       997058    291271.11
      29.407     0.999997       997058    327680.00
      29.423     0.999997       997059    374491.43
      29.423     0.999998       997059    436906.67
      29.439     0.999998       997060    524288.00
      29.439     0.999998       997060    582542.22
      29.439     0.999998       997060    655360.00
      29.439     0.999999       997060    748982.86
      29.439     0.999999       997060    873813.33
      29.455     0.999999       997061   1048576.00
      29.455     1.000000       997061          inf
#[Mean    =        0.690, StdDeviation   =        0.464]
#[Max     =       29.440, Total count    =       997061]
#[Buckets =           27, SubBuckets     =         2048]
----------------------------------------------------------
  1497456 requests in 29.90s, 117.10MB read
  Non-2xx or 3xx responses: 1497456
Requests/sec:  50083.47
Transfer/sec:      3.92MB
