Running 30s test @ http://127.0.0.1:8082
  120 threads and 120 connections
  Thread calibration: mean lat.: 0.689ms, rate sampling interval: 10ms
  Thread calibration: mean lat.: 0.681ms, rate sampling interval: 10ms
  Thread calibration: mean lat.: 0.669ms, rate sampling interval: 10ms
  Thread calibration: mean lat.: 0.670ms, rate sampling interval: 10ms
  Thread calibration: mean lat.: 0.675ms, rate sampling interval: 10ms
  Thread calibration: mean lat.: 0.670ms, rate sampling interval: 10ms
  Thread calibration: mean lat.: 0.676ms, rate sampling interval: 10ms
  Thread calibration: mean lat.: 0.681ms, rate sampling interval: 10ms
  Thread calibration: mean lat.: 0.676ms, rate sampling interval: 10ms
  Thread calibration: mean lat.: 0.680ms, rate sampling interval: 10ms
  Thread calibration: mean lat.: 0.690ms, rate sampling interval: 10ms
  Thread calibration: mean lat.: 0.689ms, rate sampling interval: 10ms
  Thread calibration: mean lat.: 0.696ms, rate sampling interval: 10ms
  Thread calibration: mean lat.: 0.702ms, rate sampling interval: 10ms
  Thread calibration: mean lat.: 0.698ms, rate sampling interval: 10ms
  Thread calibration: mean lat.: 0.705ms, rate sampling interval: 10ms
  Thread calibration: mean lat.: 0.693ms, rate sampling interval: 10ms
  Thread calibration: mean lat.: 0.694ms, rate sampling interval: 10ms
  Thread calibration: mean lat.: 0.702ms, rate sampling interval: 10ms
  Thread calibration: mean lat.: 0.697ms, rate sampling interval: 10ms
  Thread calibration: mean lat.: 0.701ms, rate sampling interval: 10ms
  Thread calibration: mean lat.: 0.699ms, rate sampling interval: 10ms
  Thread calibration: mean lat.: 0.701ms, rate sampling interval: 10ms
  Thread calibration: mean lat.: 0.700ms, rate sampling interval: 10ms
  Thread calibration: mean lat.: 0.699ms, rate sampling interval: 10ms
  Thread calibration: mean lat.: 0.685ms, rate sampling interval: 10ms
  Thread calibration: mean lat.: 0.697ms, rate sampling interval: 10ms
  Thread calibration: mean lat.: 0.701ms, rate sampling interval: 10ms
  Thread calibration: mean lat.: 0.700ms, rate sampling interval: 10ms
  Thread calibration: mean lat.: 0.689ms, rate sampling interval: 10ms
  Thread calibration: mean lat.: 0.685ms, rate sampling interval: 10ms
  Thread calibration: mean lat.: 0.690ms, rate sampling interval: 10ms
  Thread calibration: mean lat.: 0.694ms, rate sampling interval: 10ms
  Thread calibration: mean lat.: 0.679ms, rate sampling interval: 10ms
  Thread calibration: mean lat.: 0.694ms, rate sampling interval: 10ms
  Thread calibration: mean lat.: 0.695ms, rate sampling interval: 10ms
  Thread calibration: mean lat.: 0.690ms, rate sampling interval: 10ms
  Thread calibration: mean lat.: 0.690ms, rate sampling interval: 10ms
  Thread calibration: mean lat.: 0.668ms, rate sampling interval: 10ms
  Thread calibration: mean lat.: 0.670ms, rate sampling interval: 10ms
  Thread calibration: mean lat.: 0.673ms, rate sampling interval: 10ms
  Thread calibration: mean lat.: 0.673ms, rate sampling interval: 10ms
  Thread calibration: mean lat.: 0.688ms, rate sampling interval: 10ms
  Thread calibration: mean lat.: 0.702ms, rate sampling interval: 10ms
  Thread calibration: mean lat.: 0.700ms, rate sampling interval: 10ms
  Thread calibration: mean lat.: 0.707ms, rate sampling interval: 10ms
  Thread calibration: mean lat.: 0.694ms, rate sampling interval: 10ms
  Thread calibration: mean lat.: 0.704ms, rate sampling interval: 10ms
  Thread calibration: mean lat.: 0.704ms, rate sampling interval: 10ms
  Thread calibration: mean lat.: 0.687ms, rate sampling interval: 10ms
  Thread calibration: mean lat.: 0.679ms, rate sampling interval: 10ms
  Thread calibration: mean lat.: 0.699ms, rate sampling interval: 10ms
  Thread calibration: mean lat.: 0.696ms, rate sampling interval: 10ms
  Thread calibration: mean lat.: 0.700ms, rate sampling interval: 10ms
  Thread calibration: mean lat.: 0.678ms, rate sampling interval: 10ms
  Thread calibration: mean lat.: 0.684ms, rate sampling interval: 10ms
  Thread calibration: mean lat.: 0.692ms, rate sampling interval: 10ms
  Thread calibration: mean lat.: 0.672ms, rate sampling interval: 10ms
  Thread calibration: mean lat.: 0.687ms, rate sampling interval: 10ms
  Thread calibration: mean lat.: 0.698ms, rate sampling interval: 10ms
  Thread calibration: mean lat.: 0.680ms, rate sampling interval: 10ms
  Thread calibration: mean lat.: 0.694ms, rate sampling interval: 10ms
  Thread calibration: mean lat.: 0.675ms, rate sampling interval: 10ms
  Thread calibration: mean lat.: 0.699ms, rate sampling interval: 10ms
  Thread calibration: mean lat.: 0.701ms, rate sampling interval: 10ms
  Thread calibration: mean lat.: 0.700ms, rate sampling interval: 10ms
  Thread calibration: mean lat.: 0.698ms, rate sampling interval: 10ms
  Thread calibration: mean lat.: 0.701ms, rate sampling interval: 10ms
  Thread calibration: mean lat.: 0.707ms, rate sampling interval: 10ms
  Thread calibration: mean lat.: 0.675ms, rate sampling interval: 10ms
  Thread calibration: mean lat.: 0.681ms, rate sampling interval: 10ms
  Thread calibration: mean lat.: 0.677ms, rate sampling interval: 10ms
  Thread calibration: mean lat.: 0.679ms, rate sampling interval: 10ms
  Thread calibration: mean lat.: 0.678ms, rate sampling interval: 10ms
  Thread calibration: mean lat.: 0.693ms, rate sampling interval: 10ms
  Thread calibration: mean lat.: 0.703ms, rate sampling interval: 10ms
  Thread calibration: mean lat.: 0.698ms, rate sampling interval: 10ms
  Thread calibration: mean lat.: 0.701ms, rate sampling interval: 10ms
  Thread calibration: mean lat.: 0.703ms, rate sampling interval: 10ms
  Thread calibration: mean lat.: 0.697ms, rate sampling interval: 10ms
  Thread calibration: mean lat.: 0.677ms, rate sampling interval: 10ms
  Thread calibration: mean lat.: 0.675ms, rate sampling interval: 10ms
  Thread calibration: mean lat.: 0.673ms, rate sampling interval: 10ms
  Thread calibration: mean lat.: 0.671ms, rate sampling interval: 10ms
  Thread calibration: mean lat.: 0.676ms, rate sampling interval: 10ms
  Thread calibration: mean lat.: 0.671ms, rate sampling interval: 10ms
  Thread calibration: mean lat.: 0.677ms, rate sampling interval: 10ms
  Thread calibration: mean lat.: 0.671ms, rate sampling interval: 10ms
  Thread calibration: mean lat.: 0.672ms, rate sampling interval: 10ms
  Thread calibration: mean lat.: 0.673ms, rate sampling interval: 10ms
  Thread calibration: mean lat.: 0.670ms, rate sampling interval: 10ms
  Thread calibration: mean lat.: 0.682ms, rate sampling interval: 10ms
  Thread calibration: mean lat.: 0.702ms, rate sampling interval: 10ms
  Thread calibration: mean lat.: 0.698ms, rate sampling interval: 10ms
  Thread calibration: mean lat.: 0.695ms, rate sampling interval: 10ms
  Thread calibration: mean lat.: 0.687ms, rate sampling interval: 10ms
  Thread calibration: mean lat.: 0.681ms, rate sampling interval: 10ms
  Thread calibration: mean lat.: 0.681ms, rate sampling interval: 10ms
  Thread calibration: mean lat.: 0.680ms, rate sampling interval: 10ms
  Thread calibration: mean lat.: 0.677ms, rate sampling interval: 10ms
  Thread calibration: mean lat.: 0.667ms, rate sampling interval: 10ms
  Thread calibration: mean lat.: 0.670ms, rate sampling interval: 10ms
  Thread calibration: mean lat.: 0.675ms, rate sampling interval: 10ms
  Thread calibration: mean lat.: 0.675ms, rate sampling interval: 10ms
  Thread calibration: mean lat.: 0.675ms, rate sampling interval: 10ms
  Thread calibration: mean lat.: 0.680ms, rate sampling interval: 10ms
  Thread calibration: mean lat.: 0.694ms, rate sampling interval: 10ms
  Thread calibration: mean lat.: 0.694ms, rate sampling interval: 10ms
  Thread calibration: mean lat.: 0.686ms, rate sampling interval: 10ms
  Thread calibration: mean lat.: 0.679ms, rate sampling interval: 10ms
  Thread calibration: mean lat.: 0.667ms, rate sampling interval: 10ms
  Thread calibration: mean lat.: 0.672ms, rate sampling interval: 10ms
  Thread calibration: mean lat.: 0.682ms, rate sampling interval: 10ms
  Thread calibration: mean lat.: 0.699ms, rate sampling interval: 10ms
  Thread calibration: mean lat.: 0.692ms, rate sampling interval: 10ms
  Thread calibration: mean lat.: 0.685ms, rate sampling interval: 10ms
  Thread calibration: mean lat.: 0.675ms, rate sampling interval: 10ms
  Thread calibration: mean lat.: 0.668ms, rate sampling interval: 10ms
  Thread calibration: mean lat.: 0.671ms, rate sampling interval: 10ms
  Thread calibration: mean lat.: 0.670ms, rate sampling interval: 10ms
  Thread Stats   Avg      Stdev     Max   +/- Stdev
    Latency   690.89us  295.97us   1.76ms   59.25%
    Req/Sec   448.79     39.32   555.00     60.06%
  Latency Distribution (HdrHistogram - Recorded Latency)
 50.000%  693.00us
 75.000%    0.94ms
 90.000%    1.09ms
 99.000%    1.24ms
 99.900%    1.38ms
 99.990%    1.54ms
 99.999%    1.64ms
100.000%    1.76ms

  Detailed Percentile spectrum:
       Value   Percentile   TotalCount 1/(1-Percentile)

       0.034     0.000000            1         1.00
       0.284     0.100000        98252         1.11
       0.389     0.200000       195823         1.25
       0.492     0.300000       294235         1.43
       0.593     0.400000       391835         1.67
       0.693     0.500000       489577         2.00
       0.742     0.550000       537817         2.22
       0.792     0.600000       586724         2.50
       0.842     0.650000       635899         2.86
       0.891     0.700000       684620         3.33
       0.940     0.750000       733285         4.00
       0.966     0.775000       758566         4.44
       0.991     0.800000       782760         5.00
       1.016     0.825000       806961         5.71
       1.041     0.850000       831150         6.67
       1.066     0.875000       855738         8.00
       1.078     0.887500       867890         8.89
       1.091     0.900000       880508        10.00
       1.103     0.912500       892213        11.43
       1.116     0.925000       904830        13.33
       1.129     0.937500       916727        16.00
       1.137     0.943750       923399        17.78
       1.144     0.950000       928816        20.00
       1.153     0.956250       935351        22.86
       1.162     0.962500       941086        26.67
       1.173     0.968750       947273        32.00
       1.179     0.971875       950236        35.56
       1.186     0.975000       953582        40.00
       1.193     0.978125       956497        45.71
       1.202     0.981250       959693        53.33
       1.211     0.984375       962475        64.00
       1.217     0.985938       964140        71.11
       1.223     0.987500       965566        80.00
       1.230     0.989062       967009        91.43
       1.239     0.990625       968649       106.67
       1.249     0.992188       970167       128.00
       1.254     0.992969       970822       142.22
       1.261     0.993750       971649       160.00
       1.269     0.994531       972455       182.86
       1.277     0.995313       973206       213.33
       1.287     0.996094       973879       256.00
       1.294     0.996484       974311       284.44
       1.301     0.996875       974689       320.00
       1.309     0.997266       975057       365.71
       1.319     0.997656       975409       426.67
       1.332     0.998047       975793       512.00
       1.339     0.998242       975987       568.89
       1.347     0.998437       976177       640.00
       1.357     0.998633       976368       731.43
       1.368     0.998828       976558       853.33
       1.382     0.999023       976754      1024.00
       1.389     0.999121       976837      1137.78
       1.399     0.999219       976931      1280.00
       1.409     0.999316       977028      1462.86
       1.420     0.999414       977126      1706.67
       1.434     0.999512       977216      2048.00
       1.442     0.999561       977270      2275.56
       1.449     0.999609       977314      2560.00
       1.458     0.999658       977361      2925.71
       1.470     0.999707       977407      3413.33
       1.481     0.999756       977456      4096.00
       1.488     0.999780       977480      4551.11
       1.495     0.999805       977504      5120.00
       1.503     0.999829       977528      5851.43
       1.513     0.999854       977551      6826.67
       1.525     0.999878       977576      8192.00
       1.531     0.999890       977586      9102.22
       1.540     0.999902       977599     10240.00
       1.547     0.999915       977612     11702.86
       1.556     0.999927       977622     13653.33
       1.568     0.999939       977634     16384.00
       1.575     0.999945       977640     18204.44
       1.580     0.999951       977646     20480.00
       1.584     0.999957       977654     23405.71
       1.591     0.999963       977658     27306.67
       1.600     0.999969       977664     32768.00
       1.605     0.999973       977668     36408.89
       1.606     0.999976       977671     40960.00
       1.612     0.999979       977673     46811.43
       1.623     0.999982       977677     54613.33
       1.631     0.999985       977679     65536.00
       1.632     0.999986       977680     72817.78
       1.638     0.999988       977682     81920.00
       1.639     0.999989       977683     93622.86
       1.654     0.999991       977685    109226.67
       1.655     0.999992       977686    131072.00
       1.670     0.999993       977687    145635.56
       1.672     0.999994       977688    163840.00
       1.672     0.999995       977688    187245.71
       1.680     0.999995       977689    218453.33
       1.711     0.999996       977690    262144.00
       1.711     0.999997       977690    291271.11
       1.715     0.999997       977691    327680.00
       1.715     0.999997       977691    374491.43
       1.715     0.999998       977691    436906.67
       1.751     0.999998       977692    524288.00
       1.751     0.999998       977692    582542.22
       1.751     0.999998       977692    655360.00
       1.751     0.999999       977692    748982.86
       1.751     0.999999       977692    873813.33
       1.758     0.999999       977693   1048576.00
       1.758     1.000000       977693          inf
#[Mean    =        0.691, StdDeviation   =        0.296]
#[Max     =        1.758, Total count    =       977693]
#[Buckets =           27, SubBuckets     =         2048]
----------------------------------------------------------
  1478088 requests in 29.12s, 115.59MB read
  Non-2xx or 3xx responses: 1478088
Requests/sec:  50754.82
Transfer/sec:      3.97MB
