Running 30s test @ http://127.0.0.1:8082
  120 threads and 120 connections
  Thread calibration: mean lat.: 0.607ms, rate sampling interval: 10ms
  Thread calibration: mean lat.: 0.614ms, rate sampling interval: 10ms
  Thread calibration: mean lat.: 0.613ms, rate sampling interval: 10ms
  Thread calibration: mean lat.: 0.608ms, rate sampling interval: 10ms
  Thread calibration: mean lat.: 0.617ms, rate sampling interval: 10ms
  Thread calibration: mean lat.: 0.614ms, rate sampling interval: 10ms
  Thread calibration: mean lat.: 0.616ms, rate sampling interval: 10ms
  Thread calibration: mean lat.: 0.616ms, rate sampling interval: 10ms
  Thread calibration: mean lat.: 0.617ms, rate sampling interval: 10ms
  Thread calibration: mean lat.: 0.614ms, rate sampling interval: 10ms
  Thread calibration: mean lat.: 0.609ms, rate sampling interval: 10ms
  Thread calibration: mean lat.: 0.616ms, rate sampling interval: 10ms
  Thread calibration: mean lat.: 0.613ms, rate sampling interval: 10ms
  Thread calibration: mean lat.: 0.616ms, rate sampling interval: 10ms
  Thread calibration: mean lat.: 0.610ms, rate sampling interval: 10ms
  Thread calibration: mean lat.: 0.612ms, rate sampling interval: 10ms
  Thread calibration: mean lat.: 0.608ms, rate sampling interval: 10ms
  Thread calibration: mean lat.: 0.608ms, rate sampling interval: 10ms
  Thread calibration: mean lat.: 0.619ms, rate sampling interval: 10ms
  Thread calibration: mean lat.: 0.619ms, rate sampling interval: 10ms
  Thread calibration: mean lat.: 0.614ms, rate sampling interval: 10ms
  Thread calibration: mean lat.: 0.619ms, rate sampling interval: 10ms
  Thread calibration: mean lat.: 0.611ms, rate sampling interval: 10ms
  Thread calibration: mean lat.: 0.613ms, rate sampling interval: 10ms
  Thread calibration: mean lat.: 0.618ms, rate sampling interval: 10ms
  Thread calibration: mean lat.: 0.617ms, rate sampling interval: 10ms
  Thread calibration: mean lat.: 0.616ms, rate sampling interval: 10ms
  Thread calibration: mean lat.: 0.614ms, rate sampling interval: 10ms
  Thread calibration: mean lat.: 0.614ms, rate sampling interval: 10ms
  Thread calibration: mean lat.: 0.620ms, rate sampling interval: 10ms
  Thread calibration: mean lat.: 0.626ms, rate sampling interval: 10ms
  Thread calibration: mean lat.: 0.610ms, rate sampling interval: 10ms
  Thread calibration: mean lat.: 0.613ms, rate sampling interval: 10ms
  Thread calibration: mean lat.: 0.611ms, rate sampling interval: 10ms
  Thread calibration: mean lat.: 0.612ms, rate sampling interval: 10ms
  Thread calibration: mean lat.: 0.616ms, rate sampling interval: 10ms
  Thread calibration: mean lat.: 0.619ms, rate sampling interval: 10ms
  Thread calibration: mean lat.: 0.616ms, rate sampling interval: 10ms
  Thread calibration: mean lat.: 0.610ms, rate sampling interval: 10ms
  Thread calibration: mean lat.: 0.611ms, rate sampling interval: 10ms
  Thread calibration: mean lat.: 0.609ms, rate sampling interval: 10ms
  Thread calibration: mean lat.: 0.610ms, rate sampling interval: 10ms
  Thread calibration: mean lat.: 0.615ms, rate sampling interval: 10ms
  Thread calibration: mean lat.: 0.612ms, rate sampling interval: 10ms
  Thread calibration: mean lat.: 0.609ms, rate sampling interval: 10ms
  Thread calibration: mean lat.: 0.621ms, rate sampling interval: 10ms
  Thread calibration: mean lat.: 0.609ms, rate sampling interval: 10ms
  Thread calibration: mean lat.: 0.617ms, rate sampling interval: 10ms
  Thread calibration: mean lat.: 0.614ms, rate sampling interval: 10ms
  Thread calibration: mean lat.: 0.619ms, rate sampling interval: 10ms
  Thread calibration: mean lat.: 0.611ms, rate sampling interval: 10ms
  Thread calibration: mean lat.: 0.611ms, rate sampling interval: 10ms
  Thread calibration: mean lat.: 0.611ms, rate sampling interval: 10ms
  Thread calibration: mean lat.: 0.616ms, rate sampling interval: 10ms
  Thread calibration: mean lat.: 0.613ms, rate sampling interval: 10ms
  Thread calibration: mean lat.: 0.613ms, rate sampling interval: 10ms
  Thread calibration: mean lat.: 0.612ms, rate sampling interval: 10ms
  Thread calibration: mean lat.: 0.614ms, rate sampling interval: 10ms
  Thread calibration: mean lat.: 0.615ms, rate sampling interval: 10ms
  Thread calibration: mean lat.: 0.611ms, rate sampling interval: 10ms
  Thread calibration: mean lat.: 0.610ms, rate sampling interval: 10ms
  Thread calibration: mean lat.: 0.610ms, rate sampling interval: 10ms
  Thread calibration: mean lat.: 0.607ms, rate sampling interval: 10ms
  Thread calibration: mean lat.: 0.618ms, rate sampling interval: 10ms
  Thread calibration: mean lat.: 0.616ms, rate sampling interval: 10ms
  Thread calibration: mean lat.: 0.615ms, rate sampling interval: 10ms
  Thread calibration: mean lat.: 0.617ms, rate sampling interval: 10ms
  Thread calibration: mean lat.: 0.617ms, rate sampling interval: 10ms
  Thread calibration: mean lat.: 0.616ms, rate sampling interval: 10ms
  Thread calibration: mean lat.: 0.615ms, rate sampling interval: 10ms
  Thread calibration: mean lat.: 0.618ms, rate sampling interval: 10ms
  Thread calibration: mean lat.: 0.617ms, rate sampling interval: 10ms
  Thread calibration: mean lat.: 0.611ms, rate sampling interval: 10ms
  Thread calibration: mean lat.: 0.616ms, rate sampling interval: 10ms
  Thread calibration: mean lat.: 0.610ms, rate sampling interval: 10ms
  Thread calibration: mean lat.: 0.613ms, rate sampling interval: 10ms
  Thread calibration: mean lat.: 0.617ms, rate sampling interval: 10ms
  Thread calibration: mean lat.: 0.621ms, rate sampling interval: 10ms
  Thread calibration: mean lat.: 0.618ms, rate sampling interval: 10ms
  Thread calibration: mean lat.: 0.609ms, rate sampling interval: 10ms
  Thread calibration: mean lat.: 0.609ms, rate sampling interval: 10ms
  Thread calibration: mean lat.: 0.616ms, rate sampling interval: 10ms
  Thread calibration: mean lat.: 0.616ms, rate sampling interval: 10ms
  Thread calibration: mean lat.: 0.613ms, rate sampling interval: 10ms
  Thread calibration: mean lat.: 0.617ms, rate sampling interval: 10ms
  Thread calibration: mean lat.: 0.609ms, rate sampling interval: 10ms
  Thread calibration: mean lat.: 0.615ms, rate sampling interval: 10ms
  Thread calibration: mean lat.: 0.613ms, rate sampling interval: 10ms
  Thread calibration: mean lat.: 0.612ms, rate sampling interval: 10ms
  Thread calibration: mean lat.: 0.619ms, rate sampling interval: 10ms
  Thread calibration: mean lat.: 0.610ms, rate sampling interval: 10ms
  Thread calibration: mean lat.: 0.617ms, rate sampling interval: 10ms
  Thread calibration: mean lat.: 0.615ms, rate sampling interval: 10ms
  Thread calibration: mean lat.: 0.616ms, rate sampling interval: 10ms
  Thread calibration: mean lat.: 0.615ms, rate sampling interval: 10ms
  Thread calibration: mean lat.: 0.615ms, rate sampling interval: 10ms
  Thread calibration: mean lat.: 0.608ms, rate sampling interval: 10ms
  Thread calibration: mean lat.: 0.612ms, rate sampling interval: 10ms
  Thread calibration: mean lat.: 0.610ms, rate sampling interval: 10ms
  Thread calibration: mean lat.: 0.614ms, rate sampling interval: 10ms
  Thread calibration: mean lat.: 0.616ms, rate sampling interval: 10ms
  Thread calibration: mean lat.: 0.615ms, rate sampling interval: 10ms
  Thread calibration: mean lat.: 0.616ms, rate sampling interval: 10ms
  Thread calibration: mean lat.: 0.612ms, rate sampling interval: 10ms
  Thread calibration: mean lat.: 0.622ms, rate sampling interval: 10ms
  Thread calibration: mean lat.: 0.611ms, rate sampling interval: 10ms
  Thread calibration: mean lat.: 0.619ms, rate sampling interval: 10ms
  Thread calibration: mean lat.: 0.619ms, rate sampling interval: 10ms
  Thread calibration: mean lat.: 0.621ms, rate sampling interval: 10ms
  Thread calibration: mean lat.: 0.613ms, rate sampling interval: 10ms
  Thread calibration: mean lat.: 0.618ms, rate sampling interval: 10ms
  Thread calibration: mean lat.: 0.620ms, rate sampling interval: 10ms
  Thread calibration: mean lat.: 0.616ms, rate sampling interval: 10ms
  Thread calibration: mean lat.: 0.617ms, rate sampling interval: 10ms
  Thread calibration: mean lat.: 0.618ms, rate sampling interval: 10ms
  Thread calibration: mean lat.: 0.619ms, rate sampling interval: 10ms
  Thread calibration: mean lat.: 0.620ms, rate sampling interval: 10ms
  Thread calibration: mean lat.: 0.611ms, rate sampling interval: 10ms
  Thread calibration: mean lat.: 0.617ms, rate sampling interval: 10ms
  Thread calibration: mean lat.: 0.617ms, rate sampling interval: 10ms
  Thread Stats   Avg      Stdev     Max   +/- Stdev
    Latency   624.94us  291.38us   1.32ms   58.15%
    Req/Sec   439.85     39.48   555.00     78.37%
  Latency Distribution (HdrHistogram - Recorded Latency)
 50.000%  625.00us
 75.000%    0.88ms
 90.000%    1.03ms
 99.000%    1.13ms
 99.900%    1.17ms
 99.990%    1.20ms
 99.999%    1.22ms
100.000%    1.32ms

  Detailed Percentile spectrum:
       Value   Percentile   TotalCount 1/(1-Percentile)

       0.045     0.000000            2         1.00
       0.223     0.100000       100712         1.11
       0.323     0.200000       199558         1.25
       0.424     0.300000       299612         1.43
       0.525     0.400000       399472         1.67
       0.625     0.500000       499371         2.00
       0.674     0.550000       548936         2.22
       0.724     0.600000       599342         2.50
       0.774     0.650000       648337         2.86
       0.825     0.700000       698399         3.33
       0.877     0.750000       748852         4.00
       0.902     0.775000       773134         4.44
       0.927     0.800000       798084         5.00
       0.952     0.825000       822917         5.71
       0.977     0.850000       847914         6.67
       1.002     0.875000       872691         8.00
       1.015     0.887500       885536         8.89
       1.028     0.900000       898216        10.00
       1.041     0.912500       910930        11.43
       1.053     0.925000       922810        13.33
       1.066     0.937500       935702        16.00
       1.072     0.943750       941585        17.78
       1.078     0.950000       947549        20.00
       1.085     0.956250       954592        22.86
       1.091     0.962500       960511        26.67
       1.097     0.968750       966527        32.00
       1.100     0.971875       969418        35.56
       1.104     0.975000       973244        40.00
       1.107     0.978125       975919        45.71
       1.111     0.981250       979062        53.33
       1.116     0.984375       982225        64.00
       1.118     0.985938       983260        71.11
       1.122     0.987500       985149        80.00
       1.125     0.989062       986387        91.43
       1.130     0.990625       988137       106.67
       1.135     0.992188       989566       128.00
       1.138     0.992969       990315       142.22
       1.142     0.993750       991188       160.00
       1.145     0.994531       991852       182.86
       1.149     0.995313       992616       213.33
       1.154     0.996094       993479       256.00
       1.156     0.996484       993881       284.44
       1.158     0.996875       994216       320.00
       1.161     0.997266       994703       365.71
       1.163     0.997656       995017       426.67
       1.166     0.998047       995428       512.00
       1.167     0.998242       995576       568.89
       1.169     0.998437       995798       640.00
       1.171     0.998633       996006       731.43
       1.173     0.998828       996197       853.33
       1.175     0.999023       996348      1024.00
       1.176     0.999121       996430      1137.78
       1.178     0.999219       996551      1280.00
       1.179     0.999316       996604      1462.86
       1.181     0.999414       996717      1706.67
       1.183     0.999512       996824      2048.00
       1.184     0.999561       996866      2275.56
       1.185     0.999609       996917      2560.00
       1.186     0.999658       996960      2925.71
       1.187     0.999707       996993      3413.33
       1.189     0.999756       997052      4096.00
       1.190     0.999780       997072      4551.11
       1.191     0.999805       997098      5120.00
       1.192     0.999829       997116      5851.43
       1.194     0.999854       997150      6826.67
       1.196     0.999878       997171      8192.00
       1.197     0.999890       997183      9102.22
       1.198     0.999902       997189     10240.00
       1.199     0.999915       997203     11702.86
       1.200     0.999927       997211     13653.33
       1.202     0.999939       997226     16384.00
       1.203     0.999945       997230     18204.44
       1.204     0.999951       997236     20480.00
       1.206     0.999957       997245     23405.71
       1.207     0.999963       997248     27306.67
       1.209     0.999969       997254     32768.00
       1.210     0.999973       997257     36408.89
       1.212     0.999976       997261     40960.00
       1.214     0.999979       997264     46811.43
       1.215     0.999982       997266     54613.33
       1.216     0.999985       997270     65536.00
       1.219     0.999986       997271     72817.78
       1.222     0.999988       997273     81920.00
       1.223     0.999989       997275     93622.86
       1.223     0.999991       997275    109226.67
       1.228     0.999992       997277    131072.00
       1.229     0.999993       997278    145635.56
       1.229     0.999994       997278    163840.00
       1.236     0.999995       997279    187245.71
       1.237     0.999995       997280    218453.33
       1.239     0.999996       997281    262144.00
       1.239     0.999997       997281    291271.11
       1.239     0.999997       997281    327680.00
       1.249     0.999997       997282    374491.43
       1.249     0.999998       997282    436906.67
       1.252     0.999998       997283    524288.00
       1.252     0.999998       997283    582542.22
       1.252     0.999998       997283    655360.00
       1.252     0.999999       997283    748982.86
       1.252     0.999999       997283    873813.33
       1.320     0.999999       997284   1048576.00
       1.320     1.000000       997284          inf
#[Mean    =        0.625, StdDeviation   =        0.291]
#[Max     =        1.320, Total count    =       997284]
#[Buckets =           27, SubBuckets     =         2048]
----------------------------------------------------------
  1497682 requests in 29.91s, 117.12MB read
  Non-2xx or 3xx responses: 1497682
Requests/sec:  50072.50
Transfer/sec:      3.92MB
