Running 2m test @ http://127.0.0.1:8082
  120 threads and 120 connections
  Thread calibration: mean lat.: 0.660ms, rate sampling interval: 10ms
  Thread calibration: mean lat.: 0.668ms, rate sampling interval: 10ms
  Thread calibration: mean lat.: 0.668ms, rate sampling interval: 10ms
  Thread calibration: mean lat.: 0.672ms, rate sampling interval: 10ms
  Thread calibration: mean lat.: 0.672ms, rate sampling interval: 10ms
  Thread calibration: mean lat.: 0.663ms, rate sampling interval: 10ms
  Thread calibration: mean lat.: 0.674ms, rate sampling interval: 10ms
  Thread calibration: mean lat.: 0.665ms, rate sampling interval: 10ms
  Thread calibration: mean lat.: 0.666ms, rate sampling interval: 10ms
  Thread calibration: mean lat.: 0.663ms, rate sampling interval: 10ms
  Thread calibration: mean lat.: 0.668ms, rate sampling interval: 10ms
  Thread calibration: mean lat.: 0.660ms, rate sampling interval: 10ms
  Thread calibration: mean lat.: 0.672ms, rate sampling interval: 10ms
  Thread calibration: mean lat.: 0.670ms, rate sampling interval: 10ms
  Thread calibration: mean lat.: 0.666ms, rate sampling interval: 10ms
  Thread calibration: mean lat.: 0.665ms, rate sampling interval: 10ms
  Thread calibration: mean lat.: 0.665ms, rate sampling interval: 10ms
  Thread calibration: mean lat.: 0.674ms, rate sampling interval: 10ms
  Thread calibration: mean lat.: 0.667ms, rate sampling interval: 10ms
  Thread calibration: mean lat.: 0.668ms, rate sampling interval: 10ms
  Thread calibration: mean lat.: 0.667ms, rate sampling interval: 10ms
  Thread calibration: mean lat.: 0.669ms, rate sampling interval: 10ms
  Thread calibration: mean lat.: 0.672ms, rate sampling interval: 10ms
  Thread calibration: mean lat.: 0.670ms, rate sampling interval: 10ms
  Thread calibration: mean lat.: 0.665ms, rate sampling interval: 10ms
  Thread calibration: mean lat.: 0.675ms, rate sampling interval: 10ms
  Thread calibration: mean lat.: 0.673ms, rate sampling interval: 10ms
  Thread calibration: mean lat.: 0.671ms, rate sampling interval: 10ms
  Thread calibration: mean lat.: 0.688ms, rate sampling interval: 10ms
  Thread calibration: mean lat.: 0.667ms, rate sampling interval: 10ms
  Thread calibration: mean lat.: 0.682ms, rate sampling interval: 10ms
  Thread calibration: mean lat.: 0.677ms, rate sampling interval: 10ms
  Thread calibration: mean lat.: 0.665ms, rate sampling interval: 10ms
  Thread calibration: mean lat.: 0.671ms, rate sampling interval: 10ms
  Thread calibration: mean lat.: 0.670ms, rate sampling interval: 10ms
  Thread calibration: mean lat.: 0.670ms, rate sampling interval: 10ms
  Thread calibration: mean lat.: 0.670ms, rate sampling interval: 10ms
  Thread calibration: mean lat.: 0.669ms, rate sampling interval: 10ms
  Thread calibration: mean lat.: 0.669ms, rate sampling interval: 10ms
  Thread calibration: mean lat.: 0.669ms, rate sampling interval: 10ms
  Thread calibration: mean lat.: 0.671ms, rate sampling interval: 10ms
  Thread calibration: mean lat.: 0.668ms, rate sampling interval: 10ms
  Thread calibration: mean lat.: 0.671ms, rate sampling interval: 10ms
  Thread calibration: mean lat.: 0.670ms, rate sampling interval: 10ms
  Thread calibration: mean lat.: 0.664ms, rate sampling interval: 10ms
  Thread calibration: mean lat.: 0.673ms, rate sampling interval: 10ms
  Thread calibration: mean lat.: 0.671ms, rate sampling interval: 10ms
  Thread calibration: mean lat.: 0.665ms, rate sampling interval: 10ms
  Thread calibration: mean lat.: 0.660ms, rate sampling interval: 10ms
  Thread calibration: mean lat.: 0.666ms, rate sampling interval: 10ms
  Thread calibration: mean lat.: 0.670ms, rate sampling interval: 10ms
  Thread calibration: mean lat.: 0.669ms, rate sampling interval: 10ms
  Thread calibration: mean lat.: 0.671ms, rate sampling interval: 10ms
  Thread calibration: mean lat.: 0.670ms, rate sampling interval: 10ms
  Thread calibration: mean lat.: 0.663ms, rate sampling interval: 10ms
  Thread calibration: mean lat.: 0.665ms, rate sampling interval: 10ms
  Thread calibration: mean lat.: 0.665ms, rate sampling interval: 10ms
  Thread calibration: mean lat.: 0.664ms, rate sampling interval: 10ms
  Thread calibration: mean lat.: 0.663ms, rate sampling interval: 10ms
  Thread calibration: mean lat.: 0.662ms, rate sampling interval: 10ms
  Thread calibration: mean lat.: 0.663ms, rate sampling interval: 10ms
  Thread calibration: mean lat.: 0.675ms, rate sampling interval: 10ms
  Thread calibration: mean lat.: 0.656ms, rate sampling interval: 10ms
  Thread calibration: mean lat.: 0.640ms, rate sampling interval: 10ms
  Thread calibration: mean lat.: 0.646ms, rate sampling interval: 10ms
  Thread calibration: mean lat.: 0.645ms, rate sampling interval: 10ms
  Thread calibration: mean lat.: 0.641ms, rate sampling interval: 10ms
  Thread calibration: mean lat.: 0.649ms, rate sampling interval: 10ms
  Thread calibration: mean lat.: 0.641ms, rate sampling interval: 10ms
  Thread calibration: mean lat.: 0.642ms, rate sampling interval: 10ms
  Thread calibration: mean lat.: 0.650ms, rate sampling interval: 10ms
  Thread calibration: mean lat.: 0.654ms, rate sampling interval: 10ms
  Thread calibration: mean lat.: 0.644ms, rate sampling interval: 10ms
  Thread calibration: mean lat.: 0.645ms, rate sampling interval: 10ms
  Thread calibration: mean lat.: 0.645ms, rate sampling interval: 10ms
  Thread calibration: mean lat.: 0.643ms, rate sampling interval: 10ms
  Thread calibration: mean lat.: 0.648ms, rate sampling interval: 10ms
  Thread calibration: mean lat.: 0.642ms, rate sampling interval: 10ms
  Thread calibration: mean lat.: 0.645ms, rate sampling interval: 10ms
  Thread calibration: mean lat.: 0.645ms, rate sampling interval: 10ms
  Thread calibration: mean lat.: 0.647ms, rate sampling interval: 10ms
  Thread calibration: mean lat.: 0.643ms, rate sampling interval: 10ms
  Thread calibration: mean lat.: 0.650ms, rate sampling interval: 10ms
  Thread calibration: mean lat.: 0.644ms, rate sampling interval: 10ms
  Thread calibration: mean lat.: 0.642ms, rate sampling interval: 10ms
  Thread calibration: mean lat.: 0.643ms, rate sampling interval: 10ms
  Thread calibration: mean lat.: 0.642ms, rate sampling interval: 10ms
  Thread calibration: mean lat.: 0.646ms, rate sampling interval: 10ms
  Thread calibration: mean lat.: 0.642ms, rate sampling interval: 10ms
  Thread calibration: mean lat.: 0.645ms, rate sampling interval: 10ms
  Thread calibration: mean lat.: 0.645ms, rate sampling interval: 10ms
  Thread calibration: mean lat.: 0.642ms, rate sampling interval: 10ms
  Thread calibration: mean lat.: 0.643ms, rate sampling interval: 10ms
  Thread calibration: mean lat.: 0.647ms, rate sampling interval: 10ms
  Thread calibration: mean lat.: 0.647ms, rate sampling interval: 10ms
  Thread calibration: mean lat.: 0.645ms, rate sampling interval: 10ms
  Thread calibration: mean lat.: 0.645ms, rate sampling interval: 10ms
  Thread calibration: mean lat.: 0.645ms, rate sampling interval: 10ms
  Thread calibration: mean lat.: 0.646ms, rate sampling interval: 10ms
  Thread calibration: mean lat.: 0.647ms, rate sampling interval: 10ms
  Thread calibration: mean lat.: 0.644ms, rate sampling interval: 10ms
  Thread calibration: mean lat.: 0.635ms, rate sampling interval: 10ms
  Thread calibration: mean lat.: 0.643ms, rate sampling interval: 10ms
  Thread calibration: mean lat.: 0.644ms, rate sampling interval: 10ms
  Thread calibration: mean lat.: 0.640ms, rate sampling interval: 10ms
  Thread calibration: mean lat.: 0.642ms, rate sampling interval: 10ms
  Thread calibration: mean lat.: 0.638ms, rate sampling interval: 10ms
  Thread calibration: mean lat.: 0.642ms, rate sampling interval: 10ms
  Thread calibration: mean lat.: 0.652ms, rate sampling interval: 10ms
  Thread calibration: mean lat.: 0.641ms, rate sampling interval: 10ms
  Thread calibration: mean lat.: 0.644ms, rate sampling interval: 10ms
  Thread calibration: mean lat.: 0.648ms, rate sampling interval: 10ms
  Thread calibration: mean lat.: 0.649ms, rate sampling interval: 10ms
  Thread calibration: mean lat.: 0.643ms, rate sampling interval: 10ms
  Thread calibration: mean lat.: 0.639ms, rate sampling interval: 10ms
  Thread calibration: mean lat.: 0.648ms, rate sampling interval: 10ms
  Thread calibration: mean lat.: 0.635ms, rate sampling interval: 10ms
  Thread calibration: mean lat.: 0.644ms, rate sampling interval: 10ms
  Thread calibration: mean lat.: 0.640ms, rate sampling interval: 10ms
  Thread calibration: mean lat.: 0.643ms, rate sampling interval: 10ms
  Thread Stats   Avg      Stdev     Max   +/- Stdev
    Latency   625.85us  291.66us   2.27ms   58.12%
    Req/Sec   439.98     39.21   555.00     78.69%
  Latency Distribution (HdrHistogram - Recorded Latency)
 50.000%  625.00us
 75.000%    0.88ms
 90.000%    1.03ms
 99.000%    1.13ms
 99.900%    1.18ms
 99.990%    1.20ms
 99.999%    1.35ms
100.000%    2.27ms

  Detailed Percentile spectrum:
       Value   Percentile   TotalCount 1/(1-Percentile)

       0.037     0.000000            1         1.00
       0.223     0.100000       401443         1.11
       0.324     0.200000       800810         1.25
       0.425     0.300000      1201730         1.43
       0.526     0.400000      1602658         1.67
       0.625     0.500000      1999748         2.00
       0.675     0.550000      2200333         2.22
       0.725     0.600000      2400240         2.50
       0.775     0.650000      2598590         2.86
       0.826     0.700000      2799578         3.33
       0.877     0.750000      2999477         4.00
       0.903     0.775000      3100326         4.44
       0.928     0.800000      3198844         5.00
       0.953     0.825000      3297965         5.71
       0.979     0.850000      3401493         6.67
       1.004     0.875000      3499727         8.00
       1.017     0.887500      3550772         8.89
       1.029     0.900000      3597829        10.00
       1.042     0.912500      3649290        11.43
       1.055     0.925000      3700984        13.33
       1.067     0.937500      3749199        16.00
       1.073     0.943750      3772969        17.78
       1.080     0.950000      3800989        20.00
       1.086     0.956250      3824746        22.86
       1.092     0.962500      3848864        26.67
       1.098     0.968750      3872508        32.00
       1.102     0.971875      3887930        35.56
       1.105     0.975000      3898944        40.00
       1.109     0.978125      3912579        45.71
       1.113     0.981250      3924279        53.33
       1.118     0.984375      3936381        64.00
       1.121     0.985938      3942510        71.11
       1.124     0.987500      3947983        80.00
       1.128     0.989062      3954512        91.43
       1.132     0.990625      3960110       106.67
       1.138     0.992188      3967085       128.00
       1.141     0.992969      3970137       142.22
       1.144     0.993750      3972933       160.00
       1.147     0.994531      3975574       182.86
       1.151     0.995313      3978895       213.33
       1.155     0.996094      3981955       256.00
       1.157     0.996484      3983413       284.44
       1.160     0.996875      3985496       320.00
       1.162     0.997266      3986829       365.71
       1.164     0.997656      3988085       426.67
       1.167     0.998047      3989687       512.00
       1.169     0.998242      3990686       568.89
       1.170     0.998437      3991172       640.00
       1.172     0.998633      3992012       731.43
       1.174     0.998828      3992759       853.33
       1.176     0.999023      3993439      1024.00
       1.178     0.999121      3993980      1137.78
       1.179     0.999219      3994252      1280.00
       1.181     0.999316      3994711      1462.86
       1.183     0.999414      3995123      1706.67
       1.185     0.999512      3995497      2048.00
       1.186     0.999561      3995670      2275.56
       1.187     0.999609      3995816      2560.00
       1.189     0.999658      3996071      2925.71
       1.190     0.999707      3996171      3413.33
       1.192     0.999756      3996374      4096.00
       1.193     0.999780      3996459      4551.11
       1.195     0.999805      3996616      5120.00
       1.196     0.999829      3996678      5851.43
       1.198     0.999854      3996794      6826.67
       1.200     0.999878      3996868      8192.00
       1.201     0.999890      3996910      9102.22
       1.202     0.999902      3996948     10240.00
       1.204     0.999915      3997009     11702.86
       1.206     0.999927      3997050     13653.33
       1.208     0.999939      3997089     16384.00
       1.210     0.999945      3997121     18204.44
       1.211     0.999951      3997140     20480.00
       1.213     0.999957      3997167     23405.71
       1.216     0.999963      3997188     27306.67
       1.219     0.999969      3997210     32768.00
       1.222     0.999973      3997223     36408.89
       1.225     0.999976      3997235     40960.00
       1.231     0.999979      3997247     46811.43
       1.241     0.999982      3997259     54613.33
       1.272     0.999985      3997271     65536.00
       1.286     0.999986      3997277     72817.78
       1.308     0.999988      3997283     81920.00
       1.347     0.999989      3997289     93622.86
       1.387     0.999991      3997295    109226.67
       1.433     0.999992      3997301    131072.00
       1.456     0.999993      3997304    145635.56
       1.500     0.999994      3997307    163840.00
       1.535     0.999995      3997310    187245.71
       1.556     0.999995      3997313    218453.33
       1.604     0.999996      3997316    262144.00
       1.644     0.999997      3997318    291271.11
       1.648     0.999997      3997319    327680.00
       1.728     0.999997      3997321    374491.43
       1.738     0.999998      3997322    436906.67
       1.755     0.999998      3997324    524288.00
       1.765     0.999998      3997325    582542.22
       1.765     0.999998      3997325    655360.00
       1.773     0.999999      3997326    748982.86
       1.775     0.999999      3997327    873813.33
       1.788     0.999999      3997328   1048576.00
       1.788     0.999999      3997328   1165084.44
       1.788     0.999999      3997328   1310720.00
       1.891     0.999999      3997329   1497965.71
       1.891     0.999999      3997329   1747626.67
       1.915     1.000000      3997330   2097152.00
       1.915     1.000000      3997330   2330168.89
       1.915     1.000000      3997330   2621440.00
       1.915     1.000000      3997330   2995931.43
       1.915     1.000000      3997330   3495253.33
       2.273     1.000000      3997331   4194304.00
       2.273     1.000000      3997331          inf
#[Mean    =        0.626, StdDeviation   =        0.292]
#[Max     =        2.272, Total count    =      3997331]
#[Buckets =           27, SubBuckets     =         2048]
----------------------------------------------------------
  4497727 requests in 1.50m, 351.73MB read
  Non-2xx or 3xx responses: 4497727
Requests/sec:  50022.62
Transfer/sec:      3.91MB
