Running 30s test @ http://127.0.0.1:8082
  120 threads and 120 connections
  Thread calibration: mean lat.: 0.617ms, rate sampling interval: 10ms
  Thread calibration: mean lat.: 0.617ms, rate sampling interval: 10ms
  Thread calibration: mean lat.: 0.615ms, rate sampling interval: 10ms
  Thread calibration: mean lat.: 0.612ms, rate sampling interval: 10ms
  Thread calibration: mean lat.: 0.614ms, rate sampling interval: 10ms
  Thread calibration: mean lat.: 0.618ms, rate sampling interval: 10ms
  Thread calibration: mean lat.: 0.620ms, rate sampling interval: 10ms
  Thread calibration: mean lat.: 0.614ms, rate sampling interval: 10ms
  Thread calibration: mean lat.: 0.614ms, rate sampling interval: 10ms
  Thread calibration: mean lat.: 0.619ms, rate sampling interval: 10ms
  Thread calibration: mean lat.: 0.621ms, rate sampling interval: 10ms
  Thread calibration: mean lat.: 0.613ms, rate sampling interval: 10ms
  Thread calibration: mean lat.: 0.618ms, rate sampling interval: 10ms
  Thread calibration: mean lat.: 0.614ms, rate sampling interval: 10ms
  Thread calibration: mean lat.: 0.614ms, rate sampling interval: 10ms
  Thread calibration: mean lat.: 0.618ms, rate sampling interval: 10ms
  Thread calibration: mean lat.: 0.612ms, rate sampling interval: 10ms
  Thread calibration: mean lat.: 0.614ms, rate sampling interval: 10ms
  Thread calibration: mean lat.: 0.615ms, rate sampling interval: 10ms
  Thread calibration: mean lat.: 0.620ms, rate sampling interval: 10ms
  Thread calibration: mean lat.: 0.620ms, rate sampling interval: 10ms
  Thread calibration: mean lat.: 0.619ms, rate sampling interval: 10ms
  Thread calibration: mean lat.: 0.614ms, rate sampling interval: 10ms
  Thread calibration: mean lat.: 0.619ms, rate sampling interval: 10ms
  Thread calibration: mean lat.: 0.617ms, rate sampling interval: 10ms
  Thread calibration: mean lat.: 0.616ms, rate sampling interval: 10ms
  Thread calibration: mean lat.: 0.616ms, rate sampling interval: 10ms
  Thread calibration: mean lat.: 0.619ms, rate sampling interval: 10ms
  Thread calibration: mean lat.: 0.614ms, rate sampling interval: 10ms
  Thread calibration: mean lat.: 0.660ms, rate sampling interval: 10ms
  Thread calibration: mean lat.: 0.663ms, rate sampling interval: 10ms
  Thread calibration: mean lat.: 0.612ms, rate sampling interval: 10ms
  Thread calibration: mean lat.: 0.614ms, rate sampling interval: 10ms
  Thread calibration: mean lat.: 0.616ms, rate sampling interval: 10ms
  Thread calibration: mean lat.: 0.615ms, rate sampling interval: 10ms
  Thread calibration: mean lat.: 0.616ms, rate sampling interval: 10ms
  Thread calibration: mean lat.: 0.617ms, rate sampling interval: 10ms
  Thread calibration: mean lat.: 0.617ms, rate sampling interval: 10ms
  Thread calibration: mean lat.: 0.616ms, rate sampling interval: 10ms
  Thread calibration: mean lat.: 0.615ms, rate sampling interval: 10ms
  Thread calibration: mean lat.: 0.615ms, rate sampling interval: 10ms
  Thread calibration: mean lat.: 0.619ms, rate sampling interval: 10ms
  Thread calibration: mean lat.: 0.612ms, rate sampling interval: 10ms
  Thread calibration: mean lat.: 0.613ms, rate sampling interval: 10ms
  Thread calibration: mean lat.: 0.618ms, rate sampling interval: 10ms
  Thread calibration: mean lat.: 0.617ms, rate sampling interval: 10ms
  Thread calibration: mean lat.: 0.616ms, rate sampling interval: 10ms
  Thread calibration: mean lat.: 0.611ms, rate sampling interval: 10ms
  Thread calibration: mean lat.: 0.616ms, rate sampling interval: 10ms
  Thread calibration: mean lat.: 0.612ms, rate sampling interval: 10ms
  Thread calibration: mean lat.: 0.617ms, rate sampling interval: 10ms
  Thread calibration: mean lat.: 0.618ms, rate sampling interval: 10ms
  Thread calibration: mean lat.: 0.616ms, rate sampling interval: 10ms
  Thread calibration: mean lat.: 0.617ms, rate sampling interval: 10ms
  Thread calibration: mean lat.: 0.614ms, rate sampling interval: 10ms
  Thread calibration: mean lat.: 0.616ms, rate sampling interval: 10ms
  Thread calibration: mean lat.: 0.616ms, rate sampling interval: 10ms
  Thread calibration: mean lat.: 0.616ms, rate sampling interval: 10ms
  Thread calibration: mean lat.: 0.616ms, rate sampling interval: 10ms
  Thread calibration: mean lat.: 0.615ms, rate sampling interval: 10ms
  Thread calibration: mean lat.: 0.611ms, rate sampling interval: 10ms
  Thread calibration: mean lat.: 0.617ms, rate sampling interval: 10ms
  Thread calibration: mean lat.: 0.617ms, rate sampling interval: 10ms
  Thread calibration: mean lat.: 0.662ms, rate sampling interval: 10ms
  Thread calibration: mean lat.: 0.617ms, rate sampling interval: 10ms
  Thread calibration: mean lat.: 0.620ms, rate sampling interval: 10ms
  Thread calibration: mean lat.: 0.621ms, rate sampling interval: 10ms
  Thread calibration: mean lat.: 0.617ms, rate sampling interval: 10ms
  Thread calibration: mean lat.: 0.614ms, rate sampling interval: 10ms
  Thread calibration: mean lat.: 0.615ms, rate sampling interval: 10ms
  Thread calibration: mean lat.: 0.613ms, rate sampling interval: 10ms
  Thread calibration: mean lat.: 0.614ms, rate sampling interval: 10ms
  Thread calibration: mean lat.: 0.617ms, rate sampling interval: 10ms
  Thread calibration: mean lat.: 0.614ms, rate sampling interval: 10ms
  Thread calibration: mean lat.: 0.616ms, rate sampling interval: 10ms
  Thread calibration: mean lat.: 0.612ms, rate sampling interval: 10ms
  Thread calibration: mean lat.: 0.619ms, rate sampling interval: 10ms
  Thread calibration: mean lat.: 0.619ms, rate sampling interval: 10ms
  Thread calibration: mean lat.: 0.618ms, rate sampling interval: 10ms
  Thread calibration: mean lat.: 0.616ms, rate sampling interval: 10ms
  Thread calibration: mean lat.: 0.618ms, rate sampling interval: 10ms
  Thread calibration: mean lat.: 0.616ms, rate sampling interval: 10ms
  Thread calibration: mean lat.: 0.616ms, rate sampling interval: 10ms
  Thread calibration: mean lat.: 0.615ms, rate sampling interval: 10ms
  Thread calibration: mean lat.: 0.618ms, rate sampling interval: 10ms
  Thread calibration: mean lat.: 0.611ms, rate sampling interval: 10ms
  Thread calibration: mean lat.: 0.615ms, rate sampling interval: 10ms
  Thread calibration: mean lat.: 0.618ms, rate sampling interval: 10ms
  Thread calibration: mean lat.: 0.614ms, rate sampling interval: 10ms
  Thread calibration: mean lat.: 0.614ms, rate sampling interval: 10ms
  Thread calibration: mean lat.: 0.621ms, rate sampling interval: 10ms
  Thread calibration: mean lat.: 0.620ms, rate sampling interval: 10ms
  Thread calibration: mean lat.: 0.612ms, rate sampling interval: 10ms
  Thread calibration: mean lat.: 0.616ms, rate sampling interval: 10ms
  Thread calibration: mean lat.: 0.616ms, rate sampling interval: 10ms
  Thread calibration: mean lat.: 0.613ms, rate sampling interval: 10ms
  Thread calibration: mean lat.: 0.615ms, rate sampling interval: 10ms
  Thread calibration: mean lat.: 0.614ms, rate sampling interval: 10ms
  Thread calibration: mean lat.: 0.619ms, rate sampling interval: 10ms
  Thread calibration: mean lat.: 0.612ms, rate sampling interval: 10ms
  Thread calibration: mean lat.: 0.619ms, rate sampling interval: 10ms
  Thread calibration: mean lat.: 0.617ms, rate sampling interval: 10ms
  Thread calibration: mean lat.: 0.614ms, rate sampling interval: 10ms
  Thread calibration: mean lat.: 0.617ms, rate sampling interval: 10ms
  Thread calibration: mean lat.: 0.614ms, rate sampling interval: 10ms
  Thread calibration: mean lat.: 0.615ms, rate sampling interval: 10ms
  Thread calibration: mean lat.: 0.613ms, rate sampling interval: 10ms
  Thread calibration: mean lat.: 0.614ms, rate sampling interval: 10ms
  Thread calibration: mean lat.: 0.615ms, rate sampling interval: 10ms
  Thread calibration: mean lat.: 0.617ms, rate sampling interval: 10ms
  Thread calibration: mean lat.: 0.615ms, rate sampling interval: 10ms
  Thread calibration: mean lat.: 0.619ms, rate sampling interval: 10ms
  Thread calibration: mean lat.: 0.616ms, rate sampling interval: 10ms
  Thread calibration: mean lat.: 0.615ms, rate sampling interval: 10ms
  Thread calibration: mean lat.: 0.620ms, rate sampling interval: 10ms
  Thread calibration: mean lat.: 0.618ms, rate sampling interval: 10ms
  Thread calibration: mean lat.: 0.616ms, rate sampling interval: 10ms
  Thread calibration: mean lat.: 0.617ms, rate sampling interval: 10ms
  Thread calibration: mean lat.: 0.621ms, rate sampling interval: 10ms
  Thread calibration: mean lat.: 0.615ms, rate sampling interval: 10ms
  Thread Stats   Avg      Stdev     Max   +/- Stdev
    Latency   626.28us  291.45us   3.38ms   58.07%
    Req/Sec   440.06     39.68   555.00     78.22%
  Latency Distribution (HdrHistogram - Recorded Latency)
 50.000%  626.00us
 75.000%    0.88ms
 90.000%    1.03ms
 99.000%    1.13ms
 99.900%    1.18ms
 99.990%    1.20ms
 99.999%    1.61ms
100.000%    3.38ms

  Detailed Percentile spectrum:
       Value   Percentile   TotalCount 1/(1-Percentile)

       0.041     0.000000            1         1.00
       0.224     0.100000       100692         1.11
       0.324     0.200000       199585         1.25
       0.425     0.300000       299136         1.43
       0.526     0.400000       398838         1.67
       0.626     0.500000       498479         2.00
       0.676     0.550000       548747         2.22
       0.725     0.600000       598583         2.50
       0.775     0.650000       648149         2.86
       0.826     0.700000       698357         3.33
       0.878     0.750000       748144         4.00
       0.904     0.775000       773429         4.44
       0.929     0.800000       798112         5.00
       0.954     0.825000       822881         5.71
       0.979     0.850000       848020         6.67
       1.004     0.875000       873154         8.00
       1.016     0.887500       885103         8.89
       1.029     0.900000       897836        10.00
       1.041     0.912500       909726        11.43
       1.054     0.925000       922470        13.33
       1.067     0.937500       935457        16.00
       1.073     0.943750       941401        17.78
       1.079     0.950000       947428        20.00
       1.086     0.956250       954266        22.86
       1.092     0.962500       960355        26.67
       1.098     0.968750       966267        32.00
       1.101     0.971875       969123        35.56
       1.105     0.975000       972880        40.00
       1.108     0.978125       975514        45.71
       1.112     0.981250       978614        53.33
       1.117     0.984375       981847        64.00
       1.120     0.985938       983432        71.11
       1.123     0.987500       984877        80.00
       1.126     0.989062       986175        91.43
       1.130     0.990625       987636       106.67
       1.136     0.992188       989378       128.00
       1.139     0.992969       990163       142.22
       1.142     0.993750       990821       160.00
       1.146     0.994531       991637       182.86
       1.150     0.995313       992413       213.33
       1.154     0.996094       993080       256.00
       1.157     0.996484       993561       284.44
       1.159     0.996875       993912       320.00
       1.161     0.997266       994252       365.71
       1.164     0.997656       994706       426.67
       1.167     0.998047       995099       512.00
       1.168     0.998242       995207       568.89
       1.170     0.998437       995446       640.00
       1.172     0.998633       995649       731.43
       1.174     0.998828       995829       853.33
       1.176     0.999023       995987      1024.00
       1.178     0.999121       996125      1137.78
       1.179     0.999219       996187      1280.00
       1.181     0.999316       996294      1462.86
       1.183     0.999414       996395      1706.67
       1.185     0.999512       996472      2048.00
       1.187     0.999561       996535      2275.56
       1.188     0.999609       996563      2560.00
       1.190     0.999658       996623      2925.71
       1.191     0.999707       996659      3413.33
       1.193     0.999756       996711      4096.00
       1.194     0.999780       996730      4551.11
       1.196     0.999805       996761      5120.00
       1.198     0.999829       996784      5851.43
       1.199     0.999854       996799      6826.67
       1.201     0.999878       996823      8192.00
       1.202     0.999890       996838      9102.22
       1.204     0.999902       996847     10240.00
       1.206     0.999915       996861     11702.86
       1.208     0.999927       996871     13653.33
       1.217     0.999939       996885     16384.00
       1.223     0.999945       996890     18204.44
       1.229     0.999951       996896     20480.00
       1.271     0.999957       996902     23405.71
       1.293     0.999963       996908     27306.67
       1.328     0.999969       996914     32768.00
       1.356     0.999973       996917     36408.89
       1.379     0.999976       996920     40960.00
       1.403     0.999979       996923     46811.43
       1.430     0.999982       996926     54613.33
       1.478     0.999985       996929     65536.00
       1.501     0.999986       996931     72817.78
       1.557     0.999988       996932     81920.00
       1.606     0.999989       996934     93622.86
       1.661     0.999991       996935    109226.67
       1.748     0.999992       996937    131072.00
       1.767     0.999993       996938    145635.56
       1.767     0.999994       996938    163840.00
       1.802     0.999995       996939    187245.71
       1.944     0.999995       996940    218453.33
       1.948     0.999996       996941    262144.00
       1.948     0.999997       996941    291271.11
       1.948     0.999997       996941    327680.00
       2.283     0.999997       996942    374491.43
       2.283     0.999998       996942    436906.67
       2.361     0.999998       996943    524288.00
       2.361     0.999998       996943    582542.22
       2.361     0.999998       996943    655360.00
       2.361     0.999999       996943    748982.86
       2.361     0.999999       996943    873813.33
       3.383     0.999999       996944   1048576.00
       3.383     1.000000       996944          inf
#[Mean    =        0.626, StdDeviation   =        0.291]
#[Max     =        3.382, Total count    =       996944]
#[Buckets =           27, SubBuckets     =         2048]
----------------------------------------------------------
  1496505 requests in 29.90s, 117.03MB read
  Non-2xx or 3xx responses: 1496505
Requests/sec:  50047.16
Transfer/sec:      3.91MB
