Running 30s test @ http://127.0.0.1:8082
  120 threads and 120 connections
  Thread calibration: mean lat.: 0.681ms, rate sampling interval: 10ms
  Thread calibration: mean lat.: 0.708ms, rate sampling interval: 10ms
  Thread calibration: mean lat.: 0.680ms, rate sampling interval: 10ms
  Thread calibration: mean lat.: 0.681ms, rate sampling interval: 10ms
  Thread calibration: mean lat.: 0.681ms, rate sampling interval: 10ms
  Thread calibration: mean lat.: 0.750ms, rate sampling interval: 10ms
  Thread calibration: mean lat.: 0.679ms, rate sampling interval: 10ms
  Thread calibration: mean lat.: 0.676ms, rate sampling interval: 10ms
  Thread calibration: mean lat.: 0.676ms, rate sampling interval: 10ms
  Thread calibration: mean lat.: 0.680ms, rate sampling interval: 10ms
  Thread calibration: mean lat.: 0.680ms, rate sampling interval: 10ms
  Thread calibration: mean lat.: 0.680ms, rate sampling interval: 10ms
  Thread calibration: mean lat.: 0.678ms, rate sampling interval: 10ms
  Thread calibration: mean lat.: 0.677ms, rate sampling interval: 10ms
  Thread calibration: mean lat.: 0.676ms, rate sampling interval: 10ms
  Thread calibration: mean lat.: 0.746ms, rate sampling interval: 10ms
  Thread calibration: mean lat.: 0.680ms, rate sampling interval: 10ms
  Thread calibration: mean lat.: 0.757ms, rate sampling interval: 10ms
  Thread calibration: mean lat.: 0.676ms, rate sampling interval: 10ms
  Thread calibration: mean lat.: 0.680ms, rate sampling interval: 10ms
  Thread calibration: mean lat.: 0.682ms, rate sampling interval: 10ms
  Thread calibration: mean lat.: 0.674ms, rate sampling interval: 10ms
  Thread calibration: mean lat.: 0.677ms, rate sampling interval: 10ms
  Thread calibration: mean lat.: 0.678ms, rate sampling interval: 10ms
  Thread calibration: mean lat.: 0.677ms, rate sampling interval: 10ms
  Thread calibration: mean lat.: 0.675ms, rate sampling interval: 10ms
  Thread calibration: mean lat.: 0.682ms, rate sampling interval: 10ms
  Thread calibration: mean lat.: 0.684ms, rate sampling interval: 10ms
  Thread calibration: mean lat.: 0.677ms, rate sampling interval: 10ms
  Thread calibration: mean lat.: 0.691ms, rate sampling interval: 10ms
  Thread calibration: mean lat.: 0.691ms, rate sampling interval: 10ms
  Thread calibration: mean lat.: 0.746ms, rate sampling interval: 10ms
  Thread calibration: mean lat.: 0.741ms, rate sampling interval: 10ms
  Thread calibration: mean lat.: 0.677ms, rate sampling interval: 10ms
  Thread calibration: mean lat.: 0.682ms, rate sampling interval: 10ms
  Thread calibration: mean lat.: 0.738ms, rate sampling interval: 10ms
  Thread calibration: mean lat.: 0.687ms, rate sampling interval: 10ms
  Thread calibration: mean lat.: 0.678ms, rate sampling interval: 10ms
  Thread calibration: mean lat.: 0.678ms, rate sampling interval: 10ms
  Thread calibration: mean lat.: 0.676ms, rate sampling interval: 10ms
  Thread calibration: mean lat.: 0.678ms, rate sampling interval: 10ms
  Thread calibration: mean lat.: 0.681ms, rate sampling interval: 10ms
  Thread calibration: mean lat.: 0.685ms, rate sampling interval: 10ms
  Thread calibration: mean lat.: 0.678ms, rate sampling interval: 10ms
  Thread calibration: mean lat.: 0.678ms, rate sampling interval: 10ms
  Thread calibration: mean lat.: 0.683ms, rate sampling interval: 10ms
  Thread calibration: mean lat.: 0.682ms, rate sampling interval: 10ms
  Thread calibration: mean lat.: 0.674ms, rate sampling interval: 10ms
  Thread calibration: mean lat.: 0.680ms, rate sampling interval: 10ms
  Thread calibration: mean lat.: 0.679ms, rate sampling interval: 10ms
  Thread calibration: mean lat.: 0.677ms, rate sampling interval: 10ms
  Thread calibration: mean lat.: 0.682ms, rate sampling interval: 10ms
  Thread calibration: mean lat.: 0.679ms, rate sampling interval: 10ms
  Thread calibration: mean lat.: 0.672ms, rate sampling interval: 10ms
  Thread calibration: mean lat.: 0.681ms, rate sampling interval: 10ms
  Thread calibration: mean lat.: 0.679ms, rate sampling interval: 10ms
  Thread calibration: mean lat.: 0.745ms, rate sampling interval: 10ms
  Thread calibration: mean lat.: 0.670ms, rate sampling interval: 10ms
  Thread calibration: mean lat.: 0.679ms, rate sampling interval: 10ms
  Thread calibration: mean lat.: 0.681ms, rate sampling interval: 10ms
  Thread calibration: mean lat.: 0.677ms, rate sampling interval: 10ms
  Thread calibration: mean lat.: 0.677ms, rate sampling interval: 10ms
  Thread calibration: mean lat.: 0.677ms, rate sampling interval: 10ms
  Thread calibration: mean lat.: 0.682ms, rate sampling interval: 10ms
  Thread calibration: mean lat.: 0.686ms, rate sampling interval: 10ms
  Thread calibration: mean lat.: 0.744ms, rate sampling interval: 10ms
  Thread calibration: mean lat.: 0.679ms, rate sampling interval: 10ms
  Thread calibration: mean lat.: 0.682ms, rate sampling interval: 10ms
  Thread calibration: mean lat.: 0.678ms, rate sampling interval: 10ms
  Thread calibration: mean lat.: 0.675ms, rate sampling interval: 10ms
  Thread calibration: mean lat.: 0.676ms, rate sampling interval: 10ms
  Thread calibration: mean lat.: 0.740ms, rate sampling interval: 10ms
  Thread calibration: mean lat.: 0.678ms, rate sampling interval: 10ms
  Thread calibration: mean lat.: 0.679ms, rate sampling interval: 10ms
  Thread calibration: mean lat.: 0.744ms, rate sampling interval: 10ms
  Thread calibration: mean lat.: 0.680ms, rate sampling interval: 10ms
  Thread calibration: mean lat.: 0.678ms, rate sampling interval: 10ms
  Thread calibration: mean lat.: 0.681ms, rate sampling interval: 10ms
  Thread calibration: mean lat.: 0.680ms, rate sampling interval: 10ms
  Thread calibration: mean lat.: 0.679ms, rate sampling interval: 10ms
  Thread calibration: mean lat.: 0.744ms, rate sampling interval: 10ms
  Thread calibration: mean lat.: 0.675ms, rate sampling interval: 10ms
  Thread calibration: mean lat.: 0.679ms, rate sampling interval: 10ms
  Thread calibration: mean lat.: 0.682ms, rate sampling interval: 10ms
  Thread calibration: mean lat.: 0.677ms, rate sampling interval: 10ms
  Thread calibration: mean lat.: 0.675ms, rate sampling interval: 10ms
  Thread calibration: mean lat.: 0.679ms, rate sampling interval: 10ms
  Thread calibration: mean lat.: 0.676ms, rate sampling interval: 10ms
  Thread calibration: mean lat.: 0.745ms, rate sampling interval: 10ms
  Thread calibration: mean lat.: 0.743ms, rate sampling interval: 10ms
  Thread calibration: mean lat.: 0.682ms, rate sampling interval: 10ms
  Thread calibration: mean lat.: 0.680ms, rate sampling interval: 10ms
  Thread calibration: mean lat.: 0.681ms, rate sampling interval: 10ms
  Thread calibration: mean lat.: 0.684ms, rate sampling interval: 10ms
  Thread calibration: mean lat.: 0.679ms, rate sampling interval: 10ms
  Thread calibration: mean lat.: 0.676ms, rate sampling interval: 10ms
  Thread calibration: mean lat.: 0.739ms, rate sampling interval: 10ms
  Thread calibration: mean lat.: 0.675ms, rate sampling interval: 10ms
  Thread calibration: mean lat.: 0.679ms, rate sampling interval: 10ms
  Thread calibration: mean lat.: 0.679ms, rate sampling interval: 10ms
  Thread calibration: mean lat.: 0.674ms, rate sampling interval: 10ms
  Thread calibration: mean lat.: 0.674ms, rate sampling interval: 10ms
  Thread calibration: mean lat.: 0.674ms, rate sampling interval: 10ms
  Thread calibration: mean lat.: 0.676ms, rate sampling interval: 10ms
  Thread calibration: mean lat.: 0.678ms, rate sampling interval: 10ms
  Thread calibration: mean lat.: 0.682ms, rate sampling interval: 10ms
  Thread calibration: mean lat.: 0.678ms, rate sampling interval: 10ms
  Thread calibration: mean lat.: 0.746ms, rate sampling interval: 10ms
  Thread calibration: mean lat.: 0.681ms, rate sampling interval: 10ms
  Thread calibration: mean lat.: 0.735ms, rate sampling interval: 10ms
  Thread calibration: mean lat.: 0.747ms, rate sampling interval: 10ms
  Thread calibration: mean lat.: 0.680ms, rate sampling interval: 10ms
  Thread calibration: mean lat.: 0.680ms, rate sampling interval: 10ms
  Thread calibration: mean lat.: 0.676ms, rate sampling interval: 10ms
  Thread calibration: mean lat.: 0.673ms, rate sampling interval: 10ms
  Thread calibration: mean lat.: 0.676ms, rate sampling interval: 10ms
  Thread calibration: mean lat.: 0.678ms, rate sampling interval: 10ms
  Thread calibration: mean lat.: 0.681ms, rate sampling interval: 10ms
  Thread calibration: mean lat.: 0.671ms, rate sampling interval: 10ms
  Thread calibration: mean lat.: 0.677ms, rate sampling interval: 10ms
  Thread Stats   Avg      Stdev     Max   +/- Stdev
    Latency   683.63us  295.42us   2.30ms   59.06%
    Req/Sec   449.50     38.65   555.00     61.40%
  Latency Distribution (HdrHistogram - Recorded Latency)
 50.000%  684.00us
 75.000%    0.93ms
 90.000%    1.09ms
 99.000%    1.22ms
 99.900%    1.34ms
 99.990%    1.52ms
 99.999%    1.76ms
100.000%    2.30ms

  Detailed Percentile spectrum:
       Value   Percentile   TotalCount 1/(1-Percentile)

       0.021     0.000000            1         1.00
       0.279     0.100000        99944         1.11
       0.382     0.200000       199949         1.25
       0.482     0.300000       299106         1.43
       0.584     0.400000       399690         1.67
       0.684     0.500000       499407         2.00
       0.734     0.550000       548912         2.22
       0.784     0.600000       598873         2.50
       0.834     0.650000       648508         2.86
       0.884     0.700000       698266         3.33
       0.934     0.750000       747999         4.00
       0.959     0.775000       772838         4.44
       0.984     0.800000       797652         5.00
       1.009     0.825000       822510         5.71
       1.035     0.850000       848009         6.67
       1.060     0.875000       872906         8.00
       1.073     0.887500       885630         8.89
       1.085     0.900000       897478        10.00
       1.098     0.912500       910116        11.43
       1.111     0.925000       922690        13.33
       1.125     0.937500       935613        16.00
       1.132     0.943750       941501        17.78
       1.139     0.950000       947129        20.00
       1.148     0.956250       953813        22.86
       1.157     0.962500       960009        26.67
       1.167     0.968750       965997        32.00
       1.173     0.971875       969221        35.56
       1.179     0.975000       972263        40.00
       1.186     0.978125       975425        45.71
       1.194     0.981250       978607        53.33
       1.202     0.984375       981404        64.00
       1.207     0.985938       982903        71.11
       1.213     0.987500       984594        80.00
       1.219     0.989062       986072        91.43
       1.227     0.990625       987739       106.67
       1.235     0.992188       989164       128.00
       1.240     0.992969       989968       142.22
       1.246     0.993750       990783       160.00
       1.251     0.994531       991478       182.86
       1.259     0.995313       992347       213.33
       1.267     0.996094       993081       256.00
       1.272     0.996484       993442       284.44
       1.278     0.996875       993830       320.00
       1.285     0.997266       994240       365.71
       1.292     0.997656       994586       426.67
       1.302     0.998047       994986       512.00
       1.307     0.998242       995174       568.89
       1.314     0.998437       995370       640.00
       1.322     0.998633       995556       731.43
       1.332     0.998828       995757       853.33
       1.344     0.999023       995951      1024.00
       1.351     0.999121       996046      1137.78
       1.360     0.999219       996152      1280.00
       1.368     0.999316       996242      1462.86
       1.381     0.999414       996336      1706.67
       1.394     0.999512       996438      2048.00
       1.401     0.999561       996483      2275.56
       1.410     0.999609       996529      2560.00
       1.422     0.999658       996579      2925.71
       1.433     0.999707       996629      3413.33
       1.449     0.999756       996676      4096.00
       1.458     0.999780       996701      4551.11
       1.471     0.999805       996725      5120.00
       1.482     0.999829       996750      5851.43
       1.493     0.999854       996773      6826.67
       1.504     0.999878       996797      8192.00
       1.519     0.999890       996810      9102.22
       1.530     0.999902       996821     10240.00
       1.539     0.999915       996834     11702.86
       1.553     0.999927       996845     13653.33
       1.570     0.999939       996859     16384.00
       1.576     0.999945       996865     18204.44
       1.593     0.999951       996870     20480.00
       1.602     0.999957       996876     23405.71
       1.614     0.999963       996882     27306.67
       1.626     0.999969       996888     32768.00
       1.644     0.999973       996891     36408.89
       1.668     0.999976       996894     40960.00
       1.692     0.999979       996897     46811.43
       1.697     0.999982       996900     54613.33
       1.723     0.999985       996903     65536.00
       1.743     0.999986       996905     72817.78
       1.744     0.999988       996906     81920.00
       1.763     0.999989       996908     93622.86
       1.791     0.999991       996909    109226.67
       1.835     0.999992       996911    131072.00
       1.883     0.999993       996912    145635.56
       1.883     0.999994       996912    163840.00
       2.034     0.999995       996913    187245.71
       2.075     0.999995       996914    218453.33
       2.085     0.999996       996915    262144.00
       2.085     0.999997       996915    291271.11
       2.085     0.999997       996915    327680.00
       2.113     0.999997       996916    374491.43
       2.113     0.999998       996916    436906.67
       2.177     0.999998       996917    524288.00
       2.177     0.999998       996917    582542.22
       2.177     0.999998       996917    655360.00
       2.177     0.999999       996917    748982.86
       2.177     0.999999       996917    873813.33
       2.297     0.999999       996918   1048576.00
       2.297     1.000000       996918          inf
#[Mean    =        0.684, StdDeviation   =        0.295]
#[Max     =        2.296, Total count    =       996918]
#[Buckets =           27, SubBuckets     =         2048]
----------------------------------------------------------
  1497309 requests in 29.89s, 117.09MB read
  Non-2xx or 3xx responses: 1497309
Requests/sec:  50086.77
Transfer/sec:      3.92MB
