Running 30s test @ http://127.0.0.1:8082
  120 threads and 120 connections
  Thread calibration: mean lat.: 0.677ms, rate sampling interval: 10ms
  Thread calibration: mean lat.: 0.679ms, rate sampling interval: 10ms
  Thread calibration: mean lat.: 0.675ms, rate sampling interval: 10ms
  Thread calibration: mean lat.: 0.678ms, rate sampling interval: 10ms
  Thread calibration: mean lat.: 0.678ms, rate sampling interval: 10ms
  Thread calibration: mean lat.: 0.675ms, rate sampling interval: 10ms
  Thread calibration: mean lat.: 0.682ms, rate sampling interval: 10ms
  Thread calibration: mean lat.: 0.676ms, rate sampling interval: 10ms
  Thread calibration: mean lat.: 0.675ms, rate sampling interval: 10ms
  Thread calibration: mean lat.: 0.681ms, rate sampling interval: 10ms
  Thread calibration: mean lat.: 0.678ms, rate sampling interval: 10ms
  Thread calibration: mean lat.: 0.670ms, rate sampling interval: 10ms
  Thread calibration: mean lat.: 0.677ms, rate sampling interval: 10ms
  Thread calibration: mean lat.: 0.679ms, rate sampling interval: 10ms
  Thread calibration: mean lat.: 0.674ms, rate sampling interval: 10ms
  Thread calibration: mean lat.: 0.675ms, rate sampling interval: 10ms
  Thread calibration: mean lat.: 0.677ms, rate sampling interval: 10ms
  Thread calibration: mean lat.: 0.681ms, rate sampling interval: 10ms
  Thread calibration: mean lat.: 0.673ms, rate sampling interval: 10ms
  Thread calibration: mean lat.: 0.677ms, rate sampling interval: 10ms
  Thread calibration: mean lat.: 0.675ms, rate sampling interval: 10ms
  Thread calibration: mean lat.: 0.676ms, rate sampling interval: 10ms
  Thread calibration: mean lat.: 0.676ms, rate sampling interval: 10ms
  Thread calibration: mean lat.: 0.677ms, rate sampling interval: 10ms
  Thread calibration: mean lat.: 0.674ms, rate sampling interval: 10ms
  Thread calibration: mean lat.: 0.677ms, rate sampling interval: 10ms
  Thread calibration: mean lat.: 0.679ms, rate sampling interval: 10ms
  Thread calibration: mean lat.: 0.678ms, rate sampling interval: 10ms
  Thread calibration: mean lat.: 0.676ms, rate sampling interval: 10ms
  Thread calibration: mean lat.: 0.697ms, rate sampling interval: 10ms
  Thread calibration: mean lat.: 0.695ms, rate sampling interval: 10ms
  Thread calibration: mean lat.: 0.676ms, rate sampling interval: 10ms
  Thread calibration: mean lat.: 0.675ms, rate sampling interval: 10ms
  Thread calibration: mean lat.: 0.676ms, rate sampling interval: 10ms
  Thread calibration: mean lat.: 0.679ms, rate sampling interval: 10ms
  Thread calibration: mean lat.: 0.681ms, rate sampling interval: 10ms
  Thread calibration: mean lat.: 0.680ms, rate sampling interval: 10ms
  Thread calibration: mean lat.: 0.678ms, rate sampling interval: 10ms
  Thread calibration: mean lat.: 0.675ms, rate sampling interval: 10ms
  Thread calibration: mean lat.: 0.676ms, rate sampling interval: 10ms
  Thread calibration: mean lat.: 0.677ms, rate sampling interval: 10ms
  Thread calibration: mean lat.: 0.675ms, rate sampling interval: 10ms
  Thread calibration: mean lat.: 0.677ms, rate sampling interval: 10ms
  Thread calibration: mean lat.: 0.672ms, rate sampling interval: 10ms
  Thread calibration: mean lat.: 0.672ms, rate sampling interval: 10ms
  Thread calibration: mean lat.: 0.677ms, rate sampling interval: 10ms
  Thread calibration: mean lat.: 0.674ms, rate sampling interval: 10ms
  Thread calibration: mean lat.: 0.677ms, rate sampling interval: 10ms
  Thread calibration: mean lat.: 0.679ms, rate sampling interval: 10ms
  Thread calibration: mean lat.: 0.675ms, rate sampling interval: 10ms
  Thread calibration: mean lat.: 0.678ms, rate sampling interval: 10ms
  Thread calibration: mean lat.: 0.678ms, rate sampling interval: 10ms
  Thread calibration: mean lat.: 0.676ms, rate sampling interval: 10ms
  Thread calibration: mean lat.: 0.672ms, rate sampling interval: 10ms
  Thread calibration: mean lat.: 0.676ms, rate sampling interval: 10ms
  Thread calibration: mean lat.: 0.670ms, rate sampling interval: 10ms
  Thread calibration: mean lat.: 0.678ms, rate sampling interval: 10ms
  Thread calibration: mean lat.: 0.678ms, rate sampling interval: 10ms
  Thread calibration: mean lat.: 0.678ms, rate sampling interval: 10ms
  Thread calibration: mean lat.: 0.679ms, rate sampling interval: 10ms
  Thread calibration: mean lat.: 0.674ms, rate sampling interval: 10ms
  Thread calibration: mean lat.: 0.676ms, rate sampling interval: 10ms
  Thread calibration: mean lat.: 0.677ms, rate sampling interval: 10ms
  Thread calibration: mean lat.: 0.676ms, rate sampling interval: 10ms
  Thread calibration: mean lat.: 0.677ms, rate sampling interval: 10ms
  Thread calibration: mean lat.: 0.677ms, rate sampling interval: 10ms
  Thread calibration: mean lat.: 0.674ms, rate sampling interval: 10ms
  Thread calibration: mean lat.: 0.678ms, rate sampling interval: 10ms
  Thread calibration: mean lat.: 0.678ms, rate sampling interval: 10ms
  Thread calibration: mean lat.: 0.680ms, rate sampling interval: 10ms
  Thread calibration: mean lat.: 0.673ms, rate sampling interval: 10ms
  Thread calibration: mean lat.: 0.676ms, rate sampling interval: 10ms
  Thread calibration: mean lat.: 0.676ms, rate sampling interval: 10ms
  Thread calibration: mean lat.: 0.677ms, rate sampling interval: 10ms
  Thread calibration: mean lat.: 0.678ms, rate sampling interval: 10ms
  Thread calibration: mean lat.: 0.681ms, rate sampling interval: 10ms
  Thread calibration: mean lat.: 0.675ms, rate sampling interval: 10ms
  Thread calibration: mean lat.: 0.678ms, rate sampling interval: 10ms
  Thread calibration: mean lat.: 0.678ms, rate sampling interval: 10ms
  Thread calibration: mean lat.: 0.682ms, rate sampling interval: 10ms
  Thread calibration: mean lat.: 0.682ms, rate sampling interval: 10ms
  Thread calibration: mean lat.: 0.680ms, rate sampling interval: 10ms
  Thread calibration: mean lat.: 0.678ms, rate sampling interval: 10ms
  Thread calibration: mean lat.: 0.676ms, rate sampling interval: 10ms
  Thread calibration: mean lat.: 0.672ms, rate sampling interval: 10ms
  Thread calibration: mean lat.: 0.675ms, rate sampling interval: 10ms
  Thread calibration: mean lat.: 0.682ms, rate sampling interval: 10ms
  Thread calibration: mean lat.: 0.677ms, rate sampling interval: 10ms
  Thread calibration: mean lat.: 0.678ms, rate sampling interval: 10ms
  Thread calibration: mean lat.: 0.676ms, rate sampling interval: 10ms
  Thread calibration: mean lat.: 0.677ms, rate sampling interval: 10ms
  Thread calibration: mean lat.: 0.676ms, rate sampling interval: 10ms
  Thread calibration: mean lat.: 0.678ms, rate sampling interval: 10ms
  Thread calibration: mean lat.: 0.681ms, rate sampling interval: 10ms
  Thread calibration: mean lat.: 0.675ms, rate sampling interval: 10ms
  Thread calibration: mean lat.: 0.675ms, rate sampling interval: 10ms
  Thread calibration: mean lat.: 0.679ms, rate sampling interval: 10ms
  Thread calibration: mean lat.: 0.678ms, rate sampling interval: 10ms
  Thread calibration: mean lat.: 0.676ms, rate sampling interval: 10ms
  Thread calibration: mean lat.: 0.678ms, rate sampling interval: 10ms
  Thread calibration: mean lat.: 0.679ms, rate sampling interval: 10ms
  Thread calibration: mean lat.: 0.672ms, rate sampling interval: 10ms
  Thread calibration: mean lat.: 0.676ms, rate sampling interval: 10ms
  Thread calibration: mean lat.: 0.678ms, rate sampling interval: 10ms
  Thread calibration: mean lat.: 0.674ms, rate sampling interval: 10ms
  Thread calibration: mean lat.: 0.676ms, rate sampling interval: 10ms
  Thread calibration: mean lat.: 0.678ms, rate sampling interval: 10ms
  Thread calibration: mean lat.: 0.679ms, rate sampling interval: 10ms
  Thread calibration: mean lat.: 0.679ms, rate sampling interval: 10ms
  Thread calibration: mean lat.: 0.682ms, rate sampling interval: 10ms
  Thread calibration: mean lat.: 0.674ms, rate sampling interval: 10ms
  Thread calibration: mean lat.: 0.676ms, rate sampling interval: 10ms
  Thread calibration: mean lat.: 0.679ms, rate sampling interval: 10ms
  Thread calibration: mean lat.: 0.677ms, rate sampling interval: 10ms
  Thread calibration: mean lat.: 0.679ms, rate sampling interval: 10ms
  Thread calibration: mean lat.: 0.675ms, rate sampling interval: 10ms
  Thread calibration: mean lat.: 0.680ms, rate sampling interval: 10ms
  Thread calibration: mean lat.: 0.674ms, rate sampling interval: 10ms
  Thread calibration: mean lat.: 0.682ms, rate sampling interval: 10ms
  Thread calibration: mean lat.: 0.677ms, rate sampling interval: 10ms
  Thread Stats   Avg      Stdev     Max   +/- Stdev
    Latency   683.02us  295.85us   5.39ms   59.07%
    Req/Sec   449.54     38.63   666.00     61.46%
  Latency Distribution (HdrHistogram - Recorded Latency)
 50.000%  683.00us
 75.000%    0.93ms
 90.000%    1.08ms
 99.000%    1.22ms
 99.900%    1.33ms
 99.990%    1.60ms
 99.999%    4.70ms
100.000%    5.39ms

  Detailed Percentile spectrum:
       Value   Percentile   TotalCount 1/(1-Percentile)

       0.030     0.000000            1         1.00
       0.279     0.100000       100056         1.11
       0.381     0.200000       199527         1.25
       0.482     0.300000       299397         1.43
       0.583     0.400000       399205         1.67
       0.683     0.500000       499041         2.00
       0.733     0.550000       548312         2.22
       0.783     0.600000       598240         2.50
       0.833     0.650000       648187         2.86
       0.883     0.700000       697987         3.33
       0.933     0.750000       747371         4.00
       0.959     0.775000       773159         4.44
       0.984     0.800000       797929         5.00
       1.009     0.825000       822764         5.71
       1.034     0.850000       847455         6.67
       1.059     0.875000       872203         8.00
       1.072     0.887500       885042         8.89
       1.084     0.900000       897080        10.00
       1.097     0.912500       909683        11.43
       1.110     0.925000       922224        13.33
       1.123     0.937500       934173        16.00
       1.131     0.943750       941221        17.78
       1.138     0.950000       946885        20.00
       1.146     0.956250       953049        22.86
       1.155     0.962500       959252        26.67
       1.165     0.968750       965361        32.00
       1.171     0.971875       968787        35.56
       1.177     0.975000       971904        40.00
       1.183     0.978125       974668        45.71
       1.191     0.981250       977963        53.33
       1.200     0.984375       981144        64.00
       1.205     0.985938       982703        71.11
       1.210     0.987500       984096        80.00
       1.216     0.989062       985562        91.43
       1.223     0.990625       987157       106.67
       1.231     0.992188       988728       128.00
       1.236     0.992969       989553       142.22
       1.241     0.993750       990353       160.00
       1.246     0.994531       991001       182.86
       1.253     0.995313       991809       213.33
       1.261     0.996094       992619       256.00
       1.266     0.996484       992999       284.44
       1.271     0.996875       993358       320.00
       1.278     0.997266       993778       365.71
       1.284     0.997656       994134       426.67
       1.293     0.998047       994497       512.00
       1.299     0.998242       994696       568.89
       1.305     0.998437       994887       640.00
       1.312     0.998633       995084       731.43
       1.321     0.998828       995280       853.33
       1.331     0.999023       995474      1024.00
       1.338     0.999121       995570      1137.78
       1.345     0.999219       995665      1280.00
       1.353     0.999316       995752      1462.86
       1.363     0.999414       995862      1706.67
       1.376     0.999512       995951      2048.00
       1.385     0.999561       996000      2275.56
       1.394     0.999609       996044      2560.00
       1.406     0.999658       996093      2925.71
       1.418     0.999707       996142      3413.33
       1.436     0.999756       996190      4096.00
       1.450     0.999780       996215      4551.11
       1.464     0.999805       996239      5120.00
       1.481     0.999829       996263      5851.43
       1.505     0.999854       996289      6826.67
       1.529     0.999878       996312      8192.00
       1.573     0.999890       996324      9102.22
       1.601     0.999902       996336     10240.00
       1.641     0.999915       996348     11702.86
       1.789     0.999927       996361     13653.33
       2.231     0.999939       996373     16384.00
       2.349     0.999945       996379     18204.44
       2.611     0.999951       996385     20480.00
       2.853     0.999957       996391     23405.71
       3.173     0.999963       996397     27306.67
       3.453     0.999969       996403     32768.00
       3.599     0.999973       996406     36408.89
       3.771     0.999976       996409     40960.00
       3.889     0.999979       996412     46811.43
       4.029     0.999982       996415     54613.33
       4.307     0.999985       996418     65536.00
       4.475     0.999986       996420     72817.78
       4.479     0.999988       996421     81920.00
       4.699     0.999989       996423     93622.86
       4.731     0.999991       996424    109226.67
       4.747     0.999992       996426    131072.00
       4.779     0.999993       996427    145635.56
       4.779     0.999994       996427    163840.00
       4.951     0.999995       996428    187245.71
       5.055     0.999995       996429    218453.33
       5.067     0.999996       996430    262144.00
       5.067     0.999997       996430    291271.11
       5.067     0.999997       996430    327680.00
       5.091     0.999997       996431    374491.43
       5.091     0.999998       996431    436906.67
       5.175     0.999998       996432    524288.00
       5.175     0.999998       996432    582542.22
       5.175     0.999998       996432    655360.00
       5.175     0.999999       996432    748982.86
       5.175     0.999999       996432    873813.33
       5.395     0.999999       996433   1048576.00
       5.395     1.000000       996433          inf
#[Mean    =        0.683, StdDeviation   =        0.296]
#[Max     =        5.392, Total count    =       996433]
#[Buckets =           27, SubBuckets     =         2048]
----------------------------------------------------------
  1496830 requests in 29.88s, 117.05MB read
  Non-2xx or 3xx responses: 1496830
Requests/sec:  50103.09
Transfer/sec:      3.92MB
