2024-11-24 21:39:54,500 - INFO - Executing command: '/nix/store/kfh6s74hilmpr0kjwy163n7lri1fk7i4-wrk2-4.0.0-e0109df/bin/wrk2 -t120 -c120 -d90s -R50000 --latency http://127.0.0.1:8082 -s /root/Nimble/experiments/create.lua -- 50000req > /root/Nimble/experiments/results/fig-3a-date-2024-11-24-time-21-39-39/create-50000.log'
2024-11-24 21:39:54,506 - ERROR - Command failed with return code: 1
2024-11-24 21:39:54,506 - ERROR - Standard Output: 
2024-11-24 21:39:54,507 - ERROR - Standard Error: /root/Nimble/experiments/create.lua: /root/Nimble/experiments/create.lua:5: module 'socket' not found:
	no field package.preload['socket']
	no file '/root/Nimble/experiments//socket.lua'
	no file '/nix/store/84lpqkxpwz3qrqlzx0851lnyn1s0h3nl-luarocks-3.11.0/share/lua/5.1/socket.lua'
	no file '/root/.luarocks/share/lua/5.1/socket.lua'
	no file './socket.lua'
	no file '/nix/store/mqbhz05llkddfb5wni0m48kw22ixxps4-lua-5.1.5/share/lua/5.1/socket.lua'
	no file '/nix/store/mqbhz05llkddfb5wni0m48kw22ixxps4-lua-5.1.5/share/lua/5.1/socket/init.lua'
	no file '/nix/store/mqbhz05llkddfb5wni0m48kw22ixxps4-lua-5.1.5/lib/lua/5.1/socket.lua'
	no file '/nix/store/mqbhz05llkddfb5wni0m48kw22ixxps4-lua-5.1.5/lib/lua/5.1/socket/init.lua'
	no file './socket.lua'
	no file '/nix/store/iq8s1f6d5wjwy4k7dm24qa4jpa3iby54-luajit-2.1.1693350652/share/luajit-2.1/socket.lua'
	no file '/usr/local/share/lua/5.1/socket.lua'
	no file '/usr/local/share/lua/5.1/socket/init.lua'
	no file '/nix/store/iq8s1f6d5wjwy4k7dm24qa4jpa3iby54-luajit-2.1.1693350652/share/lua/5.1/socket.lua'
	no file '/nix/store/iq8s1f6d5wjwy4k7dm24qa4jpa3iby54-luajit-2.1.1693350652/share/lua/5.1/socket/init.lua'
	no file '/nix/store/84lpqkxpwz3qrqlzx0851lnyn1s0h3nl-luarocks-3.11.0/share/lua/5.1/socket/init.lua'
	no file '/root/.luarocks/share/lua/5.1/socket/init.lua'
	no file '/root/.luarocks/lib/lua/5.1/socket.so'
	no file './socket.so'
	no file '/nix/store/mqbhz05llkddfb5wni0m48kw22ixxps4-lua-5.1.5/lib/lua/5.1/socket.so'
	no file '/nix/store/mqbhz05llkddfb5wni0m48kw22ixxps4-lua-5.1.5/lib/lua/5.1/loadall.so'
	no file './socket.so'
	no file '/usr/local/lib/lua/5.1/socket.so'
	no file '/nix/store/iq8s1f6d5wjwy4k7dm24qa4jpa3iby54-luajit-2.1.1693350652/lib/lua/5.1/socket.so'
	no file '/usr/local/lib/lua/5.1/loadall.so'
	no file '/nix/store/snh59wdpq3xkj5mlc643v6a8vnmki22q-lua5.1-luabitop-1.0.2-3/lib/lua/5.1/socket.so'
	no file 'socket.so'
	no file '/nix/store/84lpqkxpwz3qrqlzx0851lnyn1s0h3nl-luarocks-3.11.0/share/lua/5.1/socket/init.lua'
	no file '/nix/store/84lpqkxpwz3qrqlzx0851lnyn1s0h3nl-luarocks-3.11.0/lib/lua/5.1/socket.so'
unable to connect to 127.0.0.1:8082 Connection refused

2024-11-24 21:39:54,507 - INFO - Executing command: '/nix/store/kfh6s74hilmpr0kjwy163n7lri1fk7i4-wrk2-4.0.0-e0109df/bin/wrk2 -t120 -c120 -d30s -R50000 --latency http://127.0.0.1:8082 -s /root/Nimble/experiments/append.lua -- 50000req > /root/Nimble/experiments/results/fig-3a-date-2024-11-24-time-21-39-39/append-50000.log'
2024-11-24 21:39:54,512 - ERROR - Command failed with return code: 1
2024-11-24 21:39:54,512 - ERROR - Standard Output: 
2024-11-24 21:39:54,512 - ERROR - Standard Error: /root/Nimble/experiments/append.lua: /root/Nimble/experiments/append.lua:5: module 'socket' not found:
	no field package.preload['socket']
	no file '/root/Nimble/experiments//socket.lua'
	no file '/nix/store/84lpqkxpwz3qrqlzx0851lnyn1s0h3nl-luarocks-3.11.0/share/lua/5.1/socket.lua'
	no file '/root/.luarocks/share/lua/5.1/socket.lua'
	no file './socket.lua'
	no file '/nix/store/mqbhz05llkddfb5wni0m48kw22ixxps4-lua-5.1.5/share/lua/5.1/socket.lua'
	no file '/nix/store/mqbhz05llkddfb5wni0m48kw22ixxps4-lua-5.1.5/share/lua/5.1/socket/init.lua'
	no file '/nix/store/mqbhz05llkddfb5wni0m48kw22ixxps4-lua-5.1.5/lib/lua/5.1/socket.lua'
	no file '/nix/store/mqbhz05llkddfb5wni0m48kw22ixxps4-lua-5.1.5/lib/lua/5.1/socket/init.lua'
	no file './socket.lua'
	no file '/nix/store/iq8s1f6d5wjwy4k7dm24qa4jpa3iby54-luajit-2.1.1693350652/share/luajit-2.1/socket.lua'
	no file '/usr/local/share/lua/5.1/socket.lua'
	no file '/usr/local/share/lua/5.1/socket/init.lua'
	no file '/nix/store/iq8s1f6d5wjwy4k7dm24qa4jpa3iby54-luajit-2.1.1693350652/share/lua/5.1/socket.lua'
	no file '/nix/store/iq8s1f6d5wjwy4k7dm24qa4jpa3iby54-luajit-2.1.1693350652/share/lua/5.1/socket/init.lua'
	no file '/nix/store/84lpqkxpwz3qrqlzx0851lnyn1s0h3nl-luarocks-3.11.0/share/lua/5.1/socket/init.lua'
	no file '/root/.luarocks/share/lua/5.1/socket/init.lua'
	no file '/root/.luarocks/lib/lua/5.1/socket.so'
	no file './socket.so'
	no file '/nix/store/mqbhz05llkddfb5wni0m48kw22ixxps4-lua-5.1.5/lib/lua/5.1/socket.so'
	no file '/nix/store/mqbhz05llkddfb5wni0m48kw22ixxps4-lua-5.1.5/lib/lua/5.1/loadall.so'
	no file './socket.so'
	no file '/usr/local/lib/lua/5.1/socket.so'
	no file '/nix/store/iq8s1f6d5wjwy4k7dm24qa4jpa3iby54-luajit-2.1.1693350652/lib/lua/5.1/socket.so'
	no file '/usr/local/lib/lua/5.1/loadall.so'
	no file '/nix/store/snh59wdpq3xkj5mlc643v6a8vnmki22q-lua5.1-luabitop-1.0.2-3/lib/lua/5.1/socket.so'
	no file 'socket.so'
	no file '/nix/store/84lpqkxpwz3qrqlzx0851lnyn1s0h3nl-luarocks-3.11.0/share/lua/5.1/socket/init.lua'
	no file '/nix/store/84lpqkxpwz3qrqlzx0851lnyn1s0h3nl-luarocks-3.11.0/lib/lua/5.1/socket.so'
unable to connect to 127.0.0.1:8082 Connection refused

2024-11-24 21:39:54,512 - INFO - Executing command: '/nix/store/kfh6s74hilmpr0kjwy163n7lri1fk7i4-wrk2-4.0.0-e0109df/bin/wrk2 -t120 -c120 -d30s -R50000 --latency http://127.0.0.1:8082 -s /root/Nimble/experiments/read.lua -- 50000req > /root/Nimble/experiments/results/fig-3a-date-2024-11-24-time-21-39-39/read-50000.log'
2024-11-24 21:39:54,517 - ERROR - Command failed with return code: 1
2024-11-24 21:39:54,517 - ERROR - Standard Output: 
2024-11-24 21:39:54,517 - ERROR - Standard Error: /root/Nimble/experiments/read.lua: /root/Nimble/experiments/read.lua:5: module 'socket' not found:
	no field package.preload['socket']
	no file '/root/Nimble/experiments//socket.lua'
	no file '/nix/store/84lpqkxpwz3qrqlzx0851lnyn1s0h3nl-luarocks-3.11.0/share/lua/5.1/socket.lua'
	no file '/root/.luarocks/share/lua/5.1/socket.lua'
	no file './socket.lua'
	no file '/nix/store/mqbhz05llkddfb5wni0m48kw22ixxps4-lua-5.1.5/share/lua/5.1/socket.lua'
	no file '/nix/store/mqbhz05llkddfb5wni0m48kw22ixxps4-lua-5.1.5/share/lua/5.1/socket/init.lua'
	no file '/nix/store/mqbhz05llkddfb5wni0m48kw22ixxps4-lua-5.1.5/lib/lua/5.1/socket.lua'
	no file '/nix/store/mqbhz05llkddfb5wni0m48kw22ixxps4-lua-5.1.5/lib/lua/5.1/socket/init.lua'
	no file './socket.lua'
	no file '/nix/store/iq8s1f6d5wjwy4k7dm24qa4jpa3iby54-luajit-2.1.1693350652/share/luajit-2.1/socket.lua'
	no file '/usr/local/share/lua/5.1/socket.lua'
	no file '/usr/local/share/lua/5.1/socket/init.lua'
	no file '/nix/store/iq8s1f6d5wjwy4k7dm24qa4jpa3iby54-luajit-2.1.1693350652/share/lua/5.1/socket.lua'
	no file '/nix/store/iq8s1f6d5wjwy4k7dm24qa4jpa3iby54-luajit-2.1.1693350652/share/lua/5.1/socket/init.lua'
	no file '/nix/store/84lpqkxpwz3qrqlzx0851lnyn1s0h3nl-luarocks-3.11.0/share/lua/5.1/socket/init.lua'
	no file '/root/.luarocks/share/lua/5.1/socket/init.lua'
	no file '/root/.luarocks/lib/lua/5.1/socket.so'
	no file './socket.so'
	no file '/nix/store/mqbhz05llkddfb5wni0m48kw22ixxps4-lua-5.1.5/lib/lua/5.1/socket.so'
	no file '/nix/store/mqbhz05llkddfb5wni0m48kw22ixxps4-lua-5.1.5/lib/lua/5.1/loadall.so'
	no file './socket.so'
	no file '/usr/local/lib/lua/5.1/socket.so'
	no file '/nix/store/iq8s1f6d5wjwy4k7dm24qa4jpa3iby54-luajit-2.1.1693350652/lib/lua/5.1/socket.so'
	no file '/usr/local/lib/lua/5.1/loadall.so'
	no file '/nix/store/snh59wdpq3xkj5mlc643v6a8vnmki22q-lua5.1-luabitop-1.0.2-3/lib/lua/5.1/socket.so'
	no file 'socket.so'
	no file '/nix/store/84lpqkxpwz3qrqlzx0851lnyn1s0h3nl-luarocks-3.11.0/share/lua/5.1/socket/init.lua'
	no file '/nix/store/84lpqkxpwz3qrqlzx0851lnyn1s0h3nl-luarocks-3.11.0/lib/lua/5.1/socket.so'
unable to connect to 127.0.0.1:8082 Connection refused

