Running 30s test @ http://127.0.0.1:8082
  120 threads and 120 connections
  Thread calibration: mean lat.: 3183.390ms, rate sampling interval: 14098ms
  Thread calibration: mean lat.: 3447.893ms, rate sampling interval: 14278ms
  Thread calibration: mean lat.: 3360.523ms, rate sampling interval: 14032ms
  Thread calibration: mean lat.: 3350.420ms, rate sampling interval: 14548ms
  Thread calibration: mean lat.: 3390.726ms, rate sampling interval: 14147ms
  Thread calibration: mean lat.: 3372.813ms, rate sampling interval: 14286ms
  Thread calibration: mean lat.: 3565.534ms, rate sampling interval: 14163ms
  Thread calibration: mean lat.: 3443.463ms, rate sampling interval: 14237ms
  Thread calibration: mean lat.: 3553.310ms, rate sampling interval: 14311ms
  Thread calibration: mean lat.: 3434.016ms, rate sampling interval: 14295ms
  Thread calibration: mean lat.: 3374.055ms, rate sampling interval: 14352ms
  Thread calibration: mean lat.: 3470.922ms, rate sampling interval: 14270ms
  Thread calibration: mean lat.: 3437.188ms, rate sampling interval: 14057ms
  Thread calibration: mean lat.: 3511.572ms, rate sampling interval: 14213ms
  Thread calibration: mean lat.: 3622.122ms, rate sampling interval: 14360ms
  Thread calibration: mean lat.: 3422.812ms, rate sampling interval: 14188ms
  Thread calibration: mean lat.: 3530.691ms, rate sampling interval: 14467ms
  Thread calibration: mean lat.: 3595.043ms, rate sampling interval: 14376ms
  Thread calibration: mean lat.: 3852.437ms, rate sampling interval: 14696ms
  Thread calibration: mean lat.: 3708.641ms, rate sampling interval: 14655ms
  Thread calibration: mean lat.: 3742.648ms, rate sampling interval: 14794ms
  Thread calibration: mean lat.: 3648.586ms, rate sampling interval: 14311ms
  Thread calibration: mean lat.: 3619.138ms, rate sampling interval: 14196ms
  Thread calibration: mean lat.: 3746.927ms, rate sampling interval: 14393ms
  Thread calibration: mean lat.: 3636.281ms, rate sampling interval: 14647ms
  Thread calibration: mean lat.: 3717.898ms, rate sampling interval: 14721ms
  Thread calibration: mean lat.: 3791.922ms, rate sampling interval: 14647ms
  Thread calibration: mean lat.: 3763.646ms, rate sampling interval: 14950ms
  Thread calibration: mean lat.: 3826.726ms, rate sampling interval: 14884ms
  Thread calibration: mean lat.: 3841.353ms, rate sampling interval: 14761ms
  Thread calibration: mean lat.: 3827.375ms, rate sampling interval: 14458ms
  Thread calibration: mean lat.: 3864.489ms, rate sampling interval: 14753ms
  Thread calibration: mean lat.: 3788.922ms, rate sampling interval: 14737ms
  Thread calibration: mean lat.: 3981.751ms, rate sampling interval: 15106ms
  Thread calibration: mean lat.: 3776.867ms, rate sampling interval: 14680ms
  Thread calibration: mean lat.: 3842.429ms, rate sampling interval: 14548ms
  Thread calibration: mean lat.: 4023.981ms, rate sampling interval: 14778ms
  Thread calibration: mean lat.: 3966.511ms, rate sampling interval: 15024ms
  Thread calibration: mean lat.: 3876.905ms, rate sampling interval: 14499ms
  Thread calibration: mean lat.: 3941.385ms, rate sampling interval: 14573ms
  Thread calibration: mean lat.: 3893.834ms, rate sampling interval: 14745ms
  Thread calibration: mean lat.: 4011.344ms, rate sampling interval: 15040ms
  Thread calibration: mean lat.: 3940.364ms, rate sampling interval: 14565ms
  Thread calibration: mean lat.: 4059.955ms, rate sampling interval: 15007ms
  Thread calibration: mean lat.: 4018.530ms, rate sampling interval: 14794ms
  Thread calibration: mean lat.: 3987.549ms, rate sampling interval: 15114ms
  Thread calibration: mean lat.: 4040.963ms, rate sampling interval: 15114ms
  Thread calibration: mean lat.: 3909.260ms, rate sampling interval: 14508ms
  Thread calibration: mean lat.: 3939.488ms, rate sampling interval: 14712ms
  Thread calibration: mean lat.: 4044.121ms, rate sampling interval: 14589ms
  Thread calibration: mean lat.: 4017.001ms, rate sampling interval: 14688ms
  Thread calibration: mean lat.: 3800.978ms, rate sampling interval: 14434ms
  Thread calibration: mean lat.: 4013.741ms, rate sampling interval: 14647ms
  Thread calibration: mean lat.: 4181.402ms, rate sampling interval: 14917ms
  Thread calibration: mean lat.: 4105.677ms, rate sampling interval: 14802ms
  Thread calibration: mean lat.: 4200.772ms, rate sampling interval: 15007ms
  Thread calibration: mean lat.: 4149.801ms, rate sampling interval: 15024ms
  Thread calibration: mean lat.: 4116.914ms, rate sampling interval: 14868ms
  Thread calibration: mean lat.: 4083.084ms, rate sampling interval: 15024ms
  Thread calibration: mean lat.: 4171.621ms, rate sampling interval: 15245ms
  Thread calibration: mean lat.: 4159.180ms, rate sampling interval: 15253ms
  Thread calibration: mean lat.: 4099.764ms, rate sampling interval: 14811ms
  Thread calibration: mean lat.: 4043.856ms, rate sampling interval: 14966ms
  Thread calibration: mean lat.: 4120.774ms, rate sampling interval: 15122ms
  Thread calibration: mean lat.: 4227.276ms, rate sampling interval: 15155ms
  Thread calibration: mean lat.: 4063.408ms, rate sampling interval: 14688ms
  Thread calibration: mean lat.: 4020.948ms, rate sampling interval: 15040ms
  Thread calibration: mean lat.: 4199.374ms, rate sampling interval: 14819ms
  Thread calibration: mean lat.: 4222.754ms, rate sampling interval: 14925ms
  Thread calibration: mean lat.: 4018.155ms, rate sampling interval: 15015ms
  Thread calibration: mean lat.: 4153.236ms, rate sampling interval: 15048ms
  Thread calibration: mean lat.: 4150.294ms, rate sampling interval: 15097ms
  Thread calibration: mean lat.: 4136.770ms, rate sampling interval: 14901ms
  Thread calibration: mean lat.: 4051.541ms, rate sampling interval: 14786ms
  Thread calibration: mean lat.: 4093.662ms, rate sampling interval: 15040ms
  Thread calibration: mean lat.: 4022.110ms, rate sampling interval: 14974ms
  Thread calibration: mean lat.: 4221.234ms, rate sampling interval: 15368ms
  Thread calibration: mean lat.: 4172.914ms, rate sampling interval: 14901ms
  Thread calibration: mean lat.: 4305.302ms, rate sampling interval: 15228ms
  Thread calibration: mean lat.: 4213.193ms, rate sampling interval: 15163ms
  Thread calibration: mean lat.: 4097.988ms, rate sampling interval: 14868ms
  Thread calibration: mean lat.: 4269.490ms, rate sampling interval: 15147ms
  Thread calibration: mean lat.: 3896.062ms, rate sampling interval: 14958ms
  Thread calibration: mean lat.: 4179.172ms, rate sampling interval: 14843ms
  Thread calibration: mean lat.: 4155.207ms, rate sampling interval: 15097ms
  Thread calibration: mean lat.: 4143.833ms, rate sampling interval: 14712ms
  Thread calibration: mean lat.: 4229.258ms, rate sampling interval: 15032ms
  Thread calibration: mean lat.: 4144.908ms, rate sampling interval: 14835ms
  Thread calibration: mean lat.: 4245.693ms, rate sampling interval: 15278ms
  Thread calibration: mean lat.: 4103.082ms, rate sampling interval: 14925ms
  Thread calibration: mean lat.: 4246.681ms, rate sampling interval: 15269ms
  Thread calibration: mean lat.: 4230.209ms, rate sampling interval: 15015ms
  Thread calibration: mean lat.: 4278.734ms, rate sampling interval: 14983ms
  Thread calibration: mean lat.: 4144.931ms, rate sampling interval: 14983ms
  Thread calibration: mean lat.: 4338.261ms, rate sampling interval: 15384ms
  Thread calibration: mean lat.: 4327.780ms, rate sampling interval: 15359ms
  Thread calibration: mean lat.: 4187.287ms, rate sampling interval: 15015ms
  Thread calibration: mean lat.: 4173.416ms, rate sampling interval: 15106ms
  Thread calibration: mean lat.: 4123.018ms, rate sampling interval: 14827ms
  Thread calibration: mean lat.: 4282.115ms, rate sampling interval: 15310ms
  Thread calibration: mean lat.: 4241.639ms, rate sampling interval: 14778ms
  Thread calibration: mean lat.: 4167.800ms, rate sampling interval: 14925ms
  Thread calibration: mean lat.: 4133.289ms, rate sampling interval: 14934ms
  Thread calibration: mean lat.: 4186.379ms, rate sampling interval: 14671ms
  Thread calibration: mean lat.: 4138.357ms, rate sampling interval: 14901ms
  Thread calibration: mean lat.: 4088.811ms, rate sampling interval: 14942ms
  Thread calibration: mean lat.: 4170.822ms, rate sampling interval: 15294ms
  Thread calibration: mean lat.: 4315.704ms, rate sampling interval: 15359ms
  Thread calibration: mean lat.: 4144.628ms, rate sampling interval: 15032ms
  Thread calibration: mean lat.: 4004.546ms, rate sampling interval: 14606ms
  Thread calibration: mean lat.: 4019.451ms, rate sampling interval: 14835ms
  Thread calibration: mean lat.: 4056.674ms, rate sampling interval: 15122ms
  Thread calibration: mean lat.: 4275.638ms, rate sampling interval: 15015ms
  Thread calibration: mean lat.: 4202.258ms, rate sampling interval: 15048ms
  Thread calibration: mean lat.: 4121.807ms, rate sampling interval: 14712ms
  Thread calibration: mean lat.: 4178.338ms, rate sampling interval: 14983ms
  Thread calibration: mean lat.: 4115.219ms, rate sampling interval: 14835ms
  Thread calibration: mean lat.: 4230.923ms, rate sampling interval: 15106ms
  Thread calibration: mean lat.: 4151.061ms, rate sampling interval: 15179ms
  Thread calibration: mean lat.: 4172.197ms, rate sampling interval: 15114ms
  Thread Stats   Avg      Stdev     Max   +/- Stdev
    Latency    16.38s     4.74s   24.97s    57.68%
    Req/Sec    66.77      1.51    71.00     90.00%
  Latency Distribution (HdrHistogram - Recorded Latency)
 50.000%   16.33s 
 75.000%   20.51s 
 90.000%   22.99s 
 99.000%   24.51s 
 99.900%   24.79s 
 99.990%   24.92s 
 99.999%   24.97s 
100.000%   24.99s 

  Detailed Percentile spectrum:
       Value   Percentile   TotalCount 1/(1-Percentile)

    7991.295     0.000000            1         1.00
    9863.167     0.100000        15758         1.11
   11468.799     0.200000        31414         1.25
   13074.431     0.300000        47088         1.43
   14688.255     0.400000        62849         1.67
   16326.655     0.500000        78507         2.00
   17154.047     0.550000        86430         2.22
   17973.247     0.600000        94238         2.50
   18825.215     0.650000       102124         2.86
   19677.183     0.700000       109984         3.33
   20512.767     0.750000       117783         4.00
   20922.367     0.775000       121610         4.44
   21348.351     0.800000       125613         5.00
   21757.951     0.825000       129514         5.71
   22167.551     0.850000       133442         6.67
   22577.151     0.875000       137343         8.00
   22790.143     0.887500       139355         8.89
   22986.751     0.900000       141261        10.00
   23199.743     0.912500       143329        11.43
   23396.351     0.925000       145241        13.33
   23609.343     0.937500       147240        16.00
   23707.647     0.943750       148169        17.78
   23822.335     0.950000       149163        20.00
   23920.639     0.956250       150092        22.86
   24035.327     0.962500       151158        26.67
   24133.631     0.968750       152105        32.00
   24182.783     0.971875       152568        35.56
   24231.935     0.975000       153038        40.00
   24281.087     0.978125       153487        45.71
   24346.623     0.981250       154109        53.33
   24395.775     0.984375       154548        64.00
   24428.543     0.985938       154796        71.11
   24461.311     0.987500       155072        80.00
   24494.079     0.989062       155305        91.43
   24526.847     0.990625       155517       106.67
   24559.615     0.992188       155706       128.00
   24592.383     0.992969       155904       142.22
   24608.767     0.993750       156009       160.00
   24625.151     0.994531       156097       182.86
   24641.535     0.995313       156198       213.33
   24674.303     0.996094       156359       256.00
   24690.687     0.996484       156426       284.44
   24690.687     0.996875       156426       320.00
   24707.071     0.997266       156510       365.71
   24723.455     0.997656       156566       426.67
   24739.839     0.998047       156627       512.00
   24756.223     0.998242       156672       568.89
   24756.223     0.998437       156672       640.00
   24772.607     0.998633       156723       731.43
   24788.991     0.998828       156760       853.33
   24788.991     0.999023       156760      1024.00
   24805.375     0.999121       156792      1137.78
   24805.375     0.999219       156792      1280.00
   24821.759     0.999316       156823      1462.86
   24821.759     0.999414       156823      1706.67
   24838.143     0.999512       156844      2048.00
   24838.143     0.999561       156844      2275.56
   24854.527     0.999609       156865      2560.00
   24854.527     0.999658       156865      2925.71
   24870.911     0.999707       156877      3413.33
   24870.911     0.999756       156877      4096.00
   24870.911     0.999780       156877      4551.11
   24887.295     0.999805       156887      5120.00
   24887.295     0.999829       156887      5851.43
   24903.679     0.999854       156893      6826.67
   24903.679     0.999878       156893      8192.00
   24920.063     0.999890       156901      9102.22
   24920.063     0.999902       156901     10240.00
   24920.063     0.999915       156901     11702.86
   24920.063     0.999927       156901     13653.33
   24936.447     0.999939       156905     16384.00
   24936.447     0.999945       156905     18204.44
   24936.447     0.999951       156905     20480.00
   24936.447     0.999957       156905     23405.71
   24952.831     0.999963       156908     27306.67
   24952.831     0.999969       156908     32768.00
   24952.831     0.999973       156908     36408.89
   24952.831     0.999976       156908     40960.00
   24952.831     0.999979       156908     46811.43
   24969.215     0.999982       156910     54613.33
   24969.215     0.999985       156910     65536.00
   24969.215     0.999986       156910     72817.78
   24969.215     0.999988       156910     81920.00
   24969.215     0.999989       156910     93622.86
   24969.215     0.999991       156910    109226.67
   24969.215     0.999992       156910    131072.00
   24969.215     0.999993       156910    145635.56
   24985.599     0.999994       156911    163840.00
   24985.599     1.000000       156911          inf
#[Mean    =    16379.732, StdDeviation   =     4740.472]
#[Max     =    24969.216, Total count    =       156911]
#[Buckets =           27, SubBuckets     =         2048]
----------------------------------------------------------
  243642 requests in 29.05s, 26.72MB read
  Non-2xx or 3xx responses: 243642
Requests/sec:   8387.16
Transfer/sec:      0.92MB
