Running 30s test @ http://127.0.0.1:8082
  120 threads and 120 connections
  Thread calibration: mean lat.: 0.615ms, rate sampling interval: 10ms
  Thread calibration: mean lat.: 0.617ms, rate sampling interval: 10ms
  Thread calibration: mean lat.: 0.617ms, rate sampling interval: 10ms
  Thread calibration: mean lat.: 0.616ms, rate sampling interval: 10ms
  Thread calibration: mean lat.: 0.619ms, rate sampling interval: 10ms
  Thread calibration: mean lat.: 0.619ms, rate sampling interval: 10ms
  Thread calibration: mean lat.: 0.618ms, rate sampling interval: 10ms
  Thread calibration: mean lat.: 0.619ms, rate sampling interval: 10ms
  Thread calibration: mean lat.: 0.616ms, rate sampling interval: 10ms
  Thread calibration: mean lat.: 0.619ms, rate sampling interval: 10ms
  Thread calibration: mean lat.: 0.615ms, rate sampling interval: 10ms
  Thread calibration: mean lat.: 0.616ms, rate sampling interval: 10ms
  Thread calibration: mean lat.: 0.618ms, rate sampling interval: 10ms
  Thread calibration: mean lat.: 0.621ms, rate sampling interval: 10ms
  Thread calibration: mean lat.: 0.616ms, rate sampling interval: 10ms
  Thread calibration: mean lat.: 0.619ms, rate sampling interval: 10ms
  Thread calibration: mean lat.: 0.617ms, rate sampling interval: 10ms
  Thread calibration: mean lat.: 0.616ms, rate sampling interval: 10ms
  Thread calibration: mean lat.: 0.619ms, rate sampling interval: 10ms
  Thread calibration: mean lat.: 0.617ms, rate sampling interval: 10ms
  Thread calibration: mean lat.: 0.621ms, rate sampling interval: 10ms
  Thread calibration: mean lat.: 0.618ms, rate sampling interval: 10ms
  Thread calibration: mean lat.: 0.620ms, rate sampling interval: 10ms
  Thread calibration: mean lat.: 0.619ms, rate sampling interval: 10ms
  Thread calibration: mean lat.: 0.619ms, rate sampling interval: 10ms
  Thread calibration: mean lat.: 0.621ms, rate sampling interval: 10ms
  Thread calibration: mean lat.: 0.620ms, rate sampling interval: 10ms
  Thread calibration: mean lat.: 0.618ms, rate sampling interval: 10ms
  Thread calibration: mean lat.: 0.622ms, rate sampling interval: 10ms
  Thread calibration: mean lat.: 0.621ms, rate sampling interval: 10ms
  Thread calibration: mean lat.: 0.617ms, rate sampling interval: 10ms
  Thread calibration: mean lat.: 0.620ms, rate sampling interval: 10ms
  Thread calibration: mean lat.: 0.615ms, rate sampling interval: 10ms
  Thread calibration: mean lat.: 0.622ms, rate sampling interval: 10ms
  Thread calibration: mean lat.: 0.618ms, rate sampling interval: 10ms
  Thread calibration: mean lat.: 0.618ms, rate sampling interval: 10ms
  Thread calibration: mean lat.: 0.620ms, rate sampling interval: 10ms
  Thread calibration: mean lat.: 0.618ms, rate sampling interval: 10ms
  Thread calibration: mean lat.: 0.618ms, rate sampling interval: 10ms
  Thread calibration: mean lat.: 0.619ms, rate sampling interval: 10ms
  Thread calibration: mean lat.: 0.619ms, rate sampling interval: 10ms
  Thread calibration: mean lat.: 0.618ms, rate sampling interval: 10ms
  Thread calibration: mean lat.: 0.618ms, rate sampling interval: 10ms
  Thread calibration: mean lat.: 0.616ms, rate sampling interval: 10ms
  Thread calibration: mean lat.: 0.617ms, rate sampling interval: 10ms
  Thread calibration: mean lat.: 0.615ms, rate sampling interval: 10ms
  Thread calibration: mean lat.: 0.621ms, rate sampling interval: 10ms
  Thread calibration: mean lat.: 0.617ms, rate sampling interval: 10ms
  Thread calibration: mean lat.: 0.623ms, rate sampling interval: 10ms
  Thread calibration: mean lat.: 0.618ms, rate sampling interval: 10ms
  Thread calibration: mean lat.: 0.620ms, rate sampling interval: 10ms
  Thread calibration: mean lat.: 0.619ms, rate sampling interval: 10ms
  Thread calibration: mean lat.: 0.619ms, rate sampling interval: 10ms
  Thread calibration: mean lat.: 0.618ms, rate sampling interval: 10ms
  Thread calibration: mean lat.: 0.620ms, rate sampling interval: 10ms
  Thread calibration: mean lat.: 0.619ms, rate sampling interval: 10ms
  Thread calibration: mean lat.: 0.617ms, rate sampling interval: 10ms
  Thread calibration: mean lat.: 0.618ms, rate sampling interval: 10ms
  Thread calibration: mean lat.: 0.620ms, rate sampling interval: 10ms
  Thread calibration: mean lat.: 0.619ms, rate sampling interval: 10ms
  Thread calibration: mean lat.: 0.618ms, rate sampling interval: 10ms
  Thread calibration: mean lat.: 0.663ms, rate sampling interval: 10ms
  Thread calibration: mean lat.: 0.638ms, rate sampling interval: 10ms
  Thread calibration: mean lat.: 0.617ms, rate sampling interval: 10ms
  Thread calibration: mean lat.: 0.615ms, rate sampling interval: 10ms
  Thread calibration: mean lat.: 0.618ms, rate sampling interval: 10ms
  Thread calibration: mean lat.: 0.620ms, rate sampling interval: 10ms
  Thread calibration: mean lat.: 0.621ms, rate sampling interval: 10ms
  Thread calibration: mean lat.: 0.618ms, rate sampling interval: 10ms
  Thread calibration: mean lat.: 0.617ms, rate sampling interval: 10ms
  Thread calibration: mean lat.: 0.617ms, rate sampling interval: 10ms
  Thread calibration: mean lat.: 0.622ms, rate sampling interval: 10ms
  Thread calibration: mean lat.: 0.619ms, rate sampling interval: 10ms
  Thread calibration: mean lat.: 0.621ms, rate sampling interval: 10ms
  Thread calibration: mean lat.: 0.618ms, rate sampling interval: 10ms
  Thread calibration: mean lat.: 0.621ms, rate sampling interval: 10ms
  Thread calibration: mean lat.: 0.620ms, rate sampling interval: 10ms
  Thread calibration: mean lat.: 0.618ms, rate sampling interval: 10ms
  Thread calibration: mean lat.: 0.616ms, rate sampling interval: 10ms
  Thread calibration: mean lat.: 0.617ms, rate sampling interval: 10ms
  Thread calibration: mean lat.: 0.613ms, rate sampling interval: 10ms
  Thread calibration: mean lat.: 0.619ms, rate sampling interval: 10ms
  Thread calibration: mean lat.: 0.616ms, rate sampling interval: 10ms
  Thread calibration: mean lat.: 0.620ms, rate sampling interval: 10ms
  Thread calibration: mean lat.: 0.623ms, rate sampling interval: 10ms
  Thread calibration: mean lat.: 0.618ms, rate sampling interval: 10ms
  Thread calibration: mean lat.: 0.621ms, rate sampling interval: 10ms
  Thread calibration: mean lat.: 0.623ms, rate sampling interval: 10ms
  Thread calibration: mean lat.: 0.615ms, rate sampling interval: 10ms
  Thread calibration: mean lat.: 0.620ms, rate sampling interval: 10ms
  Thread calibration: mean lat.: 0.623ms, rate sampling interval: 10ms
  Thread calibration: mean lat.: 0.619ms, rate sampling interval: 10ms
  Thread calibration: mean lat.: 0.620ms, rate sampling interval: 10ms
  Thread calibration: mean lat.: 0.620ms, rate sampling interval: 10ms
  Thread calibration: mean lat.: 0.621ms, rate sampling interval: 10ms
  Thread calibration: mean lat.: 0.619ms, rate sampling interval: 10ms
  Thread calibration: mean lat.: 0.621ms, rate sampling interval: 10ms
  Thread calibration: mean lat.: 0.622ms, rate sampling interval: 10ms
  Thread calibration: mean lat.: 0.616ms, rate sampling interval: 10ms
  Thread calibration: mean lat.: 0.620ms, rate sampling interval: 10ms
  Thread calibration: mean lat.: 0.618ms, rate sampling interval: 10ms
  Thread calibration: mean lat.: 0.621ms, rate sampling interval: 10ms
  Thread calibration: mean lat.: 0.621ms, rate sampling interval: 10ms
  Thread calibration: mean lat.: 0.622ms, rate sampling interval: 10ms
  Thread calibration: mean lat.: 0.618ms, rate sampling interval: 10ms
  Thread calibration: mean lat.: 0.619ms, rate sampling interval: 10ms
  Thread calibration: mean lat.: 0.615ms, rate sampling interval: 10ms
  Thread calibration: mean lat.: 0.615ms, rate sampling interval: 10ms
  Thread calibration: mean lat.: 0.616ms, rate sampling interval: 10ms
  Thread calibration: mean lat.: 0.621ms, rate sampling interval: 10ms
  Thread calibration: mean lat.: 0.617ms, rate sampling interval: 10ms
  Thread calibration: mean lat.: 0.619ms, rate sampling interval: 10ms
  Thread calibration: mean lat.: 0.618ms, rate sampling interval: 10ms
  Thread calibration: mean lat.: 0.615ms, rate sampling interval: 10ms
  Thread calibration: mean lat.: 0.621ms, rate sampling interval: 10ms
  Thread calibration: mean lat.: 0.620ms, rate sampling interval: 10ms
  Thread calibration: mean lat.: 0.618ms, rate sampling interval: 10ms
  Thread calibration: mean lat.: 0.622ms, rate sampling interval: 10ms
  Thread calibration: mean lat.: 0.616ms, rate sampling interval: 10ms
  Thread calibration: mean lat.: 0.618ms, rate sampling interval: 10ms
  Thread Stats   Avg      Stdev     Max   +/- Stdev
    Latency   628.60us  291.76us   3.15ms   58.13%
    Req/Sec   440.45     39.50   555.00     78.43%
  Latency Distribution (HdrHistogram - Recorded Latency)
 50.000%  629.00us
 75.000%    0.88ms
 90.000%    1.03ms
 99.000%    1.13ms
 99.900%    1.18ms
 99.990%    1.23ms
 99.999%    1.68ms
100.000%    3.15ms

  Detailed Percentile spectrum:
       Value   Percentile   TotalCount 1/(1-Percentile)

       0.041     0.000000            1         1.00
       0.225     0.100000        97715         1.11
       0.327     0.200000       196043         1.25
       0.427     0.300000       292926         1.43
       0.528     0.400000       390519         1.67
       0.629     0.500000       488314         2.00
       0.678     0.550000       537042         2.22
       0.728     0.600000       586106         2.50
       0.778     0.650000       634830         2.86
       0.828     0.700000       683264         3.33
       0.880     0.750000       732379         4.00
       0.906     0.775000       756717         4.44
       0.931     0.800000       780892         5.00
       0.957     0.825000       806174         5.71
       0.981     0.850000       829714         6.67
       1.006     0.875000       854087         8.00
       1.019     0.887500       866602         8.89
       1.032     0.900000       879094        10.00
       1.044     0.912500       890697        11.43
       1.057     0.925000       903262        13.33
       1.069     0.937500       915037        16.00
       1.076     0.943750       921915        17.78
       1.082     0.950000       927718        20.00
       1.088     0.956250       933689        22.86
       1.094     0.962500       939649        26.67
       1.101     0.968750       946481        32.00
       1.104     0.971875       949427        35.56
       1.107     0.975000       952187        40.00
       1.110     0.978125       954751        45.71
       1.114     0.981250       957763        53.33
       1.119     0.984375       960796        64.00
       1.122     0.985938       962402        71.11
       1.126     0.987500       964191        80.00
       1.129     0.989062       965423        91.43
       1.134     0.990625       967148       106.67
       1.139     0.992188       968511       128.00
       1.142     0.992969       969272       142.22
       1.145     0.993750       969936       160.00
       1.149     0.994531       970751       182.86
       1.153     0.995313       971544       213.33
       1.157     0.996094       972245       256.00
       1.160     0.996484       972761       284.44
       1.162     0.996875       973107       320.00
       1.164     0.997266       973428       365.71
       1.167     0.997656       973843       426.67
       1.170     0.998047       974224       512.00
       1.171     0.998242       974359       568.89
       1.173     0.998437       974565       640.00
       1.175     0.998633       974759       731.43
       1.177     0.998828       974923       853.33
       1.180     0.999023       975125      1024.00
       1.181     0.999121       975202      1137.78
       1.183     0.999219       975293      1280.00
       1.185     0.999316       975411      1462.86
       1.186     0.999414       975464      1706.67
       1.189     0.999512       975579      2048.00
       1.190     0.999561       975608      2275.56
       1.192     0.999609       975656      2560.00
       1.194     0.999658       975712      2925.71
       1.196     0.999707       975748      3413.33
       1.198     0.999756       975797      4096.00
       1.200     0.999780       975823      4551.11
       1.202     0.999805       975849      5120.00
       1.204     0.999829       975872      5851.43
       1.209     0.999854       975891      6826.67
       1.215     0.999878       975912      8192.00
       1.220     0.999890       975924      9102.22
       1.228     0.999902       975936     10240.00
       1.244     0.999915       975948     11702.86
       1.282     0.999927       975960     13653.33
       1.320     0.999939       975972     16384.00
       1.348     0.999945       975979     18204.44
       1.378     0.999951       975984     20480.00
       1.418     0.999957       975990     23405.71
       1.441     0.999963       975996     27306.67
       1.463     0.999969       976002     32768.00
       1.486     0.999973       976005     36408.89
       1.509     0.999976       976008     40960.00
       1.521     0.999979       976011     46811.43
       1.542     0.999982       976014     54613.33
       1.570     0.999985       976017     65536.00
       1.589     0.999986       976018     72817.78
       1.663     0.999988       976020     81920.00
       1.678     0.999989       976021     93622.86
       1.736     0.999991       976023    109226.67
       1.737     0.999992       976024    131072.00
       1.756     0.999993       976025    145635.56
       1.843     0.999994       976026    163840.00
       1.843     0.999995       976026    187245.71
       1.852     0.999995       976027    218453.33
       2.003     0.999996       976028    262144.00
       2.003     0.999997       976028    291271.11
       2.461     0.999997       976029    327680.00
       2.461     0.999997       976029    374491.43
       2.461     0.999998       976029    436906.67
       2.683     0.999998       976030    524288.00
       2.683     0.999998       976030    582542.22
       2.683     0.999998       976030    655360.00
       2.683     0.999999       976030    748982.86
       2.683     0.999999       976030    873813.33
       3.155     0.999999       976031   1048576.00
       3.155     1.000000       976031          inf
#[Mean    =        0.629, StdDeviation   =        0.292]
#[Max     =        3.154, Total count    =       976031]
#[Buckets =           27, SubBuckets     =         2048]
----------------------------------------------------------
  1476426 requests in 29.07s, 115.46MB read
  Non-2xx or 3xx responses: 1476426
Requests/sec:  50793.42
Transfer/sec:      3.97MB
