Running 30s test @ http://127.0.0.1:8082
  120 threads and 120 connections
  Thread calibration: mean lat.: 0.615ms, rate sampling interval: 10ms
  Thread calibration: mean lat.: 0.616ms, rate sampling interval: 10ms
  Thread calibration: mean lat.: 0.619ms, rate sampling interval: 10ms
  Thread calibration: mean lat.: 0.617ms, rate sampling interval: 10ms
  Thread calibration: mean lat.: 0.621ms, rate sampling interval: 10ms
  Thread calibration: mean lat.: 0.620ms, rate sampling interval: 10ms
  Thread calibration: mean lat.: 0.620ms, rate sampling interval: 10ms
  Thread calibration: mean lat.: 0.620ms, rate sampling interval: 10ms
  Thread calibration: mean lat.: 0.623ms, rate sampling interval: 10ms
  Thread calibration: mean lat.: 0.617ms, rate sampling interval: 10ms
  Thread calibration: mean lat.: 0.617ms, rate sampling interval: 10ms
  Thread calibration: mean lat.: 0.619ms, rate sampling interval: 10ms
  Thread calibration: mean lat.: 0.617ms, rate sampling interval: 10ms
  Thread calibration: mean lat.: 0.619ms, rate sampling interval: 10ms
  Thread calibration: mean lat.: 0.620ms, rate sampling interval: 10ms
  Thread calibration: mean lat.: 0.622ms, rate sampling interval: 10ms
  Thread calibration: mean lat.: 0.616ms, rate sampling interval: 10ms
  Thread calibration: mean lat.: 0.621ms, rate sampling interval: 10ms
  Thread calibration: mean lat.: 0.619ms, rate sampling interval: 10ms
  Thread calibration: mean lat.: 0.620ms, rate sampling interval: 10ms
  Thread calibration: mean lat.: 0.620ms, rate sampling interval: 10ms
  Thread calibration: mean lat.: 0.618ms, rate sampling interval: 10ms
  Thread calibration: mean lat.: 0.616ms, rate sampling interval: 10ms
  Thread calibration: mean lat.: 0.617ms, rate sampling interval: 10ms
  Thread calibration: mean lat.: 0.620ms, rate sampling interval: 10ms
  Thread calibration: mean lat.: 0.617ms, rate sampling interval: 10ms
  Thread calibration: mean lat.: 0.618ms, rate sampling interval: 10ms
  Thread calibration: mean lat.: 0.616ms, rate sampling interval: 10ms
  Thread calibration: mean lat.: 0.619ms, rate sampling interval: 10ms
  Thread calibration: mean lat.: 0.676ms, rate sampling interval: 10ms
  Thread calibration: mean lat.: 0.671ms, rate sampling interval: 10ms
  Thread calibration: mean lat.: 0.619ms, rate sampling interval: 10ms
  Thread calibration: mean lat.: 0.622ms, rate sampling interval: 10ms
  Thread calibration: mean lat.: 0.620ms, rate sampling interval: 10ms
  Thread calibration: mean lat.: 0.622ms, rate sampling interval: 10ms
  Thread calibration: mean lat.: 0.618ms, rate sampling interval: 10ms
  Thread calibration: mean lat.: 0.618ms, rate sampling interval: 10ms
  Thread calibration: mean lat.: 0.618ms, rate sampling interval: 10ms
  Thread calibration: mean lat.: 0.619ms, rate sampling interval: 10ms
  Thread calibration: mean lat.: 0.618ms, rate sampling interval: 10ms
  Thread calibration: mean lat.: 0.620ms, rate sampling interval: 10ms
  Thread calibration: mean lat.: 0.614ms, rate sampling interval: 10ms
  Thread calibration: mean lat.: 0.617ms, rate sampling interval: 10ms
  Thread calibration: mean lat.: 0.619ms, rate sampling interval: 10ms
  Thread calibration: mean lat.: 0.619ms, rate sampling interval: 10ms
  Thread calibration: mean lat.: 0.618ms, rate sampling interval: 10ms
  Thread calibration: mean lat.: 0.618ms, rate sampling interval: 10ms
  Thread calibration: mean lat.: 0.618ms, rate sampling interval: 10ms
  Thread calibration: mean lat.: 0.619ms, rate sampling interval: 10ms
  Thread calibration: mean lat.: 0.619ms, rate sampling interval: 10ms
  Thread calibration: mean lat.: 0.620ms, rate sampling interval: 10ms
  Thread calibration: mean lat.: 0.617ms, rate sampling interval: 10ms
  Thread calibration: mean lat.: 0.618ms, rate sampling interval: 10ms
  Thread calibration: mean lat.: 0.623ms, rate sampling interval: 10ms
  Thread calibration: mean lat.: 0.618ms, rate sampling interval: 10ms
  Thread calibration: mean lat.: 0.618ms, rate sampling interval: 10ms
  Thread calibration: mean lat.: 0.618ms, rate sampling interval: 10ms
  Thread calibration: mean lat.: 0.621ms, rate sampling interval: 10ms
  Thread calibration: mean lat.: 0.618ms, rate sampling interval: 10ms
  Thread calibration: mean lat.: 0.621ms, rate sampling interval: 10ms
  Thread calibration: mean lat.: 0.617ms, rate sampling interval: 10ms
  Thread calibration: mean lat.: 0.664ms, rate sampling interval: 10ms
  Thread calibration: mean lat.: 0.655ms, rate sampling interval: 10ms
  Thread calibration: mean lat.: 0.621ms, rate sampling interval: 10ms
  Thread calibration: mean lat.: 0.611ms, rate sampling interval: 10ms
  Thread calibration: mean lat.: 0.620ms, rate sampling interval: 10ms
  Thread calibration: mean lat.: 0.619ms, rate sampling interval: 10ms
  Thread calibration: mean lat.: 0.622ms, rate sampling interval: 10ms
  Thread calibration: mean lat.: 0.615ms, rate sampling interval: 10ms
  Thread calibration: mean lat.: 0.617ms, rate sampling interval: 10ms
  Thread calibration: mean lat.: 0.618ms, rate sampling interval: 10ms
  Thread calibration: mean lat.: 0.620ms, rate sampling interval: 10ms
  Thread calibration: mean lat.: 0.622ms, rate sampling interval: 10ms
  Thread calibration: mean lat.: 0.615ms, rate sampling interval: 10ms
  Thread calibration: mean lat.: 0.619ms, rate sampling interval: 10ms
  Thread calibration: mean lat.: 0.620ms, rate sampling interval: 10ms
  Thread calibration: mean lat.: 0.619ms, rate sampling interval: 10ms
  Thread calibration: mean lat.: 0.618ms, rate sampling interval: 10ms
  Thread calibration: mean lat.: 0.618ms, rate sampling interval: 10ms
  Thread calibration: mean lat.: 0.617ms, rate sampling interval: 10ms
  Thread calibration: mean lat.: 0.616ms, rate sampling interval: 10ms
  Thread calibration: mean lat.: 0.617ms, rate sampling interval: 10ms
  Thread calibration: mean lat.: 0.621ms, rate sampling interval: 10ms
  Thread calibration: mean lat.: 0.619ms, rate sampling interval: 10ms
  Thread calibration: mean lat.: 0.620ms, rate sampling interval: 10ms
  Thread calibration: mean lat.: 0.616ms, rate sampling interval: 10ms
  Thread calibration: mean lat.: 0.618ms, rate sampling interval: 10ms
  Thread calibration: mean lat.: 0.616ms, rate sampling interval: 10ms
  Thread calibration: mean lat.: 0.618ms, rate sampling interval: 10ms
  Thread calibration: mean lat.: 0.621ms, rate sampling interval: 10ms
  Thread calibration: mean lat.: 0.617ms, rate sampling interval: 10ms
  Thread calibration: mean lat.: 0.618ms, rate sampling interval: 10ms
  Thread calibration: mean lat.: 0.619ms, rate sampling interval: 10ms
  Thread calibration: mean lat.: 0.617ms, rate sampling interval: 10ms
  Thread calibration: mean lat.: 0.619ms, rate sampling interval: 10ms
  Thread calibration: mean lat.: 0.620ms, rate sampling interval: 10ms
  Thread calibration: mean lat.: 0.615ms, rate sampling interval: 10ms
  Thread calibration: mean lat.: 0.616ms, rate sampling interval: 10ms
  Thread calibration: mean lat.: 0.621ms, rate sampling interval: 10ms
  Thread calibration: mean lat.: 0.620ms, rate sampling interval: 10ms
  Thread calibration: mean lat.: 0.618ms, rate sampling interval: 10ms
  Thread calibration: mean lat.: 0.619ms, rate sampling interval: 10ms
  Thread calibration: mean lat.: 0.617ms, rate sampling interval: 10ms
  Thread calibration: mean lat.: 0.614ms, rate sampling interval: 10ms
  Thread calibration: mean lat.: 0.614ms, rate sampling interval: 10ms
  Thread calibration: mean lat.: 0.620ms, rate sampling interval: 10ms
  Thread calibration: mean lat.: 0.619ms, rate sampling interval: 10ms
  Thread calibration: mean lat.: 0.616ms, rate sampling interval: 10ms
  Thread calibration: mean lat.: 0.618ms, rate sampling interval: 10ms
  Thread calibration: mean lat.: 0.615ms, rate sampling interval: 10ms
  Thread calibration: mean lat.: 0.618ms, rate sampling interval: 10ms
  Thread calibration: mean lat.: 0.611ms, rate sampling interval: 10ms
  Thread calibration: mean lat.: 0.617ms, rate sampling interval: 10ms
  Thread calibration: mean lat.: 0.622ms, rate sampling interval: 10ms
  Thread calibration: mean lat.: 0.622ms, rate sampling interval: 10ms
  Thread calibration: mean lat.: 0.619ms, rate sampling interval: 10ms
  Thread calibration: mean lat.: 0.615ms, rate sampling interval: 10ms
  Thread calibration: mean lat.: 0.618ms, rate sampling interval: 10ms
  Thread calibration: mean lat.: 0.619ms, rate sampling interval: 10ms
  Thread calibration: mean lat.: 0.621ms, rate sampling interval: 10ms
  Thread Stats   Avg      Stdev     Max   +/- Stdev
    Latency   627.30us  291.35us   1.72ms   58.11%
    Req/Sec   440.26     39.74   555.00     78.20%
  Latency Distribution (HdrHistogram - Recorded Latency)
 50.000%  628.00us
 75.000%    0.88ms
 90.000%    1.03ms
 99.000%    1.13ms
 99.900%    1.17ms
 99.990%    1.20ms
 99.999%    1.46ms
100.000%    1.72ms

  Detailed Percentile spectrum:
       Value   Percentile   TotalCount 1/(1-Percentile)

       0.045     0.000000            1         1.00
       0.225     0.100000       100428         1.11
       0.326     0.200000       199759         1.25
       0.426     0.300000       298661         1.43
       0.527     0.400000       398498         1.67
       0.628     0.500000       498557         2.00
       0.677     0.550000       548183         2.22
       0.726     0.600000       597416         2.50
       0.777     0.650000       647739         2.86
       0.827     0.700000       697429         3.33
       0.879     0.750000       747289         4.00
       0.905     0.775000       772149         4.44
       0.930     0.800000       796914         5.00
       0.955     0.825000       821832         5.71
       0.980     0.850000       846858         6.67
       1.005     0.875000       871593         8.00
       1.018     0.887500       884422         8.89
       1.030     0.900000       896118        10.00
       1.043     0.912500       908912        11.43
       1.056     0.925000       921716        13.33
       1.068     0.937500       933762        16.00
       1.074     0.943750       939770        17.78
       1.080     0.950000       945941        20.00
       1.086     0.956250       952027        22.86
       1.093     0.962500       959079        26.67
       1.099     0.968750       965057        32.00
       1.102     0.971875       968029        35.56
       1.105     0.975000       970950        40.00
       1.108     0.978125       973667        45.71
       1.112     0.981250       976960        53.33
       1.117     0.984375       980286        64.00
       1.120     0.985938       981924        71.11
       1.123     0.987500       983420        80.00
       1.126     0.989062       984703        91.43
       1.130     0.990625       986189       106.67
       1.135     0.992188       987696       128.00
       1.138     0.992969       988505       142.22
       1.141     0.993750       989246       160.00
       1.145     0.994531       990064       182.86
       1.149     0.995313       990804       213.33
       1.154     0.996094       991675       256.00
       1.156     0.996484       991994       284.44
       1.158     0.996875       992323       320.00
       1.161     0.997266       992805       365.71
       1.163     0.997656       993113       426.67
       1.166     0.998047       993551       512.00
       1.168     0.998242       993799       568.89
       1.169     0.998437       993920       640.00
       1.171     0.998633       994154       731.43
       1.173     0.998828       994301       853.33
       1.176     0.999023       994529      1024.00
       1.177     0.999121       994600      1137.78
       1.178     0.999219       994662      1280.00
       1.180     0.999316       994775      1462.86
       1.182     0.999414       994888      1706.67
       1.184     0.999512       994984      2048.00
       1.185     0.999561       995024      2275.56
       1.186     0.999609       995072      2560.00
       1.187     0.999658       995111      2925.71
       1.188     0.999707       995143      3413.33
       1.190     0.999756       995189      4096.00
       1.192     0.999780       995229      4551.11
       1.193     0.999805       995244      5120.00
       1.194     0.999829       995262      5851.43
       1.196     0.999854       995291      6826.67
       1.198     0.999878       995317      8192.00
       1.199     0.999890       995328      9102.22
       1.201     0.999902       995346     10240.00
       1.202     0.999915       995356     11702.86
       1.203     0.999927       995364     13653.33
       1.206     0.999939       995375     16384.00
       1.207     0.999945       995381     18204.44
       1.208     0.999951       995385     20480.00
       1.209     0.999957       995391     23405.71
       1.211     0.999963       995396     27306.67
       1.213     0.999969       995402     32768.00
       1.221     0.999973       995405     36408.89
       1.231     0.999976       995408     40960.00
       1.244     0.999979       995411     46811.43
       1.319     0.999982       995414     54613.33
       1.344     0.999985       995417     65536.00
       1.391     0.999986       995419     72817.78
       1.414     0.999988       995420     81920.00
       1.455     0.999989       995422     93622.86
       1.463     0.999991       995423    109226.67
       1.467     0.999992       995425    131072.00
       1.514     0.999993       995426    145635.56
       1.514     0.999994       995426    163840.00
       1.531     0.999995       995427    187245.71
       1.583     0.999995       995428    218453.33
       1.585     0.999996       995429    262144.00
       1.585     0.999997       995429    291271.11
       1.585     0.999997       995429    327680.00
       1.616     0.999997       995430    374491.43
       1.616     0.999998       995430    436906.67
       1.651     0.999998       995431    524288.00
       1.651     0.999998       995431    582542.22
       1.651     0.999998       995431    655360.00
       1.651     0.999999       995431    748982.86
       1.651     0.999999       995431    873813.33
       1.718     0.999999       995432   1048576.00
       1.718     1.000000       995432          inf
#[Mean    =        0.627, StdDeviation   =        0.291]
#[Max     =        1.718, Total count    =       995432]
#[Buckets =           27, SubBuckets     =         2048]
----------------------------------------------------------
  1495832 requests in 29.84s, 116.98MB read
  Non-2xx or 3xx responses: 1495832
Requests/sec:  50123.45
Transfer/sec:      3.92MB
