Running 2m test @ http://127.0.0.1:8082
  120 threads and 120 connections
  Thread calibration: mean lat.: 0.617ms, rate sampling interval: 10ms
  Thread calibration: mean lat.: 0.619ms, rate sampling interval: 10ms
  Thread calibration: mean lat.: 0.623ms, rate sampling interval: 10ms
  Thread calibration: mean lat.: 0.619ms, rate sampling interval: 10ms
  Thread calibration: mean lat.: 0.623ms, rate sampling interval: 10ms
  Thread calibration: mean lat.: 0.618ms, rate sampling interval: 10ms
  Thread calibration: mean lat.: 0.619ms, rate sampling interval: 10ms
  Thread calibration: mean lat.: 0.617ms, rate sampling interval: 10ms
  Thread calibration: mean lat.: 0.618ms, rate sampling interval: 10ms
  Thread calibration: mean lat.: 0.620ms, rate sampling interval: 10ms
  Thread calibration: mean lat.: 0.616ms, rate sampling interval: 10ms
  Thread calibration: mean lat.: 0.618ms, rate sampling interval: 10ms
  Thread calibration: mean lat.: 0.618ms, rate sampling interval: 10ms
  Thread calibration: mean lat.: 0.620ms, rate sampling interval: 10ms
  Thread calibration: mean lat.: 0.621ms, rate sampling interval: 10ms
  Thread calibration: mean lat.: 0.616ms, rate sampling interval: 10ms
  Thread calibration: mean lat.: 0.619ms, rate sampling interval: 10ms
  Thread calibration: mean lat.: 0.617ms, rate sampling interval: 10ms
  Thread calibration: mean lat.: 0.619ms, rate sampling interval: 10ms
  Thread calibration: mean lat.: 0.618ms, rate sampling interval: 10ms
  Thread calibration: mean lat.: 0.619ms, rate sampling interval: 10ms
  Thread calibration: mean lat.: 0.615ms, rate sampling interval: 10ms
  Thread calibration: mean lat.: 0.618ms, rate sampling interval: 10ms
  Thread calibration: mean lat.: 0.620ms, rate sampling interval: 10ms
  Thread calibration: mean lat.: 0.620ms, rate sampling interval: 10ms
  Thread calibration: mean lat.: 0.618ms, rate sampling interval: 10ms
  Thread calibration: mean lat.: 0.618ms, rate sampling interval: 10ms
  Thread calibration: mean lat.: 0.619ms, rate sampling interval: 10ms
  Thread calibration: mean lat.: 0.614ms, rate sampling interval: 10ms
  Thread calibration: mean lat.: 0.670ms, rate sampling interval: 10ms
  Thread calibration: mean lat.: 0.663ms, rate sampling interval: 10ms
  Thread calibration: mean lat.: 0.618ms, rate sampling interval: 10ms
  Thread calibration: mean lat.: 0.623ms, rate sampling interval: 10ms
  Thread calibration: mean lat.: 0.617ms, rate sampling interval: 10ms
  Thread calibration: mean lat.: 0.617ms, rate sampling interval: 10ms
  Thread calibration: mean lat.: 0.620ms, rate sampling interval: 10ms
  Thread calibration: mean lat.: 0.619ms, rate sampling interval: 10ms
  Thread calibration: mean lat.: 0.620ms, rate sampling interval: 10ms
  Thread calibration: mean lat.: 0.619ms, rate sampling interval: 10ms
  Thread calibration: mean lat.: 0.619ms, rate sampling interval: 10ms
  Thread calibration: mean lat.: 0.618ms, rate sampling interval: 10ms
  Thread calibration: mean lat.: 0.621ms, rate sampling interval: 10ms
  Thread calibration: mean lat.: 0.618ms, rate sampling interval: 10ms
  Thread calibration: mean lat.: 0.619ms, rate sampling interval: 10ms
  Thread calibration: mean lat.: 0.620ms, rate sampling interval: 10ms
  Thread calibration: mean lat.: 0.621ms, rate sampling interval: 10ms
  Thread calibration: mean lat.: 0.614ms, rate sampling interval: 10ms
  Thread calibration: mean lat.: 0.618ms, rate sampling interval: 10ms
  Thread calibration: mean lat.: 0.618ms, rate sampling interval: 10ms
  Thread calibration: mean lat.: 0.619ms, rate sampling interval: 10ms
  Thread calibration: mean lat.: 0.620ms, rate sampling interval: 10ms
  Thread calibration: mean lat.: 0.615ms, rate sampling interval: 10ms
  Thread calibration: mean lat.: 0.621ms, rate sampling interval: 10ms
  Thread calibration: mean lat.: 0.617ms, rate sampling interval: 10ms
  Thread calibration: mean lat.: 0.619ms, rate sampling interval: 10ms
  Thread calibration: mean lat.: 0.617ms, rate sampling interval: 10ms
  Thread calibration: mean lat.: 0.620ms, rate sampling interval: 10ms
  Thread calibration: mean lat.: 0.622ms, rate sampling interval: 10ms
  Thread calibration: mean lat.: 0.621ms, rate sampling interval: 10ms
  Thread calibration: mean lat.: 0.618ms, rate sampling interval: 10ms
  Thread calibration: mean lat.: 0.620ms, rate sampling interval: 10ms
  Thread calibration: mean lat.: 0.666ms, rate sampling interval: 10ms
  Thread calibration: mean lat.: 0.655ms, rate sampling interval: 10ms
  Thread calibration: mean lat.: 0.616ms, rate sampling interval: 10ms
  Thread calibration: mean lat.: 0.622ms, rate sampling interval: 10ms
  Thread calibration: mean lat.: 0.616ms, rate sampling interval: 10ms
  Thread calibration: mean lat.: 0.619ms, rate sampling interval: 10ms
  Thread calibration: mean lat.: 0.619ms, rate sampling interval: 10ms
  Thread calibration: mean lat.: 0.620ms, rate sampling interval: 10ms
  Thread calibration: mean lat.: 0.620ms, rate sampling interval: 10ms
  Thread calibration: mean lat.: 0.617ms, rate sampling interval: 10ms
  Thread calibration: mean lat.: 0.614ms, rate sampling interval: 10ms
  Thread calibration: mean lat.: 0.617ms, rate sampling interval: 10ms
  Thread calibration: mean lat.: 0.615ms, rate sampling interval: 10ms
  Thread calibration: mean lat.: 0.615ms, rate sampling interval: 10ms
  Thread calibration: mean lat.: 0.621ms, rate sampling interval: 10ms
  Thread calibration: mean lat.: 0.618ms, rate sampling interval: 10ms
  Thread calibration: mean lat.: 0.619ms, rate sampling interval: 10ms
  Thread calibration: mean lat.: 0.615ms, rate sampling interval: 10ms
  Thread calibration: mean lat.: 0.617ms, rate sampling interval: 10ms
  Thread calibration: mean lat.: 0.621ms, rate sampling interval: 10ms
  Thread calibration: mean lat.: 0.619ms, rate sampling interval: 10ms
  Thread calibration: mean lat.: 0.619ms, rate sampling interval: 10ms
  Thread calibration: mean lat.: 0.618ms, rate sampling interval: 10ms
  Thread calibration: mean lat.: 0.624ms, rate sampling interval: 10ms
  Thread calibration: mean lat.: 0.616ms, rate sampling interval: 10ms
  Thread calibration: mean lat.: 0.620ms, rate sampling interval: 10ms
  Thread calibration: mean lat.: 0.618ms, rate sampling interval: 10ms
  Thread calibration: mean lat.: 0.622ms, rate sampling interval: 10ms
  Thread calibration: mean lat.: 0.620ms, rate sampling interval: 10ms
  Thread calibration: mean lat.: 0.618ms, rate sampling interval: 10ms
  Thread calibration: mean lat.: 0.620ms, rate sampling interval: 10ms
  Thread calibration: mean lat.: 0.618ms, rate sampling interval: 10ms
  Thread calibration: mean lat.: 0.619ms, rate sampling interval: 10ms
  Thread calibration: mean lat.: 0.619ms, rate sampling interval: 10ms
  Thread calibration: mean lat.: 0.616ms, rate sampling interval: 10ms
  Thread calibration: mean lat.: 0.619ms, rate sampling interval: 10ms
  Thread calibration: mean lat.: 0.619ms, rate sampling interval: 10ms
  Thread calibration: mean lat.: 0.617ms, rate sampling interval: 10ms
  Thread calibration: mean lat.: 0.619ms, rate sampling interval: 10ms
  Thread calibration: mean lat.: 0.618ms, rate sampling interval: 10ms
  Thread calibration: mean lat.: 0.618ms, rate sampling interval: 10ms
  Thread calibration: mean lat.: 0.619ms, rate sampling interval: 10ms
  Thread calibration: mean lat.: 0.616ms, rate sampling interval: 10ms
  Thread calibration: mean lat.: 0.617ms, rate sampling interval: 10ms
  Thread calibration: mean lat.: 0.622ms, rate sampling interval: 10ms
  Thread calibration: mean lat.: 0.619ms, rate sampling interval: 10ms
  Thread calibration: mean lat.: 0.616ms, rate sampling interval: 10ms
  Thread calibration: mean lat.: 0.621ms, rate sampling interval: 10ms
  Thread calibration: mean lat.: 0.621ms, rate sampling interval: 10ms
  Thread calibration: mean lat.: 0.620ms, rate sampling interval: 10ms
  Thread calibration: mean lat.: 0.619ms, rate sampling interval: 10ms
  Thread calibration: mean lat.: 0.621ms, rate sampling interval: 10ms
  Thread calibration: mean lat.: 0.617ms, rate sampling interval: 10ms
  Thread calibration: mean lat.: 0.619ms, rate sampling interval: 10ms
  Thread calibration: mean lat.: 0.617ms, rate sampling interval: 10ms
  Thread calibration: mean lat.: 0.618ms, rate sampling interval: 10ms
  Thread calibration: mean lat.: 0.620ms, rate sampling interval: 10ms
  Thread calibration: mean lat.: 0.611ms, rate sampling interval: 10ms
  Thread calibration: mean lat.: 0.618ms, rate sampling interval: 10ms
  Thread Stats   Avg      Stdev     Max   +/- Stdev
    Latency   627.55us  291.45us   1.77ms   58.00%
    Req/Sec   440.28     39.61   555.00     78.28%
  Latency Distribution (HdrHistogram - Recorded Latency)
 50.000%  628.00us
 75.000%    0.88ms
 90.000%    1.03ms
 99.000%    1.13ms
 99.900%    1.18ms
 99.990%    1.20ms
 99.999%    1.23ms
100.000%    1.77ms

  Detailed Percentile spectrum:
       Value   Percentile   TotalCount 1/(1-Percentile)

       0.042     0.000000            1         1.00
       0.225     0.100000       402593         1.11
       0.326     0.200000       800942         1.25
       0.426     0.300000      1199097         1.43
       0.528     0.400000      1601825         1.67
       0.628     0.500000      2000413         2.00
       0.677     0.550000      2198930         2.22
       0.727     0.600000      2400132         2.50
       0.777     0.650000      2599636         2.86
       0.827     0.700000      2797681         3.33
       0.879     0.750000      2997734         4.00
       0.905     0.775000      3098723         4.44
       0.930     0.800000      3197643         5.00
       0.955     0.825000      3296961         5.71
       0.980     0.850000      3397636         6.67
       1.005     0.875000      3497059         8.00
       1.018     0.887500      3548026         8.89
       1.031     0.900000      3599254        10.00
       1.043     0.912500      3647145        11.43
       1.056     0.925000      3698830        13.33
       1.068     0.937500      3746937        16.00
       1.074     0.943750      3771362        17.78
       1.081     0.950000      3799493        20.00
       1.087     0.956250      3823567        22.86
       1.093     0.962500      3847793        26.67
       1.099     0.968750      3871934        32.00
       1.102     0.971875      3883805        35.56
       1.106     0.975000      3899171        40.00
       1.109     0.978125      3909942        45.71
       1.113     0.981250      3922402        53.33
       1.118     0.984375      3935103        64.00
       1.120     0.985938      3939514        71.11
       1.124     0.987500      3947215        80.00
       1.127     0.989062      3952352        91.43
       1.131     0.990625      3958158       106.67
       1.136     0.992188      3964382       128.00
       1.139     0.992969      3967509       142.22
       1.143     0.993750      3971177       160.00
       1.146     0.994531      3973746       182.86
       1.150     0.995313      3976864       213.33
       1.155     0.996094      3980408       256.00
       1.157     0.996484      3981803       284.44
       1.159     0.996875      3983105       320.00
       1.162     0.997266      3985030       365.71
       1.164     0.997656      3986295       426.67
       1.167     0.998047      3988025       512.00
       1.168     0.998242      3988563       568.89
       1.170     0.998437      3989524       640.00
       1.172     0.998633      3990331       731.43
       1.174     0.998828      3990996       853.33
       1.176     0.999023      3991675      1024.00
       1.178     0.999121      3992224      1137.78
       1.179     0.999219      3992483      1280.00
       1.181     0.999316      3992975      1462.86
       1.182     0.999414      3993188      1706.67
       1.184     0.999512      3993571      2048.00
       1.186     0.999561      3993896      2275.56
       1.187     0.999609      3994030      2560.00
       1.188     0.999658      3994181      2925.71
       1.190     0.999707      3994407      3413.33
       1.192     0.999756      3994620      4096.00
       1.193     0.999780      3994717      4551.11
       1.194     0.999805      3994802      5120.00
       1.195     0.999829      3994882      5851.43
       1.196     0.999854      3994952      6826.67
       1.198     0.999878      3995073      8192.00
       1.198     0.999890      3995073      9102.22
       1.200     0.999902      3995164     10240.00
       1.201     0.999915      3995201     11702.86
       1.202     0.999927      3995234     13653.33
       1.203     0.999939      3995272     16384.00
       1.204     0.999945      3995300     18204.44
       1.205     0.999951      3995323     20480.00
       1.206     0.999957      3995345     23405.71
       1.208     0.999963      3995374     27306.67
       1.210     0.999969      3995397     32768.00
       1.211     0.999973      3995406     36408.89
       1.212     0.999976      3995412     40960.00
       1.214     0.999979      3995422     46811.43
       1.216     0.999982      3995436     54613.33
       1.218     0.999985      3995449     65536.00
       1.220     0.999986      3995455     72817.78
       1.222     0.999988      3995461     81920.00
       1.224     0.999989      3995466     93622.86
       1.228     0.999991      3995471    109226.67
       1.234     0.999992      3995477    131072.00
       1.243     0.999993      3995480    145635.56
       1.256     0.999994      3995483    163840.00
       1.269     0.999995      3995486    187245.71
       1.287     0.999995      3995489    218453.33
       1.325     0.999996      3995492    262144.00
       1.337     0.999997      3995494    291271.11
       1.338     0.999997      3995495    327680.00
       1.375     0.999997      3995497    374491.43
       1.400     0.999998      3995498    436906.67
       1.433     0.999998      3995500    524288.00
       1.442     0.999998      3995501    582542.22
       1.442     0.999998      3995501    655360.00
       1.470     0.999999      3995502    748982.86
       1.497     0.999999      3995503    873813.33
       1.600     0.999999      3995504   1048576.00
       1.600     0.999999      3995504   1165084.44
       1.600     0.999999      3995504   1310720.00
       1.647     0.999999      3995505   1497965.71
       1.647     0.999999      3995505   1747626.67
       1.660     1.000000      3995506   2097152.00
       1.660     1.000000      3995506   2330168.89
       1.660     1.000000      3995506   2621440.00
       1.660     1.000000      3995506   2995931.43
       1.660     1.000000      3995506   3495253.33
       1.767     1.000000      3995507   4194304.00
       1.767     1.000000      3995507          inf
#[Mean    =        0.628, StdDeviation   =        0.291]
#[Max     =        1.767, Total count    =      3995507]
#[Buckets =           27, SubBuckets     =         2048]
----------------------------------------------------------
  4495902 requests in 1.50m, 351.59MB read
  Non-2xx or 3xx responses: 4495902
Requests/sec:  50040.32
Transfer/sec:      3.91MB
