Running 30s test @ http://127.0.0.1:8082
  120 threads and 120 connections
  Thread calibration: mean lat.: 0.612ms, rate sampling interval: 10ms
  Thread calibration: mean lat.: 0.611ms, rate sampling interval: 10ms
  Thread calibration: mean lat.: 0.607ms, rate sampling interval: 10ms
  Thread calibration: mean lat.: 0.613ms, rate sampling interval: 10ms
  Thread calibration: mean lat.: 0.614ms, rate sampling interval: 10ms
  Thread calibration: mean lat.: 0.610ms, rate sampling interval: 10ms
  Thread calibration: mean lat.: 0.616ms, rate sampling interval: 10ms
  Thread calibration: mean lat.: 0.607ms, rate sampling interval: 10ms
  Thread calibration: mean lat.: 0.613ms, rate sampling interval: 10ms
  Thread calibration: mean lat.: 0.609ms, rate sampling interval: 10ms
  Thread calibration: mean lat.: 0.617ms, rate sampling interval: 10ms
  Thread calibration: mean lat.: 0.612ms, rate sampling interval: 10ms
  Thread calibration: mean lat.: 0.611ms, rate sampling interval: 10ms
  Thread calibration: mean lat.: 0.610ms, rate sampling interval: 10ms
  Thread calibration: mean lat.: 0.609ms, rate sampling interval: 10ms
  Thread calibration: mean lat.: 0.610ms, rate sampling interval: 10ms
  Thread calibration: mean lat.: 0.614ms, rate sampling interval: 10ms
  Thread calibration: mean lat.: 0.613ms, rate sampling interval: 10ms
  Thread calibration: mean lat.: 0.608ms, rate sampling interval: 10ms
  Thread calibration: mean lat.: 0.610ms, rate sampling interval: 10ms
  Thread calibration: mean lat.: 0.620ms, rate sampling interval: 10ms
  Thread calibration: mean lat.: 0.612ms, rate sampling interval: 10ms
  Thread calibration: mean lat.: 0.612ms, rate sampling interval: 10ms
  Thread calibration: mean lat.: 0.619ms, rate sampling interval: 10ms
  Thread calibration: mean lat.: 0.613ms, rate sampling interval: 10ms
  Thread calibration: mean lat.: 0.612ms, rate sampling interval: 10ms
  Thread calibration: mean lat.: 0.609ms, rate sampling interval: 10ms
  Thread calibration: mean lat.: 0.610ms, rate sampling interval: 10ms
  Thread calibration: mean lat.: 0.608ms, rate sampling interval: 10ms
  Thread calibration: mean lat.: 0.631ms, rate sampling interval: 10ms
  Thread calibration: mean lat.: 0.627ms, rate sampling interval: 10ms
  Thread calibration: mean lat.: 0.612ms, rate sampling interval: 10ms
  Thread calibration: mean lat.: 0.615ms, rate sampling interval: 10ms
  Thread calibration: mean lat.: 0.615ms, rate sampling interval: 10ms
  Thread calibration: mean lat.: 0.613ms, rate sampling interval: 10ms
  Thread calibration: mean lat.: 0.610ms, rate sampling interval: 10ms
  Thread calibration: mean lat.: 0.616ms, rate sampling interval: 10ms
  Thread calibration: mean lat.: 0.617ms, rate sampling interval: 10ms
  Thread calibration: mean lat.: 0.620ms, rate sampling interval: 10ms
  Thread calibration: mean lat.: 0.611ms, rate sampling interval: 10ms
  Thread calibration: mean lat.: 0.611ms, rate sampling interval: 10ms
  Thread calibration: mean lat.: 0.609ms, rate sampling interval: 10ms
  Thread calibration: mean lat.: 0.611ms, rate sampling interval: 10ms
  Thread calibration: mean lat.: 0.614ms, rate sampling interval: 10ms
  Thread calibration: mean lat.: 0.611ms, rate sampling interval: 10ms
  Thread calibration: mean lat.: 0.611ms, rate sampling interval: 10ms
  Thread calibration: mean lat.: 0.617ms, rate sampling interval: 10ms
  Thread calibration: mean lat.: 0.613ms, rate sampling interval: 10ms
  Thread calibration: mean lat.: 0.617ms, rate sampling interval: 10ms
  Thread calibration: mean lat.: 0.614ms, rate sampling interval: 10ms
  Thread calibration: mean lat.: 0.614ms, rate sampling interval: 10ms
  Thread calibration: mean lat.: 0.613ms, rate sampling interval: 10ms
  Thread calibration: mean lat.: 0.607ms, rate sampling interval: 10ms
  Thread calibration: mean lat.: 0.610ms, rate sampling interval: 10ms
  Thread calibration: mean lat.: 0.613ms, rate sampling interval: 10ms
  Thread calibration: mean lat.: 0.612ms, rate sampling interval: 10ms
  Thread calibration: mean lat.: 0.608ms, rate sampling interval: 10ms
  Thread calibration: mean lat.: 0.613ms, rate sampling interval: 10ms
  Thread calibration: mean lat.: 0.608ms, rate sampling interval: 10ms
  Thread calibration: mean lat.: 0.609ms, rate sampling interval: 10ms
  Thread calibration: mean lat.: 0.611ms, rate sampling interval: 10ms
  Thread calibration: mean lat.: 0.621ms, rate sampling interval: 10ms
  Thread calibration: mean lat.: 0.618ms, rate sampling interval: 10ms
  Thread calibration: mean lat.: 0.612ms, rate sampling interval: 10ms
  Thread calibration: mean lat.: 0.618ms, rate sampling interval: 10ms
  Thread calibration: mean lat.: 0.612ms, rate sampling interval: 10ms
  Thread calibration: mean lat.: 0.608ms, rate sampling interval: 10ms
  Thread calibration: mean lat.: 0.616ms, rate sampling interval: 10ms
  Thread calibration: mean lat.: 0.611ms, rate sampling interval: 10ms
  Thread calibration: mean lat.: 0.611ms, rate sampling interval: 10ms
  Thread calibration: mean lat.: 0.611ms, rate sampling interval: 10ms
  Thread calibration: mean lat.: 0.613ms, rate sampling interval: 10ms
  Thread calibration: mean lat.: 0.612ms, rate sampling interval: 10ms
  Thread calibration: mean lat.: 0.615ms, rate sampling interval: 10ms
  Thread calibration: mean lat.: 0.613ms, rate sampling interval: 10ms
  Thread calibration: mean lat.: 0.616ms, rate sampling interval: 10ms
  Thread calibration: mean lat.: 0.607ms, rate sampling interval: 10ms
  Thread calibration: mean lat.: 0.618ms, rate sampling interval: 10ms
  Thread calibration: mean lat.: 0.615ms, rate sampling interval: 10ms
  Thread calibration: mean lat.: 0.617ms, rate sampling interval: 10ms
  Thread calibration: mean lat.: 0.613ms, rate sampling interval: 10ms
  Thread calibration: mean lat.: 0.611ms, rate sampling interval: 10ms
  Thread calibration: mean lat.: 0.613ms, rate sampling interval: 10ms
  Thread calibration: mean lat.: 0.620ms, rate sampling interval: 10ms
  Thread calibration: mean lat.: 0.613ms, rate sampling interval: 10ms
  Thread calibration: mean lat.: 0.608ms, rate sampling interval: 10ms
  Thread calibration: mean lat.: 0.611ms, rate sampling interval: 10ms
  Thread calibration: mean lat.: 0.618ms, rate sampling interval: 10ms
  Thread calibration: mean lat.: 0.620ms, rate sampling interval: 10ms
  Thread calibration: mean lat.: 0.611ms, rate sampling interval: 10ms
  Thread calibration: mean lat.: 0.616ms, rate sampling interval: 10ms
  Thread calibration: mean lat.: 0.608ms, rate sampling interval: 10ms
  Thread calibration: mean lat.: 0.616ms, rate sampling interval: 10ms
  Thread calibration: mean lat.: 0.620ms, rate sampling interval: 10ms
  Thread calibration: mean lat.: 0.615ms, rate sampling interval: 10ms
  Thread calibration: mean lat.: 0.618ms, rate sampling interval: 10ms
  Thread calibration: mean lat.: 0.619ms, rate sampling interval: 10ms
  Thread calibration: mean lat.: 0.615ms, rate sampling interval: 10ms
  Thread calibration: mean lat.: 0.616ms, rate sampling interval: 10ms
  Thread calibration: mean lat.: 0.619ms, rate sampling interval: 10ms
  Thread calibration: mean lat.: 0.614ms, rate sampling interval: 10ms
  Thread calibration: mean lat.: 0.614ms, rate sampling interval: 10ms
  Thread calibration: mean lat.: 0.614ms, rate sampling interval: 10ms
  Thread calibration: mean lat.: 0.613ms, rate sampling interval: 10ms
  Thread calibration: mean lat.: 0.612ms, rate sampling interval: 10ms
  Thread calibration: mean lat.: 0.617ms, rate sampling interval: 10ms
  Thread calibration: mean lat.: 0.620ms, rate sampling interval: 10ms
  Thread calibration: mean lat.: 0.611ms, rate sampling interval: 10ms
  Thread calibration: mean lat.: 0.612ms, rate sampling interval: 10ms
  Thread calibration: mean lat.: 0.611ms, rate sampling interval: 10ms
  Thread calibration: mean lat.: 0.612ms, rate sampling interval: 10ms
  Thread calibration: mean lat.: 0.620ms, rate sampling interval: 10ms
  Thread calibration: mean lat.: 0.614ms, rate sampling interval: 10ms
  Thread calibration: mean lat.: 0.613ms, rate sampling interval: 10ms
  Thread calibration: mean lat.: 0.615ms, rate sampling interval: 10ms
  Thread calibration: mean lat.: 0.616ms, rate sampling interval: 10ms
  Thread calibration: mean lat.: 0.619ms, rate sampling interval: 10ms
  Thread calibration: mean lat.: 0.617ms, rate sampling interval: 10ms
  Thread calibration: mean lat.: 0.615ms, rate sampling interval: 10ms
  Thread calibration: mean lat.: 0.616ms, rate sampling interval: 10ms
  Thread Stats   Avg      Stdev     Max   +/- Stdev
    Latency   622.28us  291.46us   1.24ms   58.21%
    Req/Sec   439.33     38.65   555.00     79.20%
  Latency Distribution (HdrHistogram - Recorded Latency)
 50.000%  620.00us
 75.000%    0.87ms
 90.000%    1.03ms
 99.000%    1.13ms
 99.900%    1.17ms
 99.990%    1.19ms
 99.999%    1.21ms
100.000%    1.24ms

  Detailed Percentile spectrum:
       Value   Percentile   TotalCount 1/(1-Percentile)

       0.041     0.000000            1         1.00
       0.220     0.100000        99661         1.11
       0.321     0.200000       199998         1.25
       0.422     0.300000       299509         1.43
       0.521     0.400000       398301         1.67
       0.620     0.500000       498616         2.00
       0.671     0.550000       548447         2.22
       0.722     0.600000       598340         2.50
       0.772     0.650000       647562         2.86
       0.823     0.700000       697374         3.33
       0.873     0.750000       747117         4.00
       0.898     0.775000       771663         4.44
       0.924     0.800000       797301         5.00
       0.949     0.825000       821635         5.71
       0.975     0.850000       846729         6.67
       1.001     0.875000       871968         8.00
       1.014     0.887500       884460         8.89
       1.026     0.900000       896104        10.00
       1.039     0.912500       908954        11.43
       1.052     0.925000       921937        13.33
       1.064     0.937500       933754        16.00
       1.071     0.943750       940616        17.78
       1.077     0.950000       946525        20.00
       1.083     0.956250       952497        22.86
       1.089     0.962500       958467        26.67
       1.096     0.968750       965375        32.00
       1.099     0.971875       968262        35.56
       1.102     0.975000       971071        40.00
       1.106     0.978125       974570        45.71
       1.110     0.981250       977615        53.33
       1.114     0.984375       980138        64.00
       1.118     0.985938       982165        71.11
       1.121     0.987500       983470        80.00
       1.125     0.989062       985026        91.43
       1.129     0.990625       986337       106.67
       1.135     0.992188       987929       128.00
       1.138     0.992969       988705       142.22
       1.142     0.993750       989624       160.00
       1.145     0.994531       990250       182.86
       1.149     0.995313       991103       213.33
       1.153     0.996094       991895       256.00
       1.155     0.996484       992311       284.44
       1.157     0.996875       992692       320.00
       1.159     0.997266       993068       365.71
       1.161     0.997656       993436       426.67
       1.163     0.998047       993733       512.00
       1.165     0.998242       994014       568.89
       1.166     0.998437       994134       640.00
       1.168     0.998633       994395       731.43
       1.169     0.998828       994495       853.33
       1.171     0.999023       994680      1024.00
       1.172     0.999121       994773      1137.78
       1.174     0.999219       994928      1280.00
       1.175     0.999316       994980      1462.86
       1.177     0.999414       995090      1706.67
       1.179     0.999512       995185      2048.00
       1.180     0.999561       995236      2275.56
       1.181     0.999609       995284      2560.00
       1.182     0.999658       995336      2925.71
       1.183     0.999707       995371      3413.33
       1.184     0.999756       995408      4096.00
       1.186     0.999780       995452      4551.11
       1.186     0.999805       995452      5120.00
       1.187     0.999829       995482      5851.43
       1.189     0.999854       995514      6826.67
       1.190     0.999878       995532      8192.00
       1.191     0.999890       995545      9102.22
       1.192     0.999902       995562     10240.00
       1.192     0.999915       995562     11702.86
       1.193     0.999927       995574     13653.33
       1.195     0.999939       995592     16384.00
       1.195     0.999945       995592     18204.44
       1.197     0.999951       995603     20480.00
       1.198     0.999957       995607     23405.71
       1.199     0.999963       995616     27306.67
       1.199     0.999969       995616     32768.00
       1.200     0.999973       995621     36408.89
       1.202     0.999976       995625     40960.00
       1.202     0.999979       995625     46811.43
       1.203     0.999982       995628     54613.33
       1.206     0.999985       995636     65536.00
       1.206     0.999986       995636     72817.78
       1.206     0.999988       995636     81920.00
       1.206     0.999989       995636     93622.86
       1.207     0.999991       995637    109226.67
       1.213     0.999992       995639    131072.00
       1.220     0.999993       995640    145635.56
       1.220     0.999994       995640    163840.00
       1.223     0.999995       995641    187245.71
       1.225     0.999995       995643    218453.33
       1.225     0.999996       995643    262144.00
       1.225     0.999997       995643    291271.11
       1.225     0.999997       995643    327680.00
       1.227     0.999997       995644    374491.43
       1.227     0.999998       995644    436906.67
       1.229     0.999998       995645    524288.00
       1.229     0.999998       995645    582542.22
       1.229     0.999998       995645    655360.00
       1.229     0.999999       995645    748982.86
       1.229     0.999999       995645    873813.33
       1.238     0.999999       995646   1048576.00
       1.238     1.000000       995646          inf
#[Mean    =        0.622, StdDeviation   =        0.291]
#[Max     =        1.238, Total count    =       995646]
#[Buckets =           27, SubBuckets     =         2048]
----------------------------------------------------------
  1496038 requests in 29.85s, 116.99MB read
  Non-2xx or 3xx responses: 1496038
Requests/sec:  50123.43
Transfer/sec:      3.92MB
