Running 30s test @ http://127.0.0.1:8082
  120 threads and 120 connections
  Thread calibration: mean lat.: 0.610ms, rate sampling interval: 10ms
  Thread calibration: mean lat.: 0.615ms, rate sampling interval: 10ms
  Thread calibration: mean lat.: 0.613ms, rate sampling interval: 10ms
  Thread calibration: mean lat.: 0.616ms, rate sampling interval: 10ms
  Thread calibration: mean lat.: 0.614ms, rate sampling interval: 10ms
  Thread calibration: mean lat.: 0.615ms, rate sampling interval: 10ms
  Thread calibration: mean lat.: 0.617ms, rate sampling interval: 10ms
  Thread calibration: mean lat.: 0.614ms, rate sampling interval: 10ms
  Thread calibration: mean lat.: 0.618ms, rate sampling interval: 10ms
  Thread calibration: mean lat.: 0.616ms, rate sampling interval: 10ms
  Thread calibration: mean lat.: 0.612ms, rate sampling interval: 10ms
  Thread calibration: mean lat.: 0.614ms, rate sampling interval: 10ms
  Thread calibration: mean lat.: 0.617ms, rate sampling interval: 10ms
  Thread calibration: mean lat.: 0.616ms, rate sampling interval: 10ms
  Thread calibration: mean lat.: 0.615ms, rate sampling interval: 10ms
  Thread calibration: mean lat.: 0.614ms, rate sampling interval: 10ms
  Thread calibration: mean lat.: 0.617ms, rate sampling interval: 10ms
  Thread calibration: mean lat.: 0.614ms, rate sampling interval: 10ms
  Thread calibration: mean lat.: 0.616ms, rate sampling interval: 10ms
  Thread calibration: mean lat.: 0.613ms, rate sampling interval: 10ms
  Thread calibration: mean lat.: 0.609ms, rate sampling interval: 10ms
  Thread calibration: mean lat.: 0.615ms, rate sampling interval: 10ms
  Thread calibration: mean lat.: 0.615ms, rate sampling interval: 10ms
  Thread calibration: mean lat.: 0.610ms, rate sampling interval: 10ms
  Thread calibration: mean lat.: 0.615ms, rate sampling interval: 10ms
  Thread calibration: mean lat.: 0.612ms, rate sampling interval: 10ms
  Thread calibration: mean lat.: 0.613ms, rate sampling interval: 10ms
  Thread calibration: mean lat.: 0.613ms, rate sampling interval: 10ms
  Thread calibration: mean lat.: 0.617ms, rate sampling interval: 10ms
  Thread calibration: mean lat.: 0.613ms, rate sampling interval: 10ms
  Thread calibration: mean lat.: 0.616ms, rate sampling interval: 10ms
  Thread calibration: mean lat.: 0.616ms, rate sampling interval: 10ms
  Thread calibration: mean lat.: 0.614ms, rate sampling interval: 10ms
  Thread calibration: mean lat.: 0.615ms, rate sampling interval: 10ms
  Thread calibration: mean lat.: 0.617ms, rate sampling interval: 10ms
  Thread calibration: mean lat.: 0.614ms, rate sampling interval: 10ms
  Thread calibration: mean lat.: 0.617ms, rate sampling interval: 10ms
  Thread calibration: mean lat.: 0.612ms, rate sampling interval: 10ms
  Thread calibration: mean lat.: 0.613ms, rate sampling interval: 10ms
  Thread calibration: mean lat.: 0.612ms, rate sampling interval: 10ms
  Thread calibration: mean lat.: 0.616ms, rate sampling interval: 10ms
  Thread calibration: mean lat.: 0.615ms, rate sampling interval: 10ms
  Thread calibration: mean lat.: 0.616ms, rate sampling interval: 10ms
  Thread calibration: mean lat.: 0.614ms, rate sampling interval: 10ms
  Thread calibration: mean lat.: 0.619ms, rate sampling interval: 10ms
  Thread calibration: mean lat.: 0.615ms, rate sampling interval: 10ms
  Thread calibration: mean lat.: 0.614ms, rate sampling interval: 10ms
  Thread calibration: mean lat.: 0.613ms, rate sampling interval: 10ms
  Thread calibration: mean lat.: 0.617ms, rate sampling interval: 10ms
  Thread calibration: mean lat.: 0.617ms, rate sampling interval: 10ms
  Thread calibration: mean lat.: 0.618ms, rate sampling interval: 10ms
  Thread calibration: mean lat.: 0.619ms, rate sampling interval: 10ms
  Thread calibration: mean lat.: 0.618ms, rate sampling interval: 10ms
  Thread calibration: mean lat.: 0.615ms, rate sampling interval: 10ms
  Thread calibration: mean lat.: 0.616ms, rate sampling interval: 10ms
  Thread calibration: mean lat.: 0.614ms, rate sampling interval: 10ms
  Thread calibration: mean lat.: 0.617ms, rate sampling interval: 10ms
  Thread calibration: mean lat.: 0.618ms, rate sampling interval: 10ms
  Thread calibration: mean lat.: 0.620ms, rate sampling interval: 10ms
  Thread calibration: mean lat.: 0.615ms, rate sampling interval: 10ms
  Thread calibration: mean lat.: 0.621ms, rate sampling interval: 10ms
  Thread calibration: mean lat.: 0.613ms, rate sampling interval: 10ms
  Thread calibration: mean lat.: 0.621ms, rate sampling interval: 10ms
  Thread calibration: mean lat.: 0.617ms, rate sampling interval: 10ms
  Thread calibration: mean lat.: 0.617ms, rate sampling interval: 10ms
  Thread calibration: mean lat.: 0.616ms, rate sampling interval: 10ms
  Thread calibration: mean lat.: 0.620ms, rate sampling interval: 10ms
  Thread calibration: mean lat.: 0.614ms, rate sampling interval: 10ms
  Thread calibration: mean lat.: 0.616ms, rate sampling interval: 10ms
  Thread calibration: mean lat.: 0.617ms, rate sampling interval: 10ms
  Thread calibration: mean lat.: 0.614ms, rate sampling interval: 10ms
  Thread calibration: mean lat.: 0.619ms, rate sampling interval: 10ms
  Thread calibration: mean lat.: 0.614ms, rate sampling interval: 10ms
  Thread calibration: mean lat.: 0.613ms, rate sampling interval: 10ms
  Thread calibration: mean lat.: 0.615ms, rate sampling interval: 10ms
  Thread calibration: mean lat.: 0.620ms, rate sampling interval: 10ms
  Thread calibration: mean lat.: 0.616ms, rate sampling interval: 10ms
  Thread calibration: mean lat.: 0.616ms, rate sampling interval: 10ms
  Thread calibration: mean lat.: 0.613ms, rate sampling interval: 10ms
  Thread calibration: mean lat.: 0.615ms, rate sampling interval: 10ms
  Thread calibration: mean lat.: 0.620ms, rate sampling interval: 10ms
  Thread calibration: mean lat.: 0.617ms, rate sampling interval: 10ms
  Thread calibration: mean lat.: 0.615ms, rate sampling interval: 10ms
  Thread calibration: mean lat.: 0.616ms, rate sampling interval: 10ms
  Thread calibration: mean lat.: 0.619ms, rate sampling interval: 10ms
  Thread calibration: mean lat.: 0.619ms, rate sampling interval: 10ms
  Thread calibration: mean lat.: 0.618ms, rate sampling interval: 10ms
  Thread calibration: mean lat.: 0.619ms, rate sampling interval: 10ms
  Thread calibration: mean lat.: 0.615ms, rate sampling interval: 10ms
  Thread calibration: mean lat.: 0.618ms, rate sampling interval: 10ms
  Thread calibration: mean lat.: 0.614ms, rate sampling interval: 10ms
  Thread calibration: mean lat.: 0.612ms, rate sampling interval: 10ms
  Thread calibration: mean lat.: 0.613ms, rate sampling interval: 10ms
  Thread calibration: mean lat.: 0.618ms, rate sampling interval: 10ms
  Thread calibration: mean lat.: 0.612ms, rate sampling interval: 10ms
  Thread calibration: mean lat.: 0.616ms, rate sampling interval: 10ms
  Thread calibration: mean lat.: 0.615ms, rate sampling interval: 10ms
  Thread calibration: mean lat.: 0.618ms, rate sampling interval: 10ms
  Thread calibration: mean lat.: 0.619ms, rate sampling interval: 10ms
  Thread calibration: mean lat.: 0.622ms, rate sampling interval: 10ms
  Thread calibration: mean lat.: 0.617ms, rate sampling interval: 10ms
  Thread calibration: mean lat.: 0.614ms, rate sampling interval: 10ms
  Thread calibration: mean lat.: 0.617ms, rate sampling interval: 10ms
  Thread calibration: mean lat.: 0.619ms, rate sampling interval: 10ms
  Thread calibration: mean lat.: 0.614ms, rate sampling interval: 10ms
  Thread calibration: mean lat.: 0.617ms, rate sampling interval: 10ms
  Thread calibration: mean lat.: 0.621ms, rate sampling interval: 10ms
  Thread calibration: mean lat.: 0.621ms, rate sampling interval: 10ms
  Thread calibration: mean lat.: 0.617ms, rate sampling interval: 10ms
  Thread calibration: mean lat.: 0.622ms, rate sampling interval: 10ms
  Thread calibration: mean lat.: 0.615ms, rate sampling interval: 10ms
  Thread calibration: mean lat.: 0.619ms, rate sampling interval: 10ms
  Thread calibration: mean lat.: 0.616ms, rate sampling interval: 10ms
  Thread calibration: mean lat.: 0.618ms, rate sampling interval: 10ms
  Thread calibration: mean lat.: 0.619ms, rate sampling interval: 10ms
  Thread calibration: mean lat.: 0.616ms, rate sampling interval: 10ms
  Thread calibration: mean lat.: 0.613ms, rate sampling interval: 10ms
  Thread calibration: mean lat.: 0.618ms, rate sampling interval: 10ms
  Thread calibration: mean lat.: 0.615ms, rate sampling interval: 10ms
  Thread calibration: mean lat.: 0.616ms, rate sampling interval: 10ms
  Thread Stats   Avg      Stdev     Max   +/- Stdev
    Latency   624.52us  291.32us   2.42ms   58.04%
    Req/Sec   439.72     39.59   555.00     78.29%
  Latency Distribution (HdrHistogram - Recorded Latency)
 50.000%  624.00us
 75.000%    0.88ms
 90.000%    1.03ms
 99.000%    1.13ms
 99.900%    1.17ms
 99.990%    1.20ms
 99.999%    1.26ms
100.000%    2.42ms

  Detailed Percentile spectrum:
       Value   Percentile   TotalCount 1/(1-Percentile)

       0.043     0.000000            1         1.00
       0.222     0.100000       100168         1.11
       0.323     0.200000       199725         1.25
       0.424     0.300000       299191         1.43
       0.525     0.400000       399078         1.67
       0.624     0.500000       498086         2.00
       0.674     0.550000       548401         2.22
       0.723     0.600000       597843         2.50
       0.774     0.650000       647756         2.86
       0.825     0.700000       697401         3.33
       0.876     0.750000       746841         4.00
       0.902     0.775000       772362         4.44
       0.927     0.800000       797395         5.00
       0.952     0.825000       822344         5.71
       0.977     0.850000       847127         6.67
       1.002     0.875000       871890         8.00
       1.015     0.887500       884502         8.89
       1.027     0.900000       896169        10.00
       1.040     0.912500       908871        11.43
       1.053     0.925000       921780        13.33
       1.065     0.937500       933616        16.00
       1.071     0.943750       939558        17.78
       1.078     0.950000       946558        20.00
       1.084     0.956250       952562        22.86
       1.090     0.962500       958503        26.67
       1.097     0.968750       965352        32.00
       1.100     0.971875       968207        35.56
       1.103     0.975000       971001        40.00
       1.106     0.978125       973783        45.71
       1.110     0.981250       976955        53.33
       1.115     0.984375       980163        64.00
       1.118     0.985938       981711        71.11
       1.121     0.987500       983143        80.00
       1.125     0.989062       984760        91.43
       1.130     0.990625       986466       106.67
       1.135     0.992188       987884       128.00
       1.138     0.992969       988627       142.22
       1.141     0.993750       989366       160.00
       1.145     0.994531       990181       182.86
       1.149     0.995313       990967       213.33
       1.153     0.996094       991711       256.00
       1.155     0.996484       992061       284.44
       1.158     0.996875       992584       320.00
       1.160     0.997266       992908       365.71
       1.162     0.997656       993232       426.67
       1.165     0.998047       993660       512.00
       1.166     0.998242       993791       568.89
       1.168     0.998437       994020       640.00
       1.170     0.998633       994235       731.43
       1.172     0.998828       994406       853.33
       1.174     0.999023       994574      1024.00
       1.176     0.999121       994701      1137.78
       1.178     0.999219       994823      1280.00
       1.179     0.999316       994881      1462.86
       1.181     0.999414       994982      1706.67
       1.183     0.999512       995080      2048.00
       1.184     0.999561       995117      2275.56
       1.185     0.999609       995155      2560.00
       1.187     0.999658       995226      2925.71
       1.188     0.999707       995264      3413.33
       1.190     0.999756       995309      4096.00
       1.191     0.999780       995333      4551.11
       1.192     0.999805       995351      5120.00
       1.194     0.999829       995385      5851.43
       1.195     0.999854       995405      6826.67
       1.196     0.999878       995425      8192.00
       1.197     0.999890       995437      9102.22
       1.198     0.999902       995449     10240.00
       1.199     0.999915       995464     11702.86
       1.200     0.999927       995468     13653.33
       1.202     0.999939       995480     16384.00
       1.205     0.999945       995489     18204.44
       1.206     0.999951       995494     20480.00
       1.207     0.999957       995499     23405.71
       1.208     0.999963       995505     27306.67
       1.213     0.999969       995512     32768.00
       1.214     0.999973       995513     36408.89
       1.217     0.999976       995517     40960.00
       1.219     0.999979       995519     46811.43
       1.222     0.999982       995523     54613.33
       1.225     0.999985       995526     65536.00
       1.226     0.999986       995527     72817.78
       1.232     0.999988       995528     81920.00
       1.256     0.999989       995530     93622.86
       1.272     0.999991       995532    109226.67
       1.291     0.999992       995533    131072.00
       1.294     0.999993       995534    145635.56
       1.294     0.999994       995534    163840.00
       1.297     0.999995       995535    187245.71
       1.313     0.999995       995536    218453.33
       1.398     0.999996       995537    262144.00
       1.398     0.999997       995537    291271.11
       1.398     0.999997       995537    327680.00
       1.410     0.999997       995538    374491.43
       1.410     0.999998       995538    436906.67
       1.548     0.999998       995539    524288.00
       1.548     0.999998       995539    582542.22
       1.548     0.999998       995539    655360.00
       1.548     0.999999       995539    748982.86
       1.548     0.999999       995539    873813.33
       2.423     0.999999       995540   1048576.00
       2.423     1.000000       995540          inf
#[Mean    =        0.625, StdDeviation   =        0.291]
#[Max     =        2.422, Total count    =       995540]
#[Buckets =           27, SubBuckets     =         2048]
----------------------------------------------------------
  1495935 requests in 29.85s, 116.98MB read
  Non-2xx or 3xx responses: 1495935
Requests/sec:  50121.44
Transfer/sec:      3.92MB
