Running 30s test @ http://127.0.0.1:8082
  120 threads and 120 connections
  Thread calibration: mean lat.: 0.618ms, rate sampling interval: 10ms
  Thread calibration: mean lat.: 0.615ms, rate sampling interval: 10ms
  Thread calibration: mean lat.: 0.617ms, rate sampling interval: 10ms
  Thread calibration: mean lat.: 0.617ms, rate sampling interval: 10ms
  Thread calibration: mean lat.: 0.613ms, rate sampling interval: 10ms
  Thread calibration: mean lat.: 0.613ms, rate sampling interval: 10ms
  Thread calibration: mean lat.: 0.617ms, rate sampling interval: 10ms
  Thread calibration: mean lat.: 0.619ms, rate sampling interval: 10ms
  Thread calibration: mean lat.: 0.616ms, rate sampling interval: 10ms
  Thread calibration: mean lat.: 0.616ms, rate sampling interval: 10ms
  Thread calibration: mean lat.: 0.615ms, rate sampling interval: 10ms
  Thread calibration: mean lat.: 0.618ms, rate sampling interval: 10ms
  Thread calibration: mean lat.: 0.615ms, rate sampling interval: 10ms
  Thread calibration: mean lat.: 0.613ms, rate sampling interval: 10ms
  Thread calibration: mean lat.: 0.613ms, rate sampling interval: 10ms
  Thread calibration: mean lat.: 0.618ms, rate sampling interval: 10ms
  Thread calibration: mean lat.: 0.615ms, rate sampling interval: 10ms
  Thread calibration: mean lat.: 0.617ms, rate sampling interval: 10ms
  Thread calibration: mean lat.: 0.616ms, rate sampling interval: 10ms
  Thread calibration: mean lat.: 0.614ms, rate sampling interval: 10ms
  Thread calibration: mean lat.: 0.617ms, rate sampling interval: 10ms
  Thread calibration: mean lat.: 0.614ms, rate sampling interval: 10ms
  Thread calibration: mean lat.: 0.615ms, rate sampling interval: 10ms
  Thread calibration: mean lat.: 0.618ms, rate sampling interval: 10ms
  Thread calibration: mean lat.: 0.616ms, rate sampling interval: 10ms
  Thread calibration: mean lat.: 0.616ms, rate sampling interval: 10ms
  Thread calibration: mean lat.: 0.617ms, rate sampling interval: 10ms
  Thread calibration: mean lat.: 0.618ms, rate sampling interval: 10ms
  Thread calibration: mean lat.: 0.618ms, rate sampling interval: 10ms
  Thread calibration: mean lat.: 0.616ms, rate sampling interval: 10ms
  Thread calibration: mean lat.: 0.616ms, rate sampling interval: 10ms
  Thread calibration: mean lat.: 0.619ms, rate sampling interval: 10ms
  Thread calibration: mean lat.: 0.618ms, rate sampling interval: 10ms
  Thread calibration: mean lat.: 0.619ms, rate sampling interval: 10ms
  Thread calibration: mean lat.: 0.618ms, rate sampling interval: 10ms
  Thread calibration: mean lat.: 0.621ms, rate sampling interval: 10ms
  Thread calibration: mean lat.: 0.611ms, rate sampling interval: 10ms
  Thread calibration: mean lat.: 0.616ms, rate sampling interval: 10ms
  Thread calibration: mean lat.: 0.615ms, rate sampling interval: 10ms
  Thread calibration: mean lat.: 0.617ms, rate sampling interval: 10ms
  Thread calibration: mean lat.: 0.617ms, rate sampling interval: 10ms
  Thread calibration: mean lat.: 0.615ms, rate sampling interval: 10ms
  Thread calibration: mean lat.: 0.622ms, rate sampling interval: 10ms
  Thread calibration: mean lat.: 0.614ms, rate sampling interval: 10ms
  Thread calibration: mean lat.: 0.618ms, rate sampling interval: 10ms
  Thread calibration: mean lat.: 0.615ms, rate sampling interval: 10ms
  Thread calibration: mean lat.: 0.615ms, rate sampling interval: 10ms
  Thread calibration: mean lat.: 0.615ms, rate sampling interval: 10ms
  Thread calibration: mean lat.: 0.614ms, rate sampling interval: 10ms
  Thread calibration: mean lat.: 0.617ms, rate sampling interval: 10ms
  Thread calibration: mean lat.: 0.617ms, rate sampling interval: 10ms
  Thread calibration: mean lat.: 0.614ms, rate sampling interval: 10ms
  Thread calibration: mean lat.: 0.615ms, rate sampling interval: 10ms
  Thread calibration: mean lat.: 0.616ms, rate sampling interval: 10ms
  Thread calibration: mean lat.: 0.620ms, rate sampling interval: 10ms
  Thread calibration: mean lat.: 0.614ms, rate sampling interval: 10ms
  Thread calibration: mean lat.: 0.617ms, rate sampling interval: 10ms
  Thread calibration: mean lat.: 0.610ms, rate sampling interval: 10ms
  Thread calibration: mean lat.: 0.618ms, rate sampling interval: 10ms
  Thread calibration: mean lat.: 0.614ms, rate sampling interval: 10ms
  Thread calibration: mean lat.: 0.615ms, rate sampling interval: 10ms
  Thread calibration: mean lat.: 0.619ms, rate sampling interval: 10ms
  Thread calibration: mean lat.: 0.616ms, rate sampling interval: 10ms
  Thread calibration: mean lat.: 0.614ms, rate sampling interval: 10ms
  Thread calibration: mean lat.: 0.611ms, rate sampling interval: 10ms
  Thread calibration: mean lat.: 0.617ms, rate sampling interval: 10ms
  Thread calibration: mean lat.: 0.614ms, rate sampling interval: 10ms
  Thread calibration: mean lat.: 0.615ms, rate sampling interval: 10ms
  Thread calibration: mean lat.: 0.614ms, rate sampling interval: 10ms
  Thread calibration: mean lat.: 0.614ms, rate sampling interval: 10ms
  Thread calibration: mean lat.: 0.614ms, rate sampling interval: 10ms
  Thread calibration: mean lat.: 0.615ms, rate sampling interval: 10ms
  Thread calibration: mean lat.: 0.620ms, rate sampling interval: 10ms
  Thread calibration: mean lat.: 0.615ms, rate sampling interval: 10ms
  Thread calibration: mean lat.: 0.617ms, rate sampling interval: 10ms
  Thread calibration: mean lat.: 0.617ms, rate sampling interval: 10ms
  Thread calibration: mean lat.: 0.618ms, rate sampling interval: 10ms
  Thread calibration: mean lat.: 0.619ms, rate sampling interval: 10ms
  Thread calibration: mean lat.: 0.617ms, rate sampling interval: 10ms
  Thread calibration: mean lat.: 0.614ms, rate sampling interval: 10ms
  Thread calibration: mean lat.: 0.615ms, rate sampling interval: 10ms
  Thread calibration: mean lat.: 0.612ms, rate sampling interval: 10ms
  Thread calibration: mean lat.: 0.611ms, rate sampling interval: 10ms
  Thread calibration: mean lat.: 0.616ms, rate sampling interval: 10ms
  Thread calibration: mean lat.: 0.616ms, rate sampling interval: 10ms
  Thread calibration: mean lat.: 0.613ms, rate sampling interval: 10ms
  Thread calibration: mean lat.: 0.616ms, rate sampling interval: 10ms
  Thread calibration: mean lat.: 0.615ms, rate sampling interval: 10ms
  Thread calibration: mean lat.: 0.618ms, rate sampling interval: 10ms
  Thread calibration: mean lat.: 0.616ms, rate sampling interval: 10ms
  Thread calibration: mean lat.: 0.616ms, rate sampling interval: 10ms
  Thread calibration: mean lat.: 0.617ms, rate sampling interval: 10ms
  Thread calibration: mean lat.: 0.614ms, rate sampling interval: 10ms
  Thread calibration: mean lat.: 0.611ms, rate sampling interval: 10ms
  Thread calibration: mean lat.: 0.617ms, rate sampling interval: 10ms
  Thread calibration: mean lat.: 0.613ms, rate sampling interval: 10ms
  Thread calibration: mean lat.: 0.614ms, rate sampling interval: 10ms
  Thread calibration: mean lat.: 0.616ms, rate sampling interval: 10ms
  Thread calibration: mean lat.: 0.613ms, rate sampling interval: 10ms
  Thread calibration: mean lat.: 0.618ms, rate sampling interval: 10ms
  Thread calibration: mean lat.: 0.615ms, rate sampling interval: 10ms
  Thread calibration: mean lat.: 0.616ms, rate sampling interval: 10ms
  Thread calibration: mean lat.: 0.614ms, rate sampling interval: 10ms
  Thread calibration: mean lat.: 0.613ms, rate sampling interval: 10ms
  Thread calibration: mean lat.: 0.617ms, rate sampling interval: 10ms
  Thread calibration: mean lat.: 0.612ms, rate sampling interval: 10ms
  Thread calibration: mean lat.: 0.618ms, rate sampling interval: 10ms
  Thread calibration: mean lat.: 0.615ms, rate sampling interval: 10ms
  Thread calibration: mean lat.: 0.617ms, rate sampling interval: 10ms
  Thread calibration: mean lat.: 0.615ms, rate sampling interval: 10ms
  Thread calibration: mean lat.: 0.620ms, rate sampling interval: 10ms
  Thread calibration: mean lat.: 0.616ms, rate sampling interval: 10ms
  Thread calibration: mean lat.: 0.618ms, rate sampling interval: 10ms
  Thread calibration: mean lat.: 0.616ms, rate sampling interval: 10ms
  Thread calibration: mean lat.: 0.612ms, rate sampling interval: 10ms
  Thread calibration: mean lat.: 0.619ms, rate sampling interval: 10ms
  Thread calibration: mean lat.: 0.617ms, rate sampling interval: 10ms
  Thread calibration: mean lat.: 0.622ms, rate sampling interval: 10ms
  Thread calibration: mean lat.: 0.614ms, rate sampling interval: 10ms
  Thread calibration: mean lat.: 0.616ms, rate sampling interval: 10ms
  Thread Stats   Avg      Stdev     Max   +/- Stdev
    Latency   626.33us  291.41us   1.32ms   58.09%
    Req/Sec   440.01     39.75   555.00     78.07%
  Latency Distribution (HdrHistogram - Recorded Latency)
 50.000%  627.00us
 75.000%    0.88ms
 90.000%    1.03ms
 99.000%    1.13ms
 99.900%    1.17ms
 99.990%    1.20ms
 99.999%    1.22ms
100.000%    1.32ms

  Detailed Percentile spectrum:
       Value   Percentile   TotalCount 1/(1-Percentile)

       0.044     0.000000            2         1.00
       0.224     0.100000       100274         1.11
       0.325     0.200000       199996         1.25
       0.426     0.300000       299677         1.43
       0.526     0.400000       398472         1.67
       0.627     0.500000       498691         2.00
       0.676     0.550000       548505         2.22
       0.725     0.600000       597599         2.50
       0.776     0.650000       647889         2.86
       0.826     0.700000       697364         3.33
       0.878     0.750000       747052         4.00
       0.904     0.775000       772385         4.44
       0.929     0.800000       797197         5.00
       0.954     0.825000       822206         5.71
       0.979     0.850000       847119         6.67
       1.004     0.875000       871783         8.00
       1.017     0.887500       884482         8.89
       1.029     0.900000       896347        10.00
       1.042     0.912500       909045        11.43
       1.055     0.925000       921963        13.33
       1.067     0.937500       933949        16.00
       1.073     0.943750       940018        17.78
       1.079     0.950000       945940        20.00
       1.086     0.956250       953100        22.86
       1.092     0.962500       959172        26.67
       1.098     0.968750       965252        32.00
       1.101     0.971875       968183        35.56
       1.104     0.975000       970976        40.00
       1.108     0.978125       974550        45.71
       1.112     0.981250       977551        53.33
       1.117     0.984375       980571        64.00
       1.120     0.985938       982168        71.11
       1.123     0.987500       983547        80.00
       1.126     0.989062       984894        91.43
       1.131     0.990625       986679       106.67
       1.136     0.992188       988165       128.00
       1.139     0.992969       988980       142.22
       1.142     0.993750       989656       160.00
       1.145     0.994531       990312       182.86
       1.149     0.995313       991075       213.33
       1.154     0.996094       992002       256.00
       1.156     0.996484       992350       284.44
       1.158     0.996875       992671       320.00
       1.160     0.997266       993011       365.71
       1.163     0.997656       993458       426.67
       1.166     0.998047       993823       512.00
       1.168     0.998242       994074       568.89
       1.169     0.998437       994191       640.00
       1.171     0.998633       994402       731.43
       1.173     0.998828       994577       853.33
       1.176     0.999023       994814      1024.00
       1.177     0.999121       994897      1137.78
       1.178     0.999219       994965      1280.00
       1.180     0.999316       995077      1462.86
       1.182     0.999414       995176      1706.67
       1.184     0.999512       995254      2048.00
       1.185     0.999561       995309      2275.56
       1.186     0.999609       995352      2560.00
       1.187     0.999658       995393      2925.71
       1.189     0.999707       995459      3413.33
       1.190     0.999756       995481      4096.00
       1.192     0.999780       995525      4551.11
       1.193     0.999805       995545      5120.00
       1.194     0.999829       995562      5851.43
       1.195     0.999854       995577      6826.67
       1.197     0.999878       995610      8192.00
       1.198     0.999890       995624      9102.22
       1.198     0.999902       995624     10240.00
       1.200     0.999915       995646     11702.86
       1.201     0.999927       995657     13653.33
       1.202     0.999939       995662     16384.00
       1.203     0.999945       995670     18204.44
       1.204     0.999951       995677     20480.00
       1.205     0.999957       995682     23405.71
       1.207     0.999963       995689     27306.67
       1.208     0.999969       995694     32768.00
       1.208     0.999973       995694     36408.89
       1.209     0.999976       995698     40960.00
       1.210     0.999979       995700     46811.43
       1.213     0.999982       995703     54613.33
       1.215     0.999985       995707     65536.00
       1.217     0.999986       995709     72817.78
       1.217     0.999988       995709     81920.00
       1.220     0.999989       995712     93622.86
       1.220     0.999991       995712    109226.67
       1.221     0.999992       995714    131072.00
       1.230     0.999993       995715    145635.56
       1.230     0.999994       995715    163840.00
       1.235     0.999995       995716    187245.71
       1.254     0.999995       995717    218453.33
       1.275     0.999996       995718    262144.00
       1.275     0.999997       995718    291271.11
       1.275     0.999997       995718    327680.00
       1.277     0.999997       995719    374491.43
       1.277     0.999998       995719    436906.67
       1.302     0.999998       995720    524288.00
       1.302     0.999998       995720    582542.22
       1.302     0.999998       995720    655360.00
       1.302     0.999999       995720    748982.86
       1.302     0.999999       995720    873813.33
       1.320     0.999999       995721   1048576.00
       1.320     1.000000       995721          inf
#[Mean    =        0.626, StdDeviation   =        0.291]
#[Max     =        1.320, Total count    =       995721]
#[Buckets =           27, SubBuckets     =         2048]
----------------------------------------------------------
  1496115 requests in 29.85s, 117.00MB read
  Non-2xx or 3xx responses: 1496115
Requests/sec:  50115.44
Transfer/sec:      3.92MB
