2024-11-22 16:35:46,442 - INFO - Executing command: '/nix/store/sn7vaa513ldb98h3c5p08si6911vkbki-wrk2-4.0.0-e0109df/bin//wrk2 -t120 -c120 -d90s -R2000 --latency http://127.0.0.1:8082 -s /home/janhe/Nimble/Nimble/experiments/create.lua -- 2000req > /home/janhe/Nimble/Nimble/experiments/results/fig-3b-date-2024-11-22-time-16-35-31/create-2000.log'
2024-11-22 16:35:46,453 - ERROR - Command failed with return code: 1
2024-11-22 16:35:46,453 - ERROR - Standard Output: 
2024-11-22 16:35:46,453 - ERROR - Standard Error: /home/janhe/Nimble/Nimble/experiments/create.lua: /home/janhe/.luarocks/share/lua/5.1/uuid.lua:22: module 'uuid.rng' not found:
	no field package.preload['uuid.rng']
	no file '/home/janhe/Nimble/Nimble/experiments//uuid/rng.lua'
	no file '/home/janhe/.luarocks/share/lua/5.1/uuid/rng.lua'
	no file './uuid/rng.lua'
	no file '/nix/store/jhkwy09i6if4yrm0ijfr2ln15lc4x9g4-luajit-2.1.1693350652/share/luajit-2.1/uuid/rng.lua'
	no file '/usr/local/share/lua/5.1/uuid/rng.lua'
	no file '/usr/local/share/lua/5.1/uuid/rng/init.lua'
	no file '/nix/store/jhkwy09i6if4yrm0ijfr2ln15lc4x9g4-luajit-2.1.1693350652/share/lua/5.1/uuid/rng.lua'
	no file '/nix/store/jhkwy09i6if4yrm0ijfr2ln15lc4x9g4-luajit-2.1.1693350652/share/lua/5.1/uuid/rng/init.lua'
	no file './uuid/rng.lua'
	no file '/nix/store/jhkwy09i6if4yrm0ijfr2ln15lc4x9g4-luajit-2.1.1693350652/share/luajit-2.1/uuid/rng.lua'
	no file '/usr/local/share/lua/5.1/uuid/rng.lua'
	no file '/usr/local/share/lua/5.1/uuid/rng/init.lua'
	no file '/nix/store/jhkwy09i6if4yrm0ijfr2ln15lc4x9g4-luajit-2.1.1693350652/share/lua/5.1/uuid/rng.lua'
	no file '/nix/store/jhkwy09i6if4yrm0ijfr2ln15lc4x9g4-luajit-2.1.1693350652/share/lua/5.1/uuid/rng/init.lua'
	no file '/nix/store/d2aa02z8zrr14vkb6a2r35k6mqpv1k4w-luarocks-3.11.0/share/lua/5.1/uuid/rng.lua'
	no file '/nix/store/d2aa02z8zrr14vkb6a2r35k6mqpv1k4w-luarocks-3.11.0/share/lua/5.1/uuid/rng/init.lua'
	no file '/home/janhe/.luarocks/lib/lua/5.1/uuid/rng.so'
	no file './uuid/rng.so'
	no file '/usr/local/lib/lua/5.1/uuid/rng.so'
	no file '/nix/store/jhkwy09i6if4yrm0ijfr2ln15lc4x9g4-luajit-2.1.1693350652/lib/lua/5.1/uuid/rng.so'
	no file '/usr/local/lib/lua/5.1/loadall.so'
	no file './uuid/rng.so'
	no file '/usr/local/lib/lua/5.1/uuid/rng.so'
	no file '/nix/store/jhkwy09i6if4yrm0ijfr2ln15lc4x9g4-luajit-2.1.1693350652/lib/lua/5.1/uuid/rng.so'
	no file '/usr/local/lib/lua/5.1/loadall.so'
	no file '/nix/store/5nb6mn7x4hkf3fmgb2zsww0nda5g89q1-lua5.1-luabitop-1.0.2-3/lib/lua/5.1/uuid/rng.so'
	no file '/home/janhe/.luarocks/lib/lua/5.1/uuid.so'
	no file './uuid.so'
	no file '/usr/local/lib/lua/5.1/uuid.so'
	no file '/nix/store/jhkwy09i6if4yrm0ijfr2ln15lc4x9g4-luajit-2.1.1693350652/lib/lua/5.1/uuid.so'
	no file '/usr/local/lib/lua/5.1/loadall.so'
	no file './uuid.so'
	no file '/usr/local/lib/lua/5.1/uuid.so'
	no file '/nix/store/jhkwy09i6if4yrm0ijfr2ln15lc4x9g4-luajit-2.1.1693350652/lib/lua/5.1/uuid.so'
	no file '/usr/local/lib/lua/5.1/loadall.so'
	no file '/nix/store/5nb6mn7x4hkf3fmgb2zsww0nda5g89q1-lua5.1-luabitop-1.0.2-3/lib/lua/5.1/uuid.so'
unable to connect to 127.0.0.1:8082 Connection refused

2024-11-22 16:35:46,453 - INFO - Executing command: '/nix/store/sn7vaa513ldb98h3c5p08si6911vkbki-wrk2-4.0.0-e0109df/bin//wrk2 -t120 -c120 -d30s -R2000 --latency http://127.0.0.1:8082 -s /home/janhe/Nimble/Nimble/experiments/append.lua -- 2000req > /home/janhe/Nimble/Nimble/experiments/results/fig-3b-date-2024-11-22-time-16-35-31/append-2000.log'
2024-11-22 16:35:46,464 - ERROR - Command failed with return code: 1
2024-11-22 16:35:46,464 - ERROR - Standard Output: 
2024-11-22 16:35:46,464 - ERROR - Standard Error: /home/janhe/Nimble/Nimble/experiments/append.lua: /home/janhe/.luarocks/share/lua/5.1/uuid.lua:22: module 'uuid.rng' not found:
	no field package.preload['uuid.rng']
	no file '/home/janhe/Nimble/Nimble/experiments//uuid/rng.lua'
	no file '/home/janhe/.luarocks/share/lua/5.1/uuid/rng.lua'
	no file './uuid/rng.lua'
	no file '/nix/store/jhkwy09i6if4yrm0ijfr2ln15lc4x9g4-luajit-2.1.1693350652/share/luajit-2.1/uuid/rng.lua'
	no file '/usr/local/share/lua/5.1/uuid/rng.lua'
	no file '/usr/local/share/lua/5.1/uuid/rng/init.lua'
	no file '/nix/store/jhkwy09i6if4yrm0ijfr2ln15lc4x9g4-luajit-2.1.1693350652/share/lua/5.1/uuid/rng.lua'
	no file '/nix/store/jhkwy09i6if4yrm0ijfr2ln15lc4x9g4-luajit-2.1.1693350652/share/lua/5.1/uuid/rng/init.lua'
	no file './uuid/rng.lua'
	no file '/nix/store/jhkwy09i6if4yrm0ijfr2ln15lc4x9g4-luajit-2.1.1693350652/share/luajit-2.1/uuid/rng.lua'
	no file '/usr/local/share/lua/5.1/uuid/rng.lua'
	no file '/usr/local/share/lua/5.1/uuid/rng/init.lua'
	no file '/nix/store/jhkwy09i6if4yrm0ijfr2ln15lc4x9g4-luajit-2.1.1693350652/share/lua/5.1/uuid/rng.lua'
	no file '/nix/store/jhkwy09i6if4yrm0ijfr2ln15lc4x9g4-luajit-2.1.1693350652/share/lua/5.1/uuid/rng/init.lua'
	no file '/nix/store/d2aa02z8zrr14vkb6a2r35k6mqpv1k4w-luarocks-3.11.0/share/lua/5.1/uuid/rng.lua'
	no file '/nix/store/d2aa02z8zrr14vkb6a2r35k6mqpv1k4w-luarocks-3.11.0/share/lua/5.1/uuid/rng/init.lua'
	no file '/home/janhe/.luarocks/lib/lua/5.1/uuid/rng.so'
	no file './uuid/rng.so'
	no file '/usr/local/lib/lua/5.1/uuid/rng.so'
	no file '/nix/store/jhkwy09i6if4yrm0ijfr2ln15lc4x9g4-luajit-2.1.1693350652/lib/lua/5.1/uuid/rng.so'
	no file '/usr/local/lib/lua/5.1/loadall.so'
	no file './uuid/rng.so'
	no file '/usr/local/lib/lua/5.1/uuid/rng.so'
	no file '/nix/store/jhkwy09i6if4yrm0ijfr2ln15lc4x9g4-luajit-2.1.1693350652/lib/lua/5.1/uuid/rng.so'
	no file '/usr/local/lib/lua/5.1/loadall.so'
	no file '/nix/store/5nb6mn7x4hkf3fmgb2zsww0nda5g89q1-lua5.1-luabitop-1.0.2-3/lib/lua/5.1/uuid/rng.so'
	no file '/home/janhe/.luarocks/lib/lua/5.1/uuid.so'
	no file './uuid.so'
	no file '/usr/local/lib/lua/5.1/uuid.so'
	no file '/nix/store/jhkwy09i6if4yrm0ijfr2ln15lc4x9g4-luajit-2.1.1693350652/lib/lua/5.1/uuid.so'
	no file '/usr/local/lib/lua/5.1/loadall.so'
	no file './uuid.so'
	no file '/usr/local/lib/lua/5.1/uuid.so'
	no file '/nix/store/jhkwy09i6if4yrm0ijfr2ln15lc4x9g4-luajit-2.1.1693350652/lib/lua/5.1/uuid.so'
	no file '/usr/local/lib/lua/5.1/loadall.so'
	no file '/nix/store/5nb6mn7x4hkf3fmgb2zsww0nda5g89q1-lua5.1-luabitop-1.0.2-3/lib/lua/5.1/uuid.so'
unable to connect to 127.0.0.1:8082 Connection refused

2024-11-22 16:35:46,464 - INFO - Executing command: '/nix/store/sn7vaa513ldb98h3c5p08si6911vkbki-wrk2-4.0.0-e0109df/bin//wrk2 -t120 -c120 -d30s -R50000 --latency http://127.0.0.1:8082 -s /home/janhe/Nimble/Nimble/experiments/read.lua -- 50000req > /home/janhe/Nimble/Nimble/experiments/results/fig-3b-date-2024-11-22-time-16-35-31/read-50000.log'
2024-11-22 16:35:46,473 - ERROR - Command failed with return code: 1
2024-11-22 16:35:46,474 - ERROR - Standard Output: 
2024-11-22 16:35:46,474 - ERROR - Standard Error: /home/janhe/Nimble/Nimble/experiments/read.lua: /home/janhe/.luarocks/share/lua/5.1/uuid.lua:22: module 'uuid.rng' not found:
	no field package.preload['uuid.rng']
	no file '/home/janhe/Nimble/Nimble/experiments//uuid/rng.lua'
	no file '/home/janhe/.luarocks/share/lua/5.1/uuid/rng.lua'
	no file './uuid/rng.lua'
	no file '/nix/store/jhkwy09i6if4yrm0ijfr2ln15lc4x9g4-luajit-2.1.1693350652/share/luajit-2.1/uuid/rng.lua'
	no file '/usr/local/share/lua/5.1/uuid/rng.lua'
	no file '/usr/local/share/lua/5.1/uuid/rng/init.lua'
	no file '/nix/store/jhkwy09i6if4yrm0ijfr2ln15lc4x9g4-luajit-2.1.1693350652/share/lua/5.1/uuid/rng.lua'
	no file '/nix/store/jhkwy09i6if4yrm0ijfr2ln15lc4x9g4-luajit-2.1.1693350652/share/lua/5.1/uuid/rng/init.lua'
	no file './uuid/rng.lua'
	no file '/nix/store/jhkwy09i6if4yrm0ijfr2ln15lc4x9g4-luajit-2.1.1693350652/share/luajit-2.1/uuid/rng.lua'
	no file '/usr/local/share/lua/5.1/uuid/rng.lua'
	no file '/usr/local/share/lua/5.1/uuid/rng/init.lua'
	no file '/nix/store/jhkwy09i6if4yrm0ijfr2ln15lc4x9g4-luajit-2.1.1693350652/share/lua/5.1/uuid/rng.lua'
	no file '/nix/store/jhkwy09i6if4yrm0ijfr2ln15lc4x9g4-luajit-2.1.1693350652/share/lua/5.1/uuid/rng/init.lua'
	no file '/nix/store/d2aa02z8zrr14vkb6a2r35k6mqpv1k4w-luarocks-3.11.0/share/lua/5.1/uuid/rng.lua'
	no file '/nix/store/d2aa02z8zrr14vkb6a2r35k6mqpv1k4w-luarocks-3.11.0/share/lua/5.1/uuid/rng/init.lua'
	no file '/home/janhe/.luarocks/lib/lua/5.1/uuid/rng.so'
	no file './uuid/rng.so'
	no file '/usr/local/lib/lua/5.1/uuid/rng.so'
	no file '/nix/store/jhkwy09i6if4yrm0ijfr2ln15lc4x9g4-luajit-2.1.1693350652/lib/lua/5.1/uuid/rng.so'
	no file '/usr/local/lib/lua/5.1/loadall.so'
	no file './uuid/rng.so'
	no file '/usr/local/lib/lua/5.1/uuid/rng.so'
	no file '/nix/store/jhkwy09i6if4yrm0ijfr2ln15lc4x9g4-luajit-2.1.1693350652/lib/lua/5.1/uuid/rng.so'
	no file '/usr/local/lib/lua/5.1/loadall.so'
	no file '/nix/store/5nb6mn7x4hkf3fmgb2zsww0nda5g89q1-lua5.1-luabitop-1.0.2-3/lib/lua/5.1/uuid/rng.so'
	no file '/home/janhe/.luarocks/lib/lua/5.1/uuid.so'
	no file './uuid.so'
	no file '/usr/local/lib/lua/5.1/uuid.so'
	no file '/nix/store/jhkwy09i6if4yrm0ijfr2ln15lc4x9g4-luajit-2.1.1693350652/lib/lua/5.1/uuid.so'
	no file '/usr/local/lib/lua/5.1/loadall.so'
	no file './uuid.so'
	no file '/usr/local/lib/lua/5.1/uuid.so'
	no file '/nix/store/jhkwy09i6if4yrm0ijfr2ln15lc4x9g4-luajit-2.1.1693350652/lib/lua/5.1/uuid.so'
	no file '/usr/local/lib/lua/5.1/loadall.so'
	no file '/nix/store/5nb6mn7x4hkf3fmgb2zsww0nda5g89q1-lua5.1-luabitop-1.0.2-3/lib/lua/5.1/uuid.so'
unable to connect to 127.0.0.1:8082 Connection refused

