Running 30s test @ http://127.0.0.1:8082
  120 threads and 120 connections
  Thread calibration: mean lat.: 0.621ms, rate sampling interval: 10ms
  Thread calibration: mean lat.: 0.617ms, rate sampling interval: 10ms
  Thread calibration: mean lat.: 0.617ms, rate sampling interval: 10ms
  Thread calibration: mean lat.: 0.613ms, rate sampling interval: 10ms
  Thread calibration: mean lat.: 0.618ms, rate sampling interval: 10ms
  Thread calibration: mean lat.: 0.619ms, rate sampling interval: 10ms
  Thread calibration: mean lat.: 0.619ms, rate sampling interval: 10ms
  Thread calibration: mean lat.: 0.620ms, rate sampling interval: 10ms
  Thread calibration: mean lat.: 0.617ms, rate sampling interval: 10ms
  Thread calibration: mean lat.: 0.618ms, rate sampling interval: 10ms
  Thread calibration: mean lat.: 0.619ms, rate sampling interval: 10ms
  Thread calibration: mean lat.: 0.613ms, rate sampling interval: 10ms
  Thread calibration: mean lat.: 0.618ms, rate sampling interval: 10ms
  Thread calibration: mean lat.: 0.617ms, rate sampling interval: 10ms
  Thread calibration: mean lat.: 0.617ms, rate sampling interval: 10ms
  Thread calibration: mean lat.: 0.616ms, rate sampling interval: 10ms
  Thread calibration: mean lat.: 0.619ms, rate sampling interval: 10ms
  Thread calibration: mean lat.: 0.618ms, rate sampling interval: 10ms
  Thread calibration: mean lat.: 0.617ms, rate sampling interval: 10ms
  Thread calibration: mean lat.: 0.618ms, rate sampling interval: 10ms
  Thread calibration: mean lat.: 0.619ms, rate sampling interval: 10ms
  Thread calibration: mean lat.: 0.618ms, rate sampling interval: 10ms
  Thread calibration: mean lat.: 0.618ms, rate sampling interval: 10ms
  Thread calibration: mean lat.: 0.617ms, rate sampling interval: 10ms
  Thread calibration: mean lat.: 0.617ms, rate sampling interval: 10ms
  Thread calibration: mean lat.: 0.618ms, rate sampling interval: 10ms
  Thread calibration: mean lat.: 0.618ms, rate sampling interval: 10ms
  Thread calibration: mean lat.: 0.617ms, rate sampling interval: 10ms
  Thread calibration: mean lat.: 0.618ms, rate sampling interval: 10ms
  Thread calibration: mean lat.: 0.618ms, rate sampling interval: 10ms
  Thread calibration: mean lat.: 0.619ms, rate sampling interval: 10ms
  Thread calibration: mean lat.: 0.621ms, rate sampling interval: 10ms
  Thread calibration: mean lat.: 0.616ms, rate sampling interval: 10ms
  Thread calibration: mean lat.: 0.617ms, rate sampling interval: 10ms
  Thread calibration: mean lat.: 0.616ms, rate sampling interval: 10ms
  Thread calibration: mean lat.: 0.619ms, rate sampling interval: 10ms
  Thread calibration: mean lat.: 0.618ms, rate sampling interval: 10ms
  Thread calibration: mean lat.: 0.615ms, rate sampling interval: 10ms
  Thread calibration: mean lat.: 0.614ms, rate sampling interval: 10ms
  Thread calibration: mean lat.: 0.620ms, rate sampling interval: 10ms
  Thread calibration: mean lat.: 0.614ms, rate sampling interval: 10ms
  Thread calibration: mean lat.: 0.617ms, rate sampling interval: 10ms
  Thread calibration: mean lat.: 0.616ms, rate sampling interval: 10ms
  Thread calibration: mean lat.: 0.618ms, rate sampling interval: 10ms
  Thread calibration: mean lat.: 0.618ms, rate sampling interval: 10ms
  Thread calibration: mean lat.: 0.617ms, rate sampling interval: 10ms
  Thread calibration: mean lat.: 0.619ms, rate sampling interval: 10ms
  Thread calibration: mean lat.: 0.617ms, rate sampling interval: 10ms
  Thread calibration: mean lat.: 0.619ms, rate sampling interval: 10ms
  Thread calibration: mean lat.: 0.616ms, rate sampling interval: 10ms
  Thread calibration: mean lat.: 0.618ms, rate sampling interval: 10ms
  Thread calibration: mean lat.: 0.618ms, rate sampling interval: 10ms
  Thread calibration: mean lat.: 0.618ms, rate sampling interval: 10ms
  Thread calibration: mean lat.: 0.615ms, rate sampling interval: 10ms
  Thread calibration: mean lat.: 0.620ms, rate sampling interval: 10ms
  Thread calibration: mean lat.: 0.618ms, rate sampling interval: 10ms
  Thread calibration: mean lat.: 0.617ms, rate sampling interval: 10ms
  Thread calibration: mean lat.: 0.614ms, rate sampling interval: 10ms
  Thread calibration: mean lat.: 0.618ms, rate sampling interval: 10ms
  Thread calibration: mean lat.: 0.618ms, rate sampling interval: 10ms
  Thread calibration: mean lat.: 0.617ms, rate sampling interval: 10ms
  Thread calibration: mean lat.: 0.618ms, rate sampling interval: 10ms
  Thread calibration: mean lat.: 0.619ms, rate sampling interval: 10ms
  Thread calibration: mean lat.: 0.618ms, rate sampling interval: 10ms
  Thread calibration: mean lat.: 0.615ms, rate sampling interval: 10ms
  Thread calibration: mean lat.: 0.618ms, rate sampling interval: 10ms
  Thread calibration: mean lat.: 0.616ms, rate sampling interval: 10ms
  Thread calibration: mean lat.: 0.620ms, rate sampling interval: 10ms
  Thread calibration: mean lat.: 0.619ms, rate sampling interval: 10ms
  Thread calibration: mean lat.: 0.614ms, rate sampling interval: 10ms
  Thread calibration: mean lat.: 0.620ms, rate sampling interval: 10ms
  Thread calibration: mean lat.: 0.619ms, rate sampling interval: 10ms
  Thread calibration: mean lat.: 0.617ms, rate sampling interval: 10ms
  Thread calibration: mean lat.: 0.619ms, rate sampling interval: 10ms
  Thread calibration: mean lat.: 0.618ms, rate sampling interval: 10ms
  Thread calibration: mean lat.: 0.620ms, rate sampling interval: 10ms
  Thread calibration: mean lat.: 0.616ms, rate sampling interval: 10ms
  Thread calibration: mean lat.: 0.618ms, rate sampling interval: 10ms
  Thread calibration: mean lat.: 0.616ms, rate sampling interval: 10ms
  Thread calibration: mean lat.: 0.619ms, rate sampling interval: 10ms
  Thread calibration: mean lat.: 0.618ms, rate sampling interval: 10ms
  Thread calibration: mean lat.: 0.618ms, rate sampling interval: 10ms
  Thread calibration: mean lat.: 0.623ms, rate sampling interval: 10ms
  Thread calibration: mean lat.: 0.619ms, rate sampling interval: 10ms
  Thread calibration: mean lat.: 0.618ms, rate sampling interval: 10ms
  Thread calibration: mean lat.: 0.619ms, rate sampling interval: 10ms
  Thread calibration: mean lat.: 0.616ms, rate sampling interval: 10ms
  Thread calibration: mean lat.: 0.618ms, rate sampling interval: 10ms
  Thread calibration: mean lat.: 0.621ms, rate sampling interval: 10ms
  Thread calibration: mean lat.: 0.623ms, rate sampling interval: 10ms
  Thread calibration: mean lat.: 0.619ms, rate sampling interval: 10ms
  Thread calibration: mean lat.: 0.617ms, rate sampling interval: 10ms
  Thread calibration: mean lat.: 0.619ms, rate sampling interval: 10ms
  Thread calibration: mean lat.: 0.620ms, rate sampling interval: 10ms
  Thread calibration: mean lat.: 0.617ms, rate sampling interval: 10ms
  Thread calibration: mean lat.: 0.618ms, rate sampling interval: 10ms
  Thread calibration: mean lat.: 0.621ms, rate sampling interval: 10ms
  Thread calibration: mean lat.: 0.619ms, rate sampling interval: 10ms
  Thread calibration: mean lat.: 0.621ms, rate sampling interval: 10ms
  Thread calibration: mean lat.: 0.613ms, rate sampling interval: 10ms
  Thread calibration: mean lat.: 0.620ms, rate sampling interval: 10ms
  Thread calibration: mean lat.: 0.618ms, rate sampling interval: 10ms
  Thread calibration: mean lat.: 0.616ms, rate sampling interval: 10ms
  Thread calibration: mean lat.: 0.619ms, rate sampling interval: 10ms
  Thread calibration: mean lat.: 0.619ms, rate sampling interval: 10ms
  Thread calibration: mean lat.: 0.616ms, rate sampling interval: 10ms
  Thread calibration: mean lat.: 0.621ms, rate sampling interval: 10ms
  Thread calibration: mean lat.: 0.617ms, rate sampling interval: 10ms
  Thread calibration: mean lat.: 0.616ms, rate sampling interval: 10ms
  Thread calibration: mean lat.: 0.614ms, rate sampling interval: 10ms
  Thread calibration: mean lat.: 0.623ms, rate sampling interval: 10ms
  Thread calibration: mean lat.: 0.618ms, rate sampling interval: 10ms
  Thread calibration: mean lat.: 0.619ms, rate sampling interval: 10ms
  Thread calibration: mean lat.: 0.619ms, rate sampling interval: 10ms
  Thread calibration: mean lat.: 0.619ms, rate sampling interval: 10ms
  Thread calibration: mean lat.: 0.624ms, rate sampling interval: 10ms
  Thread calibration: mean lat.: 0.620ms, rate sampling interval: 10ms
  Thread calibration: mean lat.: 0.620ms, rate sampling interval: 10ms
  Thread calibration: mean lat.: 0.621ms, rate sampling interval: 10ms
  Thread calibration: mean lat.: 0.615ms, rate sampling interval: 10ms
  Thread Stats   Avg      Stdev     Max   +/- Stdev
    Latency   626.73us  291.45us   1.63ms   58.07%
    Req/Sec   440.12     39.66   555.00     78.22%
  Latency Distribution (HdrHistogram - Recorded Latency)
 50.000%  627.00us
 75.000%    0.88ms
 90.000%    1.03ms
 99.000%    1.13ms
 99.900%    1.17ms
 99.990%    1.20ms
 99.999%    1.41ms
100.000%    1.63ms

  Detailed Percentile spectrum:
       Value   Percentile   TotalCount 1/(1-Percentile)

       0.042     0.000000            1         1.00
       0.224     0.100000       100081         1.11
       0.325     0.200000       199968         1.25
       0.426     0.300000       299992         1.43
       0.527     0.400000       399125         1.67
       0.627     0.500000       499191         2.00
       0.676     0.550000       548501         2.22
       0.726     0.600000       599058         2.50
       0.776     0.650000       648637         2.86
       0.826     0.700000       697895         3.33
       0.878     0.750000       747773         4.00
       0.904     0.775000       772946         4.44
       0.929     0.800000       797626         5.00
       0.954     0.825000       822580         5.71
       0.979     0.850000       847658         6.67
       1.004     0.875000       872550         8.00
       1.017     0.887500       885413         8.89
       1.030     0.900000       898244        10.00
       1.042     0.912500       909937        11.43
       1.055     0.925000       922927        13.33
       1.067     0.937500       934880        16.00
       1.073     0.943750       940911        17.78
       1.080     0.950000       947806        20.00
       1.086     0.956250       953905        22.86
       1.092     0.962500       959894        26.67
       1.098     0.968750       965844        32.00
       1.102     0.971875       969824        35.56
       1.105     0.975000       972720        40.00
       1.108     0.978125       975349        45.71
       1.112     0.981250       978563        53.33
       1.117     0.984375       981890        64.00
       1.119     0.985938       982988        71.11
       1.123     0.987500       984908        80.00
       1.126     0.989062       986149        91.43
       1.131     0.990625       987856       106.67
       1.136     0.992188       989326       128.00
       1.139     0.992969       990112       142.22
       1.142     0.993750       990860       160.00
       1.146     0.994531       991692       182.86
       1.150     0.995313       992421       213.33
       1.154     0.996094       993138       256.00
       1.157     0.996484       993664       284.44
       1.159     0.996875       993996       320.00
       1.161     0.997266       994340       365.71
       1.164     0.997656       994781       426.67
       1.166     0.998047       995056       512.00
       1.168     0.998242       995330       568.89
       1.169     0.998437       995446       640.00
       1.171     0.998633       995663       731.43
       1.173     0.998828       995848       853.33
       1.176     0.999023       996072      1024.00
       1.177     0.999121       996141      1137.78
       1.179     0.999219       996258      1280.00
       1.180     0.999316       996319      1462.86
       1.182     0.999414       996423      1706.67
       1.184     0.999512       996526      2048.00
       1.185     0.999561       996576      2275.56
       1.186     0.999609       996610      2560.00
       1.187     0.999658       996659      2925.71
       1.189     0.999707       996715      3413.33
       1.191     0.999756       996770      4096.00
       1.192     0.999780       996792      4551.11
       1.193     0.999805       996811      5120.00
       1.194     0.999829       996822      5851.43
       1.196     0.999854       996856      6826.67
       1.198     0.999878       996876      8192.00
       1.199     0.999890       996887      9102.22
       1.200     0.999902       996895     10240.00
       1.202     0.999915       996911     11702.86
       1.203     0.999927       996918     13653.33
       1.206     0.999939       996934     16384.00
       1.207     0.999945       996936     18204.44
       1.208     0.999951       996942     20480.00
       1.215     0.999957       996948     23405.71
       1.218     0.999963       996956     27306.67
       1.221     0.999969       996960     32768.00
       1.235     0.999973       996963     36408.89
       1.263     0.999976       996966     40960.00
       1.310     0.999979       996969     46811.43
       1.327     0.999982       996972     54613.33
       1.345     0.999985       996975     65536.00
       1.373     0.999986       996977     72817.78
       1.380     0.999988       996978     81920.00
       1.414     0.999989       996980     93622.86
       1.416     0.999991       996981    109226.67
       1.445     0.999992       996983    131072.00
       1.452     0.999993       996984    145635.56
       1.452     0.999994       996984    163840.00
       1.483     0.999995       996986    187245.71
       1.483     0.999995       996986    218453.33
       1.484     0.999996       996987    262144.00
       1.484     0.999997       996987    291271.11
       1.484     0.999997       996987    327680.00
       1.496     0.999997       996988    374491.43
       1.496     0.999998       996988    436906.67
       1.515     0.999998       996989    524288.00
       1.515     0.999998       996989    582542.22
       1.515     0.999998       996989    655360.00
       1.515     0.999999       996989    748982.86
       1.515     0.999999       996989    873813.33
       1.633     0.999999       996990   1048576.00
       1.633     1.000000       996990          inf
#[Mean    =        0.627, StdDeviation   =        0.291]
#[Max     =        1.633, Total count    =       996990]
#[Buckets =           27, SubBuckets     =         2048]
----------------------------------------------------------
  1497385 requests in 29.90s, 117.10MB read
  Non-2xx or 3xx responses: 1497385
Requests/sec:  50072.79
Transfer/sec:      3.92MB
