Running 2m test @ http://127.0.0.1:8082
  120 threads and 120 connections
  Thread calibration: mean lat.: 0.622ms, rate sampling interval: 10ms
  Thread calibration: mean lat.: 0.617ms, rate sampling interval: 10ms
  Thread calibration: mean lat.: 0.616ms, rate sampling interval: 10ms
  Thread calibration: mean lat.: 0.620ms, rate sampling interval: 10ms
  Thread calibration: mean lat.: 0.622ms, rate sampling interval: 10ms
  Thread calibration: mean lat.: 0.620ms, rate sampling interval: 10ms
  Thread calibration: mean lat.: 0.617ms, rate sampling interval: 10ms
  Thread calibration: mean lat.: 0.617ms, rate sampling interval: 10ms
  Thread calibration: mean lat.: 0.622ms, rate sampling interval: 10ms
  Thread calibration: mean lat.: 0.621ms, rate sampling interval: 10ms
  Thread calibration: mean lat.: 0.622ms, rate sampling interval: 10ms
  Thread calibration: mean lat.: 0.619ms, rate sampling interval: 10ms
  Thread calibration: mean lat.: 0.624ms, rate sampling interval: 10ms
  Thread calibration: mean lat.: 0.617ms, rate sampling interval: 10ms
  Thread calibration: mean lat.: 0.621ms, rate sampling interval: 10ms
  Thread calibration: mean lat.: 0.616ms, rate sampling interval: 10ms
  Thread calibration: mean lat.: 0.623ms, rate sampling interval: 10ms
  Thread calibration: mean lat.: 0.621ms, rate sampling interval: 10ms
  Thread calibration: mean lat.: 0.620ms, rate sampling interval: 10ms
  Thread calibration: mean lat.: 0.621ms, rate sampling interval: 10ms
  Thread calibration: mean lat.: 0.619ms, rate sampling interval: 10ms
  Thread calibration: mean lat.: 0.620ms, rate sampling interval: 10ms
  Thread calibration: mean lat.: 0.618ms, rate sampling interval: 10ms
  Thread calibration: mean lat.: 0.622ms, rate sampling interval: 10ms
  Thread calibration: mean lat.: 0.620ms, rate sampling interval: 10ms
  Thread calibration: mean lat.: 0.620ms, rate sampling interval: 10ms
  Thread calibration: mean lat.: 0.623ms, rate sampling interval: 10ms
  Thread calibration: mean lat.: 0.620ms, rate sampling interval: 10ms
  Thread calibration: mean lat.: 0.620ms, rate sampling interval: 10ms
  Thread calibration: mean lat.: 0.623ms, rate sampling interval: 10ms
  Thread calibration: mean lat.: 0.620ms, rate sampling interval: 10ms
  Thread calibration: mean lat.: 0.620ms, rate sampling interval: 10ms
  Thread calibration: mean lat.: 0.618ms, rate sampling interval: 10ms
  Thread calibration: mean lat.: 0.618ms, rate sampling interval: 10ms
  Thread calibration: mean lat.: 0.625ms, rate sampling interval: 10ms
  Thread calibration: mean lat.: 0.618ms, rate sampling interval: 10ms
  Thread calibration: mean lat.: 0.624ms, rate sampling interval: 10ms
  Thread calibration: mean lat.: 0.620ms, rate sampling interval: 10ms
  Thread calibration: mean lat.: 0.619ms, rate sampling interval: 10ms
  Thread calibration: mean lat.: 0.623ms, rate sampling interval: 10ms
  Thread calibration: mean lat.: 0.619ms, rate sampling interval: 10ms
  Thread calibration: mean lat.: 0.618ms, rate sampling interval: 10ms
  Thread calibration: mean lat.: 0.621ms, rate sampling interval: 10ms
  Thread calibration: mean lat.: 0.618ms, rate sampling interval: 10ms
  Thread calibration: mean lat.: 0.618ms, rate sampling interval: 10ms
  Thread calibration: mean lat.: 0.618ms, rate sampling interval: 10ms
  Thread calibration: mean lat.: 0.617ms, rate sampling interval: 10ms
  Thread calibration: mean lat.: 0.618ms, rate sampling interval: 10ms
  Thread calibration: mean lat.: 0.617ms, rate sampling interval: 10ms
  Thread calibration: mean lat.: 0.624ms, rate sampling interval: 10ms
  Thread calibration: mean lat.: 0.619ms, rate sampling interval: 10ms
  Thread calibration: mean lat.: 0.641ms, rate sampling interval: 10ms
  Thread calibration: mean lat.: 0.639ms, rate sampling interval: 10ms
  Thread calibration: mean lat.: 0.639ms, rate sampling interval: 10ms
  Thread calibration: mean lat.: 0.638ms, rate sampling interval: 10ms
  Thread calibration: mean lat.: 0.635ms, rate sampling interval: 10ms
  Thread calibration: mean lat.: 0.637ms, rate sampling interval: 10ms
  Thread calibration: mean lat.: 0.637ms, rate sampling interval: 10ms
  Thread calibration: mean lat.: 0.633ms, rate sampling interval: 10ms
  Thread calibration: mean lat.: 0.630ms, rate sampling interval: 10ms
  Thread calibration: mean lat.: 0.633ms, rate sampling interval: 10ms
  Thread calibration: mean lat.: 0.632ms, rate sampling interval: 10ms
  Thread calibration: mean lat.: 0.619ms, rate sampling interval: 10ms
  Thread calibration: mean lat.: 0.622ms, rate sampling interval: 10ms
  Thread calibration: mean lat.: 0.618ms, rate sampling interval: 10ms
  Thread calibration: mean lat.: 0.619ms, rate sampling interval: 10ms
  Thread calibration: mean lat.: 0.619ms, rate sampling interval: 10ms
  Thread calibration: mean lat.: 0.622ms, rate sampling interval: 10ms
  Thread calibration: mean lat.: 0.622ms, rate sampling interval: 10ms
  Thread calibration: mean lat.: 0.620ms, rate sampling interval: 10ms
  Thread calibration: mean lat.: 0.622ms, rate sampling interval: 10ms
  Thread calibration: mean lat.: 0.619ms, rate sampling interval: 10ms
  Thread calibration: mean lat.: 0.620ms, rate sampling interval: 10ms
  Thread calibration: mean lat.: 0.620ms, rate sampling interval: 10ms
  Thread calibration: mean lat.: 0.619ms, rate sampling interval: 10ms
  Thread calibration: mean lat.: 0.619ms, rate sampling interval: 10ms
  Thread calibration: mean lat.: 0.621ms, rate sampling interval: 10ms
  Thread calibration: mean lat.: 0.620ms, rate sampling interval: 10ms
  Thread calibration: mean lat.: 0.618ms, rate sampling interval: 10ms
  Thread calibration: mean lat.: 0.618ms, rate sampling interval: 10ms
  Thread calibration: mean lat.: 0.618ms, rate sampling interval: 10ms
  Thread calibration: mean lat.: 0.620ms, rate sampling interval: 10ms
  Thread calibration: mean lat.: 0.618ms, rate sampling interval: 10ms
  Thread calibration: mean lat.: 0.616ms, rate sampling interval: 10ms
  Thread calibration: mean lat.: 0.621ms, rate sampling interval: 10ms
  Thread calibration: mean lat.: 0.620ms, rate sampling interval: 10ms
  Thread calibration: mean lat.: 0.617ms, rate sampling interval: 10ms
  Thread calibration: mean lat.: 0.617ms, rate sampling interval: 10ms
  Thread calibration: mean lat.: 0.623ms, rate sampling interval: 10ms
  Thread calibration: mean lat.: 0.617ms, rate sampling interval: 10ms
  Thread calibration: mean lat.: 0.622ms, rate sampling interval: 10ms
  Thread calibration: mean lat.: 0.620ms, rate sampling interval: 10ms
  Thread calibration: mean lat.: 0.619ms, rate sampling interval: 10ms
  Thread calibration: mean lat.: 0.622ms, rate sampling interval: 10ms
  Thread calibration: mean lat.: 0.624ms, rate sampling interval: 10ms
  Thread calibration: mean lat.: 0.619ms, rate sampling interval: 10ms
  Thread calibration: mean lat.: 0.621ms, rate sampling interval: 10ms
  Thread calibration: mean lat.: 0.616ms, rate sampling interval: 10ms
  Thread calibration: mean lat.: 0.621ms, rate sampling interval: 10ms
  Thread calibration: mean lat.: 0.621ms, rate sampling interval: 10ms
  Thread calibration: mean lat.: 0.624ms, rate sampling interval: 10ms
  Thread calibration: mean lat.: 0.620ms, rate sampling interval: 10ms
  Thread calibration: mean lat.: 0.619ms, rate sampling interval: 10ms
  Thread calibration: mean lat.: 0.615ms, rate sampling interval: 10ms
  Thread calibration: mean lat.: 0.619ms, rate sampling interval: 10ms
  Thread calibration: mean lat.: 0.618ms, rate sampling interval: 10ms
  Thread calibration: mean lat.: 0.622ms, rate sampling interval: 10ms
  Thread calibration: mean lat.: 0.619ms, rate sampling interval: 10ms
  Thread calibration: mean lat.: 0.621ms, rate sampling interval: 10ms
  Thread calibration: mean lat.: 0.620ms, rate sampling interval: 10ms
  Thread calibration: mean lat.: 0.619ms, rate sampling interval: 10ms
  Thread calibration: mean lat.: 0.619ms, rate sampling interval: 10ms
  Thread calibration: mean lat.: 0.621ms, rate sampling interval: 10ms
  Thread calibration: mean lat.: 0.624ms, rate sampling interval: 10ms
  Thread calibration: mean lat.: 0.621ms, rate sampling interval: 10ms
  Thread calibration: mean lat.: 0.635ms, rate sampling interval: 10ms
  Thread calibration: mean lat.: 0.629ms, rate sampling interval: 10ms
  Thread calibration: mean lat.: 0.630ms, rate sampling interval: 10ms
  Thread calibration: mean lat.: 0.631ms, rate sampling interval: 10ms
  Thread calibration: mean lat.: 0.631ms, rate sampling interval: 10ms
  Thread Stats   Avg      Stdev     Max   +/- Stdev
    Latency   628.35us  291.72us   1.64ms   58.14%
    Req/Sec   440.45     39.54   555.00     78.33%
  Latency Distribution (HdrHistogram - Recorded Latency)
 50.000%  629.00us
 75.000%    0.88ms
 90.000%    1.03ms
 99.000%    1.13ms
 99.900%    1.18ms
 99.990%    1.21ms
 99.999%    1.38ms
100.000%    1.64ms

  Detailed Percentile spectrum:
       Value   Percentile   TotalCount 1/(1-Percentile)

       0.039     0.000000            1         1.00
       0.225     0.100000       401102         1.11
       0.326     0.200000       799722         1.25
       0.427     0.300000      1199999         1.43
       0.528     0.400000      1600152         1.67
       0.629     0.500000      2000783         2.00
       0.678     0.550000      2199684         2.22
       0.728     0.600000      2401728         2.50
       0.778     0.650000      2601039         2.86
       0.828     0.700000      2798753         3.33
       0.880     0.750000      2999538         4.00
       0.906     0.775000      3099705         4.44
       0.931     0.800000      3198613         5.00
       0.956     0.825000      3298234         5.71
       0.981     0.850000      3398158         6.67
       1.006     0.875000      3497764         8.00
       1.019     0.887500      3549056         8.89
       1.032     0.900000      3600224        10.00
       1.044     0.912500      3647612        11.43
       1.057     0.925000      3699815        13.33
       1.069     0.937500      3747863        16.00
       1.076     0.943750      3775997        17.78
       1.082     0.950000      3800127        20.00
       1.088     0.956250      3824315        22.86
       1.094     0.962500      3848648        26.67
       1.100     0.968750      3872802        32.00
       1.104     0.971875      3888346        35.56
       1.107     0.975000      3899894        40.00
       1.110     0.978125      3910498        45.71
       1.114     0.981250      3922982        53.33
       1.119     0.984375      3935440        64.00
       1.122     0.985938      3941902        71.11
       1.125     0.987500      3947703        80.00
       1.129     0.989062      3954290        91.43
       1.133     0.990625      3960058       106.67
       1.138     0.992188      3966012       128.00
       1.141     0.992969      3969085       142.22
       1.145     0.993750      3972776       160.00
       1.148     0.994531      3975294       182.86
       1.152     0.995313      3978391       213.33
       1.156     0.996094      3981386       256.00
       1.159     0.996484      3983478       284.44
       1.161     0.996875      3984785       320.00
       1.163     0.997266      3986106       365.71
       1.166     0.997656      3987950       426.67
       1.169     0.998047      3989529       512.00
       1.170     0.998242      3990018       568.89
       1.172     0.998437      3990922       640.00
       1.174     0.998633      3991771       731.43
       1.176     0.998828      3992443       853.33
       1.178     0.999023      3993073      1024.00
       1.180     0.999121      3993580      1137.78
       1.181     0.999219      3993843      1280.00
       1.183     0.999316      3994310      1462.86
       1.185     0.999414      3994719      1706.67
       1.187     0.999512      3995037      2048.00
       1.188     0.999561      3995192      2275.56
       1.190     0.999609      3995481      2560.00
       1.191     0.999658      3995599      2925.71
       1.193     0.999707      3995831      3413.33
       1.195     0.999756      3996014      4096.00
       1.196     0.999780      3996091      4551.11
       1.197     0.999805      3996167      5120.00
       1.198     0.999829      3996245      5851.43
       1.200     0.999854      3996347      6826.67
       1.203     0.999878      3996469      8192.00
       1.204     0.999890      3996498      9102.22
       1.205     0.999902      3996538     10240.00
       1.207     0.999915      3996594     11702.86
       1.209     0.999927      3996639     13653.33
       1.212     0.999939      3996684     16384.00
       1.215     0.999945      3996718     18204.44
       1.216     0.999951      3996734     20480.00
       1.219     0.999957      3996760     23405.71
       1.223     0.999963      3996786     27306.67
       1.229     0.999969      3996807     32768.00
       1.232     0.999973      3996818     36408.89
       1.246     0.999976      3996829     40960.00
       1.262     0.999979      3996841     46811.43
       1.288     0.999982      3996853     54613.33
       1.320     0.999985      3996866     65536.00
       1.333     0.999986      3996872     72817.78
       1.355     0.999988      3996878     81920.00
       1.381     0.999989      3996884     93622.86
       1.391     0.999991      3996890    109226.67
       1.404     0.999992      3996897    131072.00
       1.410     0.999993      3996899    145635.56
       1.426     0.999994      3996902    163840.00
       1.442     0.999995      3996905    187245.71
       1.465     0.999995      3996908    218453.33
       1.488     0.999996      3996911    262144.00
       1.513     0.999997      3996915    291271.11
       1.513     0.999997      3996915    327680.00
       1.514     0.999997      3996916    374491.43
       1.538     0.999998      3996918    436906.67
       1.544     0.999998      3996919    524288.00
       1.545     0.999998      3996920    582542.22
       1.545     0.999998      3996920    655360.00
       1.559     0.999999      3996921    748982.86
       1.561     0.999999      3996922    873813.33
       1.577     0.999999      3996923   1048576.00
       1.577     0.999999      3996923   1165084.44
       1.577     0.999999      3996923   1310720.00
       1.633     0.999999      3996924   1497965.71
       1.633     0.999999      3996924   1747626.67
       1.635     1.000000      3996925   2097152.00
       1.635     1.000000      3996925   2330168.89
       1.635     1.000000      3996925   2621440.00
       1.635     1.000000      3996925   2995931.43
       1.635     1.000000      3996925   3495253.33
       1.638     1.000000      3996926   4194304.00
       1.638     1.000000      3996926          inf
#[Mean    =        0.628, StdDeviation   =        0.292]
#[Max     =        1.638, Total count    =      3996926]
#[Buckets =           27, SubBuckets     =         2048]
----------------------------------------------------------
  4497320 requests in 1.50m, 351.70MB read
  Non-2xx or 3xx responses: 4497320
Requests/sec:  50024.66
Transfer/sec:      3.91MB
