Running 30s test @ http://127.0.0.1:8082
  120 threads and 120 connections
  Thread calibration: mean lat.: 0.617ms, rate sampling interval: 10ms
  Thread calibration: mean lat.: 0.618ms, rate sampling interval: 10ms
  Thread calibration: mean lat.: 0.623ms, rate sampling interval: 10ms
  Thread calibration: mean lat.: 0.616ms, rate sampling interval: 10ms
  Thread calibration: mean lat.: 0.621ms, rate sampling interval: 10ms
  Thread calibration: mean lat.: 0.623ms, rate sampling interval: 10ms
  Thread calibration: mean lat.: 0.617ms, rate sampling interval: 10ms
  Thread calibration: mean lat.: 0.621ms, rate sampling interval: 10ms
  Thread calibration: mean lat.: 0.619ms, rate sampling interval: 10ms
  Thread calibration: mean lat.: 0.619ms, rate sampling interval: 10ms
  Thread calibration: mean lat.: 0.620ms, rate sampling interval: 10ms
  Thread calibration: mean lat.: 0.613ms, rate sampling interval: 10ms
  Thread calibration: mean lat.: 0.619ms, rate sampling interval: 10ms
  Thread calibration: mean lat.: 0.618ms, rate sampling interval: 10ms
  Thread calibration: mean lat.: 0.617ms, rate sampling interval: 10ms
  Thread calibration: mean lat.: 0.614ms, rate sampling interval: 10ms
  Thread calibration: mean lat.: 0.616ms, rate sampling interval: 10ms
  Thread calibration: mean lat.: 0.613ms, rate sampling interval: 10ms
  Thread calibration: mean lat.: 0.618ms, rate sampling interval: 10ms
  Thread calibration: mean lat.: 0.613ms, rate sampling interval: 10ms
  Thread calibration: mean lat.: 0.617ms, rate sampling interval: 10ms
  Thread calibration: mean lat.: 0.617ms, rate sampling interval: 10ms
  Thread calibration: mean lat.: 0.614ms, rate sampling interval: 10ms
  Thread calibration: mean lat.: 0.623ms, rate sampling interval: 10ms
  Thread calibration: mean lat.: 0.617ms, rate sampling interval: 10ms
  Thread calibration: mean lat.: 0.616ms, rate sampling interval: 10ms
  Thread calibration: mean lat.: 0.616ms, rate sampling interval: 10ms
  Thread calibration: mean lat.: 0.617ms, rate sampling interval: 10ms
  Thread calibration: mean lat.: 0.617ms, rate sampling interval: 10ms
  Thread calibration: mean lat.: 0.621ms, rate sampling interval: 10ms
  Thread calibration: mean lat.: 0.617ms, rate sampling interval: 10ms
  Thread calibration: mean lat.: 0.622ms, rate sampling interval: 10ms
  Thread calibration: mean lat.: 0.617ms, rate sampling interval: 10ms
  Thread calibration: mean lat.: 0.616ms, rate sampling interval: 10ms
  Thread calibration: mean lat.: 0.615ms, rate sampling interval: 10ms
  Thread calibration: mean lat.: 0.618ms, rate sampling interval: 10ms
  Thread calibration: mean lat.: 0.620ms, rate sampling interval: 10ms
  Thread calibration: mean lat.: 0.617ms, rate sampling interval: 10ms
  Thread calibration: mean lat.: 0.616ms, rate sampling interval: 10ms
  Thread calibration: mean lat.: 0.615ms, rate sampling interval: 10ms
  Thread calibration: mean lat.: 0.613ms, rate sampling interval: 10ms
  Thread calibration: mean lat.: 0.616ms, rate sampling interval: 10ms
  Thread calibration: mean lat.: 0.620ms, rate sampling interval: 10ms
  Thread calibration: mean lat.: 0.616ms, rate sampling interval: 10ms
  Thread calibration: mean lat.: 0.619ms, rate sampling interval: 10ms
  Thread calibration: mean lat.: 0.620ms, rate sampling interval: 10ms
  Thread calibration: mean lat.: 0.617ms, rate sampling interval: 10ms
  Thread calibration: mean lat.: 0.618ms, rate sampling interval: 10ms
  Thread calibration: mean lat.: 0.616ms, rate sampling interval: 10ms
  Thread calibration: mean lat.: 0.616ms, rate sampling interval: 10ms
  Thread calibration: mean lat.: 0.619ms, rate sampling interval: 10ms
  Thread calibration: mean lat.: 0.617ms, rate sampling interval: 10ms
  Thread calibration: mean lat.: 0.624ms, rate sampling interval: 10ms
  Thread calibration: mean lat.: 0.618ms, rate sampling interval: 10ms
  Thread calibration: mean lat.: 0.615ms, rate sampling interval: 10ms
  Thread calibration: mean lat.: 0.613ms, rate sampling interval: 10ms
  Thread calibration: mean lat.: 0.617ms, rate sampling interval: 10ms
  Thread calibration: mean lat.: 0.617ms, rate sampling interval: 10ms
  Thread calibration: mean lat.: 0.621ms, rate sampling interval: 10ms
  Thread calibration: mean lat.: 0.610ms, rate sampling interval: 10ms
  Thread calibration: mean lat.: 0.636ms, rate sampling interval: 10ms
  Thread calibration: mean lat.: 0.620ms, rate sampling interval: 10ms
  Thread calibration: mean lat.: 0.628ms, rate sampling interval: 10ms
  Thread calibration: mean lat.: 0.617ms, rate sampling interval: 10ms
  Thread calibration: mean lat.: 0.618ms, rate sampling interval: 10ms
  Thread calibration: mean lat.: 0.618ms, rate sampling interval: 10ms
  Thread calibration: mean lat.: 0.621ms, rate sampling interval: 10ms
  Thread calibration: mean lat.: 0.619ms, rate sampling interval: 10ms
  Thread calibration: mean lat.: 0.622ms, rate sampling interval: 10ms
  Thread calibration: mean lat.: 0.616ms, rate sampling interval: 10ms
  Thread calibration: mean lat.: 0.620ms, rate sampling interval: 10ms
  Thread calibration: mean lat.: 0.617ms, rate sampling interval: 10ms
  Thread calibration: mean lat.: 0.613ms, rate sampling interval: 10ms
  Thread calibration: mean lat.: 0.620ms, rate sampling interval: 10ms
  Thread calibration: mean lat.: 0.617ms, rate sampling interval: 10ms
  Thread calibration: mean lat.: 0.618ms, rate sampling interval: 10ms
  Thread calibration: mean lat.: 0.615ms, rate sampling interval: 10ms
  Thread calibration: mean lat.: 0.618ms, rate sampling interval: 10ms
  Thread calibration: mean lat.: 0.617ms, rate sampling interval: 10ms
  Thread calibration: mean lat.: 0.619ms, rate sampling interval: 10ms
  Thread calibration: mean lat.: 0.616ms, rate sampling interval: 10ms
  Thread calibration: mean lat.: 0.615ms, rate sampling interval: 10ms
  Thread calibration: mean lat.: 0.617ms, rate sampling interval: 10ms
  Thread calibration: mean lat.: 0.619ms, rate sampling interval: 10ms
  Thread calibration: mean lat.: 0.619ms, rate sampling interval: 10ms
  Thread calibration: mean lat.: 0.617ms, rate sampling interval: 10ms
  Thread calibration: mean lat.: 0.616ms, rate sampling interval: 10ms
  Thread calibration: mean lat.: 0.622ms, rate sampling interval: 10ms
  Thread calibration: mean lat.: 0.617ms, rate sampling interval: 10ms
  Thread calibration: mean lat.: 0.617ms, rate sampling interval: 10ms
  Thread calibration: mean lat.: 0.618ms, rate sampling interval: 10ms
  Thread calibration: mean lat.: 0.618ms, rate sampling interval: 10ms
  Thread calibration: mean lat.: 0.618ms, rate sampling interval: 10ms
  Thread calibration: mean lat.: 0.616ms, rate sampling interval: 10ms
  Thread calibration: mean lat.: 0.615ms, rate sampling interval: 10ms
  Thread calibration: mean lat.: 0.620ms, rate sampling interval: 10ms
  Thread calibration: mean lat.: 0.618ms, rate sampling interval: 10ms
  Thread calibration: mean lat.: 0.619ms, rate sampling interval: 10ms
  Thread calibration: mean lat.: 0.618ms, rate sampling interval: 10ms
  Thread calibration: mean lat.: 0.612ms, rate sampling interval: 10ms
  Thread calibration: mean lat.: 0.620ms, rate sampling interval: 10ms
  Thread calibration: mean lat.: 0.616ms, rate sampling interval: 10ms
  Thread calibration: mean lat.: 0.619ms, rate sampling interval: 10ms
  Thread calibration: mean lat.: 0.615ms, rate sampling interval: 10ms
  Thread calibration: mean lat.: 0.620ms, rate sampling interval: 10ms
  Thread calibration: mean lat.: 0.615ms, rate sampling interval: 10ms
  Thread calibration: mean lat.: 0.620ms, rate sampling interval: 10ms
  Thread calibration: mean lat.: 0.623ms, rate sampling interval: 10ms
  Thread calibration: mean lat.: 0.620ms, rate sampling interval: 10ms
  Thread calibration: mean lat.: 0.617ms, rate sampling interval: 10ms
  Thread calibration: mean lat.: 0.619ms, rate sampling interval: 10ms
  Thread calibration: mean lat.: 0.617ms, rate sampling interval: 10ms
  Thread calibration: mean lat.: 0.622ms, rate sampling interval: 10ms
  Thread calibration: mean lat.: 0.620ms, rate sampling interval: 10ms
  Thread calibration: mean lat.: 0.617ms, rate sampling interval: 10ms
  Thread calibration: mean lat.: 0.621ms, rate sampling interval: 10ms
  Thread calibration: mean lat.: 0.615ms, rate sampling interval: 10ms
  Thread calibration: mean lat.: 0.617ms, rate sampling interval: 10ms
  Thread calibration: mean lat.: 0.621ms, rate sampling interval: 10ms
  Thread calibration: mean lat.: 0.618ms, rate sampling interval: 10ms
  Thread Stats   Avg      Stdev     Max   +/- Stdev
    Latency   626.57us  291.45us   2.06ms   58.07%
    Req/Sec   440.11     39.66   555.00     78.13%
  Latency Distribution (HdrHistogram - Recorded Latency)
 50.000%  627.00us
 75.000%    0.88ms
 90.000%    1.03ms
 99.000%    1.13ms
 99.900%    1.18ms
 99.990%    1.20ms
 99.999%    1.42ms
100.000%    2.07ms

  Detailed Percentile spectrum:
       Value   Percentile   TotalCount 1/(1-Percentile)

       0.042     0.000000            1         1.00
       0.224     0.100000       100330         1.11
       0.325     0.200000       199990         1.25
       0.426     0.300000       300095         1.43
       0.526     0.400000       398930         1.67
       0.627     0.500000       499148         2.00
       0.676     0.550000       548889         2.22
       0.726     0.600000       599167         2.50
       0.776     0.650000       648951         2.86
       0.826     0.700000       698296         3.33
       0.878     0.750000       748240         4.00
       0.904     0.775000       773277         4.44
       0.929     0.800000       798021         5.00
       0.954     0.825000       823174         5.71
       0.979     0.850000       848241         6.67
       1.004     0.875000       873049         8.00
       1.017     0.887500       885755         8.89
       1.029     0.900000       897582        10.00
       1.042     0.912500       910202        11.43
       1.055     0.925000       923141        13.33
       1.067     0.937500       935353        16.00
       1.073     0.943750       941435        17.78
       1.079     0.950000       947435        20.00
       1.086     0.956250       954403        22.86
       1.092     0.962500       960436        26.67
       1.098     0.968750       966333        32.00
       1.101     0.971875       969342        35.56
       1.105     0.975000       973218        40.00
       1.108     0.978125       975868        45.71
       1.112     0.981250       978969        53.33
       1.117     0.984375       982185        64.00
       1.120     0.985938       983768        71.11
       1.123     0.987500       985196        80.00
       1.126     0.989062       986447        91.43
       1.131     0.990625       988221       106.67
       1.136     0.992188       989717       128.00
       1.139     0.992969       990434       142.22
       1.142     0.993750       991115       160.00
       1.146     0.994531       991926       182.86
       1.150     0.995313       992710       213.33
       1.155     0.996094       993575       256.00
       1.157     0.996484       993919       284.44
       1.159     0.996875       994271       320.00
       1.161     0.997266       994602       365.71
       1.164     0.997656       995061       426.67
       1.167     0.998047       995473       512.00
       1.168     0.998242       995590       568.89
       1.170     0.998437       995816       640.00
       1.172     0.998633       996017       731.43
       1.174     0.998828       996173       853.33
       1.176     0.999023       996337      1024.00
       1.178     0.999121       996465      1137.78
       1.179     0.999219       996522      1280.00
       1.181     0.999316       996627      1462.86
       1.183     0.999414       996726      1706.67
       1.185     0.999512       996832      2048.00
       1.186     0.999561       996875      2275.56
       1.187     0.999609       996916      2560.00
       1.189     0.999658       996989      2925.71
       1.190     0.999707       997026      3413.33
       1.192     0.999756       997076      4096.00
       1.193     0.999780       997097      4551.11
       1.194     0.999805       997113      5120.00
       1.196     0.999829       997144      5851.43
       1.197     0.999854       997158      6826.67
       1.199     0.999878       997185      8192.00
       1.200     0.999890       997198      9102.22
       1.201     0.999902       997206     10240.00
       1.202     0.999915       997219     11702.86
       1.204     0.999927       997227     13653.33
       1.208     0.999939       997242     16384.00
       1.209     0.999945       997249     18204.44
       1.213     0.999951       997252     20480.00
       1.217     0.999957       997260     23405.71
       1.224     0.999963       997264     27306.67
       1.258     0.999969       997270     32768.00
       1.272     0.999973       997273     36408.89
       1.279     0.999976       997276     40960.00
       1.326     0.999979       997279     46811.43
       1.332     0.999982       997282     54613.33
       1.369     0.999985       997285     65536.00
       1.382     0.999986       997287     72817.78
       1.401     0.999988       997288     81920.00
       1.419     0.999989       997290     93622.86
       1.426     0.999991       997291    109226.67
       1.435     0.999992       997293    131072.00
       1.488     0.999993       997294    145635.56
       1.488     0.999994       997294    163840.00
       1.497     0.999995       997295    187245.71
       1.507     0.999995       997296    218453.33
       1.555     0.999996       997297    262144.00
       1.555     0.999997       997297    291271.11
       1.555     0.999997       997297    327680.00
       1.558     0.999997       997298    374491.43
       1.558     0.999998       997298    436906.67
       1.738     0.999998       997299    524288.00
       1.738     0.999998       997299    582542.22
       1.738     0.999998       997299    655360.00
       1.738     0.999999       997299    748982.86
       1.738     0.999999       997299    873813.33
       2.065     0.999999       997300   1048576.00
       2.065     1.000000       997300          inf
#[Mean    =        0.627, StdDeviation   =        0.291]
#[Max     =        2.064, Total count    =       997300]
#[Buckets =           27, SubBuckets     =         2048]
----------------------------------------------------------
  1497697 requests in 29.92s, 117.12MB read
  Non-2xx or 3xx responses: 1497697
Requests/sec:  50062.70
Transfer/sec:      3.91MB
